{"mode": "train", "ver": "v1", "name": "002870_202402210919_202405241530", "stock_code": ["002870"], "rl_method": "ppo", "net": "cnn", "backend": "pytorch", "start_date": "202402210919", "end_date": "202405241530", "lr": 0.001, "discount_factor": 0.99, "balance": 500000000, "is_start_end": 0, "is_mock": 1}
[002870] RL:ppo NET:cnn LR:0.001 DF:0.99 
[002870][Epoch 001/300] Epsilon:1.0000 #Expl.:9881/9881 #Buy:3320 #Sell:1619 #Hold:4942 #Stocks:1 PV:499,994,161 Loss:0.048847 ET:25.8486
[002870][Epoch 002/300] Epsilon:0.9967 #Expl.:9851/9881 #Buy:3306 #Sell:1647 #Hold:4928 #Stocks:0 PV:499,994,527 Loss:0.050929 ET:26.5335
[002870][Epoch 003/300] Epsilon:0.9933 #Expl.:9819/9881 #Buy:3319 #Sell:1657 #Hold:4905 #Stocks:6 PV:499,994,342 Loss:0.009995 ET:27.8049
[002870][Epoch 004/300] Epsilon:0.9900 #Expl.:9753/9881 #Buy:3254 #Sell:1662 #Hold:4965 #Stocks:0 PV:499,994,305 Loss:0.011469 ET:27.5873
[002870][Epoch 005/300] Epsilon:0.9866 #Expl.:9756/9881 #Buy:3342 #Sell:1648 #Hold:4891 #Stocks:2 PV:499,993,823 Loss:0.010610 ET:27.2937
[002870][Epoch 006/300] Epsilon:0.9833 #Expl.:9711/9881 #Buy:3248 #Sell:1669 #Hold:4964 #Stocks:1 PV:499,994,462 Loss:0.016043 ET:26.2232
[002870][Epoch 007/300] Epsilon:0.9799 #Expl.:9736/9881 #Buy:3297 #Sell:2251 #Hold:4333 #Stocks:1 PV:499,996,466 Loss:0.019225 ET:28.8327
[002870][Epoch 008/300] Epsilon:0.9766 #Expl.:9778/9881 #Buy:3193 #Sell:2522 #Hold:4166 #Stocks:10 PV:499,995,313 Loss:0.002138 ET:28.2487
[002870][Epoch 009/300] Epsilon:0.9732 #Expl.:9622/9881 #Buy:3238 #Sell:2233 #Hold:4410 #Stocks:0 PV:499,999,360 Loss:0.000373 ET:27.1293
[002870][Epoch 010/300] Epsilon:0.9699 #Expl.:9605/9881 #Buy:3221 #Sell:2500 #Hold:4160 #Stocks:6087 PV:500,146,274 Loss:-0.036838 ET:26.5892
[002870][Epoch 011/300] Epsilon:0.9666 #Expl.:9562/9881 #Buy:3187 #Sell:2453 #Hold:4241 #Stocks:0 PV:508,680,772 Loss:-0.070165 ET:24.3664
[002870][Epoch 012/300] Epsilon:0.9632 #Expl.:9559/9881 #Buy:3169 #Sell:2460 #Hold:4252 #Stocks:510475 PV:540,538,336 Loss:-0.078066 ET:24.2378
[002870][Epoch 013/300] Epsilon:0.9599 #Expl.:9474/9881 #Buy:2832 #Sell:2781 #Hold:4268 #Stocks:0 PV:506,326,537 Loss:-0.070834 ET:24.3913
[002870][Epoch 014/300] Epsilon:0.9565 #Expl.:9498/9881 #Buy:2947 #Sell:2574 #Hold:4360 #Stocks:565385 PV:558,603,835 Loss:-0.094184 ET:27.1756
[002870][Epoch 015/300] Epsilon:0.9532 #Expl.:9415/9881 #Buy:2931 #Sell:2661 #Hold:4289 #Stocks:1 PV:508,183,693 Loss:-0.075165 ET:26.4637
[002870][Epoch 016/300] Epsilon:0.9498 #Expl.:9415/9881 #Buy:2622 #Sell:2493 #Hold:4766 #Stocks:578068 PV:571,134,650 Loss:-0.108216 ET:24.4703
[002870][Epoch 017/300] Epsilon:0.9465 #Expl.:9378/9881 #Buy:2941 #Sell:2508 #Hold:4432 #Stocks:0 PV:508,973,908 Loss:-0.088597 ET:24.2225
[002870][Epoch 018/300] Epsilon:0.9431 #Expl.:9373/9881 #Buy:2603 #Sell:2549 #Hold:4729 #Stocks:593592 PV:586,670,543 Loss:-0.124478 ET:24.7644
[002870][Epoch 019/300] Epsilon:0.9398 #Expl.:9283/9881 #Buy:2924 #Sell:2526 #Hold:4431 #Stocks:2 PV:511,598,074 Loss:-0.104785 ET:25.2759
[002870][Epoch 020/300] Epsilon:0.9365 #Expl.:9298/9881 #Buy:2594 #Sell:2450 #Hold:4837 #Stocks:592328 PV:585,719,036 Loss:-0.132498 ET:24.4991
[002870][Epoch 021/300] Epsilon:0.9331 #Expl.:9271/9881 #Buy:2971 #Sell:2541 #Hold:4369 #Stocks:2 PV:511,673,877 Loss:-0.116015 ET:25.2046
[002870][Epoch 022/300] Epsilon:0.9298 #Expl.:9299/9881 #Buy:2647 #Sell:2540 #Hold:4694 #Stocks:591498 PV:584,400,736 Loss:-0.141862 ET:25.0088
[002870][Epoch 023/300] Epsilon:0.9264 #Expl.:9155/9881 #Buy:3055 #Sell:2490 #Hold:4336 #Stocks:0 PV:507,350,691 Loss:-0.121147 ET:24.4511
[002870][Epoch 024/300] Epsilon:0.9231 #Expl.:9262/9881 #Buy:2738 #Sell:2512 #Hold:4631 #Stocks:592105 PV:585,746,803 Loss:-0.146413 ET:25.3006
[002870][Epoch 025/300] Epsilon:0.9197 #Expl.:9092/9881 #Buy:2766 #Sell:2477 #Hold:4638 #Stocks:14 PV:507,777,521 Loss:-0.133599 ET:25.0239
[002870][Epoch 026/300] Epsilon:0.9164 #Expl.:9233/9881 #Buy:2793 #Sell:2557 #Hold:4531 #Stocks:592302 PV:586,755,879 Loss:-0.156251 ET:26.5143
[002870][Epoch 027/300] Epsilon:0.9130 #Expl.:9051/9881 #Buy:2690 #Sell:2440 #Hold:4751 #Stocks:1 PV:504,102,900 Loss:-0.151523 ET:24.6811
[002870][Epoch 028/300] Epsilon:0.9097 #Expl.:9062/9881 #Buy:2567 #Sell:2390 #Hold:4924 #Stocks:587060 PV:581,755,847 Loss:-0.177058 ET:24.2735
[002870][Epoch 029/300] Epsilon:0.9064 #Expl.:9026/9881 #Buy:2788 #Sell:2467 #Hold:4626 #Stocks:0 PV:504,726,448 Loss:-0.156378 ET:27.8718
[002870][Epoch 030/300] Epsilon:0.9030 #Expl.:9006/9881 #Buy:2633 #Sell:2450 #Hold:4798 #Stocks:589945 PV:582,866,603 Loss:-0.181082 ET:24.4961
[002870][Epoch 031/300] Epsilon:0.8997 #Expl.:8910/9881 #Buy:2895 #Sell:2451 #Hold:4535 #Stocks:0 PV:503,713,457 Loss:-0.155306 ET:29.2591
[002870][Epoch 032/300] Epsilon:0.8963 #Expl.:8924/9881 #Buy:2703 #Sell:2459 #Hold:4719 #Stocks:584245 PV:581,243,573 Loss:-0.189887 ET:25.0828
[002870][Epoch 033/300] Epsilon:0.8930 #Expl.:8850/9881 #Buy:2970 #Sell:2485 #Hold:4426 #Stocks:0 PV:505,140,011 Loss:-0.166338 ET:24.7151
[002870][Epoch 034/300] Epsilon:0.8896 #Expl.:8941/9881 #Buy:2709 #Sell:2467 #Hold:4705 #Stocks:573717 PV:581,979,345 Loss:-0.198946 ET:24.7258
[002870][Epoch 035/300] Epsilon:0.8863 #Expl.:8745/9881 #Buy:2937 #Sell:2492 #Hold:4452 #Stocks:0 PV:509,640,238 Loss:-0.178276 ET:24.0103
[002870][Epoch 036/300] Epsilon:0.8829 #Expl.:8930/9881 #Buy:2734 #Sell:2451 #Hold:4696 #Stocks:587232 PV:580,185,918 Loss:-0.205921 ET:25.2907
[002870][Epoch 037/300] Epsilon:0.8796 #Expl.:8670/9881 #Buy:2798 #Sell:2574 #Hold:4509 #Stocks:561 PV:511,491,377 Loss:-0.189576 ET:24.2815
[002870][Epoch 038/300] Epsilon:0.8763 #Expl.:8751/9881 #Buy:2763 #Sell:2429 #Hold:4689 #Stocks:583489 PV:578,675,332 Loss:-0.214385 ET:24.1056
[002870][Epoch 039/300] Epsilon:0.8729 #Expl.:8673/9881 #Buy:2866 #Sell:2600 #Hold:4415 #Stocks:0 PV:508,269,066 Loss:-0.197151 ET:24.8583
[002870][Epoch 040/300] Epsilon:0.8696 #Expl.:8754/9881 #Buy:2820 #Sell:2455 #Hold:4606 #Stocks:584796 PV:577,779,197 Loss:-0.219112 ET:24.5973
[002870][Epoch 041/300] Epsilon:0.8662 #Expl.:8620/9881 #Buy:2913 #Sell:2563 #Hold:4405 #Stocks:0 PV:500,787,856 Loss:-0.198108 ET:24.6150
[002870][Epoch 042/300] Epsilon:0.8629 #Expl.:8968/9881 #Buy:2797 #Sell:2459 #Hold:4625 #Stocks:569747 PV:567,663,758 Loss:-0.219359 ET:25.1274
[002870][Epoch 043/300] Epsilon:0.8595 #Expl.:8523/9881 #Buy:2754 #Sell:2741 #Hold:4386 #Stocks:922 PV:506,902,235 Loss:-0.210298 ET:24.1254
[002870][Epoch 044/300] Epsilon:0.8562 #Expl.:8711/9881 #Buy:2776 #Sell:2384 #Hold:4721 #Stocks:586801 PV:579,759,806 Loss:-0.233427 ET:24.3167
[002870][Epoch 045/300] Epsilon:0.8528 #Expl.:8513/9881 #Buy:2793 #Sell:2757 #Hold:4331 #Stocks:3389 PV:504,005,811 Loss:-0.216716 ET:25.9182
[002870][Epoch 046/300] Epsilon:0.8495 #Expl.:8678/9881 #Buy:2830 #Sell:2429 #Hold:4622 #Stocks:585475 PV:578,449,822 Loss:-0.236893 ET:30.3616
[002870][Epoch 047/300] Epsilon:0.8462 #Expl.:8425/9881 #Buy:2892 #Sell:2680 #Hold:4309 #Stocks:0 PV:495,470,105 Loss:-0.214828 ET:27.2985
[002870][Epoch 048/300] Epsilon:0.8428 #Expl.:8776/9881 #Buy:2936 #Sell:2449 #Hold:4496 #Stocks:495877 PV:537,520,851 Loss:-0.229886 ET:26.6747
[002870][Epoch 049/300] Epsilon:0.8395 #Expl.:9144/9881 #Buy:3089 #Sell:2909 #Hold:3883 #Stocks:67 PV:498,753,237 Loss:-0.219968 ET:29.2358
[002870][Epoch 050/300] Epsilon:0.8361 #Expl.:8906/9881 #Buy:2984 #Sell:2563 #Hold:4334 #Stocks:547410 PV:542,927,530 Loss:-0.231518 ET:37.1462
[002870][Epoch 051/300] Epsilon:0.8328 #Expl.:8655/9881 #Buy:2845 #Sell:2909 #Hold:4127 #Stocks:2377 PV:501,677,206 Loss:-0.228874 ET:30.0716
[002870][Epoch 052/300] Epsilon:0.8294 #Expl.:8601/9881 #Buy:2691 #Sell:2390 #Hold:4800 #Stocks:562276 PV:556,930,516 Loss:-0.241385 ET:26.3678
[002870][Epoch 053/300] Epsilon:0.8261 #Expl.:8202/9881 #Buy:2666 #Sell:2783 #Hold:4432 #Stocks:6883 PV:503,527,523 Loss:-0.236157 ET:37.0089
[002870][Epoch 054/300] Epsilon:0.8227 #Expl.:8455/9881 #Buy:2809 #Sell:2425 #Hold:4647 #Stocks:579364 PV:579,134,570 Loss:-0.256377 ET:36.1560
[002870][Epoch 055/300] Epsilon:0.8194 #Expl.:8248/9881 #Buy:2610 #Sell:2650 #Hold:4621 #Stocks:3139 PV:500,157,933 Loss:-0.241490 ET:27.3767
[002870][Epoch 056/300] Epsilon:0.8161 #Expl.:8433/9881 #Buy:2613 #Sell:2314 #Hold:4954 #Stocks:576936 PV:573,919,148 Loss:-0.261785 ET:28.9821
[002870][Epoch 057/300] Epsilon:0.8127 #Expl.:8211/9881 #Buy:2518 #Sell:2681 #Hold:4682 #Stocks:3804 PV:502,624,056 Loss:-0.249555 ET:29.2881
[002870][Epoch 058/300] Epsilon:0.8094 #Expl.:8311/9881 #Buy:2748 #Sell:2385 #Hold:4748 #Stocks:586068 PV:579,035,555 Loss:-0.270972 ET:27.6776
[002870][Epoch 059/300] Epsilon:0.8060 #Expl.:8147/9881 #Buy:2717 #Sell:2721 #Hold:4443 #Stocks:1638 PV:495,646,279 Loss:-0.252460 ET:28.1811
[002870][Epoch 060/300] Epsilon:0.8027 #Expl.:8559/9881 #Buy:2768 #Sell:2480 #Hold:4633 #Stocks:559210 PV:555,076,085 Loss:-0.266760 ET:27.7888
[002870][Epoch 061/300] Epsilon:0.7993 #Expl.:8204/9881 #Buy:2612 #Sell:2748 #Hold:4521 #Stocks:4967 PV:503,548,009 Loss:-0.261096 ET:26.0284
[002870][Epoch 062/300] Epsilon:0.7960 #Expl.:8089/9881 #Buy:2633 #Sell:2300 #Hold:4948 #Stocks:574285 PV:579,911,975 Loss:-0.281763 ET:25.4850
[002870][Epoch 063/300] Epsilon:0.7926 #Expl.:8140/9881 #Buy:2658 #Sell:2616 #Hold:4607 #Stocks:12308 PV:498,134,638 Loss:-0.264917 ET:26.6899
[002870][Epoch 064/300] Epsilon:0.7893 #Expl.:8528/9881 #Buy:2836 #Sell:2502 #Hold:4543 #Stocks:574306 PV:578,560,665 Loss:-0.285491 ET:26.8258
[002870][Epoch 065/300] Epsilon:0.7860 #Expl.:7897/9881 #Buy:2683 #Sell:2544 #Hold:4654 #Stocks:7640 PV:516,918,730 Loss:-0.280889 ET:25.6252
[002870][Epoch 066/300] Epsilon:0.7826 #Expl.:8708/9881 #Buy:2862 #Sell:2392 #Hold:4627 #Stocks:565959 PV:579,618,941 Loss:-0.298398 ET:25.5632
[002870][Epoch 067/300] Epsilon:0.7793 #Expl.:8578/9881 #Buy:2880 #Sell:2806 #Hold:4195 #Stocks:8197 PV:492,612,562 Loss:-0.273578 ET:25.7966
[002870][Epoch 068/300] Epsilon:0.7759 #Expl.:8640/9881 #Buy:2920 #Sell:2435 #Hold:4526 #Stocks:549806 PV:574,024,367 Loss:-0.294772 ET:26.3653
[002870][Epoch 069/300] Epsilon:0.7726 #Expl.:8217/9881 #Buy:2776 #Sell:2735 #Hold:4370 #Stocks:4929 PV:489,814,693 Loss:-0.275997 ET:25.3776
[002870][Epoch 070/300] Epsilon:0.7692 #Expl.:8492/9881 #Buy:2837 #Sell:2394 #Hold:4650 #Stocks:572809 PV:574,202,532 Loss:-0.297353 ET:25.9292
[002870][Epoch 071/300] Epsilon:0.7659 #Expl.:8192/9881 #Buy:2790 #Sell:2618 #Hold:4473 #Stocks:0 PV:505,748,936 Loss:-0.284360 ET:25.0507
[002870][Epoch 072/300] Epsilon:0.7625 #Expl.:9052/9881 #Buy:3013 #Sell:2496 #Hold:4372 #Stocks:540358 PV:544,708,475 Loss:-0.294461 ET:23.9630
[002870][Epoch 073/300] Epsilon:0.7592 #Expl.:8352/9881 #Buy:2832 #Sell:2824 #Hold:4225 #Stocks:4280 PV:496,459,735 Loss:-0.284579 ET:24.4288
[002870][Epoch 074/300] Epsilon:0.7559 #Expl.:9320/9881 #Buy:3123 #Sell:2762 #Hold:3996 #Stocks:499404 PV:532,314,427 Loss:-0.292098 ET:24.3594
[002870][Epoch 075/300] Epsilon:0.7525 #Expl.:9015/9881 #Buy:2941 #Sell:2974 #Hold:3966 #Stocks:2474 PV:504,763,102 Loss:-0.295572 ET:25.0437
[002870][Epoch 076/300] Epsilon:0.7492 #Expl.:8005/9881 #Buy:2640 #Sell:2321 #Hold:4920 #Stocks:581511 PV:576,317,541 Loss:-0.312283 ET:25.1857
[002870][Epoch 077/300] Epsilon:0.7458 #Expl.:7599/9881 #Buy:2675 #Sell:2586 #Hold:4620 #Stocks:96625 PV:537,210,462 Loss:-0.314495 ET:24.1649
[002870][Epoch 078/300] Epsilon:0.7425 #Expl.:8747/9881 #Buy:2981 #Sell:2589 #Hold:4311 #Stocks:567423 PV:566,629,747 Loss:-0.321871 ET:24.3921
[002870][Epoch 079/300] Epsilon:0.7391 #Expl.:8494/9881 #Buy:3040 #Sell:2769 #Hold:4072 #Stocks:106379 PV:538,807,006 Loss:-0.311898 ET:25.2624
[002870][Epoch 080/300] Epsilon:0.7358 #Expl.:9402/9881 #Buy:3172 #Sell:2873 #Hold:3836 #Stocks:74839 PV:508,035,990 Loss:-0.308363 ET:25.5244
[002870][Epoch 081/300] Epsilon:0.7324 #Expl.:8285/9881 #Buy:3159 #Sell:2875 #Hold:3847 #Stocks:7790 PV:523,416,106 Loss:-0.319798 ET:24.6604
[002870][Epoch 082/300] Epsilon:0.7291 #Expl.:8467/9881 #Buy:2948 #Sell:2486 #Hold:4447 #Stocks:544873 PV:571,693,031 Loss:-0.329125 ET:24.9449
[002870][Epoch 083/300] Epsilon:0.7258 #Expl.:8747/9881 #Buy:3025 #Sell:2947 #Hold:3909 #Stocks:9244 PV:503,506,855 Loss:-0.318300 ET:24.7989
[002870][Epoch 084/300] Epsilon:0.7224 #Expl.:8606/9881 #Buy:2892 #Sell:2421 #Hold:4568 #Stocks:582207 PV:575,220,762 Loss:-0.334150 ET:23.8093
[002870][Epoch 085/300] Epsilon:0.7191 #Expl.:8513/9881 #Buy:2822 #Sell:2814 #Hold:4245 #Stocks:10215 PV:498,792,082 Loss:-0.322483 ET:29.9522
[002870][Epoch 086/300] Epsilon:0.7157 #Expl.:9102/9881 #Buy:3040 #Sell:2682 #Hold:4159 #Stocks:466462 PV:536,782,641 Loss:-0.329143 ET:25.8659
[002870][Epoch 087/300] Epsilon:0.7124 #Expl.:8577/9881 #Buy:2882 #Sell:2885 #Hold:4114 #Stocks:8026 PV:500,200,180 Loss:-0.325267 ET:26.4222
[002870][Epoch 088/300] Epsilon:0.7090 #Expl.:7652/9881 #Buy:3171 #Sell:2730 #Hold:3980 #Stocks:131314 PV:558,576,423 Loss:-0.346782 ET:25.8390
[002870][Epoch 089/300] Epsilon:0.7057 #Expl.:8224/9881 #Buy:2954 #Sell:2418 #Hold:4509 #Stocks:544915 PV:573,326,421 Loss:-0.347793 ET:25.6680
[002870][Epoch 090/300] Epsilon:0.7023 #Expl.:9304/9881 #Buy:3586 #Sell:3083 #Hold:3212 #Stocks:138259 PV:554,095,803 Loss:-0.349766 ET:24.8712
[002870][Epoch 091/300] Epsilon:0.6990 #Expl.:9834/9881 #Buy:3381 #Sell:2986 #Hold:3514 #Stocks:27995 PV:488,724,511 Loss:-0.333862 ET:26.7359
[002870][Epoch 092/300] Epsilon:0.6957 #Expl.:9143/9881 #Buy:3016 #Sell:2854 #Hold:4011 #Stocks:8305 PV:491,410,628 Loss:-0.334157 ET:27.6567
[002870][Epoch 093/300] Epsilon:0.6923 #Expl.:8210/9881 #Buy:2705 #Sell:2342 #Hold:4834 #Stocks:539310 PV:572,378,138 Loss:-0.356062 ET:26.1265
[002870][Epoch 094/300] Epsilon:0.6890 #Expl.:7032/9881 #Buy:2206 #Sell:2476 #Hold:5199 #Stocks:0 PV:515,343,974 Loss:-0.345977 ET:24.7175
[002870][Epoch 095/300] Epsilon:0.6856 #Expl.:7297/9881 #Buy:2560 #Sell:2145 #Hold:5176 #Stocks:569544 PV:562,710,121 Loss:-0.356966 ET:26.1514
[002870][Epoch 096/300] Epsilon:0.6823 #Expl.:7239/9881 #Buy:2401 #Sell:2398 #Hold:5082 #Stocks:418709 PV:527,366,270 Loss:-0.352195 ET:24.9014
[002870][Epoch 097/300] Epsilon:0.6789 #Expl.:7373/9881 #Buy:2531 #Sell:2226 #Hold:5124 #Stocks:569593 PV:562,758,625 Loss:-0.367570 ET:25.3367
[002870][Epoch 098/300] Epsilon:0.6756 #Expl.:8188/9881 #Buy:2827 #Sell:2719 #Hold:4335 #Stocks:595705 PV:594,342,199 Loss:-0.391848 ET:25.6453
[002870][Epoch 099/300] Epsilon:0.6722 #Expl.:8468/9881 #Buy:2868 #Sell:2770 #Hold:4243 #Stocks:10473 PV:493,848,817 Loss:-0.367037 ET:25.5314
[002870][Epoch 100/300] Epsilon:0.6689 #Expl.:9738/9881 #Buy:3302 #Sell:3152 #Hold:3427 #Stocks:21722 PV:493,400,040 Loss:-0.365126 ET:25.5807
[002870][Epoch 101/300] Epsilon:0.6656 #Expl.:9881/9881 #Buy:3310 #Sell:3050 #Hold:3521 #Stocks:333315 PV:516,414,500 Loss:-0.370887 ET:26.6272
[002870][Epoch 102/300] Epsilon:0.6622 #Expl.:9816/9881 #Buy:3349 #Sell:3163 #Hold:3369 #Stocks:317841 PV:561,167,371 Loss:-0.383284 ET:25.4734
[002870][Epoch 103/300] Epsilon:0.6589 #Expl.:9838/9881 #Buy:3272 #Sell:3153 #Hold:3456 #Stocks:399913 PV:526,739,770 Loss:-0.375691 ET:24.2040
[002870][Epoch 104/300] Epsilon:0.6555 #Expl.:9797/9881 #Buy:3226 #Sell:3214 #Hold:3441 #Stocks:159373 PV:500,936,121 Loss:-0.369051 ET:24.9932
[002870][Epoch 105/300] Epsilon:0.6522 #Expl.:9881/9881 #Buy:3240 #Sell:3220 #Hold:3421 #Stocks:117812 PV:490,695,416 Loss:-0.366625 ET:25.7571
[002870][Epoch 106/300] Epsilon:0.6488 #Expl.:9312/9881 #Buy:3018 #Sell:3053 #Hold:3810 #Stocks:53672 PV:495,584,070 Loss:-0.368488 ET:23.8111
[002870][Epoch 107/300] Epsilon:0.6455 #Expl.:9851/9881 #Buy:3265 #Sell:3139 #Hold:3477 #Stocks:537594 PV:534,249,047 Loss:-0.373507 ET:23.7977
[002870][Epoch 108/300] Epsilon:0.6421 #Expl.:9003/9881 #Buy:2943 #Sell:2907 #Hold:4031 #Stocks:7057 PV:527,809,880 Loss:-0.372425 ET:23.7159
[002870][Epoch 109/300] Epsilon:0.6388 #Expl.:9881/9881 #Buy:3336 #Sell:3182 #Hold:3363 #Stocks:87489 PV:501,257,646 Loss:-0.363125 ET:24.2592
[002870][Epoch 110/300] Epsilon:0.6355 #Expl.:9748/9881 #Buy:3292 #Sell:3079 #Hold:3510 #Stocks:305305 PV:502,077,888 Loss:-0.363771 ET:23.7821
[002870][Epoch 111/300] Epsilon:0.6321 #Expl.:9220/9881 #Buy:3362 #Sell:3083 #Hold:3436 #Stocks:518861 PV:583,330,758 Loss:-0.391738 ET:23.6935
[002870][Epoch 112/300] Epsilon:0.6288 #Expl.:8524/9881 #Buy:2858 #Sell:2741 #Hold:4282 #Stocks:23780 PV:503,660,019 Loss:-0.379965 ET:23.9079
[002870][Epoch 113/300] Epsilon:0.6254 #Expl.:7575/9881 #Buy:2665 #Sell:2243 #Hold:4973 #Stocks:580729 PV:573,760,375 Loss:-0.386096 ET:24.2105
[002870][Epoch 114/300] Epsilon:0.6221 #Expl.:7130/9881 #Buy:2398 #Sell:2483 #Hold:5000 #Stocks:3834 PV:509,122,756 Loss:-0.380071 ET:25.1915
[002870][Epoch 115/300] Epsilon:0.6187 #Expl.:8085/9881 #Buy:2823 #Sell:2624 #Hold:4434 #Stocks:566044 PV:569,598,497 Loss:-0.395328 ET:23.9610
[002870][Epoch 116/300] Epsilon:0.6154 #Expl.:9881/9881 #Buy:3263 #Sell:3040 #Hold:3578 #Stocks:181654 PV:508,062,295 Loss:-0.385838 ET:24.8044
[002870][Epoch 117/300] Epsilon:0.6120 #Expl.:9818/9881 #Buy:3304 #Sell:3287 #Hold:3290 #Stocks:30496 PV:505,897,502 Loss:-0.392521 ET:25.1753
[002870][Epoch 118/300] Epsilon:0.6087 #Expl.:9351/9881 #Buy:3088 #Sell:2993 #Hold:3800 #Stocks:13683 PV:495,374,379 Loss:-0.388763 ET:25.0017
[002870][Epoch 119/300] Epsilon:0.6054 #Expl.:9881/9881 #Buy:3285 #Sell:3107 #Hold:3489 #Stocks:530958 PV:531,771,817 Loss:-0.394428 ET:26.1982
[002870][Epoch 120/300] Epsilon:0.6020 #Expl.:9831/9881 #Buy:3185 #Sell:3236 #Hold:3460 #Stocks:9576 PV:529,761,269 Loss:-0.404388 ET:24.6994
[002870][Epoch 121/300] Epsilon:0.5987 #Expl.:9881/9881 #Buy:3247 #Sell:3058 #Hold:3576 #Stocks:365402 PV:523,533,896 Loss:-0.399107 ET:24.8175
[002870][Epoch 122/300] Epsilon:0.5953 #Expl.:7617/9881 #Buy:2681 #Sell:2551 #Hold:4649 #Stocks:1297 PV:494,437,071 Loss:-0.399272 ET:25.1593
[002870][Epoch 123/300] Epsilon:0.5920 #Expl.:6077/9881 #Buy:2117 #Sell:2059 #Hold:5705 #Stocks:0 PV:494,564,779 Loss:-0.386336 ET:24.6886
[002870][Epoch 124/300] Epsilon:0.5886 #Expl.:9811/9881 #Buy:3357 #Sell:3179 #Hold:3345 #Stocks:31853 PV:533,895,836 Loss:-0.408216 ET:24.7721
[002870][Epoch 125/300] Epsilon:0.5853 #Expl.:6598/9881 #Buy:2222 #Sell:2006 #Hold:5653 #Stocks:571158 PV:578,812,642 Loss:-0.405079 ET:25.4430
[002870][Epoch 126/300] Epsilon:0.5819 #Expl.:5778/9881 #Buy:2003 #Sell:1981 #Hold:5897 #Stocks:564987 PV:573,410,822 Loss:-0.426515 ET:25.0811
[002870][Epoch 127/300] Epsilon:0.5786 #Expl.:6126/9881 #Buy:2085 #Sell:2120 #Hold:5676 #Stocks:3584 PV:504,830,379 Loss:-0.392937 ET:25.3209
[002870][Epoch 128/300] Epsilon:0.5753 #Expl.:5983/9881 #Buy:1934 #Sell:2140 #Hold:5807 #Stocks:0 PV:515,166,568 Loss:-0.418015 ET:25.0690
[002870][Epoch 129/300] Epsilon:0.5719 #Expl.:6838/9881 #Buy:2247 #Sell:2480 #Hold:5154 #Stocks:73170 PV:497,013,129 Loss:-0.419033 ET:25.2773
[002870][Epoch 130/300] Epsilon:0.5686 #Expl.:5825/9881 #Buy:1885 #Sell:2238 #Hold:5758 #Stocks:9397 PV:507,045,370 Loss:-0.403636 ET:26.2654
[002870][Epoch 131/300] Epsilon:0.5652 #Expl.:6362/9881 #Buy:2044 #Sell:2222 #Hold:5615 #Stocks:14464 PV:501,675,965 Loss:-0.415271 ET:27.8160
[002870][Epoch 132/300] Epsilon:0.5619 #Expl.:7650/9881 #Buy:2275 #Sell:2749 #Hold:4857 #Stocks:574563 PV:570,035,181 Loss:-0.455201 ET:26.8008
[002870][Epoch 133/300] Epsilon:0.5585 #Expl.:6899/9881 #Buy:2111 #Sell:2291 #Hold:5479 #Stocks:592713 PV:585,601,238 Loss:-0.462315 ET:25.5306
[002870][Epoch 134/300] Epsilon:0.5552 #Expl.:5505/9881 #Buy:1916 #Sell:1803 #Hold:6162 #Stocks:3431 PV:524,448,759 Loss:-0.474452 ET:25.6674
[002870][Epoch 135/300] Epsilon:0.5518 #Expl.:6035/9881 #Buy:2131 #Sell:2068 #Hold:5682 #Stocks:413124 PV:564,621,491 Loss:-0.488369 ET:24.6687
[002870][Epoch 136/300] Epsilon:0.5485 #Expl.:6904/9881 #Buy:2398 #Sell:2307 #Hold:5176 #Stocks:71267 PV:539,146,772 Loss:-0.480756 ET:25.3833
[002870][Epoch 137/300] Epsilon:0.5452 #Expl.:7972/9881 #Buy:2799 #Sell:2645 #Hold:4437 #Stocks:255367 PV:543,054,521 Loss:-0.478165 ET:24.2725
[002870][Epoch 138/300] Epsilon:0.5418 #Expl.:5417/9881 #Buy:1907 #Sell:1846 #Hold:6128 #Stocks:0 PV:512,993,769 Loss:-0.487536 ET:24.7325
[002870][Epoch 139/300] Epsilon:0.5385 #Expl.:5715/9881 #Buy:1960 #Sell:1950 #Hold:5971 #Stocks:3754 PV:506,995,867 Loss:-0.481334 ET:26.6028
[002870][Epoch 140/300] Epsilon:0.5351 #Expl.:5689/9881 #Buy:1967 #Sell:1971 #Hold:5943 #Stocks:1833 PV:505,881,989 Loss:-0.479921 ET:24.7660
[002870][Epoch 141/300] Epsilon:0.5318 #Expl.:5600/9881 #Buy:1889 #Sell:1941 #Hold:6051 #Stocks:14896 PV:511,004,297 Loss:-0.494181 ET:24.8866
[002870][Epoch 142/300] Epsilon:0.5284 #Expl.:7628/9881 #Buy:2518 #Sell:2525 #Hold:4838 #Stocks:582002 PV:576,785,903 Loss:-0.534397 ET:25.0530
[002870][Epoch 143/300] Epsilon:0.5251 #Expl.:6928/9881 #Buy:2405 #Sell:2404 #Hold:5072 #Stocks:22 PV:498,089,652 Loss:-0.493137 ET:24.9038
[002870][Epoch 144/300] Epsilon:0.5217 #Expl.:5949/9881 #Buy:1954 #Sell:2059 #Hold:5868 #Stocks:10815 PV:493,151,651 Loss:-0.507772 ET:25.0670
[002870][Epoch 145/300] Epsilon:0.5184 #Expl.:6242/9881 #Buy:1944 #Sell:2140 #Hold:5797 #Stocks:26725 PV:491,394,865 Loss:-0.486594 ET:24.9657
[002870][Epoch 146/300] Epsilon:0.5151 #Expl.:6340/9881 #Buy:1979 #Sell:2379 #Hold:5523 #Stocks:41579 PV:494,543,167 Loss:-0.487766 ET:24.1684
[002870][Epoch 147/300] Epsilon:0.5117 #Expl.:7360/9881 #Buy:2371 #Sell:2569 #Hold:4941 #Stocks:585437 PV:583,376,322 Loss:-0.531360 ET:24.7572
[002870][Epoch 148/300] Epsilon:0.5084 #Expl.:6532/9881 #Buy:2231 #Sell:2357 #Hold:5293 #Stocks:5949 PV:518,982,811 Loss:-0.531281 ET:24.5990
[002870][Epoch 149/300] Epsilon:0.5050 #Expl.:6660/9881 #Buy:2258 #Sell:2282 #Hold:5341 #Stocks:245179 PV:559,678,305 Loss:-0.541765 ET:25.5432
[002870][Epoch 150/300] Epsilon:0.5017 #Expl.:5206/9881 #Buy:1787 #Sell:1788 #Hold:6306 #Stocks:3759 PV:521,894,837 Loss:-0.540358 ET:23.8291
[002870][Epoch 151/300] Epsilon:0.4983 #Expl.:5102/9881 #Buy:1784 #Sell:1638 #Hold:6459 #Stocks:0 PV:529,478,519 Loss:-0.527285 ET:25.4712
[002870][Epoch 152/300] Epsilon:0.4950 #Expl.:5049/9881 #Buy:1825 #Sell:1625 #Hold:6431 #Stocks:17675 PV:519,053,986 Loss:-0.501144 ET:25.6972
[002870][Epoch 153/300] Epsilon:0.4916 #Expl.:5596/9881 #Buy:2001 #Sell:1825 #Hold:6055 #Stocks:13952 PV:524,181,970 Loss:-0.502738 ET:24.4811
[002870][Epoch 154/300] Epsilon:0.4883 #Expl.:4819/9881 #Buy:1812 #Sell:1762 #Hold:6307 #Stocks:0 PV:517,092,447 Loss:-0.552736 ET:24.1926
[002870][Epoch 155/300] Epsilon:0.4849 #Expl.:4871/9881 #Buy:1632 #Sell:1598 #Hold:6651 #Stocks:4195 PV:516,709,903 Loss:-0.537634 ET:24.2925
[002870][Epoch 156/300] Epsilon:0.4816 #Expl.:4863/9881 #Buy:1709 #Sell:1686 #Hold:6486 #Stocks:2097 PV:517,363,985 Loss:-0.524508 ET:24.1913
[002870][Epoch 157/300] Epsilon:0.4783 #Expl.:4823/9881 #Buy:1614 #Sell:1669 #Hold:6598 #Stocks:1663 PV:514,594,826 Loss:-0.525566 ET:26.0399
[002870][Epoch 158/300] Epsilon:0.4749 #Expl.:4711/9881 #Buy:1639 #Sell:1676 #Hold:6566 #Stocks:5419 PV:507,715,774 Loss:-0.532212 ET:25.8174
[002870][Epoch 159/300] Epsilon:0.4716 #Expl.:4765/9881 #Buy:1553 #Sell:1630 #Hold:6698 #Stocks:21300 PV:497,076,806 Loss:-0.566144 ET:24.7645
[002870][Epoch 160/300] Epsilon:0.4682 #Expl.:4875/9881 #Buy:1462 #Sell:1707 #Hold:6712 #Stocks:4080 PV:502,162,880 Loss:-0.541050 ET:24.9499
[002870][Epoch 161/300] Epsilon:0.4649 #Expl.:7393/9881 #Buy:2518 #Sell:2483 #Hold:4880 #Stocks:12008 PV:501,086,354 Loss:-0.567110 ET:25.1295
[002870][Epoch 162/300] Epsilon:0.4615 #Expl.:6746/9881 #Buy:2162 #Sell:2279 #Hold:5440 #Stocks:20974 PV:503,431,414 Loss:-0.570024 ET:24.7428
[002870][Epoch 163/300] Epsilon:0.4582 #Expl.:7518/9881 #Buy:2535 #Sell:2592 #Hold:4754 #Stocks:111403 PV:538,986,048 Loss:-0.599311 ET:25.7568
[002870][Epoch 164/300] Epsilon:0.4548 #Expl.:6631/9881 #Buy:2356 #Sell:2297 #Hold:5228 #Stocks:2258 PV:497,734,268 Loss:-0.559348 ET:25.0320
[002870][Epoch 165/300] Epsilon:0.4515 #Expl.:4835/9881 #Buy:1706 #Sell:1704 #Hold:6471 #Stocks:30981 PV:489,858,745 Loss:-0.573340 ET:23.9118
[002870][Epoch 166/300] Epsilon:0.4482 #Expl.:5072/9881 #Buy:1749 #Sell:1779 #Hold:6353 #Stocks:35940 PV:494,814,871 Loss:-0.567966 ET:24.0543
[002870][Epoch 167/300] Epsilon:0.4448 #Expl.:5874/9881 #Buy:2111 #Sell:2080 #Hold:5690 #Stocks:4695 PV:488,691,592 Loss:-0.565095 ET:24.8071
[002870][Epoch 168/300] Epsilon:0.4415 #Expl.:5540/9881 #Buy:1969 #Sell:1938 #Hold:5974 #Stocks:9865 PV:494,245,547 Loss:-0.538959 ET:24.9909
[002870][Epoch 169/300] Epsilon:0.4381 #Expl.:4688/9881 #Buy:1632 #Sell:1493 #Hold:6756 #Stocks:7060 PV:501,399,418 Loss:-0.548224 ET:25.7266
[002870][Epoch 170/300] Epsilon:0.4348 #Expl.:4481/9881 #Buy:1585 #Sell:1386 #Hold:6910 #Stocks:2250 PV:510,157,557 Loss:-0.531033 ET:24.0951
[002870][Epoch 171/300] Epsilon:0.4314 #Expl.:4341/9881 #Buy:1562 #Sell:1514 #Hold:6805 #Stocks:0 PV:517,103,020 Loss:-0.554441 ET:24.5361
[002870][Epoch 172/300] Epsilon:0.4281 #Expl.:4711/9881 #Buy:1647 #Sell:1467 #Hold:6767 #Stocks:4238 PV:510,610,366 Loss:-0.535150 ET:24.1591
[002870][Epoch 173/300] Epsilon:0.4247 #Expl.:4310/9881 #Buy:1588 #Sell:1374 #Hold:6919 #Stocks:0 PV:517,558,930 Loss:-0.554695 ET:23.9441
[002870][Epoch 174/300] Epsilon:0.4214 #Expl.:4385/9881 #Buy:1650 #Sell:1615 #Hold:6616 #Stocks:0 PV:512,709,812 Loss:-0.543202 ET:23.8557
[002870][Epoch 175/300] Epsilon:0.4181 #Expl.:4373/9881 #Buy:1557 #Sell:1350 #Hold:6974 #Stocks:4930 PV:510,176,888 Loss:-0.529479 ET:24.0893
[002870][Epoch 176/300] Epsilon:0.4147 #Expl.:4127/9881 #Buy:1572 #Sell:1382 #Hold:6927 #Stocks:0 PV:517,798,076 Loss:-0.560839 ET:24.7290
[002870][Epoch 177/300] Epsilon:0.4114 #Expl.:4067/9881 #Buy:1513 #Sell:1423 #Hold:6945 #Stocks:2205 PV:517,461,098 Loss:-0.542809 ET:25.1859
[002870][Epoch 178/300] Epsilon:0.4080 #Expl.:4093/9881 #Buy:1548 #Sell:1506 #Hold:6827 #Stocks:0 PV:518,161,003 Loss:-0.526091 ET:24.4692
[002870][Epoch 179/300] Epsilon:0.4047 #Expl.:3953/9881 #Buy:1430 #Sell:1258 #Hold:7193 #Stocks:5154 PV:504,988,454 Loss:-0.585669 ET:24.2460
[002870][Epoch 180/300] Epsilon:0.4013 #Expl.:4105/9881 #Buy:1526 #Sell:1238 #Hold:7117 #Stocks:0 PV:531,084,456 Loss:-0.550912 ET:24.8122
[002870][Epoch 181/300] Epsilon:0.3980 #Expl.:4787/9881 #Buy:1733 #Sell:1732 #Hold:6416 #Stocks:0 PV:508,068,406 Loss:-0.539774 ET:26.4023
[002870][Epoch 182/300] Epsilon:0.3946 #Expl.:3896/9881 #Buy:1411 #Sell:1316 #Hold:7154 #Stocks:2238 PV:504,754,827 Loss:-0.583651 ET:24.1965
[002870][Epoch 183/300] Epsilon:0.3913 #Expl.:3902/9881 #Buy:1364 #Sell:1134 #Hold:7383 #Stocks:0 PV:503,215,561 Loss:-0.565552 ET:24.1515
[002870][Epoch 184/300] Epsilon:0.3880 #Expl.:3860/9881 #Buy:1447 #Sell:1269 #Hold:7165 #Stocks:2210 PV:517,789,656 Loss:-0.585068 ET:24.3477
[002870][Epoch 185/300] Epsilon:0.3846 #Expl.:3869/9881 #Buy:1400 #Sell:1356 #Hold:7125 #Stocks:0 PV:516,545,445 Loss:-0.540556 ET:24.0201
[002870][Epoch 186/300] Epsilon:0.3813 #Expl.:3842/9881 #Buy:1409 #Sell:1127 #Hold:7345 #Stocks:4914 PV:500,833,203 Loss:-0.552281 ET:24.3508
[002870][Epoch 187/300] Epsilon:0.3779 #Expl.:3828/9881 #Buy:1423 #Sell:1344 #Hold:7114 #Stocks:2225 PV:517,046,854 Loss:-0.543674 ET:24.2992
[002870][Epoch 188/300] Epsilon:0.3746 #Expl.:3918/9881 #Buy:1399 #Sell:1152 #Hold:7330 #Stocks:5296 PV:503,985,854 Loss:-0.543719 ET:23.8825
[002870][Epoch 189/300] Epsilon:0.3712 #Expl.:3844/9881 #Buy:1529 #Sell:1462 #Hold:6890 #Stocks:0 PV:516,133,342 Loss:-0.543592 ET:23.8758
[002870][Epoch 190/300] Epsilon:0.3679 #Expl.:4024/9881 #Buy:1507 #Sell:1238 #Hold:7136 #Stocks:2381 PV:521,598,216 Loss:-0.545101 ET:24.4658
[002870][Epoch 191/300] Epsilon:0.3645 #Expl.:3730/9881 #Buy:1441 #Sell:1361 #Hold:7079 #Stocks:0 PV:517,243,665 Loss:-0.557489 ET:24.4776
[002870][Epoch 192/300] Epsilon:0.3612 #Expl.:4604/9881 #Buy:1678 #Sell:1454 #Hold:6749 #Stocks:4651 PV:496,022,769 Loss:-0.530323 ET:25.4216
[002870][Epoch 193/300] Epsilon:0.3579 #Expl.:4556/9881 #Buy:1698 #Sell:1613 #Hold:6570 #Stocks:0 PV:508,560,110 Loss:-0.536408 ET:25.6091
[002870][Epoch 194/300] Epsilon:0.3545 #Expl.:4611/9881 #Buy:1689 #Sell:1503 #Hold:6689 #Stocks:26144 PV:546,389,932 Loss:-0.543778 ET:24.1214
[002870][Epoch 195/300] Epsilon:0.3512 #Expl.:4649/9881 #Buy:1795 #Sell:1689 #Hold:6397 #Stocks:0 PV:507,147,777 Loss:-0.518664 ET:23.7740
[002870][Epoch 196/300] Epsilon:0.3478 #Expl.:4685/9881 #Buy:1679 #Sell:1658 #Hold:6544 #Stocks:0 PV:508,808,996 Loss:-0.528634 ET:24.5339
[002870][Epoch 197/300] Epsilon:0.3445 #Expl.:3904/9881 #Buy:1355 #Sell:1382 #Hold:7144 #Stocks:16047 PV:522,287,451 Loss:-0.582731 ET:24.4489
[002870][Epoch 198/300] Epsilon:0.3411 #Expl.:5085/9881 #Buy:1827 #Sell:1738 #Hold:6316 #Stocks:15035 PV:491,402,319 Loss:-0.603468 ET:24.1650
[002870][Epoch 199/300] Epsilon:0.3378 #Expl.:4284/9881 #Buy:1554 #Sell:1465 #Hold:6862 #Stocks:43255 PV:527,679,861 Loss:-0.551246 ET:23.9480
[002870][Epoch 200/300] Epsilon:0.3344 #Expl.:3434/9881 #Buy:1319 #Sell:1154 #Hold:7408 #Stocks:7841 PV:528,112,035 Loss:-0.533563 ET:23.8916
[002870][Epoch 201/300] Epsilon:0.3311 #Expl.:3309/9881 #Buy:1253 #Sell:1139 #Hold:7489 #Stocks:0 PV:521,531,931 Loss:-0.607575 ET:24.2209
[002870][Epoch 202/300] Epsilon:0.3278 #Expl.:3260/9881 #Buy:1261 #Sell:1232 #Hold:7388 #Stocks:0 PV:521,592,779 Loss:-0.569269 ET:24.4602
[002870][Epoch 203/300] Epsilon:0.3244 #Expl.:3284/9881 #Buy:1229 #Sell:1026 #Hold:7626 #Stocks:13770 PV:505,805,272 Loss:-0.525937 ET:24.1724
[002870][Epoch 204/300] Epsilon:0.3211 #Expl.:3201/9881 #Buy:1273 #Sell:1210 #Hold:7398 #Stocks:0 PV:520,592,776 Loss:-0.601692 ET:24.0644
[002870][Epoch 205/300] Epsilon:0.3177 #Expl.:3195/9881 #Buy:1205 #Sell:1185 #Hold:7491 #Stocks:4900 PV:518,771,745 Loss:-0.540186 ET:24.5140
[002870][Epoch 206/300] Epsilon:0.3144 #Expl.:3144/9881 #Buy:1214 #Sell:982 #Hold:7685 #Stocks:52610 PV:529,840,339 Loss:-0.567288 ET:24.1427
[002870][Epoch 207/300] Epsilon:0.3110 #Expl.:3323/9881 #Buy:1261 #Sell:1242 #Hold:7378 #Stocks:0 PV:518,545,977 Loss:-0.538061 ET:23.8936
[002870][Epoch 208/300] Epsilon:0.3077 #Expl.:3081/9881 #Buy:1122 #Sell:987 #Hold:7772 #Stocks:2556 PV:507,613,694 Loss:-0.611191 ET:23.8135
[002870][Epoch 209/300] Epsilon:0.3043 #Expl.:3121/9881 #Buy:1208 #Sell:984 #Hold:7689 #Stocks:2597 PV:504,152,143 Loss:-0.525746 ET:23.6699
[002870][Epoch 210/300] Epsilon:0.3010 #Expl.:3110/9881 #Buy:1218 #Sell:1168 #Hold:7495 #Stocks:0 PV:518,484,050 Loss:-0.549983 ET:24.5327
[002870][Epoch 211/300] Epsilon:0.2977 #Expl.:3231/9881 #Buy:1226 #Sell:1026 #Hold:7629 #Stocks:2756 PV:522,331,746 Loss:-0.537626 ET:25.6748
[002870][Epoch 212/300] Epsilon:0.2943 #Expl.:3246/9881 #Buy:1299 #Sell:1232 #Hold:7350 #Stocks:2859 PV:516,591,190 Loss:-0.539655 ET:27.1498
[002870][Epoch 213/300] Epsilon:0.2910 #Expl.:4113/9881 #Buy:1491 #Sell:1390 #Hold:7000 #Stocks:16006 PV:493,671,365 Loss:-0.560719 ET:26.1293
[002870][Epoch 214/300] Epsilon:0.2876 #Expl.:4502/9881 #Buy:1738 #Sell:1557 #Hold:6586 #Stocks:57729 PV:516,068,236 Loss:-0.550235 ET:25.1283
[002870][Epoch 215/300] Epsilon:0.2843 #Expl.:3746/9881 #Buy:1806 #Sell:1601 #Hold:6474 #Stocks:5248 PV:531,767,846 Loss:-0.593337 ET:24.6775
[002870][Epoch 216/300] Epsilon:0.2809 #Expl.:3119/9881 #Buy:1470 #Sell:1362 #Hold:7049 #Stocks:0 PV:536,285,660 Loss:-0.639065 ET:25.1341
[002870][Epoch 217/300] Epsilon:0.2776 #Expl.:3542/9881 #Buy:1380 #Sell:1278 #Hold:7223 #Stocks:44167 PV:509,995,667 Loss:-0.594974 ET:24.8502
[002870][Epoch 218/300] Epsilon:0.2742 #Expl.:3258/9881 #Buy:1264 #Sell:1195 #Hold:7422 #Stocks:66982 PV:517,632,787 Loss:-0.559206 ET:25.0713
[002870][Epoch 219/300] Epsilon:0.2709 #Expl.:3141/9881 #Buy:1174 #Sell:1165 #Hold:7542 #Stocks:2920 PV:519,736,805 Loss:-0.559459 ET:27.9277
[002870][Epoch 220/300] Epsilon:0.2676 #Expl.:2730/9881 #Buy:957 #Sell:966 #Hold:7958 #Stocks:49862 PV:487,362,183 Loss:-0.638977 ET:24.1829
[002870][Epoch 221/300] Epsilon:0.2642 #Expl.:3409/9881 #Buy:1149 #Sell:1237 #Hold:7495 #Stocks:13690 PV:506,693,441 Loss:-0.577557 ET:25.1413
[002870][Epoch 222/300] Epsilon:0.2609 #Expl.:5511/9881 #Buy:1898 #Sell:1977 #Hold:6006 #Stocks:87319 PV:499,431,360 Loss:-0.604474 ET:28.1145
[002870][Epoch 223/300] Epsilon:0.2575 #Expl.:3809/9881 #Buy:1949 #Sell:1907 #Hold:6025 #Stocks:569834 PV:565,949,381 Loss:-0.644135 ET:37.7782
[002870][Epoch 224/300] Epsilon:0.2542 #Expl.:2636/9881 #Buy:1019 #Sell:924 #Hold:7938 #Stocks:577267 PV:570,340,542 Loss:-0.582139 ET:31.5372
[002870][Epoch 225/300] Epsilon:0.2508 #Expl.:2980/9881 #Buy:999 #Sell:1069 #Hold:7813 #Stocks:0 PV:506,475,771 Loss:-0.548631 ET:28.6241
[002870][Epoch 226/300] Epsilon:0.2475 #Expl.:2546/9881 #Buy:1539 #Sell:1464 #Hold:6878 #Stocks:543124 PV:536,606,588 Loss:-0.631755 ET:27.1555
[002870][Epoch 227/300] Epsilon:0.2441 #Expl.:2461/9881 #Buy:892 #Sell:783 #Hold:8206 #Stocks:579455 PV:572,501,902 Loss:-0.560274 ET:24.9694
[002870][Epoch 228/300] Epsilon:0.2408 #Expl.:2402/9881 #Buy:912 #Sell:876 #Hold:8093 #Stocks:0 PV:473,072,541 Loss:-0.522023 ET:34.3780
[002870][Epoch 229/300] Epsilon:0.2375 #Expl.:2612/9881 #Buy:981 #Sell:861 #Hold:8039 #Stocks:564995 PV:558,215,721 Loss:-0.544770 ET:26.1967
[002870][Epoch 230/300] Epsilon:0.2341 #Expl.:3112/9881 #Buy:1011 #Sell:1009 #Hold:7861 #Stocks:0 PV:497,825,640 Loss:-0.532853 ET:26.0269
[002870][Epoch 231/300] Epsilon:0.2308 #Expl.:3624/9881 #Buy:1315 #Sell:1249 #Hold:7317 #Stocks:567205 PV:560,398,622 Loss:-0.561422 ET:25.8876
[002870][Epoch 232/300] Epsilon:0.2274 #Expl.:3731/9881 #Buy:1228 #Sell:1256 #Hold:7397 #Stocks:0 PV:499,400,227 Loss:-0.527299 ET:26.8010
[002870][Epoch 233/300] Epsilon:0.2241 #Expl.:2312/9881 #Buy:1139 #Sell:1028 #Hold:7714 #Stocks:536753 PV:530,312,691 Loss:-0.556630 ET:24.9017
[002870][Epoch 234/300] Epsilon:0.2207 #Expl.:2227/9881 #Buy:1605 #Sell:1467 #Hold:6809 #Stocks:604247 PV:596,996,050 Loss:-0.646065 ET:26.2890
[002870][Epoch 235/300] Epsilon:0.2174 #Expl.:2214/9881 #Buy:846 #Sell:737 #Hold:8298 #Stocks:569483 PV:562,649,551 Loss:-0.522365 ET:27.0781
[002870][Epoch 236/300] Epsilon:0.2140 #Expl.:2125/9881 #Buy:1122 #Sell:1107 #Hold:7652 #Stocks:0 PV:522,968,865 Loss:-0.620795 ET:26.9475
[002870][Epoch 237/300] Epsilon:0.2107 #Expl.:2139/9881 #Buy:729 #Sell:680 #Hold:8472 #Stocks:0 PV:494,720,286 Loss:-0.504310 ET:25.9639
[002870][Epoch 238/300] Epsilon:0.2074 #Expl.:2271/9881 #Buy:911 #Sell:930 #Hold:8040 #Stocks:64537 PV:503,953,683 Loss:-0.512056 ET:25.3724
[002870][Epoch 239/300] Epsilon:0.2040 #Expl.:2095/9881 #Buy:1017 #Sell:876 #Hold:7988 #Stocks:590037 PV:582,957,211 Loss:-0.571117 ET:26.3961
[002870][Epoch 240/300] Epsilon:0.2007 #Expl.:2166/9881 #Buy:703 #Sell:760 #Hold:8418 #Stocks:0 PV:502,062,994 Loss:-0.492460 ET:24.5687
[002870][Epoch 241/300] Epsilon:0.1973 #Expl.:1989/9881 #Buy:1385 #Sell:1231 #Hold:7265 #Stocks:592678 PV:585,565,921 Loss:-0.650719 ET:29.1531
[002870][Epoch 242/300] Epsilon:0.1940 #Expl.:2016/9881 #Buy:751 #Sell:668 #Hold:8462 #Stocks:571624 PV:564,764,641 Loss:-0.532270 ET:29.4171
[002870][Epoch 243/300] Epsilon:0.1906 #Expl.:2118/9881 #Buy:715 #Sell:698 #Hold:8468 #Stocks:0 PV:496,763,511 Loss:-0.502878 ET:26.1689
[002870][Epoch 244/300] Epsilon:0.1873 #Expl.:2042/9881 #Buy:1247 #Sell:1132 #Hold:7502 #Stocks:532885 PV:529,832,114 Loss:-0.607814 ET:25.9356
[002870][Epoch 245/300] Epsilon:0.1839 #Expl.:1903/9881 #Buy:1008 #Sell:877 #Hold:7996 #Stocks:568628 PV:561,804,725 Loss:-0.556913 ET:26.0121
[002870][Epoch 246/300] Epsilon:0.1806 #Expl.:1993/9881 #Buy:681 #Sell:703 #Hold:8497 #Stocks:0 PV:497,067,223 Loss:-0.494986 ET:25.2568
[002870][Epoch 247/300] Epsilon:0.1773 #Expl.:1880/9881 #Buy:1026 #Sell:882 #Hold:7973 #Stocks:566886 PV:560,084,230 Loss:-0.563725 ET:25.3008
[002870][Epoch 248/300] Epsilon:0.1739 #Expl.:1871/9881 #Buy:599 #Sell:629 #Hold:8653 #Stocks:0 PV:498,274,478 Loss:-0.485293 ET:25.7246
[002870][Epoch 249/300] Epsilon:0.1706 #Expl.:1790/9881 #Buy:1049 #Sell:898 #Hold:7934 #Stocks:569257 PV:562,426,236 Loss:-0.569011 ET:27.6037
[002870][Epoch 250/300] Epsilon:0.1672 #Expl.:1863/9881 #Buy:631 #Sell:659 #Hold:8591 #Stocks:0 PV:499,987,707 Loss:-0.486261 ET:27.7878
[002870][Epoch 251/300] Epsilon:0.1639 #Expl.:1796/9881 #Buy:1430 #Sell:1293 #Hold:7158 #Stocks:598637 PV:591,454,324 Loss:-0.624454 ET:33.8194
[002870][Epoch 252/300] Epsilon:0.1605 #Expl.:1750/9881 #Buy:700 #Sell:560 #Hold:8621 #Stocks:569845 PV:563,006,861 Loss:-0.506228 ET:30.7638
[002870][Epoch 253/300] Epsilon:0.1572 #Expl.:1667/9881 #Buy:558 #Sell:528 #Hold:8795 #Stocks:0 PV:496,025,829 Loss:-0.485111 ET:27.3765
[002870][Epoch 254/300] Epsilon:0.1538 #Expl.:1703/9881 #Buy:662 #Sell:526 #Hold:8693 #Stocks:569418 PV:565,842,305 Loss:-0.498924 ET:23.9066
[002870][Epoch 255/300] Epsilon:0.1505 #Expl.:1735/9881 #Buy:572 #Sell:556 #Hold:8753 #Stocks:0 PV:496,624,275 Loss:-0.485987 ET:23.4476
[002870][Epoch 256/300] Epsilon:0.1472 #Expl.:1625/9881 #Buy:1313 #Sell:1141 #Hold:7427 #Stocks:578550 PV:571,608,059 Loss:-0.619558 ET:24.4951
[002870][Epoch 257/300] Epsilon:0.1438 #Expl.:1529/9881 #Buy:615 #Sell:463 #Hold:8803 #Stocks:570919 PV:564,068,062 Loss:-0.488137 ET:23.5157
[002870][Epoch 258/300] Epsilon:0.1405 #Expl.:1461/9881 #Buy:592 #Sell:567 #Hold:8722 #Stocks:0 PV:480,280,975 Loss:-0.480731 ET:23.4488
[002870][Epoch 259/300] Epsilon:0.1371 #Expl.:1700/9881 #Buy:708 #Sell:568 #Hold:8605 #Stocks:567847 PV:561,033,552 Loss:-0.484465 ET:23.9238
[002870][Epoch 260/300] Epsilon:0.1338 #Expl.:1556/9881 #Buy:545 #Sell:521 #Hold:8815 #Stocks:0 PV:499,289,583 Loss:-0.479189 ET:23.7479
[002870][Epoch 261/300] Epsilon:0.1304 #Expl.:2457/9881 #Buy:937 #Sell:777 #Hold:8167 #Stocks:577579 PV:570,648,246 Loss:-0.494260 ET:24.0332
[002870][Epoch 262/300] Epsilon:0.1271 #Expl.:2068/9881 #Buy:690 #Sell:667 #Hold:8524 #Stocks:0 PV:495,372,666 Loss:-0.475839 ET:23.5890
[002870][Epoch 263/300] Epsilon:0.1237 #Expl.:2574/9881 #Buy:1687 #Sell:1531 #Hold:6663 #Stocks:594847 PV:590,965,556 Loss:-0.608331 ET:30.1416
[002870][Epoch 264/300] Epsilon:0.1204 #Expl.:1346/9881 #Buy:603 #Sell:433 #Hold:8845 #Stocks:568315 PV:561,496,099 Loss:-0.466044 ET:25.0404
[002870][Epoch 265/300] Epsilon:0.1171 #Expl.:1276/9881 #Buy:544 #Sell:514 #Hold:8823 #Stocks:0 PV:467,210,869 Loss:-0.473718 ET:25.0541
[002870][Epoch 266/300] Epsilon:0.1137 #Expl.:1546/9881 #Buy:680 #Sell:501 #Hold:8700 #Stocks:572454 PV:565,585,067 Loss:-0.468087 ET:24.2765
[002870][Epoch 267/300] Epsilon:0.1104 #Expl.:1296/9881 #Buy:413 #Sell:393 #Hold:9075 #Stocks:0 PV:497,859,105 Loss:-0.463063 ET:25.3693
[002870][Epoch 268/300] Epsilon:0.1070 #Expl.:2567/9881 #Buy:1009 #Sell:833 #Hold:8039 #Stocks:572928 PV:566,053,464 Loss:-0.475591 ET:24.8968
[002870][Epoch 269/300] Epsilon:0.1037 #Expl.:1662/9881 #Buy:585 #Sell:542 #Hold:8754 #Stocks:0 PV:497,147,349 Loss:-0.466711 ET:24.5247
[002870][Epoch 270/300] Epsilon:0.1003 #Expl.:2511/9881 #Buy:976 #Sell:818 #Hold:8087 #Stocks:569727 PV:562,890,476 Loss:-0.461025 ET:24.6427
[002870][Epoch 271/300] Epsilon:0.0970 #Expl.:1323/9881 #Buy:540 #Sell:528 #Hold:8813 #Stocks:0 PV:456,729,236 Loss:-0.446941 ET:25.3738
[002870][Epoch 272/300] Epsilon:0.0936 #Expl.:1286/9881 #Buy:632 #Sell:642 #Hold:8607 #Stocks:32 PV:503,066,273 Loss:-0.451272 ET:23.9268
[002870][Epoch 273/300] Epsilon:0.0903 #Expl.:1037/9881 #Buy:599 #Sell:438 #Hold:8844 #Stocks:601973 PV:594,749,416 Loss:-0.484461 ET:23.9389
[002870][Epoch 274/300] Epsilon:0.0870 #Expl.:1135/9881 #Buy:379 #Sell:386 #Hold:9116 #Stocks:0 PV:501,376,720 Loss:-0.425530 ET:25.3455
[002870][Epoch 275/300] Epsilon:0.0836 #Expl.:921/9881 #Buy:406 #Sell:431 #Hold:9044 #Stocks:0 PV:501,948,894 Loss:-0.406157 ET:25.4267
[002870][Epoch 276/300] Epsilon:0.0803 #Expl.:793/9881 #Buy:1076 #Sell:908 #Hold:7897 #Stocks:558549 PV:551,846,844 Loss:-0.572846 ET:24.7512
[002870][Epoch 277/300] Epsilon:0.0769 #Expl.:753/9881 #Buy:403 #Sell:257 #Hold:9221 #Stocks:570197 PV:563,355,060 Loss:-0.460974 ET:23.6637
[002870][Epoch 278/300] Epsilon:0.0736 #Expl.:889/9881 #Buy:534 #Sell:539 #Hold:8808 #Stocks:0 PV:504,626,016 Loss:-0.425856 ET:23.4560
[002870][Epoch 279/300] Epsilon:0.0702 #Expl.:721/9881 #Buy:1221 #Sell:1013 #Hold:7647 #Stocks:617763 PV:610,350,003 Loss:-0.581220 ET:24.5779
[002870][Epoch 280/300] Epsilon:0.0669 #Expl.:738/9881 #Buy:391 #Sell:248 #Hold:9242 #Stocks:569937 PV:563,098,078 Loss:-0.428094 ET:25.1153
[002870][Epoch 281/300] Epsilon:0.0635 #Expl.:778/9881 #Buy:375 #Sell:223 #Hold:9283 #Stocks:569611 PV:562,776,199 Loss:-0.410537 ET:23.8329
[002870][Epoch 282/300] Epsilon:0.0602 #Expl.:712/9881 #Buy:407 #Sell:403 #Hold:9071 #Stocks:0 PV:465,319,762 Loss:-0.434726 ET:24.8487
[002870][Epoch 283/300] Epsilon:0.0569 #Expl.:1143/9881 #Buy:394 #Sell:380 #Hold:9107 #Stocks:0 PV:499,027,779 Loss:-0.398351 ET:24.9879
[002870][Epoch 284/300] Epsilon:0.0535 #Expl.:1028/9881 #Buy:1290 #Sell:1091 #Hold:7500 #Stocks:616296 PV:608,901,385 Loss:-0.563599 ET:27.7814
[002870][Epoch 285/300] Epsilon:0.0502 #Expl.:816/9881 #Buy:423 #Sell:266 #Hold:9192 #Stocks:570161 PV:563,319,448 Loss:-0.381171 ET:24.1680
[002870][Epoch 286/300] Epsilon:0.0468 #Expl.:1694/9881 #Buy:557 #Sell:525 #Hold:8799 #Stocks:0 PV:499,963,500 Loss:-0.389698 ET:24.1748
[002870][Epoch 287/300] Epsilon:0.0435 #Expl.:774/9881 #Buy:298 #Sell:301 #Hold:9282 #Stocks:0 PV:501,676,758 Loss:-0.365753 ET:23.9455
[002870][Epoch 288/300] Epsilon:0.0401 #Expl.:447/9881 #Buy:668 #Sell:455 #Hold:8758 #Stocks:549671 PV:543,075,743 Loss:-0.459196 ET:24.9129
[002870][Epoch 289/300] Epsilon:0.0368 #Expl.:374/9881 #Buy:738 #Sell:518 #Hold:8625 #Stocks:548805 PV:542,219,706 Loss:-0.489789 ET:23.3849
[002870][Epoch 290/300] Epsilon:0.0334 #Expl.:335/9881 #Buy:351 #Sell:151 #Hold:9379 #Stocks:588130 PV:581,073,098 Loss:-0.431567 ET:23.8352
[002870][Epoch 291/300] Epsilon:0.0301 #Expl.:679/9881 #Buy:371 #Sell:222 #Hold:9288 #Stocks:571620 PV:564,761,081 Loss:-0.377784 ET:23.9038
[002870][Epoch 292/300] Epsilon:0.0268 #Expl.:1887/9881 #Buy:644 #Sell:660 #Hold:8577 #Stocks:0 PV:500,910,803 Loss:-0.361528 ET:24.3048
[002870][Epoch 293/300] Epsilon:0.0234 #Expl.:328/9881 #Buy:318 #Sell:307 #Hold:9256 #Stocks:0 PV:499,076,499 Loss:-0.354096 ET:24.7328
[002870][Epoch 294/300] Epsilon:0.0201 #Expl.:181/9881 #Buy:890 #Sell:668 #Hold:8323 #Stocks:566429 PV:559,632,574 Loss:-0.541493 ET:25.0155
[002870][Epoch 295/300] Epsilon:0.0167 #Expl.:285/9881 #Buy:241 #Sell:88 #Hold:9552 #Stocks:569825 PV:562,987,131 Loss:-0.395821 ET:25.1844
[002870][Epoch 296/300] Epsilon:0.0134 #Expl.:381/9881 #Buy:273 #Sell:112 #Hold:9496 #Stocks:571313 PV:564,457,578 Loss:-0.358707 ET:23.5362
[002870][Epoch 297/300] Epsilon:0.0100 #Expl.:230/9881 #Buy:319 #Sell:269 #Hold:9293 #Stocks:272719 PV:551,060,233 Loss:-0.381895 ET:23.1687
[002870][Epoch 298/300] Epsilon:0.0067 #Expl.:98/9881 #Buy:353 #Sell:395 #Hold:9133 #Stocks:0 PV:487,843,861 Loss:-0.430808 ET:23.4290
[002870][Epoch 299/300] Epsilon:0.0033 #Expl.:282/9881 #Buy:90 #Sell:91 #Hold:9700 #Stocks:0 PV:500,485,459 Loss:-0.332842 ET:23.2841
[002870][Epoch 300/300] Epsilon:0.0000 #Expl.:143/9881 #Buy:442 #Sell:334 #Hold:9105 #Stocks:302343 PV:509,530,519 Loss:-0.364090 ET:23.0475
[002870] Elapsed Time:7967.9716 Max PV:610,350,003 #Win:236
