{"mode": "train", "ver": "v1", "name": "002710_202404151242_202405241530", "stock_code": ["002710"], "rl_method": "ppo", "net": "cnn", "backend": "pytorch", "start_date": "202404151242", "end_date": "202405241530", "lr": 0.001, "discount_factor": 0.99, "balance": 500000000, "is_start_end": 0, "is_mock": 1}
[002710] RL:ppo NET:cnn LR:0.001 DF:0.99 
[002710][Epoch 001/300] Epsilon:1.0000 #Expl.:9881/9881 #Buy:3296 #Sell:3230 #Hold:3355 #Stocks:66 PV:499,524,704 Loss:2.283299 ET:34.3752
[002710][Epoch 002/300] Epsilon:0.9967 #Expl.:9848/9881 #Buy:3319 #Sell:3216 #Hold:3346 #Stocks:103 PV:499,570,429 Loss:-0.055051 ET:34.6688
[002710][Epoch 003/300] Epsilon:0.9933 #Expl.:9794/9881 #Buy:3282 #Sell:3189 #Hold:3410 #Stocks:93 PV:499,620,453 Loss:-0.080497 ET:33.6039
[002710][Epoch 004/300] Epsilon:0.9900 #Expl.:9777/9881 #Buy:2464 #Sell:3229 #Hold:4188 #Stocks:9346 PV:458,984,374 Loss:-0.013958 ET:35.0559
[002710][Epoch 005/300] Epsilon:0.9866 #Expl.:9733/9881 #Buy:3209 #Sell:3203 #Hold:3469 #Stocks:6 PV:499,431,593 Loss:-0.076581 ET:47.4862
[002710][Epoch 006/300] Epsilon:0.9833 #Expl.:9727/9881 #Buy:3263 #Sell:3210 #Hold:3408 #Stocks:9100 PV:478,480,203 Loss:-0.039336 ET:43.0293
[002710][Epoch 007/300] Epsilon:0.9799 #Expl.:9668/9881 #Buy:3149 #Sell:3236 #Hold:3496 #Stocks:9681 PV:475,409,062 Loss:-0.060515 ET:40.7827
[002710][Epoch 008/300] Epsilon:0.9766 #Expl.:9881/9881 #Buy:3171 #Sell:3354 #Hold:3356 #Stocks:7755 PV:482,700,040 Loss:-0.040546 ET:40.4543
[002710][Epoch 009/300] Epsilon:0.9732 #Expl.:9881/9881 #Buy:3065 #Sell:3209 #Hold:3607 #Stocks:9533 PV:468,075,258 Loss:-0.047751 ET:40.3978
[002710][Epoch 010/300] Epsilon:0.9699 #Expl.:9881/9881 #Buy:3242 #Sell:3282 #Hold:3357 #Stocks:9658 PV:474,229,432 Loss:-0.039496 ET:37.1880
[002710][Epoch 011/300] Epsilon:0.9666 #Expl.:9881/9881 #Buy:3299 #Sell:3293 #Hold:3289 #Stocks:6214 PV:482,938,857 Loss:-0.047321 ET:39.6042
[002710][Epoch 012/300] Epsilon:0.9632 #Expl.:9881/9881 #Buy:3260 #Sell:3253 #Hold:3368 #Stocks:3806 PV:491,247,616 Loss:-0.048826 ET:39.2177
[002710][Epoch 013/300] Epsilon:0.9599 #Expl.:9881/9881 #Buy:3275 #Sell:3275 #Hold:3331 #Stocks:3614 PV:491,064,488 Loss:-0.048797 ET:39.1007
[002710][Epoch 014/300] Epsilon:0.9565 #Expl.:9881/9881 #Buy:3319 #Sell:3271 #Hold:3291 #Stocks:2227 PV:494,498,705 Loss:-0.049225 ET:39.3657
[002710][Epoch 015/300] Epsilon:0.9532 #Expl.:9881/9881 #Buy:3260 #Sell:3322 #Hold:3299 #Stocks:772 PV:498,199,576 Loss:-0.051050 ET:39.1612
[002710][Epoch 016/300] Epsilon:0.9498 #Expl.:9881/9881 #Buy:3377 #Sell:3255 #Hold:3249 #Stocks:1366 PV:497,499,024 Loss:-0.050222 ET:39.7340
[002710][Epoch 017/300] Epsilon:0.9465 #Expl.:9881/9881 #Buy:3314 #Sell:3226 #Hold:3341 #Stocks:910 PV:496,949,861 Loss:-0.049802 ET:38.9109
[002710][Epoch 018/300] Epsilon:0.9431 #Expl.:9881/9881 #Buy:3149 #Sell:3109 #Hold:3623 #Stocks:589 PV:498,807,154 Loss:-0.051000 ET:39.7266
[002710][Epoch 019/300] Epsilon:0.9398 #Expl.:9881/9881 #Buy:3274 #Sell:3284 #Hold:3323 #Stocks:514 PV:496,820,652 Loss:-0.050701 ET:40.4583
[002710][Epoch 020/300] Epsilon:0.9365 #Expl.:9881/9881 #Buy:3297 #Sell:3227 #Hold:3357 #Stocks:729 PV:496,963,458 Loss:-0.050798 ET:39.9440
[002710][Epoch 021/300] Epsilon:0.9331 #Expl.:9881/9881 #Buy:3261 #Sell:3254 #Hold:3366 #Stocks:266 PV:498,391,386 Loss:-0.051202 ET:39.2432
[002710][Epoch 022/300] Epsilon:0.9298 #Expl.:9881/9881 #Buy:3315 #Sell:3216 #Hold:3350 #Stocks:746 PV:496,485,804 Loss:-0.050359 ET:39.5209
[002710][Epoch 023/300] Epsilon:0.9264 #Expl.:9881/9881 #Buy:3241 #Sell:3259 #Hold:3381 #Stocks:105 PV:498,799,844 Loss:-0.051264 ET:39.4871
[002710][Epoch 024/300] Epsilon:0.9231 #Expl.:9881/9881 #Buy:3285 #Sell:3219 #Hold:3377 #Stocks:656 PV:498,349,839 Loss:-0.050665 ET:39.2429
[002710][Epoch 025/300] Epsilon:0.9197 #Expl.:9881/9881 #Buy:3403 #Sell:3248 #Hold:3230 #Stocks:959 PV:497,181,517 Loss:-0.050450 ET:40.1375
[002710][Epoch 026/300] Epsilon:0.9164 #Expl.:9881/9881 #Buy:3378 #Sell:3257 #Hold:3246 #Stocks:510 PV:497,497,021 Loss:-0.050070 ET:40.7165
[002710][Epoch 027/300] Epsilon:0.9130 #Expl.:9881/9881 #Buy:3361 #Sell:3235 #Hold:3285 #Stocks:511 PV:497,821,465 Loss:-0.050050 ET:49.0819
[002710][Epoch 028/300] Epsilon:0.9097 #Expl.:9881/9881 #Buy:3219 #Sell:3177 #Hold:3485 #Stocks:75 PV:498,432,228 Loss:-0.050461 ET:33.7060
[002710][Epoch 029/300] Epsilon:0.9064 #Expl.:9881/9881 #Buy:3378 #Sell:3189 #Hold:3314 #Stocks:905 PV:496,457,197 Loss:-0.049079 ET:33.3032
[002710][Epoch 030/300] Epsilon:0.9030 #Expl.:9881/9881 #Buy:3277 #Sell:3259 #Hold:3345 #Stocks:35 PV:498,563,866 Loss:-0.050495 ET:42.3516
[002710][Epoch 031/300] Epsilon:0.8997 #Expl.:9881/9881 #Buy:3326 #Sell:3247 #Hold:3308 #Stocks:213 PV:497,219,095 Loss:-0.049857 ET:49.4328
[002710][Epoch 032/300] Epsilon:0.8963 #Expl.:9881/9881 #Buy:3314 #Sell:3216 #Hold:3351 #Stocks:456 PV:497,896,479 Loss:-0.049744 ET:45.8102
[002710][Epoch 033/300] Epsilon:0.8930 #Expl.:9881/9881 #Buy:3315 #Sell:3177 #Hold:3389 #Stocks:492 PV:498,919,278 Loss:-0.049890 ET:34.3785
[002710][Epoch 034/300] Epsilon:0.8896 #Expl.:9881/9881 #Buy:3328 #Sell:3252 #Hold:3301 #Stocks:377 PV:497,612,744 Loss:-0.049348 ET:33.9451
[002710][Epoch 035/300] Epsilon:0.8863 #Expl.:9881/9881 #Buy:3283 #Sell:3260 #Hold:3338 #Stocks:80 PV:498,595,280 Loss:-0.050012 ET:44.9990
[002710][Epoch 036/300] Epsilon:0.8829 #Expl.:9881/9881 #Buy:3303 #Sell:3237 #Hold:3341 #Stocks:299 PV:496,567,458 Loss:-0.048935 ET:39.1681
[002710][Epoch 037/300] Epsilon:0.8796 #Expl.:9881/9881 #Buy:3378 #Sell:3206 #Hold:3297 #Stocks:725 PV:496,766,995 Loss:-0.048634 ET:39.0710
[002710][Epoch 038/300] Epsilon:0.8763 #Expl.:9881/9881 #Buy:3309 #Sell:3258 #Hold:3314 #Stocks:95 PV:497,091,797 Loss:-0.049020 ET:39.1945
[002710][Epoch 039/300] Epsilon:0.8729 #Expl.:9881/9881 #Buy:3278 #Sell:3221 #Hold:3382 #Stocks:180 PV:498,760,857 Loss:-0.049504 ET:39.7163
[002710][Epoch 040/300] Epsilon:0.8696 #Expl.:9881/9881 #Buy:3254 #Sell:3217 #Hold:3410 #Stocks:140 PV:498,326,645 Loss:-0.049317 ET:39.7314
[002710][Epoch 041/300] Epsilon:0.8662 #Expl.:9881/9881 #Buy:3270 #Sell:3230 #Hold:3381 #Stocks:145 PV:499,090,233 Loss:-0.049897 ET:39.5443
[002710][Epoch 042/300] Epsilon:0.8629 #Expl.:9881/9881 #Buy:3289 #Sell:3228 #Hold:3364 #Stocks:243 PV:498,538,096 Loss:-0.049274 ET:49.7864
[002710][Epoch 043/300] Epsilon:0.8595 #Expl.:9881/9881 #Buy:3345 #Sell:3232 #Hold:3304 #Stocks:471 PV:498,748,317 Loss:-0.049598 ET:41.0665
[002710][Epoch 044/300] Epsilon:0.8562 #Expl.:9881/9881 #Buy:3406 #Sell:3234 #Hold:3241 #Stocks:745 PV:498,507,322 Loss:-0.049020 ET:47.7225
[002710][Epoch 045/300] Epsilon:0.8528 #Expl.:9881/9881 #Buy:3294 #Sell:3269 #Hold:3318 #Stocks:114 PV:497,881,952 Loss:-0.048467 ET:40.7362
[002710][Epoch 046/300] Epsilon:0.8495 #Expl.:9881/9881 #Buy:3311 #Sell:3281 #Hold:3289 #Stocks:159 PV:498,197,363 Loss:-0.048872 ET:40.8088
[002710][Epoch 047/300] Epsilon:0.8462 #Expl.:9881/9881 #Buy:3247 #Sell:3225 #Hold:3409 #Stocks:120 PV:498,620,143 Loss:-0.048798 ET:40.1553
[002710][Epoch 048/300] Epsilon:0.8428 #Expl.:9881/9881 #Buy:3234 #Sell:3202 #Hold:3445 #Stocks:155 PV:498,423,546 Loss:-0.048761 ET:41.4383
[002710][Epoch 049/300] Epsilon:0.8395 #Expl.:9881/9881 #Buy:3266 #Sell:3257 #Hold:3358 #Stocks:51 PV:498,258,310 Loss:-0.048717 ET:40.9969
[002710][Epoch 050/300] Epsilon:0.8361 #Expl.:9881/9881 #Buy:3335 #Sell:3242 #Hold:3304 #Stocks:571 PV:496,687,860 Loss:-0.047561 ET:40.7508
[002710][Epoch 051/300] Epsilon:0.8328 #Expl.:9881/9881 #Buy:3337 #Sell:3289 #Hold:3255 #Stocks:168 PV:496,703,909 Loss:-0.047429 ET:40.8005
[002710][Epoch 052/300] Epsilon:0.8294 #Expl.:9881/9881 #Buy:3267 #Sell:3248 #Hold:3366 #Stocks:131 PV:498,981,295 Loss:-0.049199 ET:41.0772
[002710][Epoch 053/300] Epsilon:0.8261 #Expl.:9881/9881 #Buy:3230 #Sell:3199 #Hold:3452 #Stocks:115 PV:498,892,961 Loss:-0.048870 ET:40.9405
[002710][Epoch 054/300] Epsilon:0.8227 #Expl.:9881/9881 #Buy:3316 #Sell:3271 #Hold:3294 #Stocks:306 PV:498,070,382 Loss:-0.048043 ET:42.1292
[002710][Epoch 055/300] Epsilon:0.8194 #Expl.:9881/9881 #Buy:3365 #Sell:3198 #Hold:3318 #Stocks:699 PV:497,411,841 Loss:-0.047584 ET:49.4704
[002710][Epoch 056/300] Epsilon:0.8161 #Expl.:9881/9881 #Buy:3315 #Sell:3207 #Hold:3359 #Stocks:461 PV:497,311,822 Loss:-0.047312 ET:44.6800
[002710][Epoch 057/300] Epsilon:0.8127 #Expl.:9881/9881 #Buy:3251 #Sell:3210 #Hold:3420 #Stocks:185 PV:498,535,032 Loss:-0.047942 ET:34.9734
[002710][Epoch 058/300] Epsilon:0.8094 #Expl.:9881/9881 #Buy:3282 #Sell:3194 #Hold:3405 #Stocks:441 PV:498,253,255 Loss:-0.047645 ET:32.2119
[002710][Epoch 059/300] Epsilon:0.8060 #Expl.:9881/9881 #Buy:3324 #Sell:3204 #Hold:3353 #Stocks:512 PV:497,080,260 Loss:-0.047015 ET:43.7572
[002710][Epoch 060/300] Epsilon:0.8027 #Expl.:9881/9881 #Buy:3299 #Sell:3255 #Hold:3327 #Stocks:214 PV:498,618,103 Loss:-0.047868 ET:40.6899
[002710][Epoch 061/300] Epsilon:0.7993 #Expl.:9881/9881 #Buy:3155 #Sell:3148 #Hold:3578 #Stocks:68 PV:498,306,583 Loss:-0.047511 ET:56.5550
[002710][Epoch 062/300] Epsilon:0.7960 #Expl.:9881/9881 #Buy:3271 #Sell:3269 #Hold:3341 #Stocks:370 PV:498,734,556 Loss:-0.047668 ET:37.7699
[002710][Epoch 063/300] Epsilon:0.7926 #Expl.:9881/9881 #Buy:3343 #Sell:3190 #Hold:3348 #Stocks:609 PV:498,791,111 Loss:-0.047680 ET:33.5141
[002710][Epoch 064/300] Epsilon:0.7893 #Expl.:9881/9881 #Buy:3280 #Sell:3281 #Hold:3320 #Stocks:315 PV:498,163,386 Loss:-0.047220 ET:40.3899
[002710][Epoch 065/300] Epsilon:0.7860 #Expl.:9881/9881 #Buy:3367 #Sell:3230 #Hold:3284 #Stocks:569 PV:497,390,795 Loss:-0.047122 ET:40.8928
[002710][Epoch 066/300] Epsilon:0.7826 #Expl.:9881/9881 #Buy:3254 #Sell:3258 #Hold:3369 #Stocks:344 PV:497,900,814 Loss:-0.046485 ET:40.7769
[002710][Epoch 067/300] Epsilon:0.7793 #Expl.:9881/9881 #Buy:3256 #Sell:3197 #Hold:3428 #Stocks:110 PV:498,444,140 Loss:-0.047934 ET:39.6773
[002710][Epoch 068/300] Epsilon:0.7759 #Expl.:9881/9881 #Buy:3311 #Sell:3208 #Hold:3362 #Stocks:834 PV:498,780,526 Loss:-0.047120 ET:38.5050
[002710][Epoch 069/300] Epsilon:0.7726 #Expl.:9881/9881 #Buy:3335 #Sell:3165 #Hold:3381 #Stocks:491 PV:496,807,931 Loss:-0.046624 ET:39.9028
[002710][Epoch 070/300] Epsilon:0.7692 #Expl.:9881/9881 #Buy:3245 #Sell:3215 #Hold:3421 #Stocks:308 PV:499,130,959 Loss:-0.047759 ET:39.4148
[002710][Epoch 071/300] Epsilon:0.7659 #Expl.:9881/9881 #Buy:3314 #Sell:3293 #Hold:3274 #Stocks:67 PV:498,463,052 Loss:-0.047652 ET:39.5881
[002710][Epoch 072/300] Epsilon:0.7625 #Expl.:9881/9881 #Buy:3328 #Sell:3283 #Hold:3270 #Stocks:277 PV:498,182,509 Loss:-0.046736 ET:40.8472
[002710][Epoch 073/300] Epsilon:0.7592 #Expl.:9881/9881 #Buy:3358 #Sell:3181 #Hold:3342 #Stocks:671 PV:497,045,240 Loss:-0.046626 ET:38.2326
[002710][Epoch 074/300] Epsilon:0.7559 #Expl.:9881/9881 #Buy:3321 #Sell:3217 #Hold:3343 #Stocks:688 PV:497,521,331 Loss:-0.046132 ET:40.3022
[002710][Epoch 075/300] Epsilon:0.7525 #Expl.:9881/9881 #Buy:3256 #Sell:3258 #Hold:3367 #Stocks:38 PV:497,519,241 Loss:-0.046460 ET:39.5109
[002710][Epoch 076/300] Epsilon:0.7492 #Expl.:9881/9881 #Buy:3341 #Sell:3192 #Hold:3348 #Stocks:831 PV:498,004,568 Loss:-0.046163 ET:48.8815
[002710][Epoch 077/300] Epsilon:0.7458 #Expl.:9881/9881 #Buy:3275 #Sell:3192 #Hold:3414 #Stocks:192 PV:498,115,709 Loss:-0.046392 ET:40.8682
[002710][Epoch 078/300] Epsilon:0.7425 #Expl.:9881/9881 #Buy:3306 #Sell:3289 #Hold:3286 #Stocks:489 PV:499,634,577 Loss:-0.046717 ET:41.1365
[002710][Epoch 079/300] Epsilon:0.7391 #Expl.:9881/9881 #Buy:3317 #Sell:3220 #Hold:3344 #Stocks:438 PV:497,796,146 Loss:-0.046456 ET:40.0171
[002710][Epoch 080/300] Epsilon:0.7358 #Expl.:9881/9881 #Buy:3264 #Sell:3242 #Hold:3375 #Stocks:328 PV:498,665,520 Loss:-0.046218 ET:40.1190
[002710][Epoch 081/300] Epsilon:0.7324 #Expl.:9881/9881 #Buy:3304 #Sell:3238 #Hold:3339 #Stocks:325 PV:498,804,625 Loss:-0.046788 ET:40.8639
[002710][Epoch 082/300] Epsilon:0.7291 #Expl.:9881/9881 #Buy:3341 #Sell:3312 #Hold:3228 #Stocks:359 PV:498,208,383 Loss:-0.046289 ET:41.1284
[002710][Epoch 083/300] Epsilon:0.7258 #Expl.:9881/9881 #Buy:3386 #Sell:3203 #Hold:3292 #Stocks:710 PV:498,676,278 Loss:-0.046869 ET:40.7229
[002710][Epoch 084/300] Epsilon:0.7224 #Expl.:9881/9881 #Buy:3307 #Sell:3218 #Hold:3356 #Stocks:286 PV:497,320,845 Loss:-0.045651 ET:41.8799
[002710][Epoch 085/300] Epsilon:0.7191 #Expl.:9881/9881 #Buy:3226 #Sell:3202 #Hold:3453 #Stocks:354 PV:499,420,399 Loss:-0.047217 ET:41.2708
[002710][Epoch 086/300] Epsilon:0.7157 #Expl.:9881/9881 #Buy:3230 #Sell:3241 #Hold:3410 #Stocks:263 PV:498,369,590 Loss:-0.046116 ET:41.0515
[002710][Epoch 087/300] Epsilon:0.7124 #Expl.:9881/9881 #Buy:3271 #Sell:3211 #Hold:3399 #Stocks:442 PV:498,253,957 Loss:-0.046291 ET:33.5356
[002710][Epoch 088/300] Epsilon:0.7090 #Expl.:9881/9881 #Buy:3244 #Sell:3240 #Hold:3397 #Stocks:281 PV:498,930,133 Loss:-0.046622 ET:34.7832
[002710][Epoch 089/300] Epsilon:0.7057 #Expl.:9881/9881 #Buy:3284 #Sell:3220 #Hold:3377 #Stocks:564 PV:498,513,925 Loss:-0.046423 ET:41.1092
[002710][Epoch 090/300] Epsilon:0.7023 #Expl.:9881/9881 #Buy:3300 #Sell:3224 #Hold:3357 #Stocks:404 PV:498,140,239 Loss:-0.046318 ET:43.7358
[002710][Epoch 091/300] Epsilon:0.6990 #Expl.:9881/9881 #Buy:3379 #Sell:3264 #Hold:3238 #Stocks:215 PV:497,364,640 Loss:-0.046084 ET:40.5759
[002710][Epoch 092/300] Epsilon:0.6957 #Expl.:9881/9881 #Buy:3312 #Sell:3220 #Hold:3349 #Stocks:832 PV:500,406,740 Loss:-0.046660 ET:33.5182
[002710][Epoch 093/300] Epsilon:0.6923 #Expl.:9881/9881 #Buy:3233 #Sell:3200 #Hold:3448 #Stocks:20 PV:497,900,271 Loss:-0.046315 ET:35.3124
[002710][Epoch 094/300] Epsilon:0.6890 #Expl.:9881/9881 #Buy:3220 #Sell:3246 #Hold:3415 #Stocks:523 PV:498,561,339 Loss:-0.046041 ET:45.9814
[002710][Epoch 095/300] Epsilon:0.6856 #Expl.:9881/9881 #Buy:3294 #Sell:3200 #Hold:3387 #Stocks:20 PV:497,888,021 Loss:-0.046568 ET:43.3945
[002710][Epoch 096/300] Epsilon:0.6823 #Expl.:9881/9881 #Buy:3293 #Sell:3252 #Hold:3336 #Stocks:462 PV:498,145,126 Loss:-0.045685 ET:42.0497
[002710][Epoch 097/300] Epsilon:0.6789 #Expl.:9881/9881 #Buy:3308 #Sell:3238 #Hold:3335 #Stocks:491 PV:498,183,665 Loss:-0.045794 ET:40.3617
[002710][Epoch 098/300] Epsilon:0.6756 #Expl.:9881/9881 #Buy:3291 #Sell:3228 #Hold:3362 #Stocks:8 PV:497,356,927 Loss:-0.045832 ET:39.0736
[002710][Epoch 099/300] Epsilon:0.6722 #Expl.:9881/9881 #Buy:3222 #Sell:3180 #Hold:3479 #Stocks:670 PV:499,412,139 Loss:-0.046731 ET:40.0773
[002710][Epoch 100/300] Epsilon:0.6689 #Expl.:9881/9881 #Buy:3290 #Sell:3227 #Hold:3364 #Stocks:72 PV:498,723,607 Loss:-0.046468 ET:39.1627
[002710][Epoch 101/300] Epsilon:0.6656 #Expl.:9881/9881 #Buy:3357 #Sell:3206 #Hold:3318 #Stocks:659 PV:497,587,535 Loss:-0.045503 ET:40.0960
[002710][Epoch 102/300] Epsilon:0.6622 #Expl.:9881/9881 #Buy:3326 #Sell:3172 #Hold:3383 #Stocks:781 PV:497,418,227 Loss:-0.045245 ET:39.8581
[002710][Epoch 103/300] Epsilon:0.6589 #Expl.:9881/9881 #Buy:3284 #Sell:3188 #Hold:3409 #Stocks:16 PV:497,189,420 Loss:-0.045998 ET:40.1438
[002710][Epoch 104/300] Epsilon:0.6555 #Expl.:9881/9881 #Buy:3352 #Sell:3242 #Hold:3287 #Stocks:649 PV:498,628,578 Loss:-0.046040 ET:38.6740
[002710][Epoch 105/300] Epsilon:0.6522 #Expl.:9881/9881 #Buy:3289 #Sell:3190 #Hold:3402 #Stocks:379 PV:498,511,412 Loss:-0.046108 ET:39.0922
[002710][Epoch 106/300] Epsilon:0.6488 #Expl.:9881/9881 #Buy:3309 #Sell:3217 #Hold:3355 #Stocks:392 PV:498,669,343 Loss:-0.045866 ET:39.3251
[002710][Epoch 107/300] Epsilon:0.6455 #Expl.:9881/9881 #Buy:3262 #Sell:3227 #Hold:3392 #Stocks:561 PV:498,426,642 Loss:-0.045617 ET:50.1802
[002710][Epoch 108/300] Epsilon:0.6421 #Expl.:9881/9881 #Buy:3251 #Sell:3179 #Hold:3451 #Stocks:20 PV:497,622,782 Loss:-0.045395 ET:40.4289
[002710][Epoch 109/300] Epsilon:0.6388 #Expl.:9881/9881 #Buy:3285 #Sell:3262 #Hold:3334 #Stocks:794 PV:499,246,375 Loss:-0.046475 ET:39.6475
[002710][Epoch 110/300] Epsilon:0.6355 #Expl.:9881/9881 #Buy:3219 #Sell:3194 #Hold:3468 #Stocks:32 PV:498,535,241 Loss:-0.046110 ET:47.6575
[002710][Epoch 111/300] Epsilon:0.6321 #Expl.:9881/9881 #Buy:3297 #Sell:3158 #Hold:3426 #Stocks:1010 PV:498,833,663 Loss:-0.046080 ET:40.9634
[002710][Epoch 112/300] Epsilon:0.6288 #Expl.:9881/9881 #Buy:3297 #Sell:3213 #Hold:3371 #Stocks:137 PV:498,402,133 Loss:-0.046517 ET:41.1438
[002710][Epoch 113/300] Epsilon:0.6254 #Expl.:9881/9881 #Buy:3304 #Sell:3220 #Hold:3357 #Stocks:669 PV:497,096,784 Loss:-0.044778 ET:41.4156
[002710][Epoch 114/300] Epsilon:0.6221 #Expl.:9881/9881 #Buy:3247 #Sell:3157 #Hold:3477 #Stocks:11 PV:498,120,745 Loss:-0.045935 ET:41.5307
[002710][Epoch 115/300] Epsilon:0.6187 #Expl.:9881/9881 #Buy:3262 #Sell:3247 #Hold:3372 #Stocks:529 PV:499,294,403 Loss:-0.046351 ET:41.4872
[002710][Epoch 116/300] Epsilon:0.6154 #Expl.:9881/9881 #Buy:3319 #Sell:3238 #Hold:3324 #Stocks:0 PV:497,113,076 Loss:-0.045616 ET:40.3105
[002710][Epoch 117/300] Epsilon:0.6120 #Expl.:9881/9881 #Buy:3337 #Sell:3230 #Hold:3314 #Stocks:607 PV:498,519,592 Loss:-0.045145 ET:33.2376
[002710][Epoch 118/300] Epsilon:0.6087 #Expl.:9881/9881 #Buy:3245 #Sell:3247 #Hold:3389 #Stocks:145 PV:498,750,086 Loss:-0.046040 ET:34.9284
[002710][Epoch 119/300] Epsilon:0.6054 #Expl.:9881/9881 #Buy:3280 #Sell:3222 #Hold:3379 #Stocks:660 PV:498,992,042 Loss:-0.046228 ET:40.8214
[002710][Epoch 120/300] Epsilon:0.6020 #Expl.:9881/9881 #Buy:3232 #Sell:3186 #Hold:3463 #Stocks:423 PV:498,217,542 Loss:-0.044888 ET:41.1293
[002710][Epoch 121/300] Epsilon:0.5987 #Expl.:9881/9881 #Buy:3383 #Sell:3236 #Hold:3262 #Stocks:18 PV:496,955,236 Loss:-0.045592 ET:33.7186
[002710][Epoch 122/300] Epsilon:0.5953 #Expl.:9881/9881 #Buy:3295 #Sell:3255 #Hold:3331 #Stocks:789 PV:497,624,009 Loss:-0.045831 ET:34.9611
[002710][Epoch 123/300] Epsilon:0.5920 #Expl.:9881/9881 #Buy:3307 #Sell:3221 #Hold:3353 #Stocks:246 PV:498,401,319 Loss:-0.045818 ET:44.6936
[002710][Epoch 124/300] Epsilon:0.5886 #Expl.:9881/9881 #Buy:3396 #Sell:3280 #Hold:3205 #Stocks:787 PV:497,969,727 Loss:-0.045053 ET:42.2940
[002710][Epoch 125/300] Epsilon:0.5853 #Expl.:9881/9881 #Buy:3263 #Sell:3113 #Hold:3505 #Stocks:33 PV:499,270,464 Loss:-0.048170 ET:41.3160
[002710][Epoch 126/300] Epsilon:0.5819 #Expl.:9881/9881 #Buy:3344 #Sell:3258 #Hold:3279 #Stocks:1529 PV:496,277,537 Loss:-0.045494 ET:41.3436
[002710][Epoch 127/300] Epsilon:0.5786 #Expl.:9881/9881 #Buy:3242 #Sell:3139 #Hold:3500 #Stocks:4 PV:498,118,713 Loss:-0.046486 ET:41.2916
[002710][Epoch 128/300] Epsilon:0.5753 #Expl.:9881/9881 #Buy:3219 #Sell:3205 #Hold:3457 #Stocks:155 PV:498,881,307 Loss:-0.045262 ET:41.3476
[002710][Epoch 129/300] Epsilon:0.5719 #Expl.:9881/9881 #Buy:3304 #Sell:3156 #Hold:3421 #Stocks:397 PV:497,134,900 Loss:-0.045629 ET:42.8492
[002710][Epoch 130/300] Epsilon:0.5686 #Expl.:9881/9881 #Buy:3378 #Sell:3213 #Hold:3290 #Stocks:620 PV:496,575,426 Loss:-0.043934 ET:48.4992
[002710][Epoch 131/300] Epsilon:0.5652 #Expl.:9881/9881 #Buy:3236 #Sell:3195 #Hold:3450 #Stocks:24 PV:498,107,289 Loss:-0.045897 ET:41.5110
[002710][Epoch 132/300] Epsilon:0.5619 #Expl.:9881/9881 #Buy:3339 #Sell:3246 #Hold:3296 #Stocks:556 PV:496,973,849 Loss:-0.046052 ET:39.6327
[002710][Epoch 133/300] Epsilon:0.5585 #Expl.:9881/9881 #Buy:3302 #Sell:3219 #Hold:3360 #Stocks:206 PV:498,088,394 Loss:-0.047116 ET:39.7243
[002710][Epoch 134/300] Epsilon:0.5552 #Expl.:9881/9881 #Buy:3288 #Sell:3257 #Hold:3336 #Stocks:151 PV:497,593,267 Loss:-0.045537 ET:38.9043
[002710][Epoch 135/300] Epsilon:0.5518 #Expl.:9881/9881 #Buy:3383 #Sell:3231 #Hold:3267 #Stocks:1063 PV:497,818,895 Loss:-0.045619 ET:40.1197
[002710][Epoch 136/300] Epsilon:0.5485 #Expl.:9881/9881 #Buy:3250 #Sell:2455 #Hold:4176 #Stocks:9 PV:498,919,528 Loss:-0.046799 ET:39.6426
[002710][Epoch 137/300] Epsilon:0.5452 #Expl.:9881/9881 #Buy:3291 #Sell:3298 #Hold:3292 #Stocks:6970 PV:483,040,599 Loss:-0.040560 ET:43.4760
[002710][Epoch 138/300] Epsilon:0.5418 #Expl.:9881/9881 #Buy:3267 #Sell:2607 #Hold:4007 #Stocks:12 PV:498,961,882 Loss:-0.045376 ET:40.2669
[002710][Epoch 139/300] Epsilon:0.5385 #Expl.:9881/9881 #Buy:3330 #Sell:3229 #Hold:3322 #Stocks:638 PV:495,045,920 Loss:-0.043686 ET:38.9369
[002710][Epoch 140/300] Epsilon:0.5351 #Expl.:9881/9881 #Buy:3299 #Sell:3296 #Hold:3286 #Stocks:903 PV:492,512,822 Loss:-0.042501 ET:42.2763
[002710][Epoch 141/300] Epsilon:0.5318 #Expl.:9881/9881 #Buy:3267 #Sell:3225 #Hold:3389 #Stocks:63 PV:497,926,758 Loss:-0.045052 ET:40.2922
[002710][Epoch 142/300] Epsilon:0.5284 #Expl.:9881/9881 #Buy:3299 #Sell:3210 #Hold:3372 #Stocks:25 PV:497,608,992 Loss:-0.044880 ET:39.7452
[002710][Epoch 143/300] Epsilon:0.5251 #Expl.:9881/9881 #Buy:3244 #Sell:3297 #Hold:3340 #Stocks:1625 PV:492,055,859 Loss:-0.041614 ET:43.2580
[002710][Epoch 144/300] Epsilon:0.5217 #Expl.:9881/9881 #Buy:3350 #Sell:3001 #Hold:3530 #Stocks:25 PV:498,418,665 Loss:-0.045720 ET:43.1528
[002710][Epoch 145/300] Epsilon:0.5184 #Expl.:9881/9881 #Buy:3266 #Sell:3272 #Hold:3343 #Stocks:3102 PV:491,770,818 Loss:-0.041726 ET:50.4703
[002710][Epoch 146/300] Epsilon:0.5151 #Expl.:9881/9881 #Buy:3288 #Sell:3208 #Hold:3385 #Stocks:137 PV:498,947,462 Loss:-0.044288 ET:36.1070
[002710][Epoch 147/300] Epsilon:0.5117 #Expl.:9881/9881 #Buy:3292 #Sell:3195 #Hold:3394 #Stocks:1086 PV:498,286,498 Loss:-0.043726 ET:33.5774
[002710][Epoch 148/300] Epsilon:0.5084 #Expl.:9881/9881 #Buy:3220 #Sell:3181 #Hold:3480 #Stocks:62 PV:498,625,387 Loss:-0.044898 ET:55.7543
[002710][Epoch 149/300] Epsilon:0.5050 #Expl.:9881/9881 #Buy:3315 #Sell:3198 #Hold:3368 #Stocks:517 PV:499,225,492 Loss:-0.045467 ET:40.3180
[002710][Epoch 150/300] Epsilon:0.5017 #Expl.:9881/9881 #Buy:3344 #Sell:2690 #Hold:3847 #Stocks:3 PV:499,030,474 Loss:-0.045747 ET:39.0984
[002710][Epoch 151/300] Epsilon:0.4983 #Expl.:9881/9881 #Buy:3226 #Sell:3322 #Hold:3333 #Stocks:5684 PV:485,778,965 Loss:-0.042948 ET:35.7140
[002710][Epoch 152/300] Epsilon:0.4950 #Expl.:9881/9881 #Buy:3268 #Sell:2682 #Hold:3931 #Stocks:0 PV:498,703,111 Loss:-0.046286 ET:47.1829
[002710][Epoch 153/300] Epsilon:0.4916 #Expl.:9881/9881 #Buy:3265 #Sell:1709 #Hold:4907 #Stocks:2 PV:499,662,463 Loss:-0.052738 ET:39.7509
[002710][Epoch 154/300] Epsilon:0.4883 #Expl.:9881/9881 #Buy:2309 #Sell:3247 #Hold:4325 #Stocks:9345 PV:458,953,019 Loss:-0.040261 ET:39.8419
[002710][Epoch 155/300] Epsilon:0.4849 #Expl.:9881/9881 #Buy:3358 #Sell:2178 #Hold:4345 #Stocks:30 PV:498,847,828 Loss:-0.054298 ET:39.9536
[002710][Epoch 156/300] Epsilon:0.4816 #Expl.:9881/9881 #Buy:3351 #Sell:1965 #Hold:4565 #Stocks:0 PV:499,292,885 Loss:-0.053583 ET:39.7593
[002710][Epoch 157/300] Epsilon:0.4783 #Expl.:9881/9881 #Buy:3205 #Sell:3342 #Hold:3334 #Stocks:5932 PV:484,023,759 Loss:-0.042639 ET:39.7856
[002710][Epoch 158/300] Epsilon:0.4749 #Expl.:9881/9881 #Buy:3326 #Sell:3211 #Hold:3344 #Stocks:6221 PV:485,973,768 Loss:-0.041528 ET:45.5421
[002710][Epoch 159/300] Epsilon:0.4716 #Expl.:9881/9881 #Buy:3291 #Sell:1853 #Hold:4737 #Stocks:0 PV:499,225,568 Loss:-0.055895 ET:41.5520
[002710][Epoch 160/300] Epsilon:0.4682 #Expl.:9881/9881 #Buy:3263 #Sell:3359 #Hold:3259 #Stocks:6732 PV:483,964,683 Loss:-0.040822 ET:40.4240
[002710][Epoch 161/300] Epsilon:0.4649 #Expl.:9881/9881 #Buy:3235 #Sell:3045 #Hold:3601 #Stocks:0 PV:497,798,637 Loss:-0.048761 ET:40.3447
[002710][Epoch 162/300] Epsilon:0.4615 #Expl.:9881/9881 #Buy:3344 #Sell:2987 #Hold:3550 #Stocks:135 PV:498,485,884 Loss:-0.048146 ET:39.3175
[002710][Epoch 163/300] Epsilon:0.4582 #Expl.:9881/9881 #Buy:3255 #Sell:3366 #Hold:3260 #Stocks:2408 PV:491,300,674 Loss:-0.045971 ET:39.0992
[002710][Epoch 164/300] Epsilon:0.4548 #Expl.:9881/9881 #Buy:3231 #Sell:2910 #Hold:3740 #Stocks:215 PV:498,741,552 Loss:-0.048464 ET:54.0216
[002710][Epoch 165/300] Epsilon:0.4515 #Expl.:9881/9881 #Buy:3287 #Sell:3391 #Hold:3203 #Stocks:959 PV:497,754,225 Loss:-0.049640 ET:52.8660
[002710][Epoch 166/300] Epsilon:0.4482 #Expl.:9881/9881 #Buy:3292 #Sell:2775 #Hold:3814 #Stocks:11 PV:498,270,298 Loss:-0.050596 ET:50.8970
[002710][Epoch 167/300] Epsilon:0.4448 #Expl.:9881/9881 #Buy:3290 #Sell:3313 #Hold:3278 #Stocks:3373 PV:490,151,894 Loss:-0.045215 ET:48.2475
[002710][Epoch 168/300] Epsilon:0.4415 #Expl.:9881/9881 #Buy:3283 #Sell:2113 #Hold:4485 #Stocks:6 PV:498,827,709 Loss:-0.053836 ET:39.4706
[002710][Epoch 169/300] Epsilon:0.4381 #Expl.:9881/9881 #Buy:3275 #Sell:3353 #Hold:3253 #Stocks:9441 PV:475,468,029 Loss:-0.036441 ET:39.5477
[002710][Epoch 170/300] Epsilon:0.4348 #Expl.:9881/9881 #Buy:3327 #Sell:2816 #Hold:3738 #Stocks:46 PV:498,604,405 Loss:-0.048791 ET:41.9330
[002710][Epoch 171/300] Epsilon:0.4314 #Expl.:9881/9881 #Buy:3303 #Sell:3317 #Hold:3261 #Stocks:3056 PV:490,415,806 Loss:-0.044080 ET:41.0650
[002710][Epoch 172/300] Epsilon:0.4281 #Expl.:9881/9881 #Buy:3204 #Sell:3288 #Hold:3389 #Stocks:1075 PV:498,078,321 Loss:-0.047129 ET:40.6805
[002710][Epoch 173/300] Epsilon:0.4247 #Expl.:9881/9881 #Buy:3359 #Sell:3252 #Hold:3270 #Stocks:278 PV:497,382,781 Loss:-0.046422 ET:42.7922
[002710][Epoch 174/300] Epsilon:0.4214 #Expl.:9881/9881 #Buy:3310 #Sell:3241 #Hold:3330 #Stocks:28 PV:497,529,592 Loss:-0.045607 ET:41.3766
[002710][Epoch 175/300] Epsilon:0.4181 #Expl.:9881/9881 #Buy:3289 #Sell:3288 #Hold:3304 #Stocks:7056 PV:483,570,589 Loss:-0.039505 ET:40.9423
[002710][Epoch 176/300] Epsilon:0.4147 #Expl.:9881/9881 #Buy:3243 #Sell:2898 #Hold:3740 #Stocks:61 PV:498,768,426 Loss:-0.047243 ET:34.0668
[002710][Epoch 177/300] Epsilon:0.4114 #Expl.:9881/9881 #Buy:3252 #Sell:3240 #Hold:3389 #Stocks:899 PV:498,434,961 Loss:-0.045913 ET:34.4799
[002710][Epoch 178/300] Epsilon:0.4080 #Expl.:9881/9881 #Buy:3349 #Sell:2904 #Hold:3628 #Stocks:8 PV:498,710,932 Loss:-0.047108 ET:40.8301
[002710][Epoch 179/300] Epsilon:0.4047 #Expl.:9881/9881 #Buy:3266 #Sell:2779 #Hold:3836 #Stocks:6 PV:498,485,557 Loss:-0.047069 ET:40.6323
[002710][Epoch 180/300] Epsilon:0.4013 #Expl.:9881/9881 #Buy:3297 #Sell:3238 #Hold:3346 #Stocks:2608 PV:493,617,588 Loss:-0.041852 ET:40.6619
[002710][Epoch 181/300] Epsilon:0.3980 #Expl.:9881/9881 #Buy:3227 #Sell:2830 #Hold:3824 #Stocks:0 PV:498,902,829 Loss:-0.046800 ET:35.0123
[002710][Epoch 182/300] Epsilon:0.3946 #Expl.:3891/9881 #Buy:1296 #Sell:1111 #Hold:7474 #Stocks:0 PV:499,863,815 Loss:-0.114669 ET:43.2479
[002710][Epoch 183/300] Epsilon:0.3913 #Expl.:3827/9881 #Buy:1287 #Sell:1090 #Hold:7504 #Stocks:0 PV:499,864,176 Loss:-0.207143 ET:41.7698
[002710][Epoch 184/300] Epsilon:0.3880 #Expl.:3899/9881 #Buy:1269 #Sell:1282 #Hold:7330 #Stocks:9652 PV:473,998,690 Loss:-0.131821 ET:41.6142
[002710][Epoch 185/300] Epsilon:0.3846 #Expl.:3860/9881 #Buy:1707 #Sell:1281 #Hold:6893 #Stocks:9708 PV:476,694,767 Loss:-0.138944 ET:41.4818
[002710][Epoch 186/300] Epsilon:0.3813 #Expl.:3767/9881 #Buy:1293 #Sell:777 #Hold:7811 #Stocks:11 PV:499,907,720 Loss:-0.132865 ET:41.7554
[002710][Epoch 187/300] Epsilon:0.3779 #Expl.:3772/9881 #Buy:1756 #Sell:1266 #Hold:6859 #Stocks:9674 PV:475,018,976 Loss:-0.125495 ET:41.7418
[002710][Epoch 188/300] Epsilon:0.3746 #Expl.:3802/9881 #Buy:1265 #Sell:1083 #Hold:7533 #Stocks:0 PV:499,865,779 Loss:-0.068108 ET:41.6820
[002710][Epoch 189/300] Epsilon:0.3712 #Expl.:9881/9881 #Buy:3249 #Sell:3347 #Hold:3285 #Stocks:1507 PV:495,569,275 Loss:-0.058088 ET:46.3232
[002710][Epoch 190/300] Epsilon:0.3679 #Expl.:9881/9881 #Buy:3332 #Sell:3086 #Hold:3463 #Stocks:16 PV:498,462,975 Loss:-0.057388 ET:45.0656
[002710][Epoch 191/300] Epsilon:0.3645 #Expl.:9881/9881 #Buy:3299 #Sell:3192 #Hold:3390 #Stocks:650 PV:497,502,234 Loss:-0.056698 ET:41.9204
[002710][Epoch 192/300] Epsilon:0.3612 #Expl.:9881/9881 #Buy:3207 #Sell:3157 #Hold:3517 #Stocks:76 PV:498,235,007 Loss:-0.056815 ET:39.6415
[002710][Epoch 193/300] Epsilon:0.3579 #Expl.:9881/9881 #Buy:3310 #Sell:3267 #Hold:3304 #Stocks:120 PV:497,473,217 Loss:-0.056118 ET:40.5150
[002710][Epoch 194/300] Epsilon:0.3545 #Expl.:9881/9881 #Buy:3267 #Sell:3216 #Hold:3398 #Stocks:83 PV:495,780,589 Loss:-0.055612 ET:39.8918
[002710][Epoch 195/300] Epsilon:0.3512 #Expl.:9881/9881 #Buy:3306 #Sell:3172 #Hold:3403 #Stocks:836 PV:496,116,560 Loss:-0.055180 ET:40.0425
[002710][Epoch 196/300] Epsilon:0.3478 #Expl.:9881/9881 #Buy:3389 #Sell:3277 #Hold:3215 #Stocks:436 PV:495,183,468 Loss:-0.055114 ET:40.2662
[002710][Epoch 197/300] Epsilon:0.3445 #Expl.:9881/9881 #Buy:3303 #Sell:3246 #Hold:3332 #Stocks:242 PV:498,208,806 Loss:-0.056510 ET:38.7216
[002710][Epoch 198/300] Epsilon:0.3411 #Expl.:9881/9881 #Buy:3316 #Sell:3236 #Hold:3329 #Stocks:322 PV:495,375,109 Loss:-0.055116 ET:39.3685
[002710][Epoch 199/300] Epsilon:0.3378 #Expl.:9881/9881 #Buy:3339 #Sell:3280 #Hold:3262 #Stocks:321 PV:497,564,888 Loss:-0.055407 ET:39.5761
[002710][Epoch 200/300] Epsilon:0.3344 #Expl.:9881/9881 #Buy:3302 #Sell:3274 #Hold:3305 #Stocks:81 PV:495,280,713 Loss:-0.054823 ET:39.8994
[002710][Epoch 201/300] Epsilon:0.3311 #Expl.:9881/9881 #Buy:3281 #Sell:3228 #Hold:3372 #Stocks:238 PV:496,861,955 Loss:-0.055152 ET:43.2945
[002710][Epoch 202/300] Epsilon:0.3278 #Expl.:9881/9881 #Buy:3342 #Sell:3215 #Hold:3324 #Stocks:668 PV:496,755,927 Loss:-0.054648 ET:42.3669
[002710][Epoch 203/300] Epsilon:0.3244 #Expl.:9881/9881 #Buy:3307 #Sell:3247 #Hold:3327 #Stocks:324 PV:497,825,230 Loss:-0.055577 ET:46.9300
[002710][Epoch 204/300] Epsilon:0.3211 #Expl.:9881/9881 #Buy:3261 #Sell:3258 #Hold:3362 #Stocks:35 PV:497,937,021 Loss:-0.055411 ET:38.7018
[002710][Epoch 205/300] Epsilon:0.3177 #Expl.:9881/9881 #Buy:3371 #Sell:3244 #Hold:3266 #Stocks:631 PV:496,900,052 Loss:-0.054509 ET:33.1738
[002710][Epoch 206/300] Epsilon:0.3144 #Expl.:9881/9881 #Buy:3324 #Sell:3289 #Hold:3268 #Stocks:197 PV:497,006,447 Loss:-0.054292 ET:32.5633
[002710][Epoch 207/300] Epsilon:0.3110 #Expl.:9881/9881 #Buy:3307 #Sell:3180 #Hold:3394 #Stocks:673 PV:497,189,538 Loss:-0.054452 ET:44.0437
[002710][Epoch 208/300] Epsilon:0.3077 #Expl.:9881/9881 #Buy:3249 #Sell:3246 #Hold:3386 #Stocks:10 PV:497,521,110 Loss:-0.054971 ET:46.6920
[002710][Epoch 209/300] Epsilon:0.3043 #Expl.:9881/9881 #Buy:3232 #Sell:3203 #Hold:3446 #Stocks:146 PV:497,872,841 Loss:-0.055045 ET:41.5013
[002710][Epoch 210/300] Epsilon:0.3010 #Expl.:9881/9881 #Buy:3303 #Sell:3250 #Hold:3328 #Stocks:376 PV:497,808,816 Loss:-0.054091 ET:39.1147
[002710][Epoch 211/300] Epsilon:0.2977 #Expl.:9881/9881 #Buy:3313 #Sell:3236 #Hold:3332 #Stocks:418 PV:497,000,407 Loss:-0.054351 ET:49.7047
[002710][Epoch 212/300] Epsilon:0.2943 #Expl.:9881/9881 #Buy:3324 #Sell:3243 #Hold:3314 #Stocks:404 PV:496,511,775 Loss:-0.053820 ET:40.9827
[002710][Epoch 213/300] Epsilon:0.2910 #Expl.:9881/9881 #Buy:3292 #Sell:3159 #Hold:3430 #Stocks:643 PV:496,521,580 Loss:-0.053920 ET:41.8669
[002710][Epoch 214/300] Epsilon:0.2876 #Expl.:9881/9881 #Buy:3356 #Sell:3267 #Hold:3258 #Stocks:464 PV:496,079,613 Loss:-0.053194 ET:50.1326
[002710][Epoch 215/300] Epsilon:0.2843 #Expl.:9881/9881 #Buy:3313 #Sell:3287 #Hold:3281 #Stocks:266 PV:498,008,791 Loss:-0.054137 ET:47.2380
[002710][Epoch 216/300] Epsilon:0.2809 #Expl.:9881/9881 #Buy:3186 #Sell:3193 #Hold:3502 #Stocks:30 PV:497,636,911 Loss:-0.054003 ET:40.8599
[002710][Epoch 217/300] Epsilon:0.2776 #Expl.:9881/9881 #Buy:3325 #Sell:3231 #Hold:3325 #Stocks:697 PV:495,865,936 Loss:-0.052827 ET:39.8312
[002710][Epoch 218/300] Epsilon:0.2742 #Expl.:9881/9881 #Buy:3241 #Sell:3214 #Hold:3426 #Stocks:207 PV:497,891,688 Loss:-0.053900 ET:35.4669
[002710][Epoch 219/300] Epsilon:0.2709 #Expl.:9881/9881 #Buy:3277 #Sell:3276 #Hold:3328 #Stocks:192 PV:497,393,849 Loss:-0.053600 ET:39.5439
[002710][Epoch 220/300] Epsilon:0.2676 #Expl.:9881/9881 #Buy:3217 #Sell:3175 #Hold:3489 #Stocks:270 PV:497,807,755 Loss:-0.053572 ET:40.1451
[002710][Epoch 221/300] Epsilon:0.2642 #Expl.:9881/9881 #Buy:3270 #Sell:3262 #Hold:3349 #Stocks:221 PV:496,899,329 Loss:-0.053351 ET:40.4587
[002710][Epoch 222/300] Epsilon:0.2609 #Expl.:9881/9881 #Buy:3257 #Sell:3253 #Hold:3371 #Stocks:5 PV:498,568,291 Loss:-0.054295 ET:40.2185
[002710][Epoch 223/300] Epsilon:0.2575 #Expl.:9881/9881 #Buy:3293 #Sell:3206 #Hold:3382 #Stocks:637 PV:495,436,734 Loss:-0.052440 ET:40.2150
[002710][Epoch 224/300] Epsilon:0.2542 #Expl.:9881/9881 #Buy:3207 #Sell:3211 #Hold:3463 #Stocks:95 PV:498,295,272 Loss:-0.053656 ET:40.5733
[002710][Epoch 225/300] Epsilon:0.2508 #Expl.:9881/9881 #Buy:3177 #Sell:3254 #Hold:3450 #Stocks:60 PV:497,289,364 Loss:-0.053071 ET:39.4504
[002710][Epoch 226/300] Epsilon:0.2475 #Expl.:9881/9881 #Buy:3286 #Sell:3298 #Hold:3297 #Stocks:257 PV:497,461,029 Loss:-0.053227 ET:39.5705
[002710][Epoch 227/300] Epsilon:0.2441 #Expl.:9881/9881 #Buy:3268 #Sell:3263 #Hold:3350 #Stocks:267 PV:497,457,098 Loss:-0.052927 ET:39.6227
[002710][Epoch 228/300] Epsilon:0.2408 #Expl.:9881/9881 #Buy:3335 #Sell:3265 #Hold:3281 #Stocks:479 PV:496,828,518 Loss:-0.052651 ET:39.0433
[002710][Epoch 229/300] Epsilon:0.2375 #Expl.:9881/9881 #Buy:3198 #Sell:3287 #Hold:3396 #Stocks:115 PV:497,038,971 Loss:-0.052738 ET:39.5033
[002710][Epoch 230/300] Epsilon:0.2341 #Expl.:9881/9881 #Buy:3257 #Sell:3206 #Hold:3418 #Stocks:185 PV:497,993,459 Loss:-0.052940 ET:44.4212
[002710][Epoch 231/300] Epsilon:0.2308 #Expl.:9881/9881 #Buy:3334 #Sell:3209 #Hold:3338 #Stocks:1244 PV:493,341,203 Loss:-0.050098 ET:48.4167
[002710][Epoch 232/300] Epsilon:0.2274 #Expl.:9881/9881 #Buy:3415 #Sell:3189 #Hold:3277 #Stocks:1097 PV:495,128,062 Loss:-0.051527 ET:49.4604
[002710][Epoch 233/300] Epsilon:0.2241 #Expl.:9881/9881 #Buy:3251 #Sell:3176 #Hold:3454 #Stocks:198 PV:496,988,100 Loss:-0.052365 ET:43.0543
[002710][Epoch 234/300] Epsilon:0.2207 #Expl.:9881/9881 #Buy:3311 #Sell:3279 #Hold:3291 #Stocks:0 PV:497,898,994 Loss:-0.052862 ET:41.2510
[002710][Epoch 235/300] Epsilon:0.2174 #Expl.:9881/9881 #Buy:3308 #Sell:3251 #Hold:3322 #Stocks:514 PV:497,299,207 Loss:-0.052172 ET:46.3902
[002710][Epoch 236/300] Epsilon:0.2140 #Expl.:9881/9881 #Buy:3279 #Sell:3220 #Hold:3382 #Stocks:210 PV:498,473,645 Loss:-0.052658 ET:34.9231
[002710][Epoch 237/300] Epsilon:0.2107 #Expl.:9881/9881 #Buy:3296 #Sell:3179 #Hold:3406 #Stocks:1253 PV:495,017,780 Loss:-0.050688 ET:34.0636
[002710][Epoch 238/300] Epsilon:0.2074 #Expl.:9881/9881 #Buy:3281 #Sell:3133 #Hold:3467 #Stocks:480 PV:498,975,292 Loss:-0.052182 ET:41.9503
[002710][Epoch 239/300] Epsilon:0.2040 #Expl.:9881/9881 #Buy:3274 #Sell:3312 #Hold:3295 #Stocks:342 PV:497,527,144 Loss:-0.052188 ET:41.4986
[002710][Epoch 240/300] Epsilon:0.2007 #Expl.:9881/9881 #Buy:3221 #Sell:3195 #Hold:3465 #Stocks:60 PV:498,585,474 Loss:-0.052220 ET:40.3848
[002710][Epoch 241/300] Epsilon:0.1973 #Expl.:9881/9881 #Buy:3277 #Sell:3331 #Hold:3273 #Stocks:1121 PV:493,002,351 Loss:-0.049942 ET:43.0842
[002710][Epoch 242/300] Epsilon:0.1940 #Expl.:9881/9881 #Buy:3328 #Sell:3036 #Hold:3517 #Stocks:546 PV:498,012,955 Loss:-0.052187 ET:40.1823
[002710][Epoch 243/300] Epsilon:0.1906 #Expl.:9881/9881 #Buy:3290 #Sell:3289 #Hold:3302 #Stocks:1146 PV:493,728,780 Loss:-0.049802 ET:39.2207
[002710][Epoch 244/300] Epsilon:0.1873 #Expl.:9881/9881 #Buy:3319 #Sell:2851 #Hold:3711 #Stocks:96 PV:498,462,593 Loss:-0.052284 ET:38.8711
[002710][Epoch 245/300] Epsilon:0.1839 #Expl.:9881/9881 #Buy:3247 #Sell:3269 #Hold:3365 #Stocks:1566 PV:490,943,855 Loss:-0.048580 ET:40.2772
[002710][Epoch 246/300] Epsilon:0.1806 #Expl.:9881/9881 #Buy:3326 #Sell:3120 #Hold:3435 #Stocks:436 PV:498,589,194 Loss:-0.051378 ET:42.8692
[002710][Epoch 247/300] Epsilon:0.1773 #Expl.:9881/9881 #Buy:3320 #Sell:3225 #Hold:3336 #Stocks:350 PV:498,636,337 Loss:-0.051131 ET:39.9220
[002710][Epoch 248/300] Epsilon:0.1739 #Expl.:9881/9881 #Buy:3280 #Sell:3213 #Hold:3388 #Stocks:315 PV:497,668,474 Loss:-0.051406 ET:46.0100
[002710][Epoch 249/300] Epsilon:0.1706 #Expl.:9881/9881 #Buy:3276 #Sell:3266 #Hold:3339 #Stocks:869 PV:494,528,941 Loss:-0.050078 ET:40.2971
[002710][Epoch 250/300] Epsilon:0.1672 #Expl.:9881/9881 #Buy:3361 #Sell:3260 #Hold:3260 #Stocks:130 PV:497,772,760 Loss:-0.051019 ET:39.8819
[002710][Epoch 251/300] Epsilon:0.1639 #Expl.:9881/9881 #Buy:3309 #Sell:3354 #Hold:3218 #Stocks:426 PV:495,780,008 Loss:-0.050457 ET:39.3111
[002710][Epoch 252/300] Epsilon:0.1605 #Expl.:9881/9881 #Buy:3373 #Sell:3199 #Hold:3309 #Stocks:491 PV:496,767,867 Loss:-0.050546 ET:34.4439
[002710][Epoch 253/300] Epsilon:0.1572 #Expl.:9881/9881 #Buy:3244 #Sell:3184 #Hold:3453 #Stocks:0 PV:498,344,272 Loss:-0.051620 ET:39.6017
[002710][Epoch 254/300] Epsilon:0.1538 #Expl.:9881/9881 #Buy:3372 #Sell:3244 #Hold:3265 #Stocks:1375 PV:495,220,664 Loss:-0.049075 ET:39.6228
[002710][Epoch 255/300] Epsilon:0.1505 #Expl.:9881/9881 #Buy:3325 #Sell:3122 #Hold:3434 #Stocks:130 PV:499,079,677 Loss:-0.051386 ET:39.5620
[002710][Epoch 256/300] Epsilon:0.1472 #Expl.:9881/9881 #Buy:3408 #Sell:3198 #Hold:3275 #Stocks:1718 PV:494,942,767 Loss:-0.049460 ET:39.8452
[002710][Epoch 257/300] Epsilon:0.1438 #Expl.:9881/9881 #Buy:3279 #Sell:3237 #Hold:3365 #Stocks:206 PV:498,507,409 Loss:-0.050466 ET:39.6272
[002710][Epoch 258/300] Epsilon:0.1405 #Expl.:9881/9881 #Buy:3285 #Sell:3149 #Hold:3447 #Stocks:149 PV:498,309,266 Loss:-0.050567 ET:39.8970
[002710][Epoch 259/300] Epsilon:0.1371 #Expl.:9881/9881 #Buy:3328 #Sell:3189 #Hold:3364 #Stocks:2447 PV:492,150,054 Loss:-0.047698 ET:39.9250
[002710][Epoch 260/300] Epsilon:0.1338 #Expl.:9881/9881 #Buy:3318 #Sell:3103 #Hold:3460 #Stocks:119 PV:498,501,209 Loss:-0.050819 ET:39.9086
[002710][Epoch 261/300] Epsilon:0.1304 #Expl.:9881/9881 #Buy:3209 #Sell:2928 #Hold:3744 #Stocks:190 PV:498,901,256 Loss:-0.050712 ET:39.2768
[002710][Epoch 262/300] Epsilon:0.1271 #Expl.:9881/9881 #Buy:3324 #Sell:3281 #Hold:3276 #Stocks:870 PV:496,599,297 Loss:-0.049936 ET:39.1053
[002710][Epoch 263/300] Epsilon:0.1237 #Expl.:9881/9881 #Buy:3252 #Sell:3304 #Hold:3325 #Stocks:1082 PV:495,801,997 Loss:-0.049713 ET:40.0440
[002710][Epoch 264/300] Epsilon:0.1204 #Expl.:9881/9881 #Buy:3287 #Sell:2966 #Hold:3628 #Stocks:15 PV:498,368,660 Loss:-0.050803 ET:39.0398
[002710][Epoch 265/300] Epsilon:0.1171 #Expl.:9881/9881 #Buy:3214 #Sell:3305 #Hold:3362 #Stocks:183 PV:498,871,873 Loss:-0.051161 ET:38.9792
[002710][Epoch 266/300] Epsilon:0.1137 #Expl.:9881/9881 #Buy:3323 #Sell:3297 #Hold:3261 #Stocks:1289 PV:495,318,557 Loss:-0.048792 ET:40.4323
[002710][Epoch 267/300] Epsilon:0.1104 #Expl.:9881/9881 #Buy:3254 #Sell:3113 #Hold:3514 #Stocks:100 PV:498,419,305 Loss:-0.049999 ET:34.2814
[002710][Epoch 268/300] Epsilon:0.1070 #Expl.:9881/9881 #Buy:3336 #Sell:3214 #Hold:3331 #Stocks:1289 PV:496,296,736 Loss:-0.049156 ET:33.9690
[002710][Epoch 269/300] Epsilon:0.1037 #Expl.:9881/9881 #Buy:3340 #Sell:3281 #Hold:3260 #Stocks:778 PV:497,094,174 Loss:-0.050209 ET:32.0799
[002710][Epoch 270/300] Epsilon:0.1003 #Expl.:9881/9881 #Buy:3269 #Sell:3325 #Hold:3287 #Stocks:962 PV:495,219,942 Loss:-0.048772 ET:31.3776
[002710][Epoch 271/300] Epsilon:0.0970 #Expl.:9881/9881 #Buy:3452 #Sell:3226 #Hold:3203 #Stocks:527 PV:497,221,541 Loss:-0.049175 ET:31.2772
[002710][Epoch 272/300] Epsilon:0.0936 #Expl.:9881/9881 #Buy:3329 #Sell:3232 #Hold:3320 #Stocks:39 PV:496,667,975 Loss:-0.049389 ET:31.6149
[002710][Epoch 273/300] Epsilon:0.0903 #Expl.:9881/9881 #Buy:3337 #Sell:3196 #Hold:3348 #Stocks:85 PV:498,248,067 Loss:-0.049605 ET:31.6757
[002710][Epoch 274/300] Epsilon:0.0870 #Expl.:9881/9881 #Buy:3213 #Sell:3345 #Hold:3323 #Stocks:0 PV:498,250,474 Loss:-0.050090 ET:31.6384
[002710][Epoch 275/300] Epsilon:0.0836 #Expl.:9881/9881 #Buy:3351 #Sell:3241 #Hold:3289 #Stocks:200 PV:497,515,053 Loss:-0.048970 ET:31.7615
[002710][Epoch 276/300] Epsilon:0.0803 #Expl.:9881/9881 #Buy:3328 #Sell:3260 #Hold:3293 #Stocks:85 PV:497,522,298 Loss:-0.049274 ET:31.3174
[002710][Epoch 277/300] Epsilon:0.0769 #Expl.:9881/9881 #Buy:3318 #Sell:3142 #Hold:3421 #Stocks:345 PV:498,567,882 Loss:-0.049181 ET:31.5419
[002710][Epoch 278/300] Epsilon:0.0736 #Expl.:9881/9881 #Buy:3334 #Sell:3293 #Hold:3254 #Stocks:373 PV:496,170,625 Loss:-0.048390 ET:31.5012
[002710][Epoch 279/300] Epsilon:0.0702 #Expl.:9881/9881 #Buy:3229 #Sell:3162 #Hold:3490 #Stocks:7 PV:499,036,717 Loss:-0.050011 ET:31.3024
[002710][Epoch 280/300] Epsilon:0.0669 #Expl.:9881/9881 #Buy:3180 #Sell:3342 #Hold:3359 #Stocks:812 PV:497,219,272 Loss:-0.049508 ET:31.7211
[002710][Epoch 281/300] Epsilon:0.0635 #Expl.:9881/9881 #Buy:3378 #Sell:3254 #Hold:3249 #Stocks:8 PV:497,818,798 Loss:-0.048911 ET:31.6555
[002710][Epoch 282/300] Epsilon:0.0602 #Expl.:9881/9881 #Buy:3412 #Sell:3223 #Hold:3246 #Stocks:2493 PV:493,639,834 Loss:-0.047302 ET:31.5575
[002710][Epoch 283/300] Epsilon:0.0569 #Expl.:9881/9881 #Buy:3297 #Sell:3203 #Hold:3381 #Stocks:0 PV:497,577,010 Loss:-0.050323 ET:31.3819
[002710][Epoch 284/300] Epsilon:0.0535 #Expl.:9881/9881 #Buy:3285 #Sell:3205 #Hold:3391 #Stocks:587 PV:496,080,949 Loss:-0.048473 ET:31.5418
[002710][Epoch 285/300] Epsilon:0.0502 #Expl.:9881/9881 #Buy:3253 #Sell:3161 #Hold:3467 #Stocks:28 PV:497,752,677 Loss:-0.048428 ET:31.1583
[002710][Epoch 286/300] Epsilon:0.0468 #Expl.:9881/9881 #Buy:3293 #Sell:3271 #Hold:3317 #Stocks:314 PV:497,948,875 Loss:-0.048814 ET:31.4819
[002710][Epoch 287/300] Epsilon:0.0435 #Expl.:9881/9881 #Buy:3282 #Sell:3207 #Hold:3392 #Stocks:19 PV:498,312,078 Loss:-0.048937 ET:31.3492
[002710][Epoch 288/300] Epsilon:0.0401 #Expl.:9881/9881 #Buy:3316 #Sell:3260 #Hold:3305 #Stocks:347 PV:498,968,181 Loss:-0.049296 ET:31.5948
[002710][Epoch 289/300] Epsilon:0.0368 #Expl.:9881/9881 #Buy:3318 #Sell:3208 #Hold:3355 #Stocks:366 PV:497,795,967 Loss:-0.048330 ET:31.6663
[002710][Epoch 290/300] Epsilon:0.0334 #Expl.:9881/9881 #Buy:3372 #Sell:3220 #Hold:3289 #Stocks:606 PV:496,537,296 Loss:-0.047294 ET:31.2357
[002710][Epoch 291/300] Epsilon:0.0301 #Expl.:9881/9881 #Buy:3287 #Sell:3273 #Hold:3321 #Stocks:1068 PV:496,929,270 Loss:-0.048123 ET:31.3358
[002710][Epoch 292/300] Epsilon:0.0268 #Expl.:9881/9881 #Buy:3371 #Sell:3236 #Hold:3274 #Stocks:36 PV:497,287,350 Loss:-0.048351 ET:31.3792
[002710][Epoch 293/300] Epsilon:0.0234 #Expl.:9881/9881 #Buy:3213 #Sell:3288 #Hold:3380 #Stocks:984 PV:496,361,140 Loss:-0.047596 ET:31.6741
[002710][Epoch 294/300] Epsilon:0.0201 #Expl.:9881/9881 #Buy:3249 #Sell:3307 #Hold:3325 #Stocks:840 PV:496,144,966 Loss:-0.047741 ET:31.0824
[002710][Epoch 295/300] Epsilon:0.0167 #Expl.:9881/9881 #Buy:3299 #Sell:2812 #Hold:3770 #Stocks:0 PV:498,396,491 Loss:-0.049418 ET:32.1359
[002710][Epoch 296/300] Epsilon:0.0134 #Expl.:9881/9881 #Buy:3272 #Sell:3149 #Hold:3460 #Stocks:3 PV:498,241,188 Loss:-0.047737 ET:31.5756
[002710][Epoch 297/300] Epsilon:0.0100 #Expl.:9881/9881 #Buy:3273 #Sell:3331 #Hold:3277 #Stocks:816 PV:498,287,757 Loss:-0.047927 ET:31.3724
[002710][Epoch 298/300] Epsilon:0.0067 #Expl.:9881/9881 #Buy:3297 #Sell:3168 #Hold:3416 #Stocks:183 PV:498,255,834 Loss:-0.048776 ET:31.4247
[002710][Epoch 299/300] Epsilon:0.0033 #Expl.:9881/9881 #Buy:3267 #Sell:3192 #Hold:3422 #Stocks:92 PV:496,961,254 Loss:-0.048845 ET:31.3852
[002710][Epoch 300/300] Epsilon:0.0000 #Expl.:9881/9881 #Buy:3227 #Sell:2867 #Hold:3787 #Stocks:38 PV:498,524,415 Loss:-0.048960 ET:31.2813
[002710] Elapsed Time:12478.7917 Max PV:500,406,740 #Win:1
