{"mode": "train", "ver": "v1", "name": "011000_202404081416_202405241530", "stock_code": ["011000"], "rl_method": "ppo", "net": "cnn", "backend": "pytorch", "start_date": "202404081416", "end_date": "202405241530", "lr": 0.001, "discount_factor": 0.99, "balance": 500000000, "is_start_end": 0, "is_mock": 1}
[011000] RL:ppo NET:cnn LR:0.001 DF:0.99 
[011000][Epoch 001/300] Epsilon:1.0000 #Expl.:9881/9881 #Buy:3269 #Sell:1946 #Hold:4666 #Stocks:0 PV:475,572,094 Loss:-0.912033 ET:49.7920
[011000][Epoch 002/300] Epsilon:0.9967 #Expl.:9855/9881 #Buy:3318 #Sell:1676 #Hold:4887 #Stocks:0 PV:499,983,531 Loss:-0.058308 ET:39.9353
[011000][Epoch 003/300] Epsilon:0.9933 #Expl.:9828/9881 #Buy:3212 #Sell:3203 #Hold:3466 #Stocks:9 PV:499,983,354 Loss:0.057454 ET:39.4481
[011000][Epoch 004/300] Epsilon:0.9900 #Expl.:9780/9881 #Buy:3337 #Sell:3166 #Hold:3378 #Stocks:171 PV:499,967,129 Loss:-0.026352 ET:39.0576
[011000][Epoch 005/300] Epsilon:0.9866 #Expl.:9736/9881 #Buy:3263 #Sell:3252 #Hold:3366 #Stocks:11 PV:499,982,947 Loss:0.046658 ET:38.7688
[011000][Epoch 006/300] Epsilon:0.9833 #Expl.:9722/9881 #Buy:3223 #Sell:3208 #Hold:3450 #Stocks:15 PV:499,986,068 Loss:-0.005837 ET:37.8511
[011000][Epoch 007/300] Epsilon:0.9799 #Expl.:9657/9881 #Buy:3238 #Sell:3185 #Hold:3458 #Stocks:53 PV:499,984,148 Loss:0.009107 ET:40.1038
[011000][Epoch 008/300] Epsilon:0.9766 #Expl.:9658/9881 #Buy:3191 #Sell:3112 #Hold:3578 #Stocks:79 PV:499,978,738 Loss:0.007061 ET:39.1484
[011000][Epoch 009/300] Epsilon:0.9732 #Expl.:9592/9881 #Buy:3177 #Sell:3137 #Hold:3567 #Stocks:40 PV:499,980,860 Loss:0.015732 ET:38.5867
[011000][Epoch 010/300] Epsilon:0.9699 #Expl.:9564/9881 #Buy:3156 #Sell:3136 #Hold:3589 #Stocks:20 PV:499,985,997 Loss:0.017330 ET:39.2769
[011000][Epoch 011/300] Epsilon:0.9666 #Expl.:9547/9881 #Buy:3154 #Sell:3116 #Hold:3611 #Stocks:38 PV:499,979,782 Loss:0.023017 ET:39.0093
[011000][Epoch 012/300] Epsilon:0.9632 #Expl.:9881/9881 #Buy:3317 #Sell:3210 #Hold:3354 #Stocks:107 PV:499,972,285 Loss:0.027367 ET:39.7006
[011000][Epoch 013/300] Epsilon:0.9599 #Expl.:9881/9881 #Buy:3302 #Sell:3186 #Hold:3393 #Stocks:116 PV:499,980,497 Loss:0.029576 ET:39.2640
[011000][Epoch 014/300] Epsilon:0.9565 #Expl.:9881/9881 #Buy:3342 #Sell:3248 #Hold:3291 #Stocks:94 PV:499,978,680 Loss:0.031365 ET:39.2307
[011000][Epoch 015/300] Epsilon:0.9532 #Expl.:9881/9881 #Buy:3323 #Sell:3270 #Hold:3288 #Stocks:53 PV:499,986,014 Loss:0.032553 ET:39.9511
[011000][Epoch 016/300] Epsilon:0.9498 #Expl.:9881/9881 #Buy:3211 #Sell:3150 #Hold:3520 #Stocks:61 PV:499,988,259 Loss:0.033285 ET:39.8297
[011000][Epoch 017/300] Epsilon:0.9465 #Expl.:9881/9881 #Buy:3386 #Sell:3229 #Hold:3266 #Stocks:157 PV:499,977,094 Loss:0.034386 ET:39.3286
[011000][Epoch 018/300] Epsilon:0.9431 #Expl.:9881/9881 #Buy:3267 #Sell:3233 #Hold:3381 #Stocks:34 PV:499,984,977 Loss:0.034613 ET:38.6247
[011000][Epoch 019/300] Epsilon:0.9398 #Expl.:9881/9881 #Buy:3297 #Sell:3169 #Hold:3415 #Stocks:128 PV:499,975,189 Loss:0.034952 ET:43.7263
[011000][Epoch 020/300] Epsilon:0.9365 #Expl.:9881/9881 #Buy:3330 #Sell:3269 #Hold:3282 #Stocks:61 PV:499,989,434 Loss:0.035045 ET:39.3944
[011000][Epoch 021/300] Epsilon:0.9331 #Expl.:9881/9881 #Buy:3268 #Sell:3256 #Hold:3357 #Stocks:12 PV:499,983,004 Loss:0.035703 ET:38.6123
[011000][Epoch 022/300] Epsilon:0.9298 #Expl.:9881/9881 #Buy:3286 #Sell:3236 #Hold:3359 #Stocks:50 PV:499,979,786 Loss:0.035200 ET:40.9413
[011000][Epoch 023/300] Epsilon:0.9264 #Expl.:9881/9881 #Buy:3190 #Sell:3177 #Hold:3514 #Stocks:13 PV:499,984,940 Loss:0.035395 ET:49.5151
[011000][Epoch 024/300] Epsilon:0.9231 #Expl.:9881/9881 #Buy:3279 #Sell:3258 #Hold:3344 #Stocks:21 PV:499,981,705 Loss:0.035472 ET:34.1534
[011000][Epoch 025/300] Epsilon:0.9197 #Expl.:9881/9881 #Buy:3304 #Sell:3194 #Hold:3383 #Stocks:110 PV:499,974,517 Loss:0.035561 ET:33.1593
[011000][Epoch 026/300] Epsilon:0.9164 #Expl.:9881/9881 #Buy:3264 #Sell:3224 #Hold:3393 #Stocks:40 PV:499,983,286 Loss:0.035548 ET:42.4069
[011000][Epoch 027/300] Epsilon:0.9130 #Expl.:9881/9881 #Buy:3298 #Sell:3255 #Hold:3328 #Stocks:43 PV:499,984,044 Loss:0.035549 ET:33.6039
[011000][Epoch 028/300] Epsilon:0.9097 #Expl.:9881/9881 #Buy:3243 #Sell:3207 #Hold:3431 #Stocks:36 PV:499,980,335 Loss:0.035296 ET:32.0889
[011000][Epoch 029/300] Epsilon:0.9064 #Expl.:9881/9881 #Buy:3353 #Sell:3185 #Hold:3343 #Stocks:168 PV:499,972,486 Loss:0.035403 ET:41.7877
[011000][Epoch 030/300] Epsilon:0.9030 #Expl.:9881/9881 #Buy:3273 #Sell:3170 #Hold:3438 #Stocks:103 PV:499,976,169 Loss:0.035372 ET:43.6053
[011000][Epoch 031/300] Epsilon:0.8997 #Expl.:9881/9881 #Buy:3275 #Sell:3228 #Hold:3378 #Stocks:47 PV:499,977,888 Loss:0.035640 ET:52.8657
[011000][Epoch 032/300] Epsilon:0.8963 #Expl.:9881/9881 #Buy:3240 #Sell:3223 #Hold:3418 #Stocks:17 PV:499,986,025 Loss:0.035629 ET:42.1324
[011000][Epoch 033/300] Epsilon:0.8930 #Expl.:9881/9881 #Buy:3189 #Sell:3150 #Hold:3542 #Stocks:39 PV:499,981,266 Loss:0.035571 ET:38.8633
[011000][Epoch 034/300] Epsilon:0.8896 #Expl.:9881/9881 #Buy:3340 #Sell:3169 #Hold:3372 #Stocks:171 PV:499,981,575 Loss:0.035471 ET:40.3298
[011000][Epoch 035/300] Epsilon:0.8863 #Expl.:9881/9881 #Buy:3394 #Sell:3177 #Hold:3310 #Stocks:217 PV:499,962,492 Loss:0.035708 ET:40.4158
[011000][Epoch 036/300] Epsilon:0.8829 #Expl.:9881/9881 #Buy:3295 #Sell:3232 #Hold:3354 #Stocks:63 PV:499,979,236 Loss:0.035655 ET:39.1210
[011000][Epoch 037/300] Epsilon:0.8796 #Expl.:9881/9881 #Buy:3204 #Sell:3204 #Hold:3473 #Stocks:0 PV:499,979,985 Loss:0.035420 ET:39.7217
[011000][Epoch 038/300] Epsilon:0.8763 #Expl.:9881/9881 #Buy:3350 #Sell:3180 #Hold:3351 #Stocks:170 PV:499,960,854 Loss:0.035424 ET:49.9367
[011000][Epoch 039/300] Epsilon:0.8729 #Expl.:9881/9881 #Buy:3327 #Sell:3240 #Hold:3314 #Stocks:87 PV:499,973,509 Loss:0.035372 ET:39.1131
[011000][Epoch 040/300] Epsilon:0.8696 #Expl.:9881/9881 #Buy:3321 #Sell:3221 #Hold:3339 #Stocks:100 PV:499,974,449 Loss:0.035459 ET:37.5368
[011000][Epoch 041/300] Epsilon:0.8662 #Expl.:9881/9881 #Buy:3341 #Sell:3237 #Hold:3303 #Stocks:104 PV:499,974,902 Loss:0.035256 ET:38.8133
[011000][Epoch 042/300] Epsilon:0.8629 #Expl.:9881/9881 #Buy:3278 #Sell:3275 #Hold:3328 #Stocks:3 PV:499,986,763 Loss:0.035295 ET:39.2151
[011000][Epoch 043/300] Epsilon:0.8595 #Expl.:9881/9881 #Buy:3257 #Sell:3250 #Hold:3374 #Stocks:7 PV:499,988,577 Loss:0.035481 ET:35.6040
[011000][Epoch 044/300] Epsilon:0.8562 #Expl.:9881/9881 #Buy:3354 #Sell:3261 #Hold:3266 #Stocks:93 PV:499,982,279 Loss:0.035343 ET:47.6105
[011000][Epoch 045/300] Epsilon:0.8528 #Expl.:9881/9881 #Buy:3361 #Sell:3222 #Hold:3298 #Stocks:139 PV:499,976,891 Loss:0.035325 ET:39.0050
[011000][Epoch 046/300] Epsilon:0.8495 #Expl.:9881/9881 #Buy:3280 #Sell:3247 #Hold:3354 #Stocks:33 PV:499,977,353 Loss:0.035217 ET:39.5350
[011000][Epoch 047/300] Epsilon:0.8462 #Expl.:9881/9881 #Buy:3360 #Sell:3265 #Hold:3256 #Stocks:95 PV:499,971,748 Loss:0.035239 ET:39.9846
[011000][Epoch 048/300] Epsilon:0.8428 #Expl.:9881/9881 #Buy:3288 #Sell:3223 #Hold:3370 #Stocks:65 PV:499,977,182 Loss:0.035237 ET:39.0980
[011000][Epoch 049/300] Epsilon:0.8395 #Expl.:9881/9881 #Buy:3299 #Sell:3241 #Hold:3341 #Stocks:58 PV:499,983,767 Loss:0.035028 ET:39.0968
[011000][Epoch 050/300] Epsilon:0.8361 #Expl.:9881/9881 #Buy:3308 #Sell:3273 #Hold:3300 #Stocks:35 PV:499,975,396 Loss:0.035126 ET:39.0523
[011000][Epoch 051/300] Epsilon:0.8328 #Expl.:9881/9881 #Buy:3287 #Sell:3277 #Hold:3317 #Stocks:10 PV:499,982,784 Loss:0.035091 ET:38.6911
[011000][Epoch 052/300] Epsilon:0.8294 #Expl.:9881/9881 #Buy:3352 #Sell:3250 #Hold:3279 #Stocks:102 PV:499,980,529 Loss:0.035144 ET:42.4236
[011000][Epoch 053/300] Epsilon:0.8261 #Expl.:9881/9881 #Buy:3267 #Sell:3216 #Hold:3398 #Stocks:51 PV:499,984,686 Loss:0.035214 ET:40.1870
[011000][Epoch 054/300] Epsilon:0.8227 #Expl.:9881/9881 #Buy:3339 #Sell:3256 #Hold:3286 #Stocks:83 PV:499,983,141 Loss:0.035102 ET:34.3430
[011000][Epoch 055/300] Epsilon:0.8194 #Expl.:9881/9881 #Buy:3365 #Sell:3259 #Hold:3257 #Stocks:106 PV:499,986,260 Loss:0.035115 ET:33.0983
[011000][Epoch 056/300] Epsilon:0.8161 #Expl.:9881/9881 #Buy:3332 #Sell:3255 #Hold:3294 #Stocks:77 PV:499,970,546 Loss:0.035018 ET:43.7744
[011000][Epoch 057/300] Epsilon:0.8127 #Expl.:9881/9881 #Buy:3358 #Sell:3215 #Hold:3308 #Stocks:143 PV:499,972,259 Loss:0.034998 ET:40.1821
[011000][Epoch 058/300] Epsilon:0.8094 #Expl.:9881/9881 #Buy:3314 #Sell:3292 #Hold:3275 #Stocks:22 PV:499,977,511 Loss:0.034941 ET:34.4681
[011000][Epoch 059/300] Epsilon:0.8060 #Expl.:9881/9881 #Buy:3247 #Sell:3203 #Hold:3431 #Stocks:44 PV:499,980,869 Loss:0.034996 ET:32.5194
[011000][Epoch 060/300] Epsilon:0.8027 #Expl.:9881/9881 #Buy:3325 #Sell:3280 #Hold:3276 #Stocks:45 PV:499,975,700 Loss:0.034900 ET:48.8473
[011000][Epoch 061/300] Epsilon:0.7993 #Expl.:9881/9881 #Buy:3274 #Sell:3178 #Hold:3429 #Stocks:96 PV:499,981,838 Loss:0.034969 ET:47.4343
[011000][Epoch 062/300] Epsilon:0.7960 #Expl.:9881/9881 #Buy:3266 #Sell:3262 #Hold:3353 #Stocks:4 PV:499,987,486 Loss:0.034778 ET:43.5749
[011000][Epoch 063/300] Epsilon:0.7926 #Expl.:9881/9881 #Buy:3247 #Sell:3235 #Hold:3399 #Stocks:12 PV:499,982,208 Loss:0.035084 ET:41.9778
[011000][Epoch 064/300] Epsilon:0.7893 #Expl.:9881/9881 #Buy:3355 #Sell:3275 #Hold:3251 #Stocks:80 PV:499,982,394 Loss:0.034704 ET:39.7923
[011000][Epoch 065/300] Epsilon:0.7860 #Expl.:9881/9881 #Buy:3305 #Sell:3219 #Hold:3357 #Stocks:86 PV:499,982,111 Loss:0.035038 ET:38.4024
[011000][Epoch 066/300] Epsilon:0.7826 #Expl.:9881/9881 #Buy:3377 #Sell:3161 #Hold:3343 #Stocks:216 PV:499,966,142 Loss:0.034657 ET:39.2640
[011000][Epoch 067/300] Epsilon:0.7793 #Expl.:9881/9881 #Buy:3298 #Sell:3280 #Hold:3303 #Stocks:18 PV:499,981,595 Loss:0.035027 ET:40.0625
[011000][Epoch 068/300] Epsilon:0.7759 #Expl.:9881/9881 #Buy:3335 #Sell:3226 #Hold:3320 #Stocks:109 PV:499,973,445 Loss:0.034666 ET:40.5836
[011000][Epoch 069/300] Epsilon:0.7726 #Expl.:9881/9881 #Buy:3277 #Sell:3225 #Hold:3379 #Stocks:52 PV:499,980,852 Loss:0.035010 ET:39.6092
[011000][Epoch 070/300] Epsilon:0.7692 #Expl.:9881/9881 #Buy:3255 #Sell:3142 #Hold:3484 #Stocks:113 PV:499,980,137 Loss:0.034643 ET:39.8130
[011000][Epoch 071/300] Epsilon:0.7659 #Expl.:9881/9881 #Buy:3232 #Sell:3225 #Hold:3424 #Stocks:7 PV:499,983,573 Loss:0.034879 ET:39.3603
[011000][Epoch 072/300] Epsilon:0.7625 #Expl.:9881/9881 #Buy:3371 #Sell:3295 #Hold:3215 #Stocks:76 PV:499,979,111 Loss:0.034543 ET:40.6410
[011000][Epoch 073/300] Epsilon:0.7592 #Expl.:9881/9881 #Buy:3258 #Sell:3208 #Hold:3415 #Stocks:50 PV:499,985,061 Loss:0.035030 ET:34.1428
[011000][Epoch 074/300] Epsilon:0.7559 #Expl.:9881/9881 #Buy:3229 #Sell:3134 #Hold:3518 #Stocks:95 PV:499,983,630 Loss:0.034374 ET:39.3786
[011000][Epoch 075/300] Epsilon:0.7525 #Expl.:9881/9881 #Buy:3285 #Sell:3260 #Hold:3336 #Stocks:25 PV:499,984,960 Loss:0.035018 ET:40.2630
[011000][Epoch 076/300] Epsilon:0.7492 #Expl.:9881/9881 #Buy:3317 #Sell:3232 #Hold:3332 #Stocks:85 PV:499,973,417 Loss:0.034456 ET:45.4275
[011000][Epoch 077/300] Epsilon:0.7458 #Expl.:9881/9881 #Buy:3352 #Sell:3238 #Hold:3291 #Stocks:114 PV:499,972,711 Loss:0.035311 ET:39.6900
[011000][Epoch 078/300] Epsilon:0.7425 #Expl.:9881/9881 #Buy:3286 #Sell:3248 #Hold:3347 #Stocks:38 PV:499,978,084 Loss:0.034342 ET:39.6463
[011000][Epoch 079/300] Epsilon:0.7391 #Expl.:9881/9881 #Buy:3209 #Sell:3192 #Hold:3480 #Stocks:17 PV:499,985,097 Loss:0.035348 ET:39.1139
[011000][Epoch 080/300] Epsilon:0.7358 #Expl.:9881/9881 #Buy:3280 #Sell:3268 #Hold:3333 #Stocks:12 PV:499,992,523 Loss:0.034312 ET:39.1250
[011000][Epoch 081/300] Epsilon:0.7324 #Expl.:9881/9881 #Buy:3294 #Sell:3195 #Hold:3392 #Stocks:99 PV:499,982,728 Loss:0.035406 ET:40.0893
[011000][Epoch 082/300] Epsilon:0.7291 #Expl.:9881/9881 #Buy:3252 #Sell:3250 #Hold:3379 #Stocks:2 PV:499,987,247 Loss:0.034368 ET:39.6589
[011000][Epoch 083/300] Epsilon:0.7258 #Expl.:9881/9881 #Buy:3373 #Sell:3231 #Hold:3277 #Stocks:142 PV:499,972,850 Loss:0.035637 ET:39.2196
[011000][Epoch 084/300] Epsilon:0.7224 #Expl.:9881/9881 #Buy:3290 #Sell:3212 #Hold:3379 #Stocks:78 PV:499,973,202 Loss:0.034587 ET:33.8826
[011000][Epoch 085/300] Epsilon:0.7191 #Expl.:9881/9881 #Buy:3204 #Sell:3162 #Hold:3515 #Stocks:42 PV:499,981,233 Loss:0.035755 ET:33.5171
[011000][Epoch 086/300] Epsilon:0.7157 #Expl.:9881/9881 #Buy:3259 #Sell:3239 #Hold:3383 #Stocks:20 PV:499,991,179 Loss:0.034475 ET:39.3789
[011000][Epoch 087/300] Epsilon:0.7124 #Expl.:9881/9881 #Buy:3312 #Sell:3240 #Hold:3329 #Stocks:72 PV:499,978,776 Loss:0.035896 ET:42.7069
[011000][Epoch 088/300] Epsilon:0.7090 #Expl.:9881/9881 #Buy:3398 #Sell:3224 #Hold:3259 #Stocks:174 PV:499,966,151 Loss:0.034484 ET:39.8764
[011000][Epoch 089/300] Epsilon:0.7057 #Expl.:9881/9881 #Buy:3296 #Sell:3272 #Hold:3313 #Stocks:24 PV:499,981,989 Loss:0.035593 ET:33.2213
[011000][Epoch 090/300] Epsilon:0.7023 #Expl.:9881/9881 #Buy:3229 #Sell:3195 #Hold:3457 #Stocks:34 PV:499,982,037 Loss:0.034450 ET:33.5996
[011000][Epoch 091/300] Epsilon:0.6990 #Expl.:9881/9881 #Buy:3352 #Sell:3231 #Hold:3298 #Stocks:121 PV:499,976,807 Loss:0.035177 ET:39.3238
[011000][Epoch 092/300] Epsilon:0.6957 #Expl.:9881/9881 #Buy:3338 #Sell:3185 #Hold:3358 #Stocks:153 PV:499,973,361 Loss:0.034560 ET:44.4662
[011000][Epoch 093/300] Epsilon:0.6923 #Expl.:9881/9881 #Buy:3224 #Sell:3220 #Hold:3437 #Stocks:4 PV:499,989,748 Loss:0.035071 ET:41.4470
[011000][Epoch 094/300] Epsilon:0.6890 #Expl.:9881/9881 #Buy:3320 #Sell:3238 #Hold:3323 #Stocks:82 PV:499,981,541 Loss:0.034465 ET:40.5123
[011000][Epoch 095/300] Epsilon:0.6856 #Expl.:9881/9881 #Buy:3250 #Sell:3218 #Hold:3413 #Stocks:32 PV:499,986,040 Loss:0.034838 ET:39.7614
[011000][Epoch 096/300] Epsilon:0.6823 #Expl.:9881/9881 #Buy:3250 #Sell:3217 #Hold:3414 #Stocks:33 PV:499,978,641 Loss:0.034617 ET:39.1321
[011000][Epoch 097/300] Epsilon:0.6789 #Expl.:9881/9881 #Buy:3331 #Sell:3264 #Hold:3286 #Stocks:67 PV:499,982,940 Loss:0.034770 ET:39.2266
[011000][Epoch 098/300] Epsilon:0.6756 #Expl.:9881/9881 #Buy:3340 #Sell:3217 #Hold:3324 #Stocks:123 PV:499,974,708 Loss:0.034446 ET:38.9257
[011000][Epoch 099/300] Epsilon:0.6722 #Expl.:9881/9881 #Buy:3261 #Sell:3250 #Hold:3370 #Stocks:11 PV:499,980,344 Loss:0.034836 ET:39.4957
[011000][Epoch 100/300] Epsilon:0.6689 #Expl.:9881/9881 #Buy:3337 #Sell:3266 #Hold:3278 #Stocks:71 PV:499,978,161 Loss:0.034422 ET:39.6192
[011000][Epoch 101/300] Epsilon:0.6656 #Expl.:9881/9881 #Buy:3311 #Sell:3258 #Hold:3312 #Stocks:53 PV:499,984,421 Loss:0.034885 ET:39.6293
[011000][Epoch 102/300] Epsilon:0.6622 #Expl.:9881/9881 #Buy:3305 #Sell:3243 #Hold:3333 #Stocks:62 PV:499,977,131 Loss:0.034389 ET:37.9875
[011000][Epoch 103/300] Epsilon:0.6589 #Expl.:9881/9881 #Buy:3244 #Sell:3241 #Hold:3396 #Stocks:3 PV:499,984,553 Loss:0.034714 ET:39.0523
[011000][Epoch 104/300] Epsilon:0.6555 #Expl.:9881/9881 #Buy:3332 #Sell:3238 #Hold:3311 #Stocks:94 PV:499,970,539 Loss:0.034405 ET:39.8976
[011000][Epoch 105/300] Epsilon:0.6522 #Expl.:9881/9881 #Buy:3291 #Sell:3227 #Hold:3363 #Stocks:64 PV:499,983,596 Loss:0.034705 ET:50.0203
[011000][Epoch 106/300] Epsilon:0.6488 #Expl.:9881/9881 #Buy:3309 #Sell:3159 #Hold:3413 #Stocks:150 PV:499,976,060 Loss:0.034378 ET:39.7302
[011000][Epoch 107/300] Epsilon:0.6455 #Expl.:9881/9881 #Buy:3290 #Sell:3221 #Hold:3370 #Stocks:69 PV:499,975,579 Loss:0.034733 ET:39.0889
[011000][Epoch 108/300] Epsilon:0.6421 #Expl.:9881/9881 #Buy:3239 #Sell:3227 #Hold:3415 #Stocks:12 PV:499,987,088 Loss:0.034626 ET:35.6350
[011000][Epoch 109/300] Epsilon:0.6388 #Expl.:9881/9881 #Buy:3298 #Sell:3241 #Hold:3342 #Stocks:57 PV:499,978,731 Loss:0.034772 ET:40.0375
[011000][Epoch 110/300] Epsilon:0.6355 #Expl.:9881/9881 #Buy:3297 #Sell:3254 #Hold:3330 #Stocks:43 PV:499,980,435 Loss:0.034454 ET:45.6928
[011000][Epoch 111/300] Epsilon:0.6321 #Expl.:9881/9881 #Buy:3251 #Sell:3203 #Hold:3427 #Stocks:48 PV:499,982,433 Loss:0.034745 ET:39.9854
[011000][Epoch 112/300] Epsilon:0.6288 #Expl.:9881/9881 #Buy:3326 #Sell:3230 #Hold:3325 #Stocks:96 PV:499,976,772 Loss:0.034562 ET:40.1223
[011000][Epoch 113/300] Epsilon:0.6254 #Expl.:9881/9881 #Buy:3288 #Sell:3224 #Hold:3369 #Stocks:64 PV:499,978,443 Loss:0.034945 ET:40.0699
[011000][Epoch 114/300] Epsilon:0.6221 #Expl.:9881/9881 #Buy:3264 #Sell:3242 #Hold:3375 #Stocks:22 PV:499,985,702 Loss:0.035299 ET:39.1147
[011000][Epoch 115/300] Epsilon:0.6187 #Expl.:9881/9881 #Buy:3248 #Sell:3248 #Hold:3385 #Stocks:0 PV:499,982,199 Loss:0.035493 ET:33.5102
[011000][Epoch 116/300] Epsilon:0.6154 #Expl.:9881/9881 #Buy:3300 #Sell:3252 #Hold:3329 #Stocks:48 PV:499,983,814 Loss:0.034968 ET:33.4358
[011000][Epoch 117/300] Epsilon:0.6120 #Expl.:9881/9881 #Buy:3332 #Sell:3225 #Hold:3324 #Stocks:107 PV:499,975,495 Loss:0.035069 ET:41.8346
[011000][Epoch 118/300] Epsilon:0.6087 #Expl.:9881/9881 #Buy:3307 #Sell:3170 #Hold:3404 #Stocks:137 PV:499,971,027 Loss:0.034357 ET:39.0223
[011000][Epoch 119/300] Epsilon:0.6054 #Expl.:9881/9881 #Buy:3311 #Sell:3242 #Hold:3328 #Stocks:69 PV:499,982,268 Loss:0.033922 ET:38.4295
[011000][Epoch 120/300] Epsilon:0.6020 #Expl.:9881/9881 #Buy:3227 #Sell:3214 #Hold:3440 #Stocks:13 PV:499,986,451 Loss:0.033604 ET:32.7805
[011000][Epoch 121/300] Epsilon:0.5987 #Expl.:9881/9881 #Buy:3303 #Sell:3269 #Hold:3309 #Stocks:34 PV:499,985,579 Loss:0.035494 ET:47.4309
[011000][Epoch 122/300] Epsilon:0.5953 #Expl.:9881/9881 #Buy:3305 #Sell:3259 #Hold:3317 #Stocks:46 PV:499,980,106 Loss:0.031718 ET:44.3315
[011000][Epoch 123/300] Epsilon:0.5920 #Expl.:9881/9881 #Buy:3337 #Sell:3171 #Hold:3373 #Stocks:166 PV:499,968,532 Loss:0.032925 ET:41.1346
[011000][Epoch 124/300] Epsilon:0.5886 #Expl.:9881/9881 #Buy:3295 #Sell:3269 #Hold:3317 #Stocks:26 PV:499,984,630 Loss:0.031286 ET:40.0368
[011000][Epoch 125/300] Epsilon:0.5853 #Expl.:9881/9881 #Buy:3287 #Sell:3241 #Hold:3353 #Stocks:46 PV:499,979,068 Loss:0.032489 ET:39.9354
[011000][Epoch 126/300] Epsilon:0.5819 #Expl.:9881/9881 #Buy:3300 #Sell:3279 #Hold:3302 #Stocks:21 PV:499,976,940 Loss:0.032035 ET:39.5509
[011000][Epoch 127/300] Epsilon:0.5786 #Expl.:9881/9881 #Buy:3277 #Sell:3209 #Hold:3395 #Stocks:68 PV:499,979,475 Loss:0.034259 ET:39.7239
[011000][Epoch 128/300] Epsilon:0.5753 #Expl.:9881/9881 #Buy:3230 #Sell:3226 #Hold:3425 #Stocks:4 PV:499,989,043 Loss:0.032589 ET:39.3801
[011000][Epoch 129/300] Epsilon:0.5719 #Expl.:9881/9881 #Buy:3276 #Sell:3246 #Hold:3359 #Stocks:30 PV:499,978,673 Loss:0.034323 ET:39.5440
[011000][Epoch 130/300] Epsilon:0.5686 #Expl.:9881/9881 #Buy:3294 #Sell:3184 #Hold:3403 #Stocks:110 PV:499,984,305 Loss:0.032947 ET:39.4598
[011000][Epoch 131/300] Epsilon:0.5652 #Expl.:9881/9881 #Buy:3240 #Sell:3226 #Hold:3415 #Stocks:14 PV:499,986,607 Loss:0.034098 ET:39.2999
[011000][Epoch 132/300] Epsilon:0.5619 #Expl.:9881/9881 #Buy:3253 #Sell:3210 #Hold:3418 #Stocks:43 PV:499,975,790 Loss:0.032685 ET:39.6004
[011000][Epoch 133/300] Epsilon:0.5585 #Expl.:9881/9881 #Buy:3271 #Sell:3219 #Hold:3391 #Stocks:52 PV:499,987,647 Loss:0.033851 ET:39.8800
[011000][Epoch 134/300] Epsilon:0.5552 #Expl.:9881/9881 #Buy:3285 #Sell:3279 #Hold:3317 #Stocks:6 PV:499,991,357 Loss:0.031358 ET:39.1573
[011000][Epoch 135/300] Epsilon:0.5518 #Expl.:9881/9881 #Buy:3307 #Sell:3251 #Hold:3323 #Stocks:56 PV:499,989,182 Loss:0.033204 ET:38.9370
[011000][Epoch 136/300] Epsilon:0.5485 #Expl.:9881/9881 #Buy:3323 #Sell:3207 #Hold:3351 #Stocks:116 PV:499,970,556 Loss:0.027915 ET:43.4217
[011000][Epoch 137/300] Epsilon:0.5452 #Expl.:9881/9881 #Buy:3279 #Sell:3242 #Hold:3360 #Stocks:37 PV:499,977,075 Loss:0.031458 ET:40.6659
[011000][Epoch 138/300] Epsilon:0.5418 #Expl.:9881/9881 #Buy:3293 #Sell:3248 #Hold:3340 #Stocks:31 PV:499,986,670 Loss:0.021352 ET:39.3761
[011000][Epoch 139/300] Epsilon:0.5385 #Expl.:9881/9881 #Buy:3288 #Sell:3246 #Hold:3347 #Stocks:42 PV:499,984,411 Loss:0.027990 ET:40.6951
[011000][Epoch 140/300] Epsilon:0.5351 #Expl.:9881/9881 #Buy:3272 #Sell:1667 #Hold:4942 #Stocks:1 PV:499,985,025 Loss:0.016766 ET:39.2032
[011000][Epoch 141/300] Epsilon:0.5318 #Expl.:9881/9881 #Buy:3275 #Sell:3217 #Hold:3389 #Stocks:58 PV:499,982,697 Loss:0.025631 ET:40.1783
[011000][Epoch 142/300] Epsilon:0.5284 #Expl.:9881/9881 #Buy:3303 #Sell:2065 #Hold:4513 #Stocks:7 PV:499,983,288 Loss:0.020737 ET:44.6391
[011000][Epoch 143/300] Epsilon:0.5251 #Expl.:9881/9881 #Buy:3280 #Sell:3245 #Hold:3356 #Stocks:35 PV:499,984,472 Loss:0.027446 ET:41.8801
[011000][Epoch 144/300] Epsilon:0.5217 #Expl.:9881/9881 #Buy:3369 #Sell:3290 #Hold:3222 #Stocks:79 PV:499,987,725 Loss:0.026905 ET:52.1640
[011000][Epoch 145/300] Epsilon:0.5184 #Expl.:9881/9881 #Buy:3230 #Sell:3199 #Hold:3452 #Stocks:31 PV:499,979,561 Loss:0.027780 ET:34.4867
[011000][Epoch 146/300] Epsilon:0.5151 #Expl.:9881/9881 #Buy:3260 #Sell:3246 #Hold:3375 #Stocks:14 PV:499,983,741 Loss:0.028003 ET:33.4910
[011000][Epoch 147/300] Epsilon:0.5117 #Expl.:9881/9881 #Buy:3395 #Sell:3284 #Hold:3202 #Stocks:111 PV:499,967,855 Loss:0.027997 ET:53.5332
[011000][Epoch 148/300] Epsilon:0.5084 #Expl.:9881/9881 #Buy:3242 #Sell:3186 #Hold:3453 #Stocks:56 PV:499,979,236 Loss:0.028813 ET:40.5262
[011000][Epoch 149/300] Epsilon:0.5050 #Expl.:9881/9881 #Buy:3408 #Sell:3262 #Hold:3211 #Stocks:146 PV:499,974,015 Loss:0.027491 ET:38.8942
[011000][Epoch 150/300] Epsilon:0.5017 #Expl.:9881/9881 #Buy:3261 #Sell:3254 #Hold:3366 #Stocks:7 PV:499,986,495 Loss:0.028205 ET:35.1564
[011000][Epoch 151/300] Epsilon:0.4983 #Expl.:9881/9881 #Buy:3284 #Sell:3218 #Hold:3379 #Stocks:66 PV:499,977,541 Loss:0.026925 ET:49.9696
[011000][Epoch 152/300] Epsilon:0.4950 #Expl.:9881/9881 #Buy:3380 #Sell:3183 #Hold:3318 #Stocks:197 PV:499,972,925 Loss:0.027530 ET:44.0071
[011000][Epoch 153/300] Epsilon:0.4916 #Expl.:9881/9881 #Buy:3267 #Sell:3228 #Hold:3386 #Stocks:39 PV:499,982,783 Loss:0.026233 ET:39.4357
[011000][Epoch 154/300] Epsilon:0.4883 #Expl.:9881/9881 #Buy:3222 #Sell:3203 #Hold:3456 #Stocks:19 PV:499,984,121 Loss:0.026728 ET:40.7125
[011000][Epoch 155/300] Epsilon:0.4849 #Expl.:9881/9881 #Buy:3304 #Sell:3215 #Hold:3362 #Stocks:89 PV:499,976,495 Loss:0.025153 ET:39.6924
[011000][Epoch 156/300] Epsilon:0.4816 #Expl.:9881/9881 #Buy:3297 #Sell:3223 #Hold:3361 #Stocks:74 PV:499,986,137 Loss:0.024691 ET:40.0382
[011000][Epoch 157/300] Epsilon:0.4783 #Expl.:9881/9881 #Buy:3325 #Sell:3189 #Hold:3367 #Stocks:136 PV:499,964,152 Loss:0.023565 ET:45.3814
[011000][Epoch 158/300] Epsilon:0.4749 #Expl.:9881/9881 #Buy:3249 #Sell:3218 #Hold:3414 #Stocks:31 PV:499,988,758 Loss:0.022560 ET:41.4692
[011000][Epoch 159/300] Epsilon:0.4716 #Expl.:9881/9881 #Buy:3295 #Sell:3254 #Hold:3332 #Stocks:41 PV:499,983,137 Loss:0.022223 ET:40.2696
[011000][Epoch 160/300] Epsilon:0.4682 #Expl.:9881/9881 #Buy:3305 #Sell:3218 #Hold:3358 #Stocks:87 PV:499,974,883 Loss:0.020740 ET:39.9821
[011000][Epoch 161/300] Epsilon:0.4649 #Expl.:9881/9881 #Buy:3277 #Sell:3250 #Hold:3354 #Stocks:27 PV:499,980,987 Loss:0.021129 ET:39.7444
[011000][Epoch 162/300] Epsilon:0.4615 #Expl.:9881/9881 #Buy:3263 #Sell:3250 #Hold:3368 #Stocks:13 PV:499,985,549 Loss:0.020167 ET:39.8742
[011000][Epoch 163/300] Epsilon:0.4582 #Expl.:9881/9881 #Buy:3310 #Sell:3283 #Hold:3288 #Stocks:27 PV:499,976,137 Loss:0.021116 ET:52.7041
[011000][Epoch 164/300] Epsilon:0.4548 #Expl.:9881/9881 #Buy:3281 #Sell:3249 #Hold:3351 #Stocks:32 PV:499,986,236 Loss:0.019668 ET:52.6560
[011000][Epoch 165/300] Epsilon:0.4515 #Expl.:9881/9881 #Buy:3265 #Sell:3240 #Hold:3376 #Stocks:25 PV:499,984,740 Loss:0.021391 ET:50.5018
[011000][Epoch 166/300] Epsilon:0.4482 #Expl.:9881/9881 #Buy:3280 #Sell:3231 #Hold:3370 #Stocks:49 PV:499,984,281 Loss:0.020898 ET:37.3758
[011000][Epoch 167/300] Epsilon:0.4448 #Expl.:9881/9881 #Buy:3376 #Sell:3226 #Hold:3279 #Stocks:150 PV:499,971,593 Loss:0.021978 ET:45.7405
[011000][Epoch 168/300] Epsilon:0.4415 #Expl.:9881/9881 #Buy:3289 #Sell:3222 #Hold:3370 #Stocks:67 PV:499,976,307 Loss:0.021391 ET:40.2907
[011000][Epoch 169/300] Epsilon:0.4381 #Expl.:9881/9881 #Buy:3321 #Sell:3227 #Hold:3333 #Stocks:94 PV:499,980,100 Loss:0.022726 ET:41.3329
[011000][Epoch 170/300] Epsilon:0.4348 #Expl.:9881/9881 #Buy:3299 #Sell:3263 #Hold:3319 #Stocks:36 PV:499,983,170 Loss:0.022068 ET:39.7183
[011000][Epoch 171/300] Epsilon:0.4314 #Expl.:9881/9881 #Buy:3291 #Sell:3230 #Hold:3360 #Stocks:61 PV:499,978,295 Loss:0.022507 ET:39.4796
[011000][Epoch 172/300] Epsilon:0.4281 #Expl.:9881/9881 #Buy:3265 #Sell:3214 #Hold:3402 #Stocks:51 PV:499,981,826 Loss:0.022137 ET:41.6414
[011000][Epoch 173/300] Epsilon:0.4247 #Expl.:9881/9881 #Buy:3262 #Sell:3249 #Hold:3370 #Stocks:13 PV:499,986,790 Loss:0.022211 ET:39.8358
[011000][Epoch 174/300] Epsilon:0.4214 #Expl.:9881/9881 #Buy:3218 #Sell:3205 #Hold:3458 #Stocks:13 PV:499,981,306 Loss:0.021865 ET:39.4422
[011000][Epoch 175/300] Epsilon:0.4181 #Expl.:9881/9881 #Buy:3301 #Sell:3220 #Hold:3360 #Stocks:81 PV:499,983,298 Loss:0.021884 ET:34.0221
[011000][Epoch 176/300] Epsilon:0.4147 #Expl.:9881/9881 #Buy:3350 #Sell:3198 #Hold:3333 #Stocks:152 PV:499,974,991 Loss:0.021110 ET:33.6524
[011000][Epoch 177/300] Epsilon:0.4114 #Expl.:9881/9881 #Buy:3289 #Sell:3240 #Hold:3352 #Stocks:49 PV:499,982,075 Loss:0.021094 ET:40.1061
[011000][Epoch 178/300] Epsilon:0.4080 #Expl.:9881/9881 #Buy:3297 #Sell:3196 #Hold:3388 #Stocks:101 PV:499,974,326 Loss:0.020269 ET:39.4712
[011000][Epoch 179/300] Epsilon:0.4047 #Expl.:9881/9881 #Buy:3312 #Sell:3202 #Hold:3367 #Stocks:110 PV:499,976,835 Loss:0.019819 ET:38.9934
[011000][Epoch 180/300] Epsilon:0.4013 #Expl.:9881/9881 #Buy:3365 #Sell:3217 #Hold:3299 #Stocks:148 PV:499,969,866 Loss:0.018683 ET:40.8808
[011000][Epoch 181/300] Epsilon:0.3980 #Expl.:9881/9881 #Buy:3262 #Sell:3225 #Hold:3394 #Stocks:37 PV:499,992,005 Loss:0.017996 ET:44.3589
[011000][Epoch 182/300] Epsilon:0.3946 #Expl.:9881/9881 #Buy:3333 #Sell:3243 #Hold:3305 #Stocks:90 PV:499,980,226 Loss:0.015839 ET:41.0871
[011000][Epoch 183/300] Epsilon:0.3913 #Expl.:9881/9881 #Buy:3338 #Sell:3296 #Hold:3247 #Stocks:42 PV:499,982,422 Loss:0.015987 ET:40.4653
[011000][Epoch 184/300] Epsilon:0.3880 #Expl.:9881/9881 #Buy:3262 #Sell:1657 #Hold:4962 #Stocks:0 PV:499,984,528 Loss:0.009934 ET:41.2075
[011000][Epoch 185/300] Epsilon:0.3846 #Expl.:9881/9881 #Buy:3247 #Sell:3179 #Hold:3455 #Stocks:68 PV:499,976,932 Loss:0.013239 ET:40.6919
[011000][Epoch 186/300] Epsilon:0.3813 #Expl.:9881/9881 #Buy:3328 #Sell:3300 #Hold:3253 #Stocks:28 PV:499,978,101 Loss:0.019663 ET:41.2860
[011000][Epoch 187/300] Epsilon:0.3779 #Expl.:9881/9881 #Buy:3301 #Sell:2808 #Hold:3772 #Stocks:238 PV:499,303,878 Loss:-0.003165 ET:39.9084
[011000][Epoch 188/300] Epsilon:0.3746 #Expl.:9881/9881 #Buy:3299 #Sell:3256 #Hold:3326 #Stocks:43 PV:499,982,722 Loss:0.010248 ET:39.3846
[011000][Epoch 189/300] Epsilon:0.3712 #Expl.:9881/9881 #Buy:3349 #Sell:3213 #Hold:3319 #Stocks:136 PV:499,977,117 Loss:0.017178 ET:39.7070
[011000][Epoch 190/300] Epsilon:0.3679 #Expl.:9881/9881 #Buy:3282 #Sell:3255 #Hold:3344 #Stocks:27 PV:499,978,378 Loss:0.013884 ET:40.4748
[011000][Epoch 191/300] Epsilon:0.3645 #Expl.:9881/9881 #Buy:3280 #Sell:3240 #Hold:3361 #Stocks:40 PV:499,977,073 Loss:0.017575 ET:39.6003
[011000][Epoch 192/300] Epsilon:0.3612 #Expl.:9881/9881 #Buy:3306 #Sell:3215 #Hold:3360 #Stocks:91 PV:499,982,257 Loss:0.012502 ET:38.6951
[011000][Epoch 193/300] Epsilon:0.3579 #Expl.:9881/9881 #Buy:3345 #Sell:3192 #Hold:3344 #Stocks:153 PV:499,971,659 Loss:0.016092 ET:40.7924
[011000][Epoch 194/300] Epsilon:0.3545 #Expl.:9881/9881 #Buy:3275 #Sell:3230 #Hold:3376 #Stocks:45 PV:499,985,751 Loss:0.013124 ET:39.6426
[011000][Epoch 195/300] Epsilon:0.3512 #Expl.:9881/9881 #Buy:3342 #Sell:3272 #Hold:3267 #Stocks:70 PV:499,984,802 Loss:0.016404 ET:39.4629
[011000][Epoch 196/300] Epsilon:0.3478 #Expl.:9881/9881 #Buy:3309 #Sell:3193 #Hold:3379 #Stocks:116 PV:499,977,314 Loss:0.016130 ET:40.1112
[011000][Epoch 197/300] Epsilon:0.3445 #Expl.:9881/9881 #Buy:3375 #Sell:3202 #Hold:3304 #Stocks:173 PV:499,976,514 Loss:0.013815 ET:38.7943
[011000][Epoch 198/300] Epsilon:0.3411 #Expl.:9881/9881 #Buy:3272 #Sell:3206 #Hold:3403 #Stocks:66 PV:499,983,279 Loss:0.016354 ET:39.3292
[011000][Epoch 199/300] Epsilon:0.3378 #Expl.:9881/9881 #Buy:3268 #Sell:3256 #Hold:3357 #Stocks:12 PV:499,983,339 Loss:0.013599 ET:39.0408
[011000][Epoch 200/300] Epsilon:0.3344 #Expl.:9881/9881 #Buy:3261 #Sell:3251 #Hold:3369 #Stocks:10 PV:499,980,631 Loss:0.014204 ET:39.4872
[011000][Epoch 201/300] Epsilon:0.3311 #Expl.:9881/9881 #Buy:3303 #Sell:3077 #Hold:3501 #Stocks:94 PV:499,973,907 Loss:0.011466 ET:43.4970
[011000][Epoch 202/300] Epsilon:0.3278 #Expl.:9881/9881 #Buy:3323 #Sell:3263 #Hold:3295 #Stocks:22563 PV:498,650,453 Loss:0.009218 ET:42.1798
[011000][Epoch 203/300] Epsilon:0.3244 #Expl.:9881/9881 #Buy:3267 #Sell:2914 #Hold:3700 #Stocks:92 PV:499,970,456 Loss:0.011406 ET:47.6527
[011000][Epoch 204/300] Epsilon:0.3211 #Expl.:9881/9881 #Buy:3225 #Sell:3195 #Hold:3461 #Stocks:30 PV:499,981,608 Loss:0.008790 ET:38.6527
[011000][Epoch 205/300] Epsilon:0.3177 #Expl.:9881/9881 #Buy:3321 #Sell:3231 #Hold:3329 #Stocks:90 PV:499,979,223 Loss:0.013023 ET:33.1309
[011000][Epoch 206/300] Epsilon:0.3144 #Expl.:9881/9881 #Buy:3233 #Sell:3315 #Hold:3333 #Stocks:34408 PV:497,754,405 Loss:0.005220 ET:32.8873
[011000][Epoch 207/300] Epsilon:0.3110 #Expl.:9881/9881 #Buy:3220 #Sell:3213 #Hold:3448 #Stocks:7 PV:499,983,740 Loss:0.006706 ET:42.3739
[011000][Epoch 208/300] Epsilon:0.3077 #Expl.:9881/9881 #Buy:3254 #Sell:3256 #Hold:3371 #Stocks:48765 PV:496,761,052 Loss:0.004891 ET:46.7795
[011000][Epoch 209/300] Epsilon:0.3043 #Expl.:9881/9881 #Buy:3337 #Sell:3263 #Hold:3281 #Stocks:74 PV:499,973,501 Loss:0.011087 ET:42.8287
[011000][Epoch 210/300] Epsilon:0.3010 #Expl.:9881/9881 #Buy:3284 #Sell:3340 #Hold:3257 #Stocks:186537 PV:486,042,534 Loss:-0.003069 ET:39.3835
[011000][Epoch 211/300] Epsilon:0.2977 #Expl.:9881/9881 #Buy:3246 #Sell:1651 #Hold:4984 #Stocks:2 PV:499,983,648 Loss:0.003701 ET:49.1748
[011000][Epoch 212/300] Epsilon:0.2943 #Expl.:9881/9881 #Buy:3290 #Sell:3322 #Hold:3269 #Stocks:126510 PV:490,449,565 Loss:0.001054 ET:40.8625
[011000][Epoch 213/300] Epsilon:0.2910 #Expl.:9881/9881 #Buy:3322 #Sell:1644 #Hold:4915 #Stocks:1 PV:499,984,183 Loss:0.001964 ET:43.6818
[011000][Epoch 214/300] Epsilon:0.2876 #Expl.:9881/9881 #Buy:3283 #Sell:3287 #Hold:3311 #Stocks:7189 PV:499,523,016 Loss:0.008375 ET:50.5517
[011000][Epoch 215/300] Epsilon:0.2843 #Expl.:9881/9881 #Buy:3402 #Sell:1667 #Hold:4812 #Stocks:1 PV:499,983,436 Loss:0.001846 ET:46.6663
[011000][Epoch 216/300] Epsilon:0.2809 #Expl.:9881/9881 #Buy:3366 #Sell:3134 #Hold:3381 #Stocks:232 PV:499,964,875 Loss:0.006729 ET:39.4882
[011000][Epoch 217/300] Epsilon:0.2776 #Expl.:9881/9881 #Buy:3141 #Sell:1618 #Hold:5122 #Stocks:2 PV:499,985,287 Loss:0.003832 ET:40.2963
[011000][Epoch 218/300] Epsilon:0.2742 #Expl.:9881/9881 #Buy:3379 #Sell:3269 #Hold:3233 #Stocks:110 PV:499,975,136 Loss:0.007290 ET:36.2942
[011000][Epoch 219/300] Epsilon:0.2709 #Expl.:9881/9881 #Buy:3346 #Sell:1664 #Hold:4871 #Stocks:4 PV:499,985,387 Loss:0.005580 ET:39.4188
[011000][Epoch 220/300] Epsilon:0.2676 #Expl.:9881/9881 #Buy:3279 #Sell:3211 #Hold:3391 #Stocks:68 PV:499,986,653 Loss:0.007849 ET:39.5214
[011000][Epoch 221/300] Epsilon:0.2642 #Expl.:9881/9881 #Buy:3295 #Sell:3292 #Hold:3294 #Stocks:3 PV:499,981,832 Loss:0.007509 ET:40.8549
[011000][Epoch 222/300] Epsilon:0.2609 #Expl.:9881/9881 #Buy:3233 #Sell:3168 #Hold:3480 #Stocks:65 PV:499,975,123 Loss:0.008892 ET:40.3206
[011000][Epoch 223/300] Epsilon:0.2575 #Expl.:9881/9881 #Buy:3288 #Sell:3250 #Hold:3343 #Stocks:38 PV:499,987,077 Loss:0.008532 ET:40.2836
[011000][Epoch 224/300] Epsilon:0.2542 #Expl.:9881/9881 #Buy:3399 #Sell:3233 #Hold:3249 #Stocks:166 PV:499,975,166 Loss:0.009269 ET:39.9237
[011000][Epoch 225/300] Epsilon:0.2508 #Expl.:9881/9881 #Buy:3371 #Sell:3213 #Hold:3297 #Stocks:158 PV:499,963,084 Loss:0.009042 ET:39.9435
[011000][Epoch 226/300] Epsilon:0.2475 #Expl.:9881/9881 #Buy:3282 #Sell:3240 #Hold:3359 #Stocks:42 PV:499,978,872 Loss:0.009593 ET:39.8005
[011000][Epoch 227/300] Epsilon:0.2441 #Expl.:9881/9881 #Buy:3247 #Sell:3228 #Hold:3406 #Stocks:19 PV:499,982,837 Loss:0.009077 ET:38.9485
[011000][Epoch 228/300] Epsilon:0.2408 #Expl.:9881/9881 #Buy:3313 #Sell:3307 #Hold:3261 #Stocks:6 PV:499,976,762 Loss:0.009701 ET:38.5791
[011000][Epoch 229/300] Epsilon:0.2375 #Expl.:9881/9881 #Buy:3337 #Sell:3209 #Hold:3335 #Stocks:128 PV:499,971,904 Loss:0.009103 ET:39.6203
[011000][Epoch 230/300] Epsilon:0.2341 #Expl.:9881/9881 #Buy:3250 #Sell:3218 #Hold:3413 #Stocks:32 PV:499,979,256 Loss:0.009585 ET:45.4232
[011000][Epoch 231/300] Epsilon:0.2308 #Expl.:9881/9881 #Buy:3237 #Sell:3225 #Hold:3419 #Stocks:12 PV:499,989,391 Loss:0.008768 ET:47.4936
[011000][Epoch 232/300] Epsilon:0.2274 #Expl.:9881/9881 #Buy:3276 #Sell:3239 #Hold:3366 #Stocks:37 PV:499,986,620 Loss:0.009287 ET:48.9128
[011000][Epoch 233/300] Epsilon:0.2241 #Expl.:9881/9881 #Buy:3348 #Sell:3240 #Hold:3293 #Stocks:108 PV:499,979,732 Loss:0.008013 ET:43.7134
[011000][Epoch 234/300] Epsilon:0.2207 #Expl.:9881/9881 #Buy:3298 #Sell:3251 #Hold:3332 #Stocks:47 PV:499,978,084 Loss:0.008551 ET:40.9741
[011000][Epoch 235/300] Epsilon:0.2174 #Expl.:9881/9881 #Buy:3314 #Sell:2042 #Hold:4525 #Stocks:1 PV:499,983,499 Loss:0.006657 ET:46.5272
[011000][Epoch 236/300] Epsilon:0.2140 #Expl.:9881/9881 #Buy:3264 #Sell:3204 #Hold:3413 #Stocks:60 PV:499,986,843 Loss:0.006726 ET:34.3010
[011000][Epoch 237/300] Epsilon:0.2107 #Expl.:9881/9881 #Buy:3296 #Sell:1618 #Hold:4967 #Stocks:0 PV:499,984,610 Loss:0.003911 ET:33.9942
[011000][Epoch 238/300] Epsilon:0.2074 #Expl.:9881/9881 #Buy:3227 #Sell:3172 #Hold:3482 #Stocks:55 PV:499,978,438 Loss:0.003700 ET:42.1042
[011000][Epoch 239/300] Epsilon:0.2040 #Expl.:9881/9881 #Buy:3323 #Sell:1695 #Hold:4863 #Stocks:0 PV:499,983,336 Loss:-0.000234 ET:41.4652
[011000][Epoch 240/300] Epsilon:0.2007 #Expl.:9881/9881 #Buy:3286 #Sell:3252 #Hold:3343 #Stocks:34 PV:499,982,438 Loss:0.000084 ET:39.6323
[011000][Epoch 241/300] Epsilon:0.1973 #Expl.:9881/9881 #Buy:3283 #Sell:1623 #Hold:4975 #Stocks:1 PV:499,984,951 Loss:-0.002847 ET:43.0018
[011000][Epoch 242/300] Epsilon:0.1940 #Expl.:9881/9881 #Buy:3376 #Sell:3231 #Hold:3274 #Stocks:145 PV:499,964,832 Loss:-0.002171 ET:39.9760
[011000][Epoch 243/300] Epsilon:0.1906 #Expl.:9881/9881 #Buy:3429 #Sell:1635 #Hold:4817 #Stocks:3 PV:499,984,198 Loss:-0.001435 ET:40.1112
[011000][Epoch 244/300] Epsilon:0.1873 #Expl.:9881/9881 #Buy:3336 #Sell:3297 #Hold:3248 #Stocks:1245 PV:499,826,725 Loss:0.000507 ET:39.0349
[011000][Epoch 245/300] Epsilon:0.1839 #Expl.:9881/9881 #Buy:3286 #Sell:1675 #Hold:4920 #Stocks:4 PV:499,985,225 Loss:0.000755 ET:40.0282
[011000][Epoch 246/300] Epsilon:0.1806 #Expl.:9881/9881 #Buy:3276 #Sell:3320 #Hold:3285 #Stocks:35118 PV:497,069,184 Loss:0.001542 ET:41.7117
[011000][Epoch 247/300] Epsilon:0.1773 #Expl.:9881/9881 #Buy:3282 #Sell:1636 #Hold:4963 #Stocks:0 PV:499,983,941 Loss:0.001908 ET:40.3785
[011000][Epoch 248/300] Epsilon:0.1739 #Expl.:9881/9881 #Buy:3285 #Sell:3216 #Hold:3380 #Stocks:83075 PV:493,517,090 Loss:-0.002099 ET:46.4620
[011000][Epoch 249/300] Epsilon:0.1706 #Expl.:9881/9881 #Buy:3318 #Sell:1643 #Hold:4920 #Stocks:2 PV:499,983,190 Loss:0.001932 ET:39.2448
[011000][Epoch 250/300] Epsilon:0.1672 #Expl.:9881/9881 #Buy:3286 #Sell:3284 #Hold:3311 #Stocks:82454 PV:493,749,652 Loss:-0.001819 ET:40.2345
[011000][Epoch 251/300] Epsilon:0.1639 #Expl.:9881/9881 #Buy:3244 #Sell:1639 #Hold:4998 #Stocks:0 PV:499,985,075 Loss:0.000839 ET:40.0991
[011000][Epoch 252/300] Epsilon:0.1605 #Expl.:9881/9881 #Buy:3320 #Sell:3322 #Hold:3239 #Stocks:88414 PV:493,162,959 Loss:-0.003140 ET:34.5802
[011000][Epoch 253/300] Epsilon:0.1572 #Expl.:9881/9881 #Buy:3292 #Sell:1646 #Hold:4943 #Stocks:3 PV:499,985,344 Loss:-0.000120 ET:39.8423
[011000][Epoch 254/300] Epsilon:0.1538 #Expl.:9881/9881 #Buy:3318 #Sell:3306 #Hold:3257 #Stocks:91125 PV:492,849,183 Loss:-0.002924 ET:39.2830
[011000][Epoch 255/300] Epsilon:0.1505 #Expl.:9881/9881 #Buy:3261 #Sell:1639 #Hold:4981 #Stocks:0 PV:499,984,274 Loss:-0.003283 ET:39.1552
[011000][Epoch 256/300] Epsilon:0.1472 #Expl.:9881/9881 #Buy:3252 #Sell:3276 #Hold:3353 #Stocks:19287 PV:498,556,746 Loss:-0.002663 ET:39.5443
[011000][Epoch 257/300] Epsilon:0.1438 #Expl.:9881/9881 #Buy:3329 #Sell:1639 #Hold:4913 #Stocks:1 PV:499,983,799 Loss:-0.005595 ET:40.3896
[011000][Epoch 258/300] Epsilon:0.1405 #Expl.:9881/9881 #Buy:3307 #Sell:3252 #Hold:3322 #Stocks:55 PV:499,974,955 Loss:-0.009165 ET:39.9408
[011000][Epoch 259/300] Epsilon:0.1371 #Expl.:9881/9881 #Buy:3351 #Sell:3196 #Hold:3334 #Stocks:30514 PV:497,688,101 Loss:0.002572 ET:39.4100
[011000][Epoch 260/300] Epsilon:0.1338 #Expl.:9881/9881 #Buy:3301 #Sell:1681 #Hold:4899 #Stocks:0 PV:499,952,696 Loss:-0.014863 ET:39.5360
[011000][Epoch 261/300] Epsilon:0.1304 #Expl.:9881/9881 #Buy:3286 #Sell:3276 #Hold:3319 #Stocks:208092 PV:484,589,238 Loss:-0.020858 ET:39.1898
[011000][Epoch 262/300] Epsilon:0.1271 #Expl.:9881/9881 #Buy:3355 #Sell:1998 #Hold:4528 #Stocks:0 PV:499,985,809 Loss:-0.007824 ET:39.3801
[011000][Epoch 263/300] Epsilon:0.1237 #Expl.:9881/9881 #Buy:2616 #Sell:3328 #Hold:3937 #Stocks:211873 PV:484,131,423 Loss:-0.024956 ET:39.9586
[011000][Epoch 264/300] Epsilon:0.1204 #Expl.:9881/9881 #Buy:3321 #Sell:3250 #Hold:3310 #Stocks:71 PV:499,980,327 Loss:-0.006312 ET:39.8687
[011000][Epoch 265/300] Epsilon:0.1171 #Expl.:9881/9881 #Buy:3339 #Sell:2201 #Hold:4341 #Stocks:158 PV:499,651,130 Loss:-0.007144 ET:38.9262
[011000][Epoch 266/300] Epsilon:0.1137 #Expl.:9881/9881 #Buy:3211 #Sell:3427 #Hold:3243 #Stocks:40342 PV:496,613,217 Loss:-0.003867 ET:40.5658
[011000][Epoch 267/300] Epsilon:0.1104 #Expl.:9881/9881 #Buy:3311 #Sell:1649 #Hold:4921 #Stocks:0 PV:499,983,992 Loss:-0.008608 ET:34.1415
[011000][Epoch 268/300] Epsilon:0.1070 #Expl.:9881/9881 #Buy:3260 #Sell:3271 #Hold:3350 #Stocks:89353 PV:492,912,695 Loss:-0.007680 ET:34.3699
[011000][Epoch 269/300] Epsilon:0.1037 #Expl.:9881/9881 #Buy:3319 #Sell:2764 #Hold:3798 #Stocks:25 PV:499,989,518 Loss:-0.002891 ET:32.1002
[011000][Epoch 270/300] Epsilon:0.1003 #Expl.:9881/9881 #Buy:3295 #Sell:3317 #Hold:3269 #Stocks:85577 PV:492,891,633 Loss:-0.014436 ET:31.3413
[011000][Epoch 271/300] Epsilon:0.0970 #Expl.:9881/9881 #Buy:3392 #Sell:3178 #Hold:3311 #Stocks:214 PV:499,975,006 Loss:-0.013669 ET:30.7052
[011000][Epoch 272/300] Epsilon:0.0936 #Expl.:9102/9881 #Buy:3036 #Sell:2354 #Hold:4491 #Stocks:134 PV:499,253,733 Loss:-0.023046 ET:31.5932
[011000][Epoch 273/300] Epsilon:0.0903 #Expl.:9222/9881 #Buy:2996 #Sell:2975 #Hold:3910 #Stocks:21 PV:499,987,385 Loss:-0.017715 ET:31.7916
[011000][Epoch 274/300] Epsilon:0.0870 #Expl.:9881/9881 #Buy:3210 #Sell:3412 #Hold:3259 #Stocks:160230 PV:487,050,233 Loss:-0.018510 ET:31.7213
[011000][Epoch 275/300] Epsilon:0.0836 #Expl.:9881/9881 #Buy:3249 #Sell:1640 #Hold:4992 #Stocks:0 PV:499,984,554 Loss:-0.023393 ET:31.7239
[011000][Epoch 276/300] Epsilon:0.0803 #Expl.:771/9881 #Buy:270 #Sell:246 #Hold:9365 #Stocks:1926 PV:499,846,423 Loss:-0.097230 ET:31.1873
[011000][Epoch 277/300] Epsilon:0.0769 #Expl.:771/9881 #Buy:491 #Sell:251 #Hold:9139 #Stocks:208448 PV:476,304,069 Loss:-0.421161 ET:31.6872
[011000][Epoch 278/300] Epsilon:0.0736 #Expl.:734/9881 #Buy:238 #Sell:232 #Hold:9411 #Stocks:0 PV:499,587,101 Loss:-0.564285 ET:31.6651
[011000][Epoch 279/300] Epsilon:0.0702 #Expl.:683/9881 #Buy:251 #Sell:242 #Hold:9388 #Stocks:0 PV:499,998,716 Loss:-1.067980 ET:31.3147
[011000][Epoch 280/300] Epsilon:0.0669 #Expl.:2852/9881 #Buy:966 #Sell:644 #Hold:8271 #Stocks:0 PV:499,358,035 Loss:-0.115500 ET:31.3612
[011000][Epoch 281/300] Epsilon:0.0635 #Expl.:9881/9881 #Buy:3334 #Sell:2900 #Hold:3647 #Stocks:855 PV:498,281,689 Loss:-0.068193 ET:31.7351
[011000][Epoch 282/300] Epsilon:0.0602 #Expl.:9881/9881 #Buy:3349 #Sell:2668 #Hold:3864 #Stocks:319 PV:498,176,115 Loss:-0.072824 ET:31.6902
[011000][Epoch 283/300] Epsilon:0.0569 #Expl.:9881/9881 #Buy:3292 #Sell:2812 #Hold:3777 #Stocks:600 PV:498,169,634 Loss:-0.069461 ET:31.3523
[011000][Epoch 284/300] Epsilon:0.0535 #Expl.:9881/9881 #Buy:3226 #Sell:2820 #Hold:3835 #Stocks:0 PV:498,117,732 Loss:-0.067721 ET:31.5465
[011000][Epoch 285/300] Epsilon:0.0502 #Expl.:9881/9881 #Buy:3275 #Sell:2947 #Hold:3659 #Stocks:996 PV:497,805,930 Loss:-0.066556 ET:31.4066
[011000][Epoch 286/300] Epsilon:0.0468 #Expl.:9881/9881 #Buy:3315 #Sell:3022 #Hold:3544 #Stocks:1352 PV:498,235,711 Loss:-0.065813 ET:31.1961
[011000][Epoch 287/300] Epsilon:0.0435 #Expl.:9881/9881 #Buy:3309 #Sell:3054 #Hold:3518 #Stocks:3146 PV:498,017,034 Loss:-0.064857 ET:31.4478
[011000][Epoch 288/300] Epsilon:0.0401 #Expl.:9881/9881 #Buy:3299 #Sell:3091 #Hold:3491 #Stocks:2238 PV:498,222,277 Loss:-0.063974 ET:31.3830
[011000][Epoch 289/300] Epsilon:0.0368 #Expl.:9881/9881 #Buy:3254 #Sell:3094 #Hold:3533 #Stocks:1197 PV:497,935,799 Loss:-0.063176 ET:31.5980
[011000][Epoch 290/300] Epsilon:0.0334 #Expl.:9881/9881 #Buy:3309 #Sell:3153 #Hold:3419 #Stocks:511 PV:498,876,084 Loss:-0.063029 ET:31.5240
[011000][Epoch 291/300] Epsilon:0.0301 #Expl.:9881/9881 #Buy:3214 #Sell:3095 #Hold:3572 #Stocks:1660 PV:498,049,743 Loss:-0.062249 ET:31.2955
[011000][Epoch 292/300] Epsilon:0.0268 #Expl.:9881/9881 #Buy:3257 #Sell:3165 #Hold:3459 #Stocks:1990 PV:498,066,365 Loss:-0.061361 ET:31.6452
[011000][Epoch 293/300] Epsilon:0.0234 #Expl.:9881/9881 #Buy:3330 #Sell:3195 #Hold:3356 #Stocks:10702 PV:497,681,959 Loss:-0.061955 ET:31.3911
[011000][Epoch 294/300] Epsilon:0.0201 #Expl.:9881/9881 #Buy:3313 #Sell:3239 #Hold:3329 #Stocks:2050 PV:498,040,055 Loss:-0.060838 ET:31.2212
[011000][Epoch 295/300] Epsilon:0.0167 #Expl.:9881/9881 #Buy:3272 #Sell:3173 #Hold:3436 #Stocks:3650 PV:497,666,303 Loss:-0.060092 ET:32.3291
[011000][Epoch 296/300] Epsilon:0.0134 #Expl.:9881/9881 #Buy:3164 #Sell:3133 #Hold:3584 #Stocks:239 PV:498,662,750 Loss:-0.059963 ET:31.5830
[011000][Epoch 297/300] Epsilon:0.0100 #Expl.:9881/9881 #Buy:3250 #Sell:3220 #Hold:3411 #Stocks:681 PV:497,849,667 Loss:-0.059017 ET:31.0780
[011000][Epoch 298/300] Epsilon:0.0067 #Expl.:9881/9881 #Buy:3218 #Sell:3220 #Hold:3443 #Stocks:513 PV:497,660,411 Loss:-0.058282 ET:31.3896
[011000][Epoch 299/300] Epsilon:0.0033 #Expl.:9881/9881 #Buy:3287 #Sell:3262 #Hold:3332 #Stocks:6316 PV:497,528,069 Loss:-0.058401 ET:31.1048
[011000][Epoch 300/300] Epsilon:0.0000 #Expl.:9881/9881 #Buy:3254 #Sell:3282 #Hold:3345 #Stocks:5541 PV:497,622,076 Loss:-0.057262 ET:31.5507
[011000] Elapsed Time:12347.0039 Max PV:499,998,716 #Win:0
