{"mode": "train", "ver": "v1", "name": "002690_202402051114_202405241530", "stock_code": ["002690"], "rl_method": "ppo", "net": "cnn", "backend": "pytorch", "start_date": "202402051114", "end_date": "202405241530", "lr": 0.001, "discount_factor": 0.99, "balance": 500000000, "is_start_end": 0, "is_mock": 1}
[002690] RL:ppo NET:cnn LR:0.001 DF:0.99 
[002690][Epoch 001/300] Epsilon:1.0000 #Expl.:9881/9881 #Buy:3370 #Sell:1669 #Hold:4842 #Stocks:0 PV:499,987,150 Loss:0.206190 ET:25.2034
[002690][Epoch 002/300] Epsilon:0.9967 #Expl.:9845/9881 #Buy:3218 #Sell:1641 #Hold:5022 #Stocks:1 PV:499,987,921 Loss:0.094988 ET:24.3328
[002690][Epoch 003/300] Epsilon:0.9933 #Expl.:9810/9881 #Buy:3196 #Sell:1629 #Hold:5056 #Stocks:0 PV:499,885,480 Loss:-0.097047 ET:24.0124
[002690][Epoch 004/300] Epsilon:0.9900 #Expl.:9794/9881 #Buy:3222 #Sell:3197 #Hold:3462 #Stocks:267711 PV:483,756,339 Loss:0.108532 ET:23.8707
[002690][Epoch 005/300] Epsilon:0.9866 #Expl.:9813/9881 #Buy:3324 #Sell:3249 #Hold:3308 #Stocks:75 PV:499,980,065 Loss:0.054294 ET:23.7068
[002690][Epoch 006/300] Epsilon:0.9833 #Expl.:9709/9881 #Buy:3201 #Sell:1612 #Hold:5068 #Stocks:0 PV:499,988,327 Loss:0.029190 ET:24.2756
[002690][Epoch 007/300] Epsilon:0.9799 #Expl.:9665/9881 #Buy:3248 #Sell:2336 #Hold:4297 #Stocks:0 PV:499,986,150 Loss:0.039392 ET:23.4641
[002690][Epoch 008/300] Epsilon:0.9766 #Expl.:9641/9881 #Buy:3246 #Sell:3221 #Hold:3414 #Stocks:25 PV:499,986,151 Loss:0.048964 ET:23.6636
[002690][Epoch 009/300] Epsilon:0.9732 #Expl.:9881/9881 #Buy:3381 #Sell:3214 #Hold:3286 #Stocks:167 PV:499,981,479 Loss:0.054762 ET:23.7349
[002690][Epoch 010/300] Epsilon:0.9699 #Expl.:9881/9881 #Buy:3353 #Sell:3261 #Hold:3267 #Stocks:92 PV:499,982,032 Loss:0.061255 ET:23.5401
[002690][Epoch 011/300] Epsilon:0.9666 #Expl.:9881/9881 #Buy:3297 #Sell:3271 #Hold:3313 #Stocks:26 PV:499,982,564 Loss:0.064211 ET:23.7507
[002690][Epoch 012/300] Epsilon:0.9632 #Expl.:9881/9881 #Buy:3313 #Sell:3196 #Hold:3372 #Stocks:117 PV:499,983,124 Loss:0.067840 ET:25.2472
[002690][Epoch 013/300] Epsilon:0.9599 #Expl.:9881/9881 #Buy:3214 #Sell:3187 #Hold:3480 #Stocks:27 PV:499,988,215 Loss:0.068977 ET:26.5598
[002690][Epoch 014/300] Epsilon:0.9565 #Expl.:9881/9881 #Buy:3289 #Sell:3219 #Hold:3373 #Stocks:70 PV:499,981,142 Loss:0.068603 ET:24.7421
[002690][Epoch 015/300] Epsilon:0.9532 #Expl.:9881/9881 #Buy:3299 #Sell:3264 #Hold:3318 #Stocks:35 PV:499,979,999 Loss:0.069291 ET:24.6838
[002690][Epoch 016/300] Epsilon:0.9498 #Expl.:9881/9881 #Buy:3213 #Sell:3189 #Hold:3479 #Stocks:24 PV:499,987,699 Loss:0.069164 ET:25.1680
[002690][Epoch 017/300] Epsilon:0.9465 #Expl.:9881/9881 #Buy:3297 #Sell:3226 #Hold:3358 #Stocks:71 PV:499,979,037 Loss:0.069566 ET:26.3369
[002690][Epoch 018/300] Epsilon:0.9431 #Expl.:9881/9881 #Buy:3365 #Sell:3294 #Hold:3222 #Stocks:71 PV:499,977,697 Loss:0.070012 ET:24.5881
[002690][Epoch 019/300] Epsilon:0.9398 #Expl.:9881/9881 #Buy:3318 #Sell:3211 #Hold:3352 #Stocks:107 PV:499,982,730 Loss:0.068603 ET:25.7082
[002690][Epoch 020/300] Epsilon:0.9365 #Expl.:9881/9881 #Buy:3271 #Sell:3236 #Hold:3374 #Stocks:35 PV:499,979,628 Loss:0.069403 ET:23.4862
[002690][Epoch 021/300] Epsilon:0.9331 #Expl.:9881/9881 #Buy:3302 #Sell:3201 #Hold:3378 #Stocks:101 PV:499,979,803 Loss:0.070854 ET:23.8374
[002690][Epoch 022/300] Epsilon:0.9298 #Expl.:9881/9881 #Buy:3316 #Sell:3237 #Hold:3328 #Stocks:79 PV:499,983,499 Loss:0.069027 ET:24.3703
[002690][Epoch 023/300] Epsilon:0.9264 #Expl.:9881/9881 #Buy:3252 #Sell:3196 #Hold:3433 #Stocks:56 PV:499,986,716 Loss:0.067280 ET:23.9197
[002690][Epoch 024/300] Epsilon:0.9231 #Expl.:9881/9881 #Buy:3425 #Sell:3241 #Hold:3215 #Stocks:184 PV:499,975,161 Loss:0.066422 ET:25.3023
[002690][Epoch 025/300] Epsilon:0.9197 #Expl.:9881/9881 #Buy:3305 #Sell:3232 #Hold:3344 #Stocks:73 PV:499,980,658 Loss:0.066664 ET:24.5950
[002690][Epoch 026/300] Epsilon:0.9164 #Expl.:9881/9881 #Buy:3353 #Sell:3277 #Hold:3251 #Stocks:76 PV:499,984,740 Loss:0.065401 ET:23.7438
[002690][Epoch 027/300] Epsilon:0.9130 #Expl.:9881/9881 #Buy:3225 #Sell:3202 #Hold:3454 #Stocks:23 PV:499,987,054 Loss:0.064365 ET:24.3111
[002690][Epoch 028/300] Epsilon:0.9097 #Expl.:9881/9881 #Buy:3331 #Sell:3192 #Hold:3358 #Stocks:139 PV:499,980,555 Loss:0.061513 ET:26.1983
[002690][Epoch 029/300] Epsilon:0.9064 #Expl.:9881/9881 #Buy:3249 #Sell:3197 #Hold:3435 #Stocks:52 PV:499,984,490 Loss:0.062047 ET:27.5162
[002690][Epoch 030/300] Epsilon:0.9030 #Expl.:9872/9881 #Buy:3324 #Sell:3145 #Hold:3412 #Stocks:119 PV:499,984,992 Loss:0.058359 ET:26.0226
[002690][Epoch 031/300] Epsilon:0.8997 #Expl.:9782/9881 #Buy:3248 #Sell:3236 #Hold:3397 #Stocks:12 PV:499,984,146 Loss:0.066589 ET:23.8148
[002690][Epoch 032/300] Epsilon:0.8963 #Expl.:9446/9881 #Buy:3086 #Sell:2614 #Hold:4181 #Stocks:67 PV:499,988,190 Loss:0.052394 ET:23.4965
[002690][Epoch 033/300] Epsilon:0.8930 #Expl.:9194/9881 #Buy:3029 #Sell:2773 #Hold:4079 #Stocks:0 PV:499,986,762 Loss:0.060190 ET:23.4242
[002690][Epoch 034/300] Epsilon:0.8896 #Expl.:9278/9881 #Buy:3039 #Sell:2986 #Hold:3856 #Stocks:17 PV:499,986,299 Loss:0.048792 ET:25.7801
[002690][Epoch 035/300] Epsilon:0.8863 #Expl.:9547/9881 #Buy:3244 #Sell:3065 #Hold:3572 #Stocks:1 PV:499,979,228 Loss:0.055499 ET:32.6744
[002690][Epoch 036/300] Epsilon:0.8829 #Expl.:9329/9881 #Buy:3123 #Sell:3094 #Hold:3664 #Stocks:29 PV:499,978,735 Loss:0.056098 ET:33.4180
[002690][Epoch 037/300] Epsilon:0.8796 #Expl.:8692/9881 #Buy:2852 #Sell:1729 #Hold:5300 #Stocks:144 PV:499,961,999 Loss:-0.015727 ET:32.4984
[002690][Epoch 038/300] Epsilon:0.8763 #Expl.:9565/9881 #Buy:3132 #Sell:3049 #Hold:3700 #Stocks:13 PV:499,986,581 Loss:0.048326 ET:33.9350
[002690][Epoch 039/300] Epsilon:0.8729 #Expl.:9299/9881 #Buy:3078 #Sell:2542 #Hold:4261 #Stocks:0 PV:499,986,592 Loss:0.037546 ET:49.3094
[002690][Epoch 040/300] Epsilon:0.8696 #Expl.:8581/9881 #Buy:2854 #Sell:2773 #Hold:4254 #Stocks:81 PV:499,988,030 Loss:0.009369 ET:41.4724
[002690][Epoch 041/300] Epsilon:0.8662 #Expl.:9327/9881 #Buy:3055 #Sell:2547 #Hold:4279 #Stocks:13 PV:499,987,961 Loss:0.025197 ET:39.5188
[002690][Epoch 042/300] Epsilon:0.8629 #Expl.:9189/9881 #Buy:3721 #Sell:3079 #Hold:3081 #Stocks:4166 PV:499,581,122 Loss:0.047009 ET:39.8287
[002690][Epoch 043/300] Epsilon:0.8595 #Expl.:9295/9881 #Buy:3428 #Sell:2706 #Hold:3747 #Stocks:17567 PV:499,744,744 Loss:0.034512 ET:40.2524
[002690][Epoch 044/300] Epsilon:0.8562 #Expl.:8889/9881 #Buy:3536 #Sell:2915 #Hold:3430 #Stocks:0 PV:497,225,632 Loss:0.039724 ET:48.1956
[002690][Epoch 045/300] Epsilon:0.8528 #Expl.:8919/9881 #Buy:3642 #Sell:2670 #Hold:3569 #Stocks:78677 PV:498,790,433 Loss:0.033471 ET:41.6238
[002690][Epoch 046/300] Epsilon:0.8495 #Expl.:8697/9881 #Buy:3398 #Sell:2872 #Hold:3611 #Stocks:3 PV:496,135,252 Loss:0.031065 ET:41.2662
[002690][Epoch 047/300] Epsilon:0.8462 #Expl.:9071/9881 #Buy:3866 #Sell:2982 #Hold:3033 #Stocks:159105 PV:497,472,345 Loss:0.034690 ET:40.9788
[002690][Epoch 048/300] Epsilon:0.8428 #Expl.:8989/9881 #Buy:3038 #Sell:2100 #Hold:4743 #Stocks:0 PV:499,986,437 Loss:0.004683 ET:41.5800
[002690][Epoch 049/300] Epsilon:0.8395 #Expl.:8974/9881 #Buy:3890 #Sell:2960 #Hold:3031 #Stocks:222636 PV:496,728,683 Loss:0.023384 ET:41.3877
[002690][Epoch 050/300] Epsilon:0.8361 #Expl.:8837/9881 #Buy:2945 #Sell:1654 #Hold:5282 #Stocks:0 PV:499,988,718 Loss:0.002982 ET:42.7738
[002690][Epoch 051/300] Epsilon:0.8328 #Expl.:9595/9881 #Buy:3403 #Sell:3063 #Hold:3415 #Stocks:340 PV:499,981,592 Loss:0.044763 ET:48.3185
[002690][Epoch 052/300] Epsilon:0.8294 #Expl.:9881/9881 #Buy:3247 #Sell:3216 #Hold:3418 #Stocks:31 PV:499,985,664 Loss:0.028891 ET:40.5415
[002690][Epoch 053/300] Epsilon:0.8261 #Expl.:9881/9881 #Buy:3344 #Sell:3196 #Hold:3341 #Stocks:148 PV:499,985,685 Loss:0.040130 ET:41.8570
[002690][Epoch 054/300] Epsilon:0.8227 #Expl.:9881/9881 #Buy:3357 #Sell:3258 #Hold:3266 #Stocks:1188 PV:499,872,967 Loss:0.033409 ET:40.6473
[002690][Epoch 055/300] Epsilon:0.8194 #Expl.:9881/9881 #Buy:3264 #Sell:3246 #Hold:3371 #Stocks:4343 PV:499,955,088 Loss:0.035415 ET:40.1226
[002690][Epoch 056/300] Epsilon:0.8161 #Expl.:9691/9881 #Buy:3366 #Sell:3288 #Hold:3227 #Stocks:67751 PV:493,553,653 Loss:0.034799 ET:40.1537
[002690][Epoch 057/300] Epsilon:0.8127 #Expl.:9076/9881 #Buy:3081 #Sell:2382 #Hold:4418 #Stocks:60 PV:499,987,653 Loss:0.027531 ET:40.1511
[002690][Epoch 058/300] Epsilon:0.8094 #Expl.:8906/9881 #Buy:3928 #Sell:2951 #Hold:3002 #Stocks:244272 PV:478,854,234 Loss:0.036804 ET:40.4962
[002690][Epoch 059/300] Epsilon:0.8060 #Expl.:8999/9881 #Buy:2996 #Sell:2995 #Hold:3890 #Stocks:1 PV:499,986,893 Loss:0.016541 ET:40.2709
[002690][Epoch 060/300] Epsilon:0.8027 #Expl.:8151/9881 #Buy:2308 #Sell:2648 #Hold:4925 #Stocks:261336 PV:472,260,365 Loss:0.014448 ET:48.9465
[002690][Epoch 061/300] Epsilon:0.7993 #Expl.:8988/9881 #Buy:3010 #Sell:2972 #Hold:3899 #Stocks:38 PV:499,985,643 Loss:0.031379 ET:51.6719
[002690][Epoch 062/300] Epsilon:0.7960 #Expl.:9060/9881 #Buy:3737 #Sell:3124 #Hold:3020 #Stocks:39822 PV:496,010,540 Loss:0.027860 ET:37.9156
[002690][Epoch 063/300] Epsilon:0.7926 #Expl.:8834/9881 #Buy:2882 #Sell:2867 #Hold:4132 #Stocks:15 PV:499,979,749 Loss:0.000877 ET:33.5817
[002690][Epoch 064/300] Epsilon:0.7893 #Expl.:8718/9881 #Buy:3401 #Sell:2961 #Hold:3519 #Stocks:262861 PV:475,000,650 Loss:0.024853 ET:42.2926
[002690][Epoch 065/300] Epsilon:0.7860 #Expl.:8728/9881 #Buy:2878 #Sell:2864 #Hold:4139 #Stocks:14 PV:499,988,165 Loss:0.006842 ET:44.7488
[002690][Epoch 066/300] Epsilon:0.7826 #Expl.:8882/9881 #Buy:3873 #Sell:2961 #Hold:3047 #Stocks:263241 PV:475,750,833 Loss:0.029023 ET:34.3276
[002690][Epoch 067/300] Epsilon:0.7793 #Expl.:8827/9881 #Buy:2990 #Sell:2799 #Hold:4092 #Stocks:72 PV:499,986,320 Loss:0.010999 ET:33.0347
[002690][Epoch 068/300] Epsilon:0.7759 #Expl.:8868/9881 #Buy:3825 #Sell:2973 #Hold:3083 #Stocks:262992 PV:475,282,630 Loss:0.032255 ET:44.9445
[002690][Epoch 069/300] Epsilon:0.7726 #Expl.:8902/9881 #Buy:2985 #Sell:2932 #Hold:3964 #Stocks:53 PV:499,988,066 Loss:0.015585 ET:39.2187
[002690][Epoch 070/300] Epsilon:0.7692 #Expl.:8917/9881 #Buy:3762 #Sell:3033 #Hold:3086 #Stocks:262715 PV:474,786,838 Loss:0.033029 ET:39.1239
[002690][Epoch 071/300] Epsilon:0.7659 #Expl.:8796/9881 #Buy:3103 #Sell:2915 #Hold:3863 #Stocks:6306 PV:499,991,565 Loss:0.016492 ET:39.8565
[002690][Epoch 072/300] Epsilon:0.7625 #Expl.:8821/9881 #Buy:3961 #Sell:2865 #Hold:3055 #Stocks:218328 PV:479,274,387 Loss:0.032161 ET:39.7139
[002690][Epoch 073/300] Epsilon:0.7592 #Expl.:8549/9881 #Buy:3151 #Sell:2684 #Hold:4046 #Stocks:47636 PV:499,295,160 Loss:0.015331 ET:39.4048
[002690][Epoch 074/300] Epsilon:0.7559 #Expl.:8774/9881 #Buy:4013 #Sell:2829 #Hold:3039 #Stocks:202325 PV:480,762,953 Loss:0.031464 ET:39.1457
[002690][Epoch 075/300] Epsilon:0.7525 #Expl.:8675/9881 #Buy:3133 #Sell:2784 #Hold:3964 #Stocks:21850 PV:499,778,101 Loss:0.010843 ET:48.7155
[002690][Epoch 076/300] Epsilon:0.7492 #Expl.:8890/9881 #Buy:3937 #Sell:2937 #Hold:3007 #Stocks:145983 PV:485,947,935 Loss:0.029686 ET:39.7959
[002690][Epoch 077/300] Epsilon:0.7458 #Expl.:8579/9881 #Buy:2863 #Sell:2806 #Hold:4212 #Stocks:4483 PV:500,000,233 Loss:0.005837 ET:36.5311
[002690][Epoch 078/300] Epsilon:0.7425 #Expl.:8958/9881 #Buy:3827 #Sell:3034 #Hold:3020 #Stocks:81226 PV:492,026,097 Loss:0.024871 ET:39.1308
[002690][Epoch 079/300] Epsilon:0.7391 #Expl.:8700/9881 #Buy:3031 #Sell:2725 #Hold:4125 #Stocks:6811 PV:499,920,212 Loss:0.014344 ET:39.0395
[002690][Epoch 080/300] Epsilon:0.7358 #Expl.:8488/9881 #Buy:3804 #Sell:2890 #Hold:3187 #Stocks:80748 PV:491,969,995 Loss:0.023551 ET:44.7510
[002690][Epoch 081/300] Epsilon:0.7324 #Expl.:8216/9881 #Buy:2691 #Sell:2401 #Hold:4789 #Stocks:0 PV:499,907,289 Loss:0.008911 ET:39.4824
[002690][Epoch 082/300] Epsilon:0.7291 #Expl.:8655/9881 #Buy:2984 #Sell:2885 #Hold:4012 #Stocks:1371 PV:499,631,793 Loss:0.019706 ET:39.4314
[002690][Epoch 083/300] Epsilon:0.7258 #Expl.:7883/9881 #Buy:2663 #Sell:2089 #Hold:5129 #Stocks:0 PV:499,980,310 Loss:0.008258 ET:39.3933
[002690][Epoch 084/300] Epsilon:0.7224 #Expl.:8508/9881 #Buy:2843 #Sell:2381 #Hold:4657 #Stocks:4 PV:499,978,999 Loss:0.020046 ET:39.2037
[002690][Epoch 085/300] Epsilon:0.7191 #Expl.:7837/9881 #Buy:2661 #Sell:2119 #Hold:5101 #Stocks:0 PV:499,987,198 Loss:0.008245 ET:39.1054
[002690][Epoch 086/300] Epsilon:0.7157 #Expl.:8709/9881 #Buy:2915 #Sell:2270 #Hold:4696 #Stocks:62 PV:499,988,331 Loss:0.017419 ET:39.1061
[002690][Epoch 087/300] Epsilon:0.7124 #Expl.:8009/9881 #Buy:2673 #Sell:2207 #Hold:5001 #Stocks:2 PV:499,988,735 Loss:0.004615 ET:39.1074
[002690][Epoch 088/300] Epsilon:0.7090 #Expl.:8342/9881 #Buy:2815 #Sell:2158 #Hold:4908 #Stocks:86 PV:499,987,444 Loss:0.009223 ET:39.3639
[002690][Epoch 089/300] Epsilon:0.7057 #Expl.:8353/9881 #Buy:2808 #Sell:2289 #Hold:4784 #Stocks:1 PV:499,985,412 Loss:0.000743 ET:42.8563
[002690][Epoch 090/300] Epsilon:0.7023 #Expl.:8354/9881 #Buy:2841 #Sell:2105 #Hold:4935 #Stocks:46555 PV:499,319,145 Loss:0.004553 ET:39.4074
[002690][Epoch 091/300] Epsilon:0.6990 #Expl.:8285/9881 #Buy:2779 #Sell:2266 #Hold:4836 #Stocks:0 PV:499,982,821 Loss:0.001139 ET:50.8181
[002690][Epoch 092/300] Epsilon:0.6957 #Expl.:8360/9881 #Buy:4178 #Sell:2116 #Hold:3587 #Stocks:240756 PV:496,452,457 Loss:0.000885 ET:41.4066
[002690][Epoch 093/300] Epsilon:0.6923 #Expl.:8126/9881 #Buy:3203 #Sell:2940 #Hold:3738 #Stocks:1 PV:490,870,043 Loss:0.011816 ET:35.2368
[002690][Epoch 094/300] Epsilon:0.6890 #Expl.:8262/9881 #Buy:3092 #Sell:2384 #Hold:4405 #Stocks:85369 PV:498,708,345 Loss:0.004211 ET:33.6815
[002690][Epoch 095/300] Epsilon:0.6856 #Expl.:8540/9881 #Buy:3448 #Sell:2811 #Hold:3622 #Stocks:237892 PV:473,795,488 Loss:0.019513 ET:48.4687
[002690][Epoch 096/300] Epsilon:0.6823 #Expl.:8204/9881 #Buy:2751 #Sell:1879 #Hold:5251 #Stocks:25 PV:499,987,964 Loss:-0.017785 ET:34.6387
[002690][Epoch 097/300] Epsilon:0.6789 #Expl.:9842/9881 #Buy:3296 #Sell:3265 #Hold:3320 #Stocks:60255 PV:494,311,896 Loss:0.014844 ET:32.8764
[002690][Epoch 098/300] Epsilon:0.6756 #Expl.:9881/9881 #Buy:3291 #Sell:2465 #Hold:4125 #Stocks:2 PV:499,988,587 Loss:0.008055 ET:39.9728
[002690][Epoch 099/300] Epsilon:0.6722 #Expl.:9881/9881 #Buy:3353 #Sell:3326 #Hold:3202 #Stocks:47648 PV:495,502,755 Loss:0.014404 ET:41.1079
[002690][Epoch 100/300] Epsilon:0.6689 #Expl.:9881/9881 #Buy:3261 #Sell:2522 #Hold:4098 #Stocks:5 PV:499,986,304 Loss:0.009188 ET:41.0774
[002690][Epoch 101/300] Epsilon:0.6656 #Expl.:9881/9881 #Buy:3271 #Sell:3380 #Hold:3230 #Stocks:18896 PV:498,175,379 Loss:0.013052 ET:39.5725
[002690][Epoch 102/300] Epsilon:0.6622 #Expl.:9881/9881 #Buy:3384 #Sell:2520 #Hold:3977 #Stocks:88 PV:499,985,052 Loss:0.009230 ET:39.1554
[002690][Epoch 103/300] Epsilon:0.6589 #Expl.:9881/9881 #Buy:3219 #Sell:3377 #Hold:3285 #Stocks:14017 PV:498,615,075 Loss:0.011952 ET:39.3404
[002690][Epoch 104/300] Epsilon:0.6555 #Expl.:9881/9881 #Buy:3342 #Sell:2519 #Hold:4020 #Stocks:47 PV:499,986,322 Loss:0.007551 ET:39.6344
[002690][Epoch 105/300] Epsilon:0.6522 #Expl.:9881/9881 #Buy:3242 #Sell:3343 #Hold:3296 #Stocks:22199 PV:497,739,921 Loss:0.011807 ET:39.7728
[002690][Epoch 106/300] Epsilon:0.6488 #Expl.:9881/9881 #Buy:3316 #Sell:2456 #Hold:4109 #Stocks:42 PV:499,987,911 Loss:0.004777 ET:40.0456
[002690][Epoch 107/300] Epsilon:0.6455 #Expl.:9586/9881 #Buy:3468 #Sell:3203 #Hold:3210 #Stocks:71181 PV:492,874,392 Loss:0.013636 ET:39.8213
[002690][Epoch 108/300] Epsilon:0.6421 #Expl.:8383/9881 #Buy:2744 #Sell:2197 #Hold:4940 #Stocks:33 PV:499,990,569 Loss:-0.009199 ET:39.8228
[002690][Epoch 109/300] Epsilon:0.6388 #Expl.:8010/9881 #Buy:3012 #Sell:2640 #Hold:4229 #Stocks:261522 PV:472,697,532 Loss:0.014716 ET:40.4785
[002690][Epoch 110/300] Epsilon:0.6355 #Expl.:8252/9881 #Buy:2690 #Sell:2170 #Hold:5021 #Stocks:10 PV:499,990,185 Loss:-0.002926 ET:33.9870
[002690][Epoch 111/300] Epsilon:0.6321 #Expl.:7739/9881 #Buy:2236 #Sell:2541 #Hold:5104 #Stocks:259735 PV:469,354,696 Loss:-0.003381 ET:39.3795
[002690][Epoch 112/300] Epsilon:0.6288 #Expl.:9881/9881 #Buy:3295 #Sell:2500 #Hold:4086 #Stocks:98 PV:499,985,898 Loss:0.010988 ET:39.9695
[002690][Epoch 113/300] Epsilon:0.6254 #Expl.:9881/9881 #Buy:3376 #Sell:3257 #Hold:3248 #Stocks:139979 PV:487,024,993 Loss:0.016068 ET:35.7534
[002690][Epoch 114/300] Epsilon:0.6221 #Expl.:9015/9881 #Buy:2998 #Sell:2433 #Hold:4450 #Stocks:19 PV:499,987,791 Loss:0.007395 ET:42.0723
[002690][Epoch 115/300] Epsilon:0.6187 #Expl.:8350/9881 #Buy:3634 #Sell:2816 #Hold:3431 #Stocks:251676 PV:473,672,222 Loss:0.020610 ET:42.2972
[002690][Epoch 116/300] Epsilon:0.6154 #Expl.:8307/9881 #Buy:2809 #Sell:2392 #Hold:4680 #Stocks:31238 PV:499,518,653 Loss:0.002366 ET:41.0247
[002690][Epoch 117/300] Epsilon:0.6120 #Expl.:7615/9881 #Buy:3371 #Sell:3186 #Hold:3324 #Stocks:34374 PV:475,761,589 Loss:0.017903 ET:40.2599
[002690][Epoch 118/300] Epsilon:0.6087 #Expl.:8314/9881 #Buy:3886 #Sell:2184 #Hold:3811 #Stocks:231996 PV:496,492,015 Loss:0.008056 ET:39.7074
[002690][Epoch 119/300] Epsilon:0.6054 #Expl.:7789/9881 #Buy:2750 #Sell:2664 #Hold:4467 #Stocks:1 PV:492,849,757 Loss:-0.003326 ET:39.9352
[002690][Epoch 120/300] Epsilon:0.6020 #Expl.:7833/9881 #Buy:3760 #Sell:2532 #Hold:3589 #Stocks:274874 PV:496,697,857 Loss:-0.004954 ET:40.2770
[002690][Epoch 121/300] Epsilon:0.5987 #Expl.:7847/9881 #Buy:2603 #Sell:2232 #Hold:5046 #Stocks:0 PV:499,965,482 Loss:-0.009498 ET:42.7510
[002690][Epoch 122/300] Epsilon:0.5953 #Expl.:7920/9881 #Buy:4025 #Sell:2610 #Hold:3246 #Stocks:274873 PV:496,695,688 Loss:-0.005136 ET:44.3539
[002690][Epoch 123/300] Epsilon:0.5920 #Expl.:8707/9881 #Buy:2901 #Sell:2283 #Hold:4697 #Stocks:0 PV:499,970,578 Loss:-0.000713 ET:41.7433
[002690][Epoch 124/300] Epsilon:0.5886 #Expl.:9881/9881 #Buy:3328 #Sell:3119 #Hold:3434 #Stocks:89149 PV:498,681,155 Loss:0.005130 ET:33.2090
[002690][Epoch 125/300] Epsilon:0.5853 #Expl.:9881/9881 #Buy:3347 #Sell:2526 #Hold:4008 #Stocks:1 PV:499,719,637 Loss:0.004756 ET:33.0177
[002690][Epoch 126/300] Epsilon:0.5819 #Expl.:9881/9881 #Buy:3284 #Sell:3061 #Hold:3536 #Stocks:21052 PV:499,653,666 Loss:0.006645 ET:34.9926
[002690][Epoch 127/300] Epsilon:0.5786 #Expl.:9881/9881 #Buy:3320 #Sell:2622 #Hold:3939 #Stocks:0 PV:499,937,800 Loss:0.006461 ET:33.8040
[002690][Epoch 128/300] Epsilon:0.5753 #Expl.:9881/9881 #Buy:3296 #Sell:3147 #Hold:3438 #Stocks:2307 PV:499,962,471 Loss:0.007077 ET:41.0368
[002690][Epoch 129/300] Epsilon:0.5719 #Expl.:9881/9881 #Buy:3338 #Sell:3029 #Hold:3514 #Stocks:1 PV:499,963,989 Loss:0.006715 ET:42.7021
[002690][Epoch 130/300] Epsilon:0.5686 #Expl.:9881/9881 #Buy:3353 #Sell:3037 #Hold:3491 #Stocks:494 PV:499,984,792 Loss:0.006998 ET:43.1878
[002690][Epoch 131/300] Epsilon:0.5652 #Expl.:9881/9881 #Buy:3298 #Sell:3233 #Hold:3350 #Stocks:0 PV:499,947,711 Loss:0.006612 ET:42.1866
[002690][Epoch 132/300] Epsilon:0.5619 #Expl.:9881/9881 #Buy:3295 #Sell:3106 #Hold:3480 #Stocks:304 PV:499,986,986 Loss:0.006548 ET:41.1964
[002690][Epoch 133/300] Epsilon:0.5585 #Expl.:9881/9881 #Buy:3331 #Sell:3146 #Hold:3404 #Stocks:10 PV:499,913,114 Loss:0.006020 ET:40.9823
[002690][Epoch 134/300] Epsilon:0.5552 #Expl.:9881/9881 #Buy:3128 #Sell:2620 #Hold:4133 #Stocks:403 PV:499,988,424 Loss:0.005763 ET:40.9255
[002690][Epoch 135/300] Epsilon:0.5518 #Expl.:9881/9881 #Buy:3300 #Sell:2800 #Hold:3781 #Stocks:1 PV:499,920,446 Loss:0.004847 ET:41.2334
[002690][Epoch 136/300] Epsilon:0.5485 #Expl.:9881/9881 #Buy:3331 #Sell:2611 #Hold:3939 #Stocks:77 PV:499,988,272 Loss:0.003723 ET:41.4606
[002690][Epoch 137/300] Epsilon:0.5452 #Expl.:9881/9881 #Buy:3308 #Sell:2475 #Hold:4098 #Stocks:0 PV:499,982,607 Loss:0.001956 ET:42.0608
[002690][Epoch 138/300] Epsilon:0.5418 #Expl.:9881/9881 #Buy:3218 #Sell:2487 #Hold:4176 #Stocks:61 PV:499,986,218 Loss:0.000046 ET:42.5737
[002690][Epoch 139/300] Epsilon:0.5385 #Expl.:9843/9881 #Buy:3244 #Sell:2335 #Hold:4302 #Stocks:1 PV:499,980,518 Loss:-0.002350 ET:46.1770
[002690][Epoch 140/300] Epsilon:0.5351 #Expl.:8956/9881 #Buy:3028 #Sell:2289 #Hold:4564 #Stocks:58 PV:499,981,901 Loss:-0.005672 ET:41.7906
[002690][Epoch 141/300] Epsilon:0.5318 #Expl.:7481/9881 #Buy:2521 #Sell:2095 #Hold:5265 #Stocks:0 PV:499,754,358 Loss:-0.010212 ET:51.1351
[002690][Epoch 142/300] Epsilon:0.5284 #Expl.:7641/9881 #Buy:2507 #Sell:2563 #Hold:4811 #Stocks:151091 PV:490,540,587 Loss:-0.011367 ET:39.9482
[002690][Epoch 143/300] Epsilon:0.5251 #Expl.:8549/9881 #Buy:3938 #Sell:3062 #Hold:2881 #Stocks:173883 PV:492,132,555 Loss:-0.002307 ET:39.2747
[002690][Epoch 144/300] Epsilon:0.5217 #Expl.:7022/9881 #Buy:2407 #Sell:2362 #Hold:5112 #Stocks:11426 PV:499,217,935 Loss:-0.000661 ET:35.7583
[002690][Epoch 145/300] Epsilon:0.5184 #Expl.:6147/9881 #Buy:2066 #Sell:1669 #Hold:6146 #Stocks:0 PV:499,962,041 Loss:-0.008014 ET:39.1284
[002690][Epoch 146/300] Epsilon:0.5151 #Expl.:6630/9881 #Buy:2255 #Sell:1920 #Hold:5706 #Stocks:65 PV:499,842,154 Loss:-0.012069 ET:44.4201
[002690][Epoch 147/300] Epsilon:0.5117 #Expl.:7662/9881 #Buy:2564 #Sell:2198 #Hold:5119 #Stocks:0 PV:499,986,943 Loss:-0.020587 ET:40.2816
[002690][Epoch 148/300] Epsilon:0.5084 #Expl.:7064/9881 #Buy:2299 #Sell:2380 #Hold:5202 #Stocks:78090 PV:497,631,488 Loss:-0.044985 ET:40.3751
[002690][Epoch 149/300] Epsilon:0.5050 #Expl.:6659/9881 #Buy:2236 #Sell:1772 #Hold:5873 #Stocks:0 PV:499,365,538 Loss:-0.037674 ET:40.8354
[002690][Epoch 150/300] Epsilon:0.5017 #Expl.:9881/9881 #Buy:3313 #Sell:3280 #Hold:3288 #Stocks:160140 PV:495,240,314 Loss:-0.007092 ET:38.8115
[002690][Epoch 151/300] Epsilon:0.4983 #Expl.:9881/9881 #Buy:3343 #Sell:3290 #Hold:3248 #Stocks:111225 PV:493,376,351 Loss:-0.011016 ET:41.5458
[002690][Epoch 152/300] Epsilon:0.4950 #Expl.:9881/9881 #Buy:3286 #Sell:1642 #Hold:4953 #Stocks:2 PV:499,987,468 Loss:-0.005726 ET:47.1914
[002690][Epoch 153/300] Epsilon:0.4916 #Expl.:9881/9881 #Buy:3313 #Sell:3283 #Hold:3285 #Stocks:47231 PV:497,138,683 Loss:-0.004923 ET:39.9148
[002690][Epoch 154/300] Epsilon:0.4883 #Expl.:9881/9881 #Buy:3330 #Sell:2750 #Hold:3801 #Stocks:1026 PV:499,856,461 Loss:-0.004410 ET:33.4167
[002690][Epoch 155/300] Epsilon:0.4849 #Expl.:9881/9881 #Buy:3377 #Sell:3239 #Hold:3265 #Stocks:24165 PV:498,248,924 Loss:-0.004242 ET:28.4338
[002690][Epoch 156/300] Epsilon:0.4816 #Expl.:9881/9881 #Buy:3327 #Sell:3221 #Hold:3333 #Stocks:6140 PV:499,761,889 Loss:-0.004696 ET:33.3806
[002690][Epoch 157/300] Epsilon:0.4783 #Expl.:9881/9881 #Buy:3351 #Sell:3246 #Hold:3284 #Stocks:10707 PV:498,980,818 Loss:-0.004319 ET:45.1786
[002690][Epoch 158/300] Epsilon:0.4749 #Expl.:9881/9881 #Buy:3275 #Sell:3212 #Hold:3394 #Stocks:3392 PV:499,809,027 Loss:-0.004676 ET:41.9663
[002690][Epoch 159/300] Epsilon:0.4716 #Expl.:9881/9881 #Buy:3330 #Sell:3229 #Hold:3322 #Stocks:4858 PV:499,425,472 Loss:-0.004399 ET:39.5125
[002690][Epoch 160/300] Epsilon:0.4682 #Expl.:9881/9881 #Buy:3361 #Sell:3100 #Hold:3420 #Stocks:3628 PV:499,793,115 Loss:-0.004605 ET:39.1115
[002690][Epoch 161/300] Epsilon:0.4649 #Expl.:9881/9881 #Buy:3280 #Sell:3295 #Hold:3306 #Stocks:1251 PV:499,679,291 Loss:-0.004535 ET:39.2971
[002690][Epoch 162/300] Epsilon:0.4615 #Expl.:9881/9881 #Buy:3280 #Sell:3081 #Hold:3520 #Stocks:1944 PV:499,797,572 Loss:-0.004570 ET:39.0247
[002690][Epoch 163/300] Epsilon:0.4582 #Expl.:9881/9881 #Buy:3341 #Sell:3212 #Hold:3328 #Stocks:851 PV:499,799,382 Loss:-0.004540 ET:39.2474
[002690][Epoch 164/300] Epsilon:0.4548 #Expl.:9881/9881 #Buy:3324 #Sell:3117 #Hold:3440 #Stocks:462 PV:499,810,812 Loss:-0.004540 ET:38.3429
[002690][Epoch 165/300] Epsilon:0.4515 #Expl.:9881/9881 #Buy:3327 #Sell:3251 #Hold:3303 #Stocks:244 PV:499,833,695 Loss:-0.004516 ET:39.5906
[002690][Epoch 166/300] Epsilon:0.4482 #Expl.:9881/9881 #Buy:3226 #Sell:3188 #Hold:3467 #Stocks:0 PV:499,728,052 Loss:-0.004425 ET:39.4857
[002690][Epoch 167/300] Epsilon:0.4448 #Expl.:9881/9881 #Buy:3283 #Sell:3183 #Hold:3415 #Stocks:622 PV:499,780,797 Loss:-0.004446 ET:38.7101
[002690][Epoch 168/300] Epsilon:0.4415 #Expl.:9881/9881 #Buy:3390 #Sell:3268 #Hold:3223 #Stocks:232 PV:499,684,459 Loss:-0.004384 ET:39.2376
[002690][Epoch 169/300] Epsilon:0.4381 #Expl.:9881/9881 #Buy:3284 #Sell:3049 #Hold:3548 #Stocks:2809 PV:499,796,621 Loss:-0.004517 ET:40.7569
[002690][Epoch 170/300] Epsilon:0.4348 #Expl.:9881/9881 #Buy:3300 #Sell:3201 #Hold:3380 #Stocks:1 PV:499,716,613 Loss:-0.004382 ET:39.3850
[002690][Epoch 171/300] Epsilon:0.4314 #Expl.:9881/9881 #Buy:3358 #Sell:3047 #Hold:3476 #Stocks:2775 PV:499,833,236 Loss:-0.004492 ET:38.5395
[002690][Epoch 172/300] Epsilon:0.4281 #Expl.:9881/9881 #Buy:3232 #Sell:3131 #Hold:3518 #Stocks:28 PV:499,733,280 Loss:-0.004378 ET:44.4440
[002690][Epoch 173/300] Epsilon:0.4247 #Expl.:9881/9881 #Buy:3253 #Sell:2979 #Hold:3649 #Stocks:3371 PV:499,831,009 Loss:-0.004499 ET:39.9069
[002690][Epoch 174/300] Epsilon:0.4214 #Expl.:9881/9881 #Buy:3306 #Sell:3265 #Hold:3310 #Stocks:18 PV:499,565,692 Loss:-0.004234 ET:42.5455
[002690][Epoch 175/300] Epsilon:0.4181 #Expl.:9881/9881 #Buy:3362 #Sell:3059 #Hold:3460 #Stocks:3002 PV:499,811,344 Loss:-0.004449 ET:41.1446
[002690][Epoch 176/300] Epsilon:0.4147 #Expl.:9881/9881 #Buy:3333 #Sell:3216 #Hold:3332 #Stocks:231 PV:499,475,516 Loss:-0.004194 ET:39.7936
[002690][Epoch 177/300] Epsilon:0.4114 #Expl.:9881/9881 #Buy:3178 #Sell:2981 #Hold:3722 #Stocks:2624 PV:499,851,410 Loss:-0.004525 ET:39.5351
[002690][Epoch 178/300] Epsilon:0.4080 #Expl.:9881/9881 #Buy:3217 #Sell:3314 #Hold:3350 #Stocks:0 PV:499,285,573 Loss:-0.004125 ET:43.6771
[002690][Epoch 179/300] Epsilon:0.4047 #Expl.:9881/9881 #Buy:3341 #Sell:2799 #Hold:3741 #Stocks:7621 PV:499,760,397 Loss:-0.004618 ET:42.0299
[002690][Epoch 180/300] Epsilon:0.4013 #Expl.:9881/9881 #Buy:3282 #Sell:3271 #Hold:3328 #Stocks:296 PV:498,843,667 Loss:-0.003937 ET:50.8065
[002690][Epoch 181/300] Epsilon:0.3980 #Expl.:9881/9881 #Buy:3368 #Sell:2629 #Hold:3884 #Stocks:12789 PV:499,705,836 Loss:-0.004790 ET:64.4817
[002690][Epoch 182/300] Epsilon:0.3946 #Expl.:9881/9881 #Buy:3236 #Sell:3306 #Hold:3339 #Stocks:2656 PV:498,278,218 Loss:-0.003794 ET:41.3532
[002690][Epoch 183/300] Epsilon:0.3913 #Expl.:9881/9881 #Buy:3226 #Sell:2576 #Hold:4079 #Stocks:17223 PV:499,685,087 Loss:-0.005026 ET:39.5913
[002690][Epoch 184/300] Epsilon:0.3880 #Expl.:9881/9881 #Buy:3211 #Sell:3374 #Hold:3296 #Stocks:17158 PV:496,786,561 Loss:-0.003379 ET:33.8259
[002690][Epoch 185/300] Epsilon:0.3846 #Expl.:9881/9881 #Buy:3368 #Sell:2465 #Hold:4048 #Stocks:24816 PV:499,591,067 Loss:-0.005324 ET:26.2381
[002690][Epoch 186/300] Epsilon:0.3813 #Expl.:9881/9881 #Buy:3314 #Sell:3391 #Hold:3176 #Stocks:121816 PV:488,718,930 Loss:-0.001666 ET:35.8644
[002690][Epoch 187/300] Epsilon:0.3779 #Expl.:7003/9881 #Buy:2367 #Sell:1176 #Hold:6338 #Stocks:0 PV:499,990,878 Loss:-0.019180 ET:45.8231
[002690][Epoch 188/300] Epsilon:0.3746 #Expl.:3693/9881 #Buy:1464 #Sell:1283 #Hold:7134 #Stocks:259134 PV:468,256,609 Loss:-0.132760 ET:39.7695
[002690][Epoch 189/300] Epsilon:0.3712 #Expl.:6548/9881 #Buy:3312 #Sell:2167 #Hold:4402 #Stocks:134502 PV:475,859,075 Loss:0.014774 ET:39.4636
[002690][Epoch 190/300] Epsilon:0.3679 #Expl.:3587/9881 #Buy:1186 #Sell:592 #Hold:8103 #Stocks:0 PV:499,995,044 Loss:-0.217029 ET:39.3453
[002690][Epoch 191/300] Epsilon:0.3645 #Expl.:3572/9881 #Buy:1156 #Sell:1156 #Hold:7569 #Stocks:0 PV:497,304,684 Loss:-0.196719 ET:40.3143
[002690][Epoch 192/300] Epsilon:0.3612 #Expl.:6460/9881 #Buy:2325 #Sell:2144 #Hold:5412 #Stocks:260617 PV:471,089,085 Loss:-0.024628 ET:39.1096
[002690][Epoch 193/300] Epsilon:0.3579 #Expl.:3816/9881 #Buy:1265 #Sell:1036 #Hold:7580 #Stocks:132 PV:499,981,608 Loss:-0.117854 ET:44.8074
[002690][Epoch 194/300] Epsilon:0.3545 #Expl.:9228/9881 #Buy:2374 #Sell:3158 #Hold:4349 #Stocks:261954 PV:473,352,258 Loss:-0.027181 ET:42.0455
[002690][Epoch 195/300] Epsilon:0.3512 #Expl.:9881/9881 #Buy:3278 #Sell:2853 #Hold:3750 #Stocks:107194 PV:497,781,685 Loss:-0.029657 ET:41.3150
[002690][Epoch 196/300] Epsilon:0.3478 #Expl.:9881/9881 #Buy:2546 #Sell:3353 #Hold:3982 #Stocks:262763 PV:475,279,525 Loss:-0.019126 ET:40.1154
[002690][Epoch 197/300] Epsilon:0.3445 #Expl.:9881/9881 #Buy:3258 #Sell:2540 #Hold:4083 #Stocks:91930 PV:498,140,302 Loss:-0.029315 ET:39.3525
[002690][Epoch 198/300] Epsilon:0.3411 #Expl.:9834/9881 #Buy:2978 #Sell:3300 #Hold:3603 #Stocks:245604 PV:474,567,093 Loss:-0.016365 ET:38.5968
[002690][Epoch 199/300] Epsilon:0.3378 #Expl.:9881/9881 #Buy:3326 #Sell:2472 #Hold:4083 #Stocks:92773 PV:498,185,629 Loss:-0.030206 ET:53.3453
[002690][Epoch 200/300] Epsilon:0.3344 #Expl.:8683/9881 #Buy:3137 #Sell:2865 #Hold:3879 #Stocks:208849 PV:473,095,982 Loss:-0.016877 ET:52.8070
[002690][Epoch 201/300] Epsilon:0.3311 #Expl.:7106/9881 #Buy:2313 #Sell:2001 #Hold:5567 #Stocks:62847 PV:498,825,473 Loss:-0.037678 ET:49.7477
[002690][Epoch 202/300] Epsilon:0.3278 #Expl.:6790/9881 #Buy:2509 #Sell:2188 #Hold:5184 #Stocks:194844 PV:468,470,179 Loss:-0.025484 ET:37.7698
[002690][Epoch 203/300] Epsilon:0.3244 #Expl.:6898/9881 #Buy:2323 #Sell:1976 #Hold:5582 #Stocks:93815 PV:498,294,508 Loss:-0.042685 ET:35.5339
[002690][Epoch 204/300] Epsilon:0.3211 #Expl.:6863/9881 #Buy:2815 #Sell:2205 #Hold:4861 #Stocks:142278 PV:469,856,639 Loss:-0.018666 ET:40.9821
[002690][Epoch 205/300] Epsilon:0.3177 #Expl.:6929/9881 #Buy:2336 #Sell:2130 #Hold:5415 #Stocks:165696 PV:497,276,743 Loss:-0.039418 ET:45.6384
[002690][Epoch 206/300] Epsilon:0.3144 #Expl.:6763/9881 #Buy:2883 #Sell:2443 #Hold:4555 #Stocks:20539 PV:471,400,125 Loss:-0.011509 ET:43.3502
[002690][Epoch 207/300] Epsilon:0.3110 #Expl.:5044/9881 #Buy:2289 #Sell:1576 #Hold:6016 #Stocks:274961 PV:496,854,766 Loss:-0.024765 ET:40.5166
[002690][Epoch 208/300] Epsilon:0.3077 #Expl.:4594/9881 #Buy:2356 #Sell:2301 #Hold:5224 #Stocks:0 PV:474,195,750 Loss:0.002816 ET:41.6657
[002690][Epoch 209/300] Epsilon:0.3043 #Expl.:6257/9881 #Buy:2832 #Sell:1453 #Hold:5596 #Stocks:275415 PV:497,675,009 Loss:-0.039640 ET:39.6824
[002690][Epoch 210/300] Epsilon:0.3010 #Expl.:6563/9881 #Buy:2169 #Sell:2262 #Hold:5450 #Stocks:0 PV:492,834,601 Loss:-0.028058 ET:39.8615
[002690][Epoch 211/300] Epsilon:0.2977 #Expl.:7959/9881 #Buy:3148 #Sell:1976 #Hold:4757 #Stocks:274693 PV:496,373,004 Loss:-0.031584 ET:40.5313
[002690][Epoch 212/300] Epsilon:0.2943 #Expl.:7016/9881 #Buy:2354 #Sell:2156 #Hold:5371 #Stocks:0 PV:495,433,030 Loss:-0.027571 ET:41.8381
[002690][Epoch 213/300] Epsilon:0.2910 #Expl.:7896/9881 #Buy:3145 #Sell:2036 #Hold:4700 #Stocks:274806 PV:496,574,751 Loss:-0.032345 ET:41.7910
[002690][Epoch 214/300] Epsilon:0.2876 #Expl.:6567/9881 #Buy:2181 #Sell:1996 #Hold:5704 #Stocks:0 PV:497,914,330 Loss:-0.033575 ET:43.0964
[002690][Epoch 215/300] Epsilon:0.2843 #Expl.:6256/9881 #Buy:2779 #Sell:2065 #Hold:5037 #Stocks:273300 PV:493,854,119 Loss:-0.041472 ET:28.9047
[002690][Epoch 216/300] Epsilon:0.2809 #Expl.:6492/9881 #Buy:2192 #Sell:1502 #Hold:6187 #Stocks:0 PV:499,867,134 Loss:-0.036515 ET:27.9454
[002690][Epoch 217/300] Epsilon:0.2776 #Expl.:6481/9881 #Buy:3080 #Sell:1919 #Hold:4882 #Stocks:274336 PV:495,725,704 Loss:-0.039036 ET:42.2041
[002690][Epoch 218/300] Epsilon:0.2742 #Expl.:6311/9881 #Buy:2052 #Sell:1928 #Hold:5901 #Stocks:0 PV:498,512,624 Loss:-0.037144 ET:40.4259
[002690][Epoch 219/300] Epsilon:0.2709 #Expl.:6311/9881 #Buy:3132 #Sell:1570 #Hold:5179 #Stocks:274891 PV:496,728,221 Loss:-0.039709 ET:40.4889
[002690][Epoch 220/300] Epsilon:0.2676 #Expl.:6009/9881 #Buy:2061 #Sell:1931 #Hold:5889 #Stocks:0 PV:497,655,842 Loss:-0.044941 ET:40.3281
[002690][Epoch 221/300] Epsilon:0.2642 #Expl.:3977/9881 #Buy:1976 #Sell:1313 #Hold:6592 #Stocks:270227 PV:488,301,077 Loss:-0.067727 ET:39.9220
[002690][Epoch 222/300] Epsilon:0.2609 #Expl.:6079/9881 #Buy:2086 #Sell:1239 #Hold:6556 #Stocks:0 PV:499,983,641 Loss:-0.044572 ET:40.2048
[002690][Epoch 223/300] Epsilon:0.2575 #Expl.:7024/9881 #Buy:2343 #Sell:1606 #Hold:5932 #Stocks:87120 PV:498,945,865 Loss:-0.040223 ET:39.6843
[002690][Epoch 224/300] Epsilon:0.2542 #Expl.:5963/9881 #Buy:1938 #Sell:1884 #Hold:6059 #Stocks:0 PV:493,210,525 Loss:-0.025448 ET:39.6468
[002690][Epoch 225/300] Epsilon:0.2508 #Expl.:5857/9881 #Buy:1990 #Sell:1728 #Hold:6163 #Stocks:41669 PV:498,858,800 Loss:-0.068410 ET:39.9096
[002690][Epoch 226/300] Epsilon:0.2475 #Expl.:6776/9881 #Buy:2277 #Sell:2290 #Hold:5314 #Stocks:51753 PV:495,484,905 Loss:-0.035792 ET:39.2603
[002690][Epoch 227/300] Epsilon:0.2441 #Expl.:9881/9881 #Buy:3260 #Sell:3301 #Hold:3320 #Stocks:163812 PV:493,719,395 Loss:-0.027147 ET:39.8716
[002690][Epoch 228/300] Epsilon:0.2408 #Expl.:9881/9881 #Buy:3253 #Sell:3374 #Hold:3254 #Stocks:138041 PV:491,610,923 Loss:-0.023467 ET:39.8494
[002690][Epoch 229/300] Epsilon:0.2375 #Expl.:9881/9881 #Buy:3251 #Sell:3347 #Hold:3283 #Stocks:73852 PV:496,585,905 Loss:-0.024467 ET:40.5426
[002690][Epoch 230/300] Epsilon:0.2341 #Expl.:9881/9881 #Buy:3343 #Sell:3283 #Hold:3255 #Stocks:46429 PV:497,206,745 Loss:-0.023930 ET:40.0694
[002690][Epoch 231/300] Epsilon:0.2308 #Expl.:9881/9881 #Buy:3372 #Sell:3213 #Hold:3296 #Stocks:35950 PV:497,637,027 Loss:-0.023830 ET:39.3113
[002690][Epoch 232/300] Epsilon:0.2274 #Expl.:9881/9881 #Buy:3365 #Sell:3255 #Hold:3261 #Stocks:22387 PV:497,995,527 Loss:-0.023718 ET:38.6807
[002690][Epoch 233/300] Epsilon:0.2241 #Expl.:9881/9881 #Buy:3247 #Sell:3265 #Hold:3369 #Stocks:9882 PV:499,061,385 Loss:-0.024167 ET:39.1250
[002690][Epoch 234/300] Epsilon:0.2207 #Expl.:9881/9881 #Buy:3326 #Sell:3316 #Hold:3239 #Stocks:7721 PV:498,638,287 Loss:-0.023636 ET:39.3345
[002690][Epoch 235/300] Epsilon:0.2174 #Expl.:9881/9881 #Buy:3253 #Sell:3248 #Hold:3380 #Stocks:2162 PV:498,650,983 Loss:-0.023566 ET:39.5076
[002690][Epoch 236/300] Epsilon:0.2140 #Expl.:9881/9881 #Buy:3244 #Sell:3265 #Hold:3372 #Stocks:1495 PV:499,048,650 Loss:-0.023572 ET:40.2415
[002690][Epoch 237/300] Epsilon:0.2107 #Expl.:9881/9881 #Buy:3315 #Sell:3208 #Hold:3358 #Stocks:8102 PV:499,022,279 Loss:-0.023686 ET:41.7928
[002690][Epoch 238/300] Epsilon:0.2074 #Expl.:9881/9881 #Buy:3306 #Sell:3267 #Hold:3308 #Stocks:2898 PV:499,122,501 Loss:-0.023558 ET:42.0245
[002690][Epoch 239/300] Epsilon:0.2040 #Expl.:9881/9881 #Buy:3248 #Sell:3255 #Hold:3378 #Stocks:468 PV:499,071,963 Loss:-0.023470 ET:33.1669
[002690][Epoch 240/300] Epsilon:0.2007 #Expl.:9881/9881 #Buy:3284 #Sell:3250 #Hold:3347 #Stocks:2672 PV:498,839,745 Loss:-0.023235 ET:43.2178
[002690][Epoch 241/300] Epsilon:0.1973 #Expl.:9881/9881 #Buy:3311 #Sell:3258 #Hold:3312 #Stocks:1839 PV:498,901,775 Loss:-0.023162 ET:49.8145
[002690][Epoch 242/300] Epsilon:0.1940 #Expl.:9881/9881 #Buy:3279 #Sell:3219 #Hold:3383 #Stocks:2109 PV:499,125,969 Loss:-0.023310 ET:51.3150
[002690][Epoch 243/300] Epsilon:0.1906 #Expl.:9881/9881 #Buy:3360 #Sell:3222 #Hold:3299 #Stocks:5383 PV:498,962,906 Loss:-0.023178 ET:43.4036
[002690][Epoch 244/300] Epsilon:0.1873 #Expl.:9881/9881 #Buy:3210 #Sell:3193 #Hold:3478 #Stocks:1987 PV:499,073,721 Loss:-0.023222 ET:40.2151
[002690][Epoch 245/300] Epsilon:0.1839 #Expl.:9881/9881 #Buy:3253 #Sell:3251 #Hold:3377 #Stocks:1572 PV:499,186,325 Loss:-0.023121 ET:27.3473
[002690][Epoch 246/300] Epsilon:0.1806 #Expl.:9881/9881 #Buy:3234 #Sell:3145 #Hold:3502 #Stocks:8459 PV:498,973,094 Loss:-0.023164 ET:25.8661
[002690][Epoch 247/300] Epsilon:0.1773 #Expl.:9881/9881 #Buy:3385 #Sell:3237 #Hold:3259 #Stocks:9779 PV:498,497,181 Loss:-0.022530 ET:50.3940
[002690][Epoch 248/300] Epsilon:0.1739 #Expl.:9881/9881 #Buy:3272 #Sell:3267 #Hold:3342 #Stocks:1935 PV:499,120,277 Loss:-0.022847 ET:40.0680
[002690][Epoch 249/300] Epsilon:0.1706 #Expl.:9881/9881 #Buy:3281 #Sell:3284 #Hold:3316 #Stocks:1019 PV:499,113,480 Loss:-0.022788 ET:41.4000
[002690][Epoch 250/300] Epsilon:0.1672 #Expl.:9881/9881 #Buy:3199 #Sell:3169 #Hold:3513 #Stocks:5661 PV:499,379,875 Loss:-0.023011 ET:49.4407
[002690][Epoch 251/300] Epsilon:0.1639 #Expl.:9881/9881 #Buy:3252 #Sell:3251 #Hold:3378 #Stocks:21 PV:498,864,593 Loss:-0.022490 ET:46.6179
[002690][Epoch 252/300] Epsilon:0.1605 #Expl.:9881/9881 #Buy:3337 #Sell:3190 #Hold:3354 #Stocks:9081 PV:498,931,618 Loss:-0.022641 ET:40.7707
[002690][Epoch 253/300] Epsilon:0.1572 #Expl.:9881/9881 #Buy:3385 #Sell:3238 #Hold:3258 #Stocks:8132 PV:499,119,899 Loss:-0.022699 ET:39.5224
[002690][Epoch 254/300] Epsilon:0.1538 #Expl.:9881/9881 #Buy:3284 #Sell:3269 #Hold:3328 #Stocks:404 PV:499,250,206 Loss:-0.022669 ET:46.9971
[002690][Epoch 255/300] Epsilon:0.1505 #Expl.:9881/9881 #Buy:3287 #Sell:3248 #Hold:3346 #Stocks:615 PV:498,962,494 Loss:-0.022390 ET:41.4652
[002690][Epoch 256/300] Epsilon:0.1472 #Expl.:9881/9881 #Buy:3310 #Sell:3226 #Hold:3345 #Stocks:5762 PV:499,321,927 Loss:-0.022760 ET:41.3516
[002690][Epoch 257/300] Epsilon:0.1438 #Expl.:9881/9881 #Buy:3286 #Sell:3268 #Hold:3327 #Stocks:357 PV:499,215,407 Loss:-0.022846 ET:41.1547
[002690][Epoch 258/300] Epsilon:0.1405 #Expl.:9881/9881 #Buy:3277 #Sell:3259 #Hold:3345 #Stocks:0 PV:498,485,315 Loss:-0.022433 ET:41.3453
[002690][Epoch 259/300] Epsilon:0.1371 #Expl.:9881/9881 #Buy:3358 #Sell:3276 #Hold:3247 #Stocks:4800 PV:498,981,690 Loss:-0.022868 ET:42.5558
[002690][Epoch 260/300] Epsilon:0.1338 #Expl.:9881/9881 #Buy:3366 #Sell:3342 #Hold:3173 #Stocks:1061 PV:498,613,511 Loss:-0.022564 ET:40.9521
[002690][Epoch 261/300] Epsilon:0.1304 #Expl.:9881/9881 #Buy:3326 #Sell:3154 #Hold:3401 #Stocks:10099 PV:499,073,674 Loss:-0.023182 ET:40.7921
[002690][Epoch 262/300] Epsilon:0.1271 #Expl.:9881/9881 #Buy:3314 #Sell:3238 #Hold:3329 #Stocks:3221 PV:498,491,710 Loss:-0.022758 ET:41.9124
[002690][Epoch 263/300] Epsilon:0.1237 #Expl.:9881/9881 #Buy:3356 #Sell:3246 #Hold:3279 #Stocks:4453 PV:499,017,076 Loss:-0.023344 ET:41.9396
[002690][Epoch 264/300] Epsilon:0.1204 #Expl.:9881/9881 #Buy:3253 #Sell:3248 #Hold:3380 #Stocks:0 PV:498,785,546 Loss:-0.023323 ET:46.7267
[002690][Epoch 265/300] Epsilon:0.1171 #Expl.:9881/9881 #Buy:3332 #Sell:3123 #Hold:3426 #Stocks:12269 PV:499,055,636 Loss:-0.024254 ET:47.1419
[002690][Epoch 266/300] Epsilon:0.1137 #Expl.:9881/9881 #Buy:3222 #Sell:3273 #Hold:3386 #Stocks:137 PV:499,176,563 Loss:-0.024599 ET:48.6825
[002690][Epoch 267/300] Epsilon:0.1104 #Expl.:9881/9881 #Buy:3264 #Sell:3250 #Hold:3367 #Stocks:873 PV:499,085,909 Loss:-0.025572 ET:48.5560
[002690][Epoch 268/300] Epsilon:0.1070 #Expl.:9881/9881 #Buy:3315 #Sell:3297 #Hold:3269 #Stocks:9174 PV:498,802,028 Loss:-0.026473 ET:43.4930
[002690][Epoch 269/300] Epsilon:0.1037 #Expl.:9881/9881 #Buy:3298 #Sell:3266 #Hold:3317 #Stocks:7178 PV:498,761,885 Loss:-0.028382 ET:41.6769
[002690][Epoch 270/300] Epsilon:0.1003 #Expl.:9881/9881 #Buy:3326 #Sell:3276 #Hold:3279 #Stocks:31512 PV:498,425,172 Loss:-0.031392 ET:46.3294
[002690][Epoch 271/300] Epsilon:0.0970 #Expl.:6056/9881 #Buy:2612 #Sell:2076 #Hold:5193 #Stocks:259534 PV:468,977,963 Loss:-0.013876 ET:51.6221
[002690][Epoch 272/300] Epsilon:0.0936 #Expl.:2685/9881 #Buy:867 #Sell:865 #Hold:8149 #Stocks:7397 PV:499,960,446 Loss:-0.183614 ET:41.5204
[002690][Epoch 273/300] Epsilon:0.0903 #Expl.:3423/9881 #Buy:1155 #Sell:1078 #Hold:7648 #Stocks:73274 PV:498,872,574 Loss:-0.104252 ET:40.4820
[002690][Epoch 274/300] Epsilon:0.0870 #Expl.:856/9881 #Buy:2605 #Sell:1440 #Hold:5836 #Stocks:261224 PV:472,032,400 Loss:-0.036624 ET:30.2134
[002690][Epoch 275/300] Epsilon:0.0836 #Expl.:3219/9881 #Buy:2356 #Sell:902 #Hold:6623 #Stocks:275038 PV:496,994,658 Loss:-0.050930 ET:25.8335
[002690][Epoch 276/300] Epsilon:0.0803 #Expl.:5530/9881 #Buy:1826 #Sell:1868 #Hold:6187 #Stocks:258147 PV:467,534,337 Loss:-0.041985 ET:42.9001
[002690][Epoch 277/300] Epsilon:0.0769 #Expl.:791/9881 #Buy:239 #Sell:234 #Hold:9408 #Stocks:0 PV:499,999,182 Loss:-0.113378 ET:40.5286
[002690][Epoch 278/300] Epsilon:0.0736 #Expl.:4648/9881 #Buy:1529 #Sell:1528 #Hold:6824 #Stocks:183140 PV:495,876,075 Loss:-0.053702 ET:39.3114
[002690][Epoch 279/300] Epsilon:0.0702 #Expl.:9881/9881 #Buy:3182 #Sell:3346 #Hold:3353 #Stocks:191542 PV:492,223,269 Loss:-0.026321 ET:39.4984
[002690][Epoch 280/300] Epsilon:0.0669 #Expl.:9881/9881 #Buy:3256 #Sell:3249 #Hold:3376 #Stocks:257995 PV:484,581,960 Loss:-0.022749 ET:39.8260
[002690][Epoch 281/300] Epsilon:0.0635 #Expl.:9881/9881 #Buy:3421 #Sell:3184 #Hold:3276 #Stocks:120083 PV:494,614,264 Loss:-0.025319 ET:41.5409
[002690][Epoch 282/300] Epsilon:0.0602 #Expl.:9881/9881 #Buy:3284 #Sell:3321 #Hold:3276 #Stocks:102506 PV:493,526,388 Loss:-0.023943 ET:40.4134
[002690][Epoch 283/300] Epsilon:0.0569 #Expl.:9881/9881 #Buy:3359 #Sell:3281 #Hold:3241 #Stocks:78317 PV:495,742,071 Loss:-0.024471 ET:45.2500
[002690][Epoch 284/300] Epsilon:0.0535 #Expl.:9881/9881 #Buy:3173 #Sell:3358 #Hold:3350 #Stocks:41352 PV:496,472,432 Loss:-0.023788 ET:39.6373
[002690][Epoch 285/300] Epsilon:0.0502 #Expl.:9881/9881 #Buy:3224 #Sell:3303 #Hold:3354 #Stocks:35620 PV:497,181,321 Loss:-0.023801 ET:39.9983
[002690][Epoch 286/300] Epsilon:0.0468 #Expl.:9881/9881 #Buy:3255 #Sell:3249 #Hold:3377 #Stocks:30140 PV:497,448,260 Loss:-0.023616 ET:38.3120
[002690][Epoch 287/300] Epsilon:0.0435 #Expl.:9881/9881 #Buy:3241 #Sell:3294 #Hold:3346 #Stocks:17256 PV:498,181,295 Loss:-0.023699 ET:47.7919
[002690][Epoch 288/300] Epsilon:0.0401 #Expl.:9881/9881 #Buy:3306 #Sell:3319 #Hold:3256 #Stocks:14986 PV:497,973,266 Loss:-0.023285 ET:41.0825
[002690][Epoch 289/300] Epsilon:0.0368 #Expl.:9881/9881 #Buy:3309 #Sell:3300 #Hold:3272 #Stocks:10417 PV:498,415,261 Loss:-0.023159 ET:41.7251
[002690][Epoch 290/300] Epsilon:0.0334 #Expl.:9881/9881 #Buy:3256 #Sell:3300 #Hold:3325 #Stocks:2945 PV:498,895,938 Loss:-0.023343 ET:41.3425
[002690][Epoch 291/300] Epsilon:0.0301 #Expl.:9881/9881 #Buy:3220 #Sell:3325 #Hold:3336 #Stocks:385 PV:499,060,600 Loss:-0.023297 ET:41.2950
[002690][Epoch 292/300] Epsilon:0.0268 #Expl.:9881/9881 #Buy:3326 #Sell:3322 #Hold:3233 #Stocks:4025 PV:498,467,418 Loss:-0.022858 ET:41.1911
[002690][Epoch 293/300] Epsilon:0.0234 #Expl.:9881/9881 #Buy:3321 #Sell:3261 #Hold:3299 #Stocks:5600 PV:498,955,082 Loss:-0.022927 ET:41.4124
[002690][Epoch 294/300] Epsilon:0.0201 #Expl.:9881/9881 #Buy:3356 #Sell:3244 #Hold:3281 #Stocks:6903 PV:498,475,319 Loss:-0.022502 ET:41.3418
[002690][Epoch 295/300] Epsilon:0.0167 #Expl.:9881/9881 #Buy:3336 #Sell:3321 #Hold:3224 #Stocks:593 PV:499,014,205 Loss:-0.022718 ET:40.8184
[002690][Epoch 296/300] Epsilon:0.0134 #Expl.:9881/9881 #Buy:3274 #Sell:3268 #Hold:3339 #Stocks:265 PV:499,096,541 Loss:-0.022741 ET:41.0667
[002690][Epoch 297/300] Epsilon:0.0100 #Expl.:9881/9881 #Buy:3283 #Sell:3208 #Hold:3390 #Stocks:4720 PV:499,133,050 Loss:-0.022752 ET:49.0199
[002690][Epoch 298/300] Epsilon:0.0067 #Expl.:9881/9881 #Buy:3230 #Sell:3224 #Hold:3427 #Stocks:688 PV:499,044,335 Loss:-0.022563 ET:40.7618
[002690][Epoch 299/300] Epsilon:0.0033 #Expl.:9881/9881 #Buy:3319 #Sell:3132 #Hold:3430 #Stocks:14831 PV:498,986,224 Loss:-0.022793 ET:40.2032
[002690][Epoch 300/300] Epsilon:0.0000 #Expl.:9881/9881 #Buy:3313 #Sell:3282 #Hold:3286 #Stocks:327 PV:498,708,865 Loss:-0.022339 ET:40.5216
[002690] Elapsed Time:12233.1785 Max PV:500,000,233 #Win:1
