{"mode": "train", "ver": "v1", "name": "001470_202404151325_202405241530", "stock_code": ["001470"], "rl_method": "ppo", "net": "cnn", "backend": "pytorch", "start_date": "202404151325", "end_date": "202405241530", "lr": 0.001, "discount_factor": 0.99, "balance": 500000000, "is_start_end": 0, "is_mock": 1}
[001470] RL:ppo NET:cnn LR:0.001 DF:0.99 
[001470][Epoch 001/300] Epsilon:1.0000 #Expl.:9881/9881 #Buy:3338 #Sell:1636 #Hold:4907 #Stocks:3 PV:499,989,591 Loss:-0.237267 ET:27.3993
[001470][Epoch 002/300] Epsilon:0.9967 #Expl.:9846/9881 #Buy:3215 #Sell:3206 #Hold:3460 #Stocks:9 PV:499,994,963 Loss:0.133997 ET:26.2114
[001470][Epoch 003/300] Epsilon:0.9933 #Expl.:9817/9881 #Buy:3346 #Sell:3233 #Hold:3302 #Stocks:113 PV:500,005,519 Loss:0.163966 ET:26.9259
[001470][Epoch 004/300] Epsilon:0.9900 #Expl.:9778/9881 #Buy:3298 #Sell:3179 #Hold:3404 #Stocks:119 PV:499,981,154 Loss:0.193364 ET:25.8312
[001470][Epoch 005/300] Epsilon:0.9866 #Expl.:9881/9881 #Buy:3323 #Sell:3112 #Hold:3446 #Stocks:211 PV:499,986,691 Loss:0.157274 ET:24.9257
[001470][Epoch 006/300] Epsilon:0.9833 #Expl.:9881/9881 #Buy:3339 #Sell:3269 #Hold:3273 #Stocks:70 PV:499,985,112 Loss:0.223445 ET:24.4209
[001470][Epoch 007/300] Epsilon:0.9799 #Expl.:9881/9881 #Buy:3154 #Sell:3149 #Hold:3578 #Stocks:5 PV:499,990,625 Loss:0.180172 ET:25.5688
[001470][Epoch 008/300] Epsilon:0.9766 #Expl.:9881/9881 #Buy:3268 #Sell:3237 #Hold:3376 #Stocks:31 PV:499,999,056 Loss:0.196831 ET:24.4146
[001470][Epoch 009/300] Epsilon:0.9732 #Expl.:9881/9881 #Buy:3282 #Sell:3235 #Hold:3364 #Stocks:47 PV:499,992,505 Loss:0.190004 ET:25.8403
[001470][Epoch 010/300] Epsilon:0.9699 #Expl.:9881/9881 #Buy:3246 #Sell:3229 #Hold:3406 #Stocks:17 PV:499,974,579 Loss:0.193665 ET:25.2008
[001470][Epoch 011/300] Epsilon:0.9666 #Expl.:9881/9881 #Buy:3313 #Sell:3232 #Hold:3336 #Stocks:81 PV:499,985,683 Loss:0.193348 ET:25.7595
[001470][Epoch 012/300] Epsilon:0.9632 #Expl.:9881/9881 #Buy:3252 #Sell:3232 #Hold:3397 #Stocks:20 PV:499,987,696 Loss:0.194332 ET:25.4758
[001470][Epoch 013/300] Epsilon:0.9599 #Expl.:9881/9881 #Buy:3254 #Sell:3195 #Hold:3432 #Stocks:59 PV:499,989,992 Loss:0.194677 ET:25.6138
[001470][Epoch 014/300] Epsilon:0.9565 #Expl.:9881/9881 #Buy:3289 #Sell:3248 #Hold:3344 #Stocks:41 PV:499,983,040 Loss:0.195042 ET:26.7488
[001470][Epoch 015/300] Epsilon:0.9532 #Expl.:9881/9881 #Buy:3319 #Sell:3297 #Hold:3265 #Stocks:22 PV:499,977,408 Loss:0.195681 ET:24.5990
[001470][Epoch 016/300] Epsilon:0.9498 #Expl.:9881/9881 #Buy:3281 #Sell:3277 #Hold:3323 #Stocks:4 PV:499,987,419 Loss:0.196036 ET:24.7231
[001470][Epoch 017/300] Epsilon:0.9465 #Expl.:9881/9881 #Buy:3339 #Sell:3226 #Hold:3316 #Stocks:113 PV:499,992,095 Loss:0.196296 ET:24.8329
[001470][Epoch 018/300] Epsilon:0.9431 #Expl.:9881/9881 #Buy:3275 #Sell:3240 #Hold:3366 #Stocks:35 PV:499,993,271 Loss:0.196671 ET:25.2870
[001470][Epoch 019/300] Epsilon:0.9398 #Expl.:9881/9881 #Buy:3276 #Sell:3202 #Hold:3403 #Stocks:74 PV:499,986,099 Loss:0.196677 ET:25.3707
[001470][Epoch 020/300] Epsilon:0.9365 #Expl.:9881/9881 #Buy:3293 #Sell:3188 #Hold:3400 #Stocks:105 PV:499,978,997 Loss:0.196815 ET:25.1079
[001470][Epoch 021/300] Epsilon:0.9331 #Expl.:9881/9881 #Buy:3320 #Sell:3213 #Hold:3348 #Stocks:107 PV:499,998,032 Loss:0.196955 ET:24.4887
[001470][Epoch 022/300] Epsilon:0.9298 #Expl.:9881/9881 #Buy:3348 #Sell:3241 #Hold:3292 #Stocks:107 PV:499,983,897 Loss:0.197199 ET:24.2096
[001470][Epoch 023/300] Epsilon:0.9264 #Expl.:9881/9881 #Buy:3282 #Sell:3218 #Hold:3381 #Stocks:64 PV:499,998,042 Loss:0.197767 ET:23.7182
[001470][Epoch 024/300] Epsilon:0.9231 #Expl.:9881/9881 #Buy:3344 #Sell:3294 #Hold:3243 #Stocks:50 PV:499,984,178 Loss:0.197985 ET:24.0530
[001470][Epoch 025/300] Epsilon:0.9197 #Expl.:9881/9881 #Buy:3301 #Sell:3254 #Hold:3326 #Stocks:47 PV:499,986,806 Loss:0.198521 ET:26.3870
[001470][Epoch 026/300] Epsilon:0.9164 #Expl.:9881/9881 #Buy:3298 #Sell:3250 #Hold:3333 #Stocks:48 PV:499,987,683 Loss:0.198294 ET:24.3739
[001470][Epoch 027/300] Epsilon:0.9130 #Expl.:9881/9881 #Buy:3284 #Sell:3222 #Hold:3375 #Stocks:62 PV:499,994,282 Loss:0.198713 ET:24.4639
[001470][Epoch 028/300] Epsilon:0.9097 #Expl.:9881/9881 #Buy:3213 #Sell:3174 #Hold:3494 #Stocks:39 PV:499,988,609 Loss:0.198556 ET:23.6860
[001470][Epoch 029/300] Epsilon:0.9064 #Expl.:9881/9881 #Buy:3364 #Sell:3249 #Hold:3268 #Stocks:115 PV:499,973,900 Loss:0.198670 ET:25.9012
[001470][Epoch 030/300] Epsilon:0.9030 #Expl.:9881/9881 #Buy:3368 #Sell:3123 #Hold:3390 #Stocks:245 PV:499,994,558 Loss:0.198934 ET:27.8891
[001470][Epoch 031/300] Epsilon:0.8997 #Expl.:9881/9881 #Buy:3316 #Sell:3219 #Hold:3346 #Stocks:97 PV:499,986,613 Loss:0.199043 ET:25.8767
[001470][Epoch 032/300] Epsilon:0.8963 #Expl.:9881/9881 #Buy:3265 #Sell:3200 #Hold:3416 #Stocks:65 PV:499,983,810 Loss:0.199295 ET:25.5726
[001470][Epoch 033/300] Epsilon:0.8930 #Expl.:9881/9881 #Buy:3274 #Sell:3188 #Hold:3419 #Stocks:86 PV:499,984,332 Loss:0.199154 ET:25.3340
[001470][Epoch 034/300] Epsilon:0.8896 #Expl.:9881/9881 #Buy:3335 #Sell:3242 #Hold:3304 #Stocks:93 PV:499,984,364 Loss:0.199185 ET:26.3587
[001470][Epoch 035/300] Epsilon:0.8863 #Expl.:9881/9881 #Buy:3331 #Sell:3322 #Hold:3228 #Stocks:9 PV:500,002,257 Loss:0.199641 ET:25.5682
[001470][Epoch 036/300] Epsilon:0.8829 #Expl.:9881/9881 #Buy:3253 #Sell:3243 #Hold:3385 #Stocks:10 PV:499,987,863 Loss:0.199946 ET:24.0412
[001470][Epoch 037/300] Epsilon:0.8796 #Expl.:9881/9881 #Buy:3303 #Sell:3233 #Hold:3345 #Stocks:70 PV:499,982,005 Loss:0.199902 ET:24.2584
[001470][Epoch 038/300] Epsilon:0.8763 #Expl.:9881/9881 #Buy:3284 #Sell:3242 #Hold:3355 #Stocks:42 PV:499,992,991 Loss:0.200032 ET:24.3711
[001470][Epoch 039/300] Epsilon:0.8729 #Expl.:9881/9881 #Buy:3319 #Sell:3311 #Hold:3251 #Stocks:8 PV:499,983,697 Loss:0.200149 ET:23.9969
[001470][Epoch 040/300] Epsilon:0.8696 #Expl.:9881/9881 #Buy:3280 #Sell:3247 #Hold:3354 #Stocks:33 PV:499,992,609 Loss:0.200205 ET:24.2284
[001470][Epoch 041/300] Epsilon:0.8662 #Expl.:9881/9881 #Buy:3317 #Sell:3245 #Hold:3319 #Stocks:72 PV:499,975,628 Loss:0.200217 ET:24.4057
[001470][Epoch 042/300] Epsilon:0.8629 #Expl.:9881/9881 #Buy:3291 #Sell:3255 #Hold:3335 #Stocks:36 PV:499,987,149 Loss:0.200717 ET:24.6213
[001470][Epoch 043/300] Epsilon:0.8595 #Expl.:9881/9881 #Buy:3302 #Sell:3191 #Hold:3388 #Stocks:111 PV:500,003,201 Loss:0.200809 ET:24.9519
[001470][Epoch 044/300] Epsilon:0.8562 #Expl.:9881/9881 #Buy:3348 #Sell:3245 #Hold:3288 #Stocks:103 PV:499,982,668 Loss:0.200929 ET:28.4856
[001470][Epoch 045/300] Epsilon:0.8528 #Expl.:9881/9881 #Buy:3256 #Sell:3251 #Hold:3374 #Stocks:5 PV:499,985,949 Loss:0.201114 ET:25.7474
[001470][Epoch 046/300] Epsilon:0.8495 #Expl.:9881/9881 #Buy:3336 #Sell:3207 #Hold:3338 #Stocks:129 PV:499,991,724 Loss:0.201109 ET:24.5828
[001470][Epoch 047/300] Epsilon:0.8462 #Expl.:9881/9881 #Buy:3325 #Sell:3253 #Hold:3303 #Stocks:72 PV:499,984,339 Loss:0.201410 ET:26.6214
[001470][Epoch 048/300] Epsilon:0.8428 #Expl.:9881/9881 #Buy:3276 #Sell:3152 #Hold:3453 #Stocks:124 PV:499,985,106 Loss:0.201539 ET:24.1611
[001470][Epoch 049/300] Epsilon:0.8395 #Expl.:9881/9881 #Buy:3316 #Sell:3256 #Hold:3309 #Stocks:60 PV:499,986,660 Loss:0.201514 ET:24.2730
[001470][Epoch 050/300] Epsilon:0.8361 #Expl.:9881/9881 #Buy:3375 #Sell:3261 #Hold:3245 #Stocks:114 PV:499,995,353 Loss:0.201546 ET:23.9469
[001470][Epoch 051/300] Epsilon:0.8328 #Expl.:9881/9881 #Buy:3282 #Sell:3203 #Hold:3396 #Stocks:79 PV:499,975,968 Loss:0.201835 ET:24.5500
[001470][Epoch 052/300] Epsilon:0.8294 #Expl.:9881/9881 #Buy:3276 #Sell:3198 #Hold:3407 #Stocks:78 PV:499,987,883 Loss:0.201783 ET:24.1449
[001470][Epoch 053/300] Epsilon:0.8261 #Expl.:9881/9881 #Buy:3230 #Sell:3181 #Hold:3470 #Stocks:49 PV:499,987,421 Loss:0.201706 ET:24.4885
[001470][Epoch 054/300] Epsilon:0.8227 #Expl.:9881/9881 #Buy:3299 #Sell:3278 #Hold:3304 #Stocks:21 PV:499,981,545 Loss:0.201616 ET:24.8341
[001470][Epoch 055/300] Epsilon:0.8194 #Expl.:9881/9881 #Buy:3224 #Sell:3162 #Hold:3495 #Stocks:62 PV:499,979,280 Loss:0.201808 ET:24.2452
[001470][Epoch 056/300] Epsilon:0.8161 #Expl.:9881/9881 #Buy:3230 #Sell:3216 #Hold:3435 #Stocks:14 PV:499,988,952 Loss:0.201673 ET:25.2566
[001470][Epoch 057/300] Epsilon:0.8127 #Expl.:9881/9881 #Buy:3305 #Sell:3274 #Hold:3302 #Stocks:31 PV:499,999,029 Loss:0.201776 ET:25.4540
[001470][Epoch 058/300] Epsilon:0.8094 #Expl.:9881/9881 #Buy:3264 #Sell:3244 #Hold:3373 #Stocks:20 PV:499,991,599 Loss:0.202211 ET:24.6553
[001470][Epoch 059/300] Epsilon:0.8060 #Expl.:9881/9881 #Buy:3346 #Sell:3176 #Hold:3359 #Stocks:170 PV:499,986,311 Loss:0.202393 ET:24.7961
[001470][Epoch 060/300] Epsilon:0.8027 #Expl.:9881/9881 #Buy:3306 #Sell:3269 #Hold:3306 #Stocks:37 PV:499,996,409 Loss:0.202550 ET:23.5500
[001470][Epoch 061/300] Epsilon:0.7993 #Expl.:9881/9881 #Buy:3269 #Sell:3205 #Hold:3407 #Stocks:64 PV:499,993,109 Loss:0.202589 ET:23.4858
[001470][Epoch 062/300] Epsilon:0.7960 #Expl.:9881/9881 #Buy:3343 #Sell:3225 #Hold:3313 #Stocks:118 PV:499,984,441 Loss:0.202662 ET:24.3956
[001470][Epoch 063/300] Epsilon:0.7926 #Expl.:9881/9881 #Buy:3339 #Sell:3236 #Hold:3306 #Stocks:103 PV:499,982,905 Loss:0.202992 ET:23.5591
[001470][Epoch 064/300] Epsilon:0.7893 #Expl.:9881/9881 #Buy:3259 #Sell:3205 #Hold:3417 #Stocks:54 PV:499,994,317 Loss:0.202946 ET:23.5608
[001470][Epoch 065/300] Epsilon:0.7860 #Expl.:9881/9881 #Buy:3328 #Sell:3211 #Hold:3342 #Stocks:117 PV:499,975,187 Loss:0.202747 ET:23.5734
[001470][Epoch 066/300] Epsilon:0.7826 #Expl.:9881/9881 #Buy:3332 #Sell:3224 #Hold:3325 #Stocks:108 PV:499,986,837 Loss:0.203232 ET:24.2360
[001470][Epoch 067/300] Epsilon:0.7793 #Expl.:9881/9881 #Buy:3309 #Sell:3236 #Hold:3336 #Stocks:73 PV:499,994,271 Loss:0.203043 ET:23.5781
[001470][Epoch 068/300] Epsilon:0.7759 #Expl.:9881/9881 #Buy:3294 #Sell:3274 #Hold:3313 #Stocks:20 PV:499,995,309 Loss:0.203345 ET:23.4966
[001470][Epoch 069/300] Epsilon:0.7726 #Expl.:9881/9881 #Buy:3218 #Sell:3213 #Hold:3450 #Stocks:5 PV:499,986,228 Loss:0.203276 ET:23.6390
[001470][Epoch 070/300] Epsilon:0.7692 #Expl.:9881/9881 #Buy:3314 #Sell:3246 #Hold:3321 #Stocks:68 PV:499,989,144 Loss:0.202779 ET:23.7064
[001470][Epoch 071/300] Epsilon:0.7659 #Expl.:9881/9881 #Buy:3319 #Sell:3244 #Hold:3318 #Stocks:75 PV:499,991,537 Loss:0.203455 ET:24.4426
[001470][Epoch 072/300] Epsilon:0.7625 #Expl.:9881/9881 #Buy:3263 #Sell:3212 #Hold:3406 #Stocks:51 PV:499,981,266 Loss:0.203567 ET:23.4149
[001470][Epoch 073/300] Epsilon:0.7592 #Expl.:9881/9881 #Buy:3301 #Sell:3269 #Hold:3311 #Stocks:32 PV:499,979,796 Loss:0.203619 ET:24.5575
[001470][Epoch 074/300] Epsilon:0.7559 #Expl.:9881/9881 #Buy:3230 #Sell:3217 #Hold:3434 #Stocks:13 PV:499,988,593 Loss:0.203233 ET:23.6449
[001470][Epoch 075/300] Epsilon:0.7525 #Expl.:9881/9881 #Buy:3283 #Sell:3282 #Hold:3316 #Stocks:1 PV:499,990,976 Loss:0.203915 ET:23.5277
[001470][Epoch 076/300] Epsilon:0.7492 #Expl.:9881/9881 #Buy:3235 #Sell:3206 #Hold:3440 #Stocks:29 PV:499,975,246 Loss:0.204558 ET:26.6631
[001470][Epoch 077/300] Epsilon:0.7458 #Expl.:7311/9881 #Buy:2392 #Sell:2390 #Hold:5099 #Stocks:2 PV:499,984,725 Loss:0.272945 ET:23.6328
[001470][Epoch 078/300] Epsilon:0.7425 #Expl.:7296/9881 #Buy:2432 #Sell:2410 #Hold:5039 #Stocks:22 PV:500,003,423 Loss:0.162543 ET:23.4190
[001470][Epoch 079/300] Epsilon:0.7391 #Expl.:9881/9881 #Buy:3253 #Sell:3212 #Hold:3416 #Stocks:41 PV:499,965,714 Loss:0.215212 ET:23.5190
[001470][Epoch 080/300] Epsilon:0.7358 #Expl.:9881/9881 #Buy:3327 #Sell:3247 #Hold:3307 #Stocks:80 PV:499,985,601 Loss:0.219449 ET:23.4917
[001470][Epoch 081/300] Epsilon:0.7324 #Expl.:9881/9881 #Buy:3263 #Sell:3177 #Hold:3441 #Stocks:86 PV:499,984,139 Loss:0.209442 ET:23.4426
[001470][Epoch 082/300] Epsilon:0.7291 #Expl.:9881/9881 #Buy:3361 #Sell:3279 #Hold:3241 #Stocks:82 PV:500,010,763 Loss:0.212990 ET:24.1077
[001470][Epoch 083/300] Epsilon:0.7258 #Expl.:9881/9881 #Buy:3237 #Sell:3209 #Hold:3435 #Stocks:28 PV:499,988,078 Loss:0.212071 ET:23.3569
[001470][Epoch 084/300] Epsilon:0.7224 #Expl.:9881/9881 #Buy:3280 #Sell:3223 #Hold:3378 #Stocks:57 PV:499,991,212 Loss:0.212342 ET:23.3633
[001470][Epoch 085/300] Epsilon:0.7191 #Expl.:9881/9881 #Buy:3363 #Sell:3186 #Hold:3332 #Stocks:177 PV:499,979,249 Loss:0.212245 ET:23.7402
[001470][Epoch 086/300] Epsilon:0.7157 #Expl.:9881/9881 #Buy:3320 #Sell:3262 #Hold:3299 #Stocks:58 PV:499,985,020 Loss:0.212403 ET:23.7956
[001470][Epoch 087/300] Epsilon:0.7124 #Expl.:9881/9881 #Buy:3235 #Sell:3223 #Hold:3423 #Stocks:12 PV:499,992,684 Loss:0.212348 ET:23.6209
[001470][Epoch 088/300] Epsilon:0.7090 #Expl.:9881/9881 #Buy:3309 #Sell:3251 #Hold:3321 #Stocks:58 PV:499,991,964 Loss:0.211630 ET:23.7653
[001470][Epoch 089/300] Epsilon:0.7057 #Expl.:9881/9881 #Buy:3275 #Sell:3274 #Hold:3332 #Stocks:1 PV:499,974,820 Loss:0.212302 ET:23.6033
[001470][Epoch 090/300] Epsilon:0.7023 #Expl.:9881/9881 #Buy:3312 #Sell:3220 #Hold:3349 #Stocks:92 PV:499,982,263 Loss:0.211965 ET:23.8222
[001470][Epoch 091/300] Epsilon:0.6990 #Expl.:9881/9881 #Buy:3328 #Sell:3218 #Hold:3335 #Stocks:110 PV:499,991,958 Loss:0.212380 ET:23.6532
[001470][Epoch 092/300] Epsilon:0.6957 #Expl.:9881/9881 #Buy:3390 #Sell:3220 #Hold:3271 #Stocks:170 PV:499,982,126 Loss:0.212327 ET:23.9305
[001470][Epoch 093/300] Epsilon:0.6923 #Expl.:9881/9881 #Buy:3293 #Sell:3245 #Hold:3343 #Stocks:48 PV:499,995,339 Loss:0.212180 ET:23.7503
[001470][Epoch 094/300] Epsilon:0.6890 #Expl.:9881/9881 #Buy:3317 #Sell:3256 #Hold:3308 #Stocks:61 PV:499,993,138 Loss:0.212065 ET:23.5500
[001470][Epoch 095/300] Epsilon:0.6856 #Expl.:9881/9881 #Buy:3246 #Sell:3241 #Hold:3394 #Stocks:5 PV:500,002,164 Loss:0.212014 ET:25.4796
[001470][Epoch 096/300] Epsilon:0.6823 #Expl.:9881/9881 #Buy:3286 #Sell:3260 #Hold:3335 #Stocks:26 PV:499,982,949 Loss:0.212219 ET:23.5171
[001470][Epoch 097/300] Epsilon:0.6789 #Expl.:9881/9881 #Buy:3243 #Sell:3215 #Hold:3423 #Stocks:28 PV:499,993,223 Loss:0.212139 ET:23.4014
[001470][Epoch 098/300] Epsilon:0.6756 #Expl.:9881/9881 #Buy:3336 #Sell:3226 #Hold:3319 #Stocks:110 PV:499,977,092 Loss:0.211876 ET:23.8149
[001470][Epoch 099/300] Epsilon:0.6722 #Expl.:9881/9881 #Buy:3264 #Sell:3248 #Hold:3369 #Stocks:16 PV:499,985,347 Loss:0.212109 ET:24.6392
[001470][Epoch 100/300] Epsilon:0.6689 #Expl.:9881/9881 #Buy:3220 #Sell:3204 #Hold:3457 #Stocks:16 PV:499,982,648 Loss:0.211869 ET:23.4892
[001470][Epoch 101/300] Epsilon:0.6656 #Expl.:9881/9881 #Buy:3266 #Sell:3220 #Hold:3395 #Stocks:46 PV:499,981,877 Loss:0.211325 ET:23.4594
[001470][Epoch 102/300] Epsilon:0.6622 #Expl.:9881/9881 #Buy:3367 #Sell:3216 #Hold:3298 #Stocks:151 PV:499,990,107 Loss:0.211845 ET:24.1610
[001470][Epoch 103/300] Epsilon:0.6589 #Expl.:9881/9881 #Buy:3305 #Sell:3185 #Hold:3391 #Stocks:120 PV:500,002,028 Loss:0.212234 ET:23.6012
[001470][Epoch 104/300] Epsilon:0.6555 #Expl.:9881/9881 #Buy:3256 #Sell:3246 #Hold:3379 #Stocks:10 PV:499,990,994 Loss:0.212118 ET:23.4884
[001470][Epoch 105/300] Epsilon:0.6522 #Expl.:9881/9881 #Buy:3256 #Sell:3214 #Hold:3411 #Stocks:42 PV:499,988,382 Loss:0.211973 ET:23.7578
[001470][Epoch 106/300] Epsilon:0.6488 #Expl.:9881/9881 #Buy:3289 #Sell:3263 #Hold:3329 #Stocks:26 PV:499,980,476 Loss:0.211605 ET:23.6473
[001470][Epoch 107/300] Epsilon:0.6455 #Expl.:9881/9881 #Buy:3303 #Sell:3255 #Hold:3323 #Stocks:48 PV:499,985,859 Loss:0.211698 ET:23.6674
[001470][Epoch 108/300] Epsilon:0.6421 #Expl.:9881/9881 #Buy:3333 #Sell:3282 #Hold:3266 #Stocks:51 PV:500,004,916 Loss:0.211978 ET:23.6485
[001470][Epoch 109/300] Epsilon:0.6388 #Expl.:9881/9881 #Buy:3175 #Sell:3156 #Hold:3550 #Stocks:19 PV:499,988,153 Loss:0.212108 ET:23.4628
[001470][Epoch 110/300] Epsilon:0.6355 #Expl.:9881/9881 #Buy:3332 #Sell:3165 #Hold:3384 #Stocks:167 PV:499,984,637 Loss:0.211409 ET:26.9448
[001470][Epoch 111/300] Epsilon:0.6321 #Expl.:9881/9881 #Buy:3302 #Sell:3256 #Hold:3323 #Stocks:46 PV:499,998,304 Loss:0.211953 ET:24.1661
[001470][Epoch 112/300] Epsilon:0.6288 #Expl.:9881/9881 #Buy:3291 #Sell:3158 #Hold:3432 #Stocks:133 PV:499,996,287 Loss:0.211681 ET:26.0692
[001470][Epoch 113/300] Epsilon:0.6254 #Expl.:9881/9881 #Buy:3318 #Sell:3225 #Hold:3338 #Stocks:93 PV:500,000,093 Loss:0.211487 ET:23.4676
[001470][Epoch 114/300] Epsilon:0.6221 #Expl.:9881/9881 #Buy:3232 #Sell:3151 #Hold:3498 #Stocks:81 PV:499,987,088 Loss:0.212000 ET:23.7289
[001470][Epoch 115/300] Epsilon:0.6187 #Expl.:9881/9881 #Buy:3255 #Sell:3246 #Hold:3380 #Stocks:9 PV:499,993,173 Loss:0.211593 ET:23.4872
[001470][Epoch 116/300] Epsilon:0.6154 #Expl.:9881/9881 #Buy:3274 #Sell:3249 #Hold:3358 #Stocks:25 PV:499,986,853 Loss:0.211091 ET:23.4799
[001470][Epoch 117/300] Epsilon:0.6120 #Expl.:9881/9881 #Buy:3296 #Sell:3218 #Hold:3367 #Stocks:78 PV:499,993,244 Loss:0.211876 ET:23.9582
[001470][Epoch 118/300] Epsilon:0.6087 #Expl.:9881/9881 #Buy:3342 #Sell:3242 #Hold:3297 #Stocks:100 PV:499,992,364 Loss:0.211640 ET:23.6220
[001470][Epoch 119/300] Epsilon:0.6054 #Expl.:9881/9881 #Buy:3275 #Sell:3224 #Hold:3382 #Stocks:51 PV:499,986,711 Loss:0.211898 ET:23.4210
[001470][Epoch 120/300] Epsilon:0.6020 #Expl.:9881/9881 #Buy:3242 #Sell:3209 #Hold:3430 #Stocks:33 PV:499,998,226 Loss:0.212072 ET:23.5132
[001470][Epoch 121/300] Epsilon:0.5987 #Expl.:9881/9881 #Buy:3234 #Sell:3212 #Hold:3435 #Stocks:22 PV:499,977,227 Loss:0.211425 ET:23.9398
[001470][Epoch 122/300] Epsilon:0.5953 #Expl.:9881/9881 #Buy:3318 #Sell:3258 #Hold:3305 #Stocks:60 PV:499,993,753 Loss:0.211425 ET:23.5714
[001470][Epoch 123/300] Epsilon:0.5920 #Expl.:9881/9881 #Buy:3308 #Sell:3245 #Hold:3328 #Stocks:63 PV:499,975,520 Loss:0.211664 ET:23.5187
[001470][Epoch 124/300] Epsilon:0.5886 #Expl.:9881/9881 #Buy:3269 #Sell:3220 #Hold:3392 #Stocks:49 PV:499,984,751 Loss:0.211917 ET:23.9566
[001470][Epoch 125/300] Epsilon:0.5853 #Expl.:9881/9881 #Buy:3376 #Sell:3264 #Hold:3241 #Stocks:112 PV:499,991,801 Loss:0.211833 ET:23.6955
[001470][Epoch 126/300] Epsilon:0.5819 #Expl.:9881/9881 #Buy:3280 #Sell:3227 #Hold:3374 #Stocks:53 PV:499,989,597 Loss:0.211531 ET:23.9106
[001470][Epoch 127/300] Epsilon:0.5786 #Expl.:9881/9881 #Buy:3177 #Sell:3128 #Hold:3576 #Stocks:49 PV:499,982,868 Loss:0.211773 ET:24.3991
[001470][Epoch 128/300] Epsilon:0.5753 #Expl.:9881/9881 #Buy:3197 #Sell:3170 #Hold:3514 #Stocks:27 PV:499,986,640 Loss:0.210891 ET:23.6633
[001470][Epoch 129/300] Epsilon:0.5719 #Expl.:9881/9881 #Buy:3317 #Sell:3230 #Hold:3334 #Stocks:87 PV:499,998,786 Loss:0.210667 ET:23.4340
[001470][Epoch 130/300] Epsilon:0.5686 #Expl.:9881/9881 #Buy:3377 #Sell:3167 #Hold:3337 #Stocks:210 PV:499,992,395 Loss:0.210931 ET:27.4719
[001470][Epoch 131/300] Epsilon:0.5652 #Expl.:9881/9881 #Buy:3331 #Sell:3241 #Hold:3309 #Stocks:90 PV:499,994,015 Loss:0.211224 ET:23.8969
[001470][Epoch 132/300] Epsilon:0.5619 #Expl.:9881/9881 #Buy:3281 #Sell:3254 #Hold:3346 #Stocks:27 PV:499,980,744 Loss:0.211464 ET:23.6630
[001470][Epoch 133/300] Epsilon:0.5585 #Expl.:9881/9881 #Buy:3298 #Sell:3252 #Hold:3331 #Stocks:46 PV:499,980,585 Loss:0.210029 ET:23.4282
[001470][Epoch 134/300] Epsilon:0.5552 #Expl.:9881/9881 #Buy:3315 #Sell:3235 #Hold:3331 #Stocks:80 PV:500,003,424 Loss:0.211421 ET:23.4777
[001470][Epoch 135/300] Epsilon:0.5518 #Expl.:9881/9881 #Buy:3269 #Sell:3246 #Hold:3366 #Stocks:23 PV:499,987,038 Loss:0.211563 ET:23.4736
[001470][Epoch 136/300] Epsilon:0.5485 #Expl.:9881/9881 #Buy:3341 #Sell:3211 #Hold:3329 #Stocks:130 PV:499,987,791 Loss:0.210991 ET:23.5563
[001470][Epoch 137/300] Epsilon:0.5452 #Expl.:9881/9881 #Buy:3275 #Sell:3263 #Hold:3343 #Stocks:12 PV:499,998,613 Loss:0.211464 ET:23.6667
[001470][Epoch 138/300] Epsilon:0.5418 #Expl.:9881/9881 #Buy:3300 #Sell:3218 #Hold:3363 #Stocks:82 PV:499,981,650 Loss:0.211239 ET:25.0987
[001470][Epoch 139/300] Epsilon:0.5385 #Expl.:9881/9881 #Buy:3289 #Sell:3275 #Hold:3317 #Stocks:14 PV:499,995,536 Loss:0.211556 ET:24.2041
[001470][Epoch 140/300] Epsilon:0.5351 #Expl.:9881/9881 #Buy:3296 #Sell:3248 #Hold:3337 #Stocks:48 PV:499,980,536 Loss:0.210227 ET:23.6459
[001470][Epoch 141/300] Epsilon:0.5318 #Expl.:9881/9881 #Buy:3263 #Sell:3257 #Hold:3361 #Stocks:6 PV:499,988,192 Loss:0.211365 ET:23.7822
[001470][Epoch 142/300] Epsilon:0.5284 #Expl.:9881/9881 #Buy:3315 #Sell:3195 #Hold:3371 #Stocks:120 PV:499,986,650 Loss:0.211249 ET:23.5732
[001470][Epoch 143/300] Epsilon:0.5251 #Expl.:9881/9881 #Buy:3294 #Sell:3260 #Hold:3327 #Stocks:34 PV:499,996,510 Loss:0.211508 ET:23.4207
[001470][Epoch 144/300] Epsilon:0.5217 #Expl.:9881/9881 #Buy:3283 #Sell:3224 #Hold:3374 #Stocks:59 PV:499,987,425 Loss:0.211074 ET:24.1088
[001470][Epoch 145/300] Epsilon:0.5184 #Expl.:9881/9881 #Buy:3256 #Sell:3236 #Hold:3389 #Stocks:20 PV:499,993,678 Loss:0.211323 ET:23.7742
[001470][Epoch 146/300] Epsilon:0.5151 #Expl.:9881/9881 #Buy:3348 #Sell:3244 #Hold:3289 #Stocks:104 PV:499,992,547 Loss:0.210885 ET:23.7654
[001470][Epoch 147/300] Epsilon:0.5117 #Expl.:9881/9881 #Buy:3234 #Sell:3209 #Hold:3438 #Stocks:25 PV:499,986,634 Loss:0.211277 ET:23.5793
[001470][Epoch 148/300] Epsilon:0.5084 #Expl.:9881/9881 #Buy:3226 #Sell:3201 #Hold:3454 #Stocks:25 PV:499,979,631 Loss:0.209607 ET:23.6559
[001470][Epoch 149/300] Epsilon:0.5050 #Expl.:9881/9881 #Buy:3332 #Sell:3212 #Hold:3337 #Stocks:120 PV:499,979,533 Loss:0.210303 ET:23.5413
[001470][Epoch 150/300] Epsilon:0.5017 #Expl.:9881/9881 #Buy:3256 #Sell:3218 #Hold:3407 #Stocks:38 PV:499,988,636 Loss:0.211017 ET:23.5936
[001470][Epoch 151/300] Epsilon:0.4983 #Expl.:9881/9881 #Buy:3312 #Sell:3280 #Hold:3289 #Stocks:32 PV:499,999,281 Loss:0.210022 ET:24.0638
[001470][Epoch 152/300] Epsilon:0.4950 #Expl.:9881/9881 #Buy:3179 #Sell:3179 #Hold:3523 #Stocks:0 PV:499,997,756 Loss:0.210844 ET:24.1068
[001470][Epoch 153/300] Epsilon:0.4916 #Expl.:9881/9881 #Buy:3248 #Sell:3245 #Hold:3388 #Stocks:3 PV:499,990,869 Loss:0.209162 ET:24.1947
[001470][Epoch 154/300] Epsilon:0.4883 #Expl.:9881/9881 #Buy:3302 #Sell:3236 #Hold:3343 #Stocks:66 PV:499,988,879 Loss:0.210266 ET:23.2799
[001470][Epoch 155/300] Epsilon:0.4849 #Expl.:9881/9881 #Buy:3298 #Sell:3208 #Hold:3375 #Stocks:90 PV:499,982,509 Loss:0.210760 ET:23.7610
[001470][Epoch 156/300] Epsilon:0.4816 #Expl.:9881/9881 #Buy:3210 #Sell:3203 #Hold:3468 #Stocks:7 PV:499,989,656 Loss:0.211061 ET:23.5504
[001470][Epoch 157/300] Epsilon:0.4783 #Expl.:9881/9881 #Buy:3279 #Sell:3214 #Hold:3388 #Stocks:65 PV:499,996,353 Loss:0.208179 ET:23.5729
[001470][Epoch 158/300] Epsilon:0.4749 #Expl.:9881/9881 #Buy:3264 #Sell:3213 #Hold:3404 #Stocks:51 PV:499,989,877 Loss:0.209308 ET:23.7493
[001470][Epoch 159/300] Epsilon:0.4716 #Expl.:9881/9881 #Buy:3362 #Sell:3233 #Hold:3286 #Stocks:129 PV:499,990,387 Loss:0.198306 ET:23.7490
[001470][Epoch 160/300] Epsilon:0.4682 #Expl.:4615/9881 #Buy:1563 #Sell:1506 #Hold:6812 #Stocks:57 PV:500,000,716 Loss:0.088351 ET:23.8495
[001470][Epoch 161/300] Epsilon:0.4649 #Expl.:4623/9881 #Buy:1505 #Sell:1254 #Hold:7122 #Stocks:0 PV:499,995,341 Loss:-0.294325 ET:23.7040
[001470][Epoch 162/300] Epsilon:0.4615 #Expl.:4594/9881 #Buy:1547 #Sell:1243 #Hold:7091 #Stocks:0 PV:499,995,156 Loss:-0.655990 ET:23.6314
[001470][Epoch 163/300] Epsilon:0.4582 #Expl.:4607/9881 #Buy:1539 #Sell:1252 #Hold:7090 #Stocks:0 PV:499,994,779 Loss:-0.032360 ET:23.5620
[001470][Epoch 164/300] Epsilon:0.4548 #Expl.:4524/9881 #Buy:1510 #Sell:1510 #Hold:6861 #Stocks:0 PV:499,995,290 Loss:0.118589 ET:23.5176
[001470][Epoch 165/300] Epsilon:0.4515 #Expl.:4478/9881 #Buy:6928 #Sell:1487 #Hold:1466 #Stocks:5441 PV:499,941,834 Loss:0.030611 ET:23.9330
[001470][Epoch 166/300] Epsilon:0.4482 #Expl.:9881/9881 #Buy:3242 #Sell:3241 #Hold:3398 #Stocks:1 PV:499,997,051 Loss:0.178334 ET:23.8037
[001470][Epoch 167/300] Epsilon:0.4448 #Expl.:9881/9881 #Buy:3323 #Sell:3227 #Hold:3331 #Stocks:96 PV:500,001,315 Loss:0.191232 ET:26.9871
[001470][Epoch 168/300] Epsilon:0.4415 #Expl.:9881/9881 #Buy:3354 #Sell:3222 #Hold:3305 #Stocks:132 PV:499,986,889 Loss:0.194025 ET:23.3776
[001470][Epoch 169/300] Epsilon:0.4381 #Expl.:9881/9881 #Buy:3313 #Sell:3267 #Hold:3301 #Stocks:46 PV:499,986,878 Loss:0.192253 ET:23.4811
[001470][Epoch 170/300] Epsilon:0.4348 #Expl.:9881/9881 #Buy:3291 #Sell:3242 #Hold:3348 #Stocks:49 PV:499,978,208 Loss:0.191958 ET:24.8127
[001470][Epoch 171/300] Epsilon:0.4314 #Expl.:9881/9881 #Buy:3382 #Sell:3235 #Hold:3264 #Stocks:147 PV:499,988,485 Loss:0.192871 ET:23.5433
[001470][Epoch 172/300] Epsilon:0.4281 #Expl.:9881/9881 #Buy:3333 #Sell:3213 #Hold:3335 #Stocks:120 PV:499,988,903 Loss:0.193851 ET:23.4690
[001470][Epoch 173/300] Epsilon:0.4247 #Expl.:9881/9881 #Buy:3267 #Sell:3212 #Hold:3402 #Stocks:55 PV:499,988,582 Loss:0.193233 ET:23.5035
[001470][Epoch 174/300] Epsilon:0.4214 #Expl.:9881/9881 #Buy:3337 #Sell:3267 #Hold:3277 #Stocks:70 PV:499,993,960 Loss:0.194599 ET:23.5521
[001470][Epoch 175/300] Epsilon:0.4181 #Expl.:9881/9881 #Buy:3305 #Sell:3232 #Hold:3344 #Stocks:73 PV:499,993,276 Loss:0.194676 ET:23.8639
[001470][Epoch 176/300] Epsilon:0.4147 #Expl.:9881/9881 #Buy:3289 #Sell:3210 #Hold:3382 #Stocks:79 PV:499,995,442 Loss:0.194268 ET:23.4143
[001470][Epoch 177/300] Epsilon:0.4114 #Expl.:9881/9881 #Buy:3287 #Sell:3214 #Hold:3380 #Stocks:73 PV:499,986,321 Loss:0.194195 ET:23.3617
[001470][Epoch 178/300] Epsilon:0.4080 #Expl.:9881/9881 #Buy:3265 #Sell:3208 #Hold:3408 #Stocks:57 PV:499,991,989 Loss:0.194736 ET:23.3232
[001470][Epoch 179/300] Epsilon:0.4047 #Expl.:9881/9881 #Buy:3344 #Sell:3166 #Hold:3371 #Stocks:178 PV:499,993,304 Loss:0.194118 ET:23.4966
[001470][Epoch 180/300] Epsilon:0.4013 #Expl.:9881/9881 #Buy:3197 #Sell:3166 #Hold:3518 #Stocks:31 PV:499,989,783 Loss:0.193967 ET:23.5425
[001470][Epoch 181/300] Epsilon:0.3980 #Expl.:9881/9881 #Buy:3289 #Sell:3239 #Hold:3353 #Stocks:50 PV:499,982,203 Loss:0.193552 ET:23.9772
[001470][Epoch 182/300] Epsilon:0.3946 #Expl.:9881/9881 #Buy:3365 #Sell:3255 #Hold:3261 #Stocks:110 PV:499,985,742 Loss:0.193951 ET:23.9539
[001470][Epoch 183/300] Epsilon:0.3913 #Expl.:9881/9881 #Buy:3362 #Sell:3294 #Hold:3225 #Stocks:68 PV:500,000,486 Loss:0.194005 ET:24.8565
[001470][Epoch 184/300] Epsilon:0.3880 #Expl.:9881/9881 #Buy:3290 #Sell:3281 #Hold:3310 #Stocks:9 PV:499,988,039 Loss:0.193852 ET:23.9642
[001470][Epoch 185/300] Epsilon:0.3846 #Expl.:9881/9881 #Buy:3239 #Sell:3164 #Hold:3478 #Stocks:75 PV:499,989,853 Loss:0.193938 ET:23.8462
[001470][Epoch 186/300] Epsilon:0.3813 #Expl.:9881/9881 #Buy:3304 #Sell:3239 #Hold:3338 #Stocks:65 PV:499,990,885 Loss:0.194354 ET:23.4448
[001470][Epoch 187/300] Epsilon:0.3779 #Expl.:9881/9881 #Buy:3252 #Sell:3240 #Hold:3389 #Stocks:12 PV:499,989,434 Loss:0.193308 ET:23.6504
[001470][Epoch 188/300] Epsilon:0.3746 #Expl.:9881/9881 #Buy:3304 #Sell:3205 #Hold:3372 #Stocks:99 PV:499,985,843 Loss:0.193863 ET:23.7873
[001470][Epoch 189/300] Epsilon:0.3712 #Expl.:9881/9881 #Buy:3279 #Sell:3179 #Hold:3423 #Stocks:100 PV:499,988,093 Loss:0.193577 ET:23.5205
[001470][Epoch 190/300] Epsilon:0.3679 #Expl.:9881/9881 #Buy:3205 #Sell:3199 #Hold:3477 #Stocks:6 PV:499,986,626 Loss:0.193396 ET:23.8538
[001470][Epoch 191/300] Epsilon:0.3645 #Expl.:9881/9881 #Buy:3321 #Sell:3231 #Hold:3329 #Stocks:90 PV:499,988,327 Loss:0.193426 ET:23.1551
[001470][Epoch 192/300] Epsilon:0.3612 #Expl.:9881/9881 #Buy:3235 #Sell:3210 #Hold:3436 #Stocks:25 PV:499,988,364 Loss:0.193704 ET:23.2356
[001470][Epoch 193/300] Epsilon:0.3579 #Expl.:9881/9881 #Buy:3240 #Sell:3155 #Hold:3486 #Stocks:85 PV:499,987,754 Loss:0.193983 ET:23.4680
[001470][Epoch 194/300] Epsilon:0.3545 #Expl.:9881/9881 #Buy:3339 #Sell:3209 #Hold:3333 #Stocks:130 PV:499,975,669 Loss:0.194349 ET:23.5071
[001470][Epoch 195/300] Epsilon:0.3512 #Expl.:9881/9881 #Buy:3348 #Sell:3252 #Hold:3281 #Stocks:96 PV:499,992,043 Loss:0.193647 ET:23.4105
[001470][Epoch 196/300] Epsilon:0.3478 #Expl.:9881/9881 #Buy:3200 #Sell:3175 #Hold:3506 #Stocks:25 PV:499,971,590 Loss:0.194000 ET:23.4203
[001470][Epoch 197/300] Epsilon:0.3445 #Expl.:9881/9881 #Buy:3282 #Sell:3255 #Hold:3344 #Stocks:27 PV:499,983,011 Loss:0.193789 ET:23.5578
[001470][Epoch 198/300] Epsilon:0.3411 #Expl.:9881/9881 #Buy:3295 #Sell:3230 #Hold:3356 #Stocks:65 PV:499,996,149 Loss:0.194148 ET:23.4469
[001470][Epoch 199/300] Epsilon:0.3378 #Expl.:9881/9881 #Buy:3381 #Sell:3294 #Hold:3206 #Stocks:87 PV:499,985,175 Loss:0.192913 ET:23.5122
[001470][Epoch 200/300] Epsilon:0.3344 #Expl.:9881/9881 #Buy:3141 #Sell:3132 #Hold:3608 #Stocks:9 PV:499,990,431 Loss:0.193578 ET:23.6789
[001470][Epoch 201/300] Epsilon:0.3311 #Expl.:9881/9881 #Buy:3240 #Sell:3226 #Hold:3415 #Stocks:14 PV:499,984,789 Loss:0.193927 ET:23.6196
[001470][Epoch 202/300] Epsilon:0.3278 #Expl.:9881/9881 #Buy:3320 #Sell:3287 #Hold:3274 #Stocks:33 PV:499,994,202 Loss:0.194123 ET:23.7897
[001470][Epoch 203/300] Epsilon:0.3244 #Expl.:9881/9881 #Buy:3280 #Sell:3280 #Hold:3321 #Stocks:0 PV:500,000,477 Loss:0.194025 ET:27.0227
[001470][Epoch 204/300] Epsilon:0.3211 #Expl.:9881/9881 #Buy:3317 #Sell:3290 #Hold:3274 #Stocks:27 PV:499,996,561 Loss:0.194029 ET:23.8024
[001470][Epoch 205/300] Epsilon:0.3177 #Expl.:9881/9881 #Buy:3293 #Sell:3176 #Hold:3412 #Stocks:117 PV:499,979,282 Loss:0.193850 ET:23.3206
[001470][Epoch 206/300] Epsilon:0.3144 #Expl.:9881/9881 #Buy:3295 #Sell:3200 #Hold:3386 #Stocks:95 PV:499,992,389 Loss:0.193781 ET:23.4251
[001470][Epoch 207/300] Epsilon:0.3110 #Expl.:9881/9881 #Buy:3351 #Sell:3277 #Hold:3253 #Stocks:74 PV:499,981,583 Loss:0.194063 ET:23.4255
[001470][Epoch 208/300] Epsilon:0.3077 #Expl.:9881/9881 #Buy:3270 #Sell:3252 #Hold:3359 #Stocks:18 PV:499,988,913 Loss:0.193998 ET:23.4651
[001470][Epoch 209/300] Epsilon:0.3043 #Expl.:9881/9881 #Buy:3313 #Sell:3273 #Hold:3295 #Stocks:40 PV:499,989,643 Loss:0.194297 ET:23.4932
[001470][Epoch 210/300] Epsilon:0.3010 #Expl.:9881/9881 #Buy:3319 #Sell:3195 #Hold:3367 #Stocks:124 PV:499,984,568 Loss:0.194026 ET:23.5408
[001470][Epoch 211/300] Epsilon:0.2977 #Expl.:9881/9881 #Buy:3423 #Sell:3229 #Hold:3229 #Stocks:194 PV:499,992,680 Loss:0.193852 ET:23.5445
[001470][Epoch 212/300] Epsilon:0.2943 #Expl.:9881/9881 #Buy:3337 #Sell:3265 #Hold:3279 #Stocks:72 PV:499,999,631 Loss:0.193781 ET:23.5318
[001470][Epoch 213/300] Epsilon:0.2910 #Expl.:9881/9881 #Buy:3348 #Sell:3260 #Hold:3273 #Stocks:88 PV:499,985,343 Loss:0.193590 ET:23.5981
[001470][Epoch 214/300] Epsilon:0.2876 #Expl.:9881/9881 #Buy:3276 #Sell:3260 #Hold:3345 #Stocks:16 PV:499,988,822 Loss:0.193861 ET:23.7534
[001470][Epoch 215/300] Epsilon:0.2843 #Expl.:9881/9881 #Buy:3272 #Sell:3175 #Hold:3434 #Stocks:97 PV:499,989,408 Loss:0.194207 ET:23.4975
[001470][Epoch 216/300] Epsilon:0.2809 #Expl.:9881/9881 #Buy:3332 #Sell:3174 #Hold:3375 #Stocks:158 PV:499,983,780 Loss:0.193909 ET:23.2844
[001470][Epoch 217/300] Epsilon:0.2776 #Expl.:9881/9881 #Buy:3301 #Sell:3287 #Hold:3293 #Stocks:14 PV:499,993,971 Loss:0.193863 ET:23.6710
[001470][Epoch 218/300] Epsilon:0.2742 #Expl.:9881/9881 #Buy:3256 #Sell:3199 #Hold:3426 #Stocks:57 PV:499,988,174 Loss:0.193879 ET:24.3594
[001470][Epoch 219/300] Epsilon:0.2709 #Expl.:9881/9881 #Buy:3309 #Sell:3217 #Hold:3355 #Stocks:92 PV:499,980,178 Loss:0.193829 ET:23.5427
[001470][Epoch 220/300] Epsilon:0.2676 #Expl.:9881/9881 #Buy:3333 #Sell:3250 #Hold:3298 #Stocks:83 PV:499,989,161 Loss:0.194247 ET:23.6856
[001470][Epoch 221/300] Epsilon:0.2642 #Expl.:9881/9881 #Buy:3331 #Sell:3278 #Hold:3272 #Stocks:53 PV:499,990,889 Loss:0.193920 ET:23.5137
[001470][Epoch 222/300] Epsilon:0.2609 #Expl.:9881/9881 #Buy:3291 #Sell:3284 #Hold:3306 #Stocks:7 PV:499,991,217 Loss:0.193895 ET:23.6872
[001470][Epoch 223/300] Epsilon:0.2575 #Expl.:9881/9881 #Buy:3274 #Sell:3263 #Hold:3344 #Stocks:11 PV:499,987,725 Loss:0.193647 ET:23.4591
[001470][Epoch 224/300] Epsilon:0.2542 #Expl.:9881/9881 #Buy:3303 #Sell:3291 #Hold:3287 #Stocks:12 PV:499,989,182 Loss:0.193785 ET:23.4023
[001470][Epoch 225/300] Epsilon:0.2508 #Expl.:9881/9881 #Buy:3324 #Sell:3280 #Hold:3277 #Stocks:44 PV:499,990,325 Loss:0.193821 ET:23.8092
[001470][Epoch 226/300] Epsilon:0.2475 #Expl.:9881/9881 #Buy:3288 #Sell:3241 #Hold:3352 #Stocks:47 PV:499,983,540 Loss:0.193972 ET:23.7153
[001470][Epoch 227/300] Epsilon:0.2441 #Expl.:9881/9881 #Buy:3355 #Sell:3172 #Hold:3354 #Stocks:183 PV:499,997,720 Loss:0.194121 ET:23.7559
[001470][Epoch 228/300] Epsilon:0.2408 #Expl.:9881/9881 #Buy:3285 #Sell:3233 #Hold:3363 #Stocks:52 PV:499,988,504 Loss:0.193672 ET:23.5798
[001470][Epoch 229/300] Epsilon:0.2375 #Expl.:9881/9881 #Buy:3290 #Sell:3206 #Hold:3385 #Stocks:84 PV:499,977,592 Loss:0.193609 ET:23.4755
[001470][Epoch 230/300] Epsilon:0.2341 #Expl.:9881/9881 #Buy:3245 #Sell:3151 #Hold:3485 #Stocks:94 PV:499,983,924 Loss:0.193699 ET:23.6288
[001470][Epoch 231/300] Epsilon:0.2308 #Expl.:9881/9881 #Buy:3267 #Sell:3244 #Hold:3370 #Stocks:23 PV:499,989,922 Loss:0.193092 ET:23.8038
[001470][Epoch 232/300] Epsilon:0.2274 #Expl.:9881/9881 #Buy:3322 #Sell:3287 #Hold:3272 #Stocks:35 PV:499,990,133 Loss:0.193466 ET:23.5115
[001470][Epoch 233/300] Epsilon:0.2241 #Expl.:9881/9881 #Buy:3350 #Sell:3274 #Hold:3257 #Stocks:76 PV:499,982,673 Loss:0.194185 ET:25.5790
[001470][Epoch 234/300] Epsilon:0.2207 #Expl.:9881/9881 #Buy:3300 #Sell:3207 #Hold:3374 #Stocks:93 PV:499,988,760 Loss:0.193624 ET:24.7886
[001470][Epoch 235/300] Epsilon:0.2174 #Expl.:9881/9881 #Buy:3258 #Sell:3253 #Hold:3370 #Stocks:5 PV:499,984,636 Loss:0.193667 ET:23.9337
[001470][Epoch 236/300] Epsilon:0.2140 #Expl.:9881/9881 #Buy:3225 #Sell:3212 #Hold:3444 #Stocks:13 PV:499,983,648 Loss:0.193484 ET:23.6370
[001470][Epoch 237/300] Epsilon:0.2107 #Expl.:9881/9881 #Buy:3322 #Sell:3227 #Hold:3332 #Stocks:95 PV:499,975,155 Loss:0.193955 ET:23.3400
[001470][Epoch 238/300] Epsilon:0.2074 #Expl.:9881/9881 #Buy:3315 #Sell:3244 #Hold:3322 #Stocks:71 PV:499,981,584 Loss:0.193812 ET:23.6806
[001470][Epoch 239/300] Epsilon:0.2040 #Expl.:9881/9881 #Buy:3253 #Sell:3216 #Hold:3412 #Stocks:37 PV:499,993,343 Loss:0.193924 ET:23.9042
[001470][Epoch 240/300] Epsilon:0.2007 #Expl.:9881/9881 #Buy:3226 #Sell:3213 #Hold:3442 #Stocks:13 PV:499,992,448 Loss:0.193702 ET:24.3419
[001470][Epoch 241/300] Epsilon:0.1973 #Expl.:9881/9881 #Buy:3311 #Sell:3253 #Hold:3317 #Stocks:58 PV:499,998,090 Loss:0.193783 ET:23.5470
[001470][Epoch 242/300] Epsilon:0.1940 #Expl.:9881/9881 #Buy:3291 #Sell:3272 #Hold:3318 #Stocks:19 PV:499,988,094 Loss:0.194212 ET:23.6332
[001470][Epoch 243/300] Epsilon:0.1906 #Expl.:9881/9881 #Buy:3267 #Sell:3230 #Hold:3384 #Stocks:37 PV:499,988,151 Loss:0.194051 ET:23.4698
[001470][Epoch 244/300] Epsilon:0.1873 #Expl.:9881/9881 #Buy:3274 #Sell:3252 #Hold:3355 #Stocks:22 PV:499,986,098 Loss:0.193942 ET:23.4552
[001470][Epoch 245/300] Epsilon:0.1839 #Expl.:9881/9881 #Buy:3317 #Sell:3263 #Hold:3301 #Stocks:54 PV:499,991,622 Loss:0.193764 ET:23.5367
[001470][Epoch 246/300] Epsilon:0.1806 #Expl.:9881/9881 #Buy:3324 #Sell:3273 #Hold:3284 #Stocks:51 PV:499,983,526 Loss:0.193891 ET:23.5370
[001470][Epoch 247/300] Epsilon:0.1773 #Expl.:9881/9881 #Buy:3387 #Sell:3288 #Hold:3206 #Stocks:99 PV:499,996,008 Loss:0.194073 ET:24.9663
[001470][Epoch 248/300] Epsilon:0.1739 #Expl.:9881/9881 #Buy:3275 #Sell:3204 #Hold:3402 #Stocks:71 PV:499,985,437 Loss:0.193358 ET:23.4055
[001470][Epoch 249/300] Epsilon:0.1706 #Expl.:9881/9881 #Buy:3301 #Sell:3275 #Hold:3305 #Stocks:26 PV:499,992,389 Loss:0.193824 ET:23.5988
[001470][Epoch 250/300] Epsilon:0.1672 #Expl.:9881/9881 #Buy:3317 #Sell:3252 #Hold:3312 #Stocks:65 PV:499,996,225 Loss:0.194422 ET:23.4888
[001470][Epoch 251/300] Epsilon:0.1639 #Expl.:9881/9881 #Buy:3234 #Sell:3169 #Hold:3478 #Stocks:65 PV:499,997,924 Loss:0.193302 ET:23.7443
[001470][Epoch 252/300] Epsilon:0.1605 #Expl.:9881/9881 #Buy:3317 #Sell:3263 #Hold:3301 #Stocks:54 PV:499,985,774 Loss:0.193793 ET:23.5753
[001470][Epoch 253/300] Epsilon:0.1572 #Expl.:9881/9881 #Buy:3237 #Sell:3194 #Hold:3450 #Stocks:43 PV:499,972,879 Loss:0.193931 ET:23.5519
[001470][Epoch 254/300] Epsilon:0.1538 #Expl.:9881/9881 #Buy:3291 #Sell:3240 #Hold:3350 #Stocks:51 PV:499,987,801 Loss:0.194262 ET:24.0191
[001470][Epoch 255/300] Epsilon:0.1505 #Expl.:9881/9881 #Buy:3364 #Sell:3228 #Hold:3289 #Stocks:136 PV:499,991,086 Loss:0.192930 ET:23.5945
[001470][Epoch 256/300] Epsilon:0.1472 #Expl.:9881/9881 #Buy:3265 #Sell:3179 #Hold:3437 #Stocks:86 PV:499,981,289 Loss:0.193879 ET:23.9326
[001470][Epoch 257/300] Epsilon:0.1438 #Expl.:9881/9881 #Buy:3269 #Sell:3238 #Hold:3374 #Stocks:31 PV:499,985,858 Loss:0.193643 ET:23.6878
[001470][Epoch 258/300] Epsilon:0.1405 #Expl.:9881/9881 #Buy:3295 #Sell:3254 #Hold:3332 #Stocks:41 PV:499,997,216 Loss:0.192433 ET:23.5090
[001470][Epoch 259/300] Epsilon:0.1371 #Expl.:9881/9881 #Buy:3192 #Sell:3176 #Hold:3513 #Stocks:16 PV:499,998,351 Loss:0.193990 ET:23.4201
[001470][Epoch 260/300] Epsilon:0.1338 #Expl.:9881/9881 #Buy:3284 #Sell:3282 #Hold:3315 #Stocks:2 PV:499,989,435 Loss:0.193386 ET:23.6956
[001470][Epoch 261/300] Epsilon:0.1304 #Expl.:9881/9881 #Buy:3342 #Sell:3199 #Hold:3340 #Stocks:143 PV:499,993,072 Loss:0.194303 ET:23.5894
[001470][Epoch 262/300] Epsilon:0.1271 #Expl.:9881/9881 #Buy:3282 #Sell:3279 #Hold:3320 #Stocks:3 PV:499,977,970 Loss:0.193217 ET:23.6124
[001470][Epoch 263/300] Epsilon:0.1237 #Expl.:9881/9881 #Buy:3327 #Sell:3227 #Hold:3327 #Stocks:100 PV:499,983,128 Loss:0.194917 ET:24.1844
[001470][Epoch 264/300] Epsilon:0.1204 #Expl.:9881/9881 #Buy:3251 #Sell:3222 #Hold:3408 #Stocks:29 PV:499,988,670 Loss:0.183939 ET:24.1037
[001470][Epoch 265/300] Epsilon:0.1171 #Expl.:9881/9881 #Buy:3318 #Sell:3242 #Hold:3321 #Stocks:76 PV:499,997,443 Loss:0.180873 ET:23.5813
[001470][Epoch 266/300] Epsilon:0.1137 #Expl.:9881/9881 #Buy:3292 #Sell:3221 #Hold:3368 #Stocks:71 PV:499,994,345 Loss:0.179641 ET:23.4323
[001470][Epoch 267/300] Epsilon:0.1104 #Expl.:9881/9881 #Buy:3325 #Sell:3193 #Hold:3363 #Stocks:132 PV:499,982,548 Loss:0.187257 ET:23.3712
[001470][Epoch 268/300] Epsilon:0.1070 #Expl.:9881/9881 #Buy:3330 #Sell:3251 #Hold:3300 #Stocks:79 PV:499,986,719 Loss:0.191706 ET:23.5676
[001470][Epoch 269/300] Epsilon:0.1037 #Expl.:9881/9881 #Buy:3300 #Sell:3263 #Hold:3318 #Stocks:37 PV:499,992,922 Loss:0.191402 ET:23.5803
[001470][Epoch 270/300] Epsilon:0.1003 #Expl.:9881/9881 #Buy:3287 #Sell:3257 #Hold:3337 #Stocks:30 PV:499,979,735 Loss:0.192614 ET:23.8440
[001470][Epoch 271/300] Epsilon:0.0970 #Expl.:9881/9881 #Buy:3277 #Sell:3246 #Hold:3358 #Stocks:31 PV:499,986,854 Loss:0.192877 ET:23.7785
[001470][Epoch 272/300] Epsilon:0.0936 #Expl.:9881/9881 #Buy:3300 #Sell:3257 #Hold:3324 #Stocks:43 PV:499,984,702 Loss:0.192970 ET:23.6385
[001470][Epoch 273/300] Epsilon:0.0903 #Expl.:9881/9881 #Buy:3346 #Sell:3225 #Hold:3310 #Stocks:121 PV:499,992,213 Loss:0.193043 ET:24.4163
[001470][Epoch 274/300] Epsilon:0.0870 #Expl.:9881/9881 #Buy:3241 #Sell:3217 #Hold:3423 #Stocks:24 PV:499,986,551 Loss:0.192779 ET:23.7596
[001470][Epoch 275/300] Epsilon:0.0836 #Expl.:9881/9881 #Buy:3295 #Sell:3217 #Hold:3369 #Stocks:78 PV:499,984,253 Loss:0.192563 ET:23.7456
[001470][Epoch 276/300] Epsilon:0.0803 #Expl.:9881/9881 #Buy:3270 #Sell:3177 #Hold:3434 #Stocks:93 PV:499,986,592 Loss:0.193034 ET:23.8987
[001470][Epoch 277/300] Epsilon:0.0769 #Expl.:9881/9881 #Buy:3338 #Sell:3156 #Hold:3387 #Stocks:182 PV:499,988,149 Loss:0.192306 ET:23.8274
[001470][Epoch 278/300] Epsilon:0.0736 #Expl.:9881/9881 #Buy:3338 #Sell:3232 #Hold:3311 #Stocks:106 PV:499,983,377 Loss:0.192565 ET:23.8506
[001470][Epoch 279/300] Epsilon:0.0702 #Expl.:9881/9881 #Buy:3292 #Sell:3215 #Hold:3374 #Stocks:77 PV:499,984,165 Loss:0.192740 ET:23.9322
[001470][Epoch 280/300] Epsilon:0.0669 #Expl.:9881/9881 #Buy:3301 #Sell:3292 #Hold:3288 #Stocks:9 PV:499,983,682 Loss:0.192553 ET:23.9042
[001470][Epoch 281/300] Epsilon:0.0635 #Expl.:9881/9881 #Buy:3260 #Sell:3223 #Hold:3398 #Stocks:37 PV:499,983,019 Loss:0.192781 ET:23.4816
[001470][Epoch 282/300] Epsilon:0.0602 #Expl.:9881/9881 #Buy:3366 #Sell:3240 #Hold:3275 #Stocks:126 PV:499,982,469 Loss:0.192415 ET:23.5876
[001470][Epoch 283/300] Epsilon:0.0569 #Expl.:9881/9881 #Buy:3294 #Sell:3274 #Hold:3313 #Stocks:20 PV:499,987,615 Loss:0.192297 ET:24.1949
[001470][Epoch 284/300] Epsilon:0.0535 #Expl.:9881/9881 #Buy:3272 #Sell:3271 #Hold:3338 #Stocks:1 PV:499,992,134 Loss:0.192707 ET:26.3498
[001470][Epoch 285/300] Epsilon:0.0502 #Expl.:9881/9881 #Buy:3282 #Sell:3262 #Hold:3337 #Stocks:20 PV:500,004,371 Loss:0.192785 ET:23.6687
[001470][Epoch 286/300] Epsilon:0.0468 #Expl.:9881/9881 #Buy:3304 #Sell:3277 #Hold:3300 #Stocks:27 PV:499,988,662 Loss:0.192530 ET:23.8649
[001470][Epoch 287/300] Epsilon:0.0435 #Expl.:9881/9881 #Buy:3275 #Sell:3265 #Hold:3341 #Stocks:10 PV:499,977,927 Loss:0.192568 ET:23.5048
[001470][Epoch 288/300] Epsilon:0.0401 #Expl.:9881/9881 #Buy:3231 #Sell:3209 #Hold:3441 #Stocks:22 PV:499,993,350 Loss:0.192586 ET:23.4800
[001470][Epoch 289/300] Epsilon:0.0368 #Expl.:9881/9881 #Buy:3336 #Sell:3289 #Hold:3256 #Stocks:47 PV:499,991,717 Loss:0.192450 ET:23.5616
[001470][Epoch 290/300] Epsilon:0.0334 #Expl.:9881/9881 #Buy:3307 #Sell:3210 #Hold:3364 #Stocks:97 PV:499,986,652 Loss:0.192354 ET:23.4218
[001470][Epoch 291/300] Epsilon:0.0301 #Expl.:9881/9881 #Buy:3316 #Sell:3229 #Hold:3336 #Stocks:87 PV:499,975,906 Loss:0.192265 ET:24.1078
[001470][Epoch 292/300] Epsilon:0.0268 #Expl.:9881/9881 #Buy:3205 #Sell:3182 #Hold:3494 #Stocks:23 PV:499,998,537 Loss:0.192479 ET:23.4442
[001470][Epoch 293/300] Epsilon:0.0234 #Expl.:9881/9881 #Buy:3354 #Sell:3210 #Hold:3317 #Stocks:144 PV:499,986,249 Loss:0.191954 ET:23.5953
[001470][Epoch 294/300] Epsilon:0.0201 #Expl.:9881/9881 #Buy:3312 #Sell:3302 #Hold:3267 #Stocks:10 PV:499,992,316 Loss:0.191932 ET:23.4897
[001470][Epoch 295/300] Epsilon:0.0167 #Expl.:9881/9881 #Buy:3330 #Sell:3185 #Hold:3366 #Stocks:145 PV:499,979,811 Loss:0.192149 ET:23.6077
[001470][Epoch 296/300] Epsilon:0.0134 #Expl.:9881/9881 #Buy:3256 #Sell:3239 #Hold:3386 #Stocks:17 PV:499,981,492 Loss:0.191956 ET:23.7184
[001470][Epoch 297/300] Epsilon:0.0100 #Expl.:9881/9881 #Buy:3355 #Sell:3267 #Hold:3259 #Stocks:88 PV:499,985,559 Loss:0.192210 ET:23.5844
[001470][Epoch 298/300] Epsilon:0.0067 #Expl.:9881/9881 #Buy:3334 #Sell:3290 #Hold:3257 #Stocks:44 PV:499,993,397 Loss:0.191640 ET:23.7677
[001470][Epoch 299/300] Epsilon:0.0033 #Expl.:9881/9881 #Buy:3294 #Sell:3263 #Hold:3324 #Stocks:31 PV:499,980,861 Loss:0.192290 ET:23.6829
[001470][Epoch 300/300] Epsilon:0.0000 #Expl.:9881/9881 #Buy:3195 #Sell:3169 #Hold:3517 #Stocks:26 PV:499,987,737 Loss:0.192161 ET:23.9751
[001470] Elapsed Time:7543.3069 Max PV:500,010,763 #Win:15
