{"mode": "predict", "ver": "v1", "name": "001470_0326_0524_120steps_300epoch", "stock_code": ["001470"], "rl_method": "a2c", "net": "cnn", "backend": "pytorch", "start_date": "202405231346", "end_date": "202405281530", "lr": 0.001, "discount_factor": 0.99, "balance": 500000000, "is_start_end": 2, "is_mock": 1}
c2 | #TIME:110503 | #ACTION:SELL | #CONFIDENCE:0.5079755783081055 | #PRICE:0 | #UNIT:2902 | #PV:201495734 | #STOCKS:169959 | #LOSS:-0.597008532
c3 | #TIME:110603 | #ACTION:SELL | #CONFIDENCE:0.5079625248908997 | #PRICE:1677 | #UNIT:3027 | #PV:211255384.22 | #STOCKS:166932 | #LOSS:-0.57748923156
c4 | #TIME:110703 | #ACTION:BUY | #CONFIDENCE:0.5060563683509827 | #PRICE:1677 | #UNIT:3017 | #PV:215430979.9919883 | #STOCKS:169949 | #LOSS:-0.5691380400160234
c5 | #TIME:110803 | #ACTION:SELL | #CONFIDENCE:0.507941722869873 | #PRICE:0 | #UNIT:3029 | #PV:207909126 | #STOCKS:169949 | #LOSS:-0.584181748
c6 | #TIME:110903 | #ACTION:SELL | #CONFIDENCE:0.5079094767570496 | #PRICE:0 | #UNIT:3028 | #PV:208196857 | #STOCKS:169949 | #LOSS:-0.583606286
c7 | #TIME:111003 | #ACTION:SELL | #CONFIDENCE:0.507897138595581 | #PRICE:0 | #UNIT:3028 | #PV:214797537 | #STOCKS:169949 | #LOSS:-0.5704049259999999
c8 | #TIME:111103 | #ACTION:SELL | #CONFIDENCE:0.5078856945037842 | #PRICE:0 | #UNIT:3028 | #PV:215373117 | #STOCKS:169949 | #LOSS:-0.569253766
c9 | #TIME:111203 | #ACTION:HOLD | #CONFIDENCE:0.48328495025634766 | #PRICE:HOLD | #UNIT:HOLD | #PV:225196284 | #STOCKS:169949 | #LOSS:-0.549607432
c10 | #TIME:111303 | #ACTION:HOLD | #CONFIDENCE:0.483127236366272 | #PRICE:HOLD | #UNIT:HOLD | #PV:225196284 | #STOCKS:169949 | #LOSS:-0.549607432
c11 | #TIME:111403 | #ACTION:SELL | #CONFIDENCE:0.5078288316726685 | #PRICE:1677 | #UNIT:3028 | #PV:231743954.08 | #STOCKS:166921 | #LOSS:-0.5365120918399999
c12 | #TIME:111503 | #ACTION:SELL | #CONFIDENCE:0.5078152418136597 | #PRICE:1677 | #UNIT:3028 | #PV:238435581.08 | #STOCKS:163893 | #LOSS:-0.52312883784
c13 | #TIME:111603 | #ACTION:HOLD | #CONFIDENCE:0.4825729429721832 | #PRICE:HOLD | #UNIT:HOLD | #PV:235331083 | #STOCKS:163893 | #LOSS:-0.529337834
c14 | #TIME:111703 | #ACTION:BUY | #CONFIDENCE:0.5065659284591675 | #PRICE:1675 | #UNIT:3020 | #PV:240344064.69895 | #STOCKS:166913 | #LOSS:-0.5193118706021
c15 | #TIME:111803 | #ACTION:HOLD | #CONFIDENCE:0.4822387099266052 | #PRICE:HOLD | #UNIT:HOLD | #PV:234070979 | #STOCKS:166913 | #LOSS:-0.531858042
c16 | #TIME:111903 | #ACTION:SELL | #CONFIDENCE:0.5077617764472961 | #PRICE:1673 | #UNIT:3029 | #PV:238035377.06 | #STOCKS:163884 | #LOSS:-0.52392924588
c17 | #TIME:112003 | #ACTION:SELL | #CONFIDENCE:0.507731556892395 | #PRICE:0 | #UNIT:3033 | #PV:234161393 | #STOCKS:163884 | #LOSS:-0.531677214
c18 | #TIME:112103 | #ACTION:HOLD | #CONFIDENCE:0.48179399967193604 | #PRICE:HOLD | #UNIT:HOLD | #PV:235770084 | #STOCKS:163884 | #LOSS:-0.528459832
c19 | #TIME:112203 | #ACTION:BUY | #CONFIDENCE:0.5067456364631653 | #PRICE:1675 | #UNIT:3023 | #PV:246062497.6211675 | #STOCKS:166907 | #LOSS:-0.507875004757665
c20 | #TIME:112303 | #ACTION:SELL | #CONFIDENCE:0.5076984167098999 | #PRICE:1675 | #UNIT:3031 | #PV:241931735.5 | #STOCKS:163876 | #LOSS:-0.516136529
c21 | #TIME:112403 | #ACTION:SELL | #CONFIDENCE:0.5076910853385925 | #PRICE:1675 | #UNIT:3031 | #PV:247527069.5 | #STOCKS:160845 | #LOSS:-0.5049458609999999
c22 | #TIME:112503 | #ACTION:BUY | #CONFIDENCE:0.5068609714508057 | #PRICE:1675 | #UNIT:3026 | #PV:249514496.543385 | #STOCKS:163871 | #LOSS:-0.50097100691323
c23 | #TIME:112603 | #ACTION:HOLD | #CONFIDENCE:0.4809351861476898 | #PRICE:HOLD | #UNIT:HOLD | #PV:242832137 | #STOCKS:163871 | #LOSS:-0.514335726
c24 | #TIME:112703 | #ACTION:HOLD | #CONFIDENCE:0.4807182252407074 | #PRICE:HOLD | #UNIT:HOLD | #PV:240407845 | #STOCKS:163871 | #LOSS:-0.51918431
c25 | #TIME:112803 | #ACTION:HOLD | #CONFIDENCE:0.4805701673030853 | #PRICE:HOLD | #UNIT:HOLD | #PV:240407845 | #STOCKS:163871 | #LOSS:-0.51918431
c26 | #TIME:112903 | #ACTION:SELL | #CONFIDENCE:0.5075840353965759 | #PRICE:1680 | #UNIT:3019 | #PV:248143233.6 | #STOCKS:160852 | #LOSS:-0.5037135328
c27 | #TIME:113003 | #ACTION:HOLD | #CONFIDENCE:0.48006051778793335 | #PRICE:HOLD | #UNIT:HOLD | #PV:244175464 | #STOCKS:160852 | #LOSS:-0.511649072
c28 | #TIME:113103 | #ACTION:BUY | #CONFIDENCE:0.5071959495544434 | #PRICE:1680 | #UNIT:3019 | #PV:251152648.034504 | #STOCKS:163871 | #LOSS:-0.497694703930992
c29 | #TIME:113203 | #ACTION:SELL | #CONFIDENCE:0.5075235962867737 | #PRICE:1681 | #UNIT:3021 | #PV:249659902.18 | #STOCKS:160850 | #LOSS:-0.50068019564
c30 | #TIME:113303 | #ACTION:BUY | #CONFIDENCE:0.5073439478874207 | #PRICE:0 | #UNIT:3014 | #PV:244157737 | #STOCKS:160850 | #LOSS:-0.511684526
c31 | #TIME:113403 | #ACTION:SELL | #CONFIDENCE:0.5074944496154785 | #PRICE:0 | #UNIT:3015 | #PV:240887882 | #STOCKS:160850 | #LOSS:-0.518224236
c32 | #TIME:113503 | #ACTION:HOLD | #CONFIDENCE:0.4790843427181244 | #PRICE:HOLD | #UNIT:HOLD | #PV:245453391 | #STOCKS:160850 | #LOSS:-0.5090932180000001
c33 | #TIME:113603 | #ACTION:SELL | #CONFIDENCE:0.5074473023414612 | #PRICE:1682 | #UNIT:3015 | #PV:253801105.4 | #STOCKS:157835 | #LOSS:-0.4923977892
c34 | #TIME:113703 | #ACTION:BUY | #CONFIDENCE:0.5075460076332092 | #PRICE:0 | #UNIT:3017 | #PV:247879132 | #STOCKS:157835 | #LOSS:-0.504241736
c35 | #TIME:113803 | #ACTION:BUY | #CONFIDENCE:0.5076002478599548 | #PRICE:0 | #UNIT:3019 | #PV:249145269 | #STOCKS:157835 | #LOSS:-0.501709462
c36 | #TIME:113903 | #ACTION:BUY | #CONFIDENCE:0.5076466798782349 | #PRICE:1681 | #UNIT:3021 | #PV:246092597.3703587 | #STOCKS:160856 | #LOSS:-0.5078148052592826
c37 | #TIME:114003 | #ACTION:BUY | #CONFIDENCE:0.5077561140060425 | #PRICE:0 | #UNIT:3020 | #PV:240197471 | #STOCKS:160856 | #LOSS:-0.519605058
c38 | #TIME:114103 | #ACTION:HOLD | #CONFIDENCE:0.47777119278907776 | #PRICE:HOLD | #UNIT:HOLD | #PV:238384501 | #STOCKS:160856 | #LOSS:-0.5232309980000001
c39 | #TIME:114203 | #ACTION:SELL | #CONFIDENCE:0.5073462724685669 | #PRICE:1677 | #UNIT:3020 | #PV:236365437.2 | #STOCKS:157836 | #LOSS:-0.5272691255999999
c40 | #TIME:114303 | #ACTION:BUY | #CONFIDENCE:0.507875919342041 | #PRICE:1677 | #UNIT:3028 | #PV:239719404.5040572 | #STOCKS:160864 | #LOSS:-0.5205611909918856
c41 | #TIME:114403 | #ACTION:HOLD | #CONFIDENCE:0.47724565863609314 | #PRICE:HOLD | #UNIT:HOLD | #PV:230193593 | #STOCKS:160864 | #LOSS:-0.539612814
c42 | #TIME:114503 | #ACTION:HOLD | #CONFIDENCE:0.4771023988723755 | #PRICE:HOLD | #UNIT:HOLD | #PV:230193593 | #STOCKS:160864 | #LOSS:-0.539612814
c43 | #TIME:114603 | #ACTION:HOLD | #CONFIDENCE:0.4768606424331665 | #PRICE:HOLD | #UNIT:HOLD | #PV:230193593 | #STOCKS:160864 | #LOSS:-0.539612814
c44 | #TIME:114703 | #ACTION:BUY | #CONFIDENCE:0.5080490708351135 | #PRICE:1680 | #UNIT:3022 | #PV:234766611.863952 | #STOCKS:163886 | #LOSS:-0.530466776272096
c45 | #TIME:114803 | #ACTION:SELL | #CONFIDENCE:0.5072594881057739 | #PRICE:0 | #UNIT:3019 | #PV:226631433 | #STOCKS:163886 | #LOSS:-0.546737134
c46 | #TIME:114903 | #ACTION:BUY | #CONFIDENCE:0.5081592202186584 | #PRICE:0 | #UNIT:3024 | #PV:226831452 | #STOCKS:163886 | #LOSS:-0.546337096
c47 | #TIME:115003 | #ACTION:BUY | #CONFIDENCE:0.5082420706748962 | #PRICE:0 | #UNIT:3023 | #PV:230164999 | #STOCKS:163886 | #LOSS:-0.539670002
c48 | #TIME:115103 | #ACTION:HOLD | #CONFIDENCE:0.4757760763168335 | #PRICE:HOLD | #UNIT:HOLD | #PV:221345341 | #STOCKS:163886 | #LOSS:-0.5573093179999999
c49 | #TIME:115203 | #ACTION:BUY | #CONFIDENCE:0.5083721280097961 | #PRICE:1681 | #UNIT:3022 | #PV:225190986.1073234 | #STOCKS:166908 | #LOSS:-0.5496180277853532
c50 | #TIME:115303 | #ACTION:SELL | #CONFIDENCE:0.5071418881416321 | #PRICE:0 | #UNIT:3017 | #PV:217209942 | #STOCKS:166908 | #LOSS:-0.565580116
c51 | #TIME:115403 | #ACTION:SELL | #CONFIDENCE:0.5071189999580383 | #PRICE:0 | #UNIT:3020 | #PV:216457650 | #STOCKS:166908 | #LOSS:-0.5670847
c52 | #TIME:115503 | #ACTION:HOLD | #CONFIDENCE:0.4749322235584259 | #PRICE:HOLD | #UNIT:HOLD | #PV:215211641 | #STOCKS:166908 | #LOSS:-0.569576718
c53 | #TIME:115603 | #ACTION:BUY | #CONFIDENCE:0.5085601210594177 | #PRICE:0 | #UNIT:3029 | #PV:225051301 | #STOCKS:166908 | #LOSS:-0.5498973979999999
c54 | #TIME:115703 | #ACTION:BUY | #CONFIDENCE:0.5085942149162292 | #PRICE:0 | #UNIT:3029 | #PV:222428328 | #STOCKS:166908 | #LOSS:-0.555143344
c55 | #TIME:115803 | #ACTION:BUY | #CONFIDENCE:0.5086354613304138 | #PRICE:0 | #UNIT:3029 | #PV:219703023 | #STOCKS:166908 | #LOSS:-0.560593954
c56 | #TIME:115903 | #ACTION:HOLD | #CONFIDENCE:0.47435566782951355 | #PRICE:HOLD | #UNIT:HOLD | #PV:212885559 | #STOCKS:166908 | #LOSS:-0.574228882
c57 | #TIME:120003 | #ACTION:HOLD | #CONFIDENCE:0.4742717742919922 | #PRICE:HOLD | #UNIT:HOLD | #PV:212726034 | #STOCKS:166908 | #LOSS:-0.574547932
c58 | #TIME:120103 | #ACTION:BUY | #CONFIDENCE:0.5087200403213501 | #PRICE:0 | #UNIT:3030 | #PV:211259114 | #STOCKS:166908 | #LOSS:-0.5774817720000001
c59 | #TIME:120203 | #ACTION:HOLD | #CONFIDENCE:0.4740942120552063 | #PRICE:HOLD | #UNIT:HOLD | #PV:210364447 | #STOCKS:166908 | #LOSS:-0.579271106
c60 | #TIME:120303 | #ACTION:SELL | #CONFIDENCE:0.5070433020591736 | #PRICE:0 | #UNIT:3020 | #PV:209285111 | #STOCKS:166908 | #LOSS:-0.581429778
c61 | #TIME:120403 | #ACTION:HOLD | #CONFIDENCE:0.47386422753334045 | #PRICE:HOLD | #UNIT:HOLD | #PV:208956173 | #STOCKS:166908 | #LOSS:-0.582087654
c62 | #TIME:120503 | #ACTION:HOLD | #CONFIDENCE:0.47381412982940674 | #PRICE:HOLD | #UNIT:HOLD | #PV:208432556 | #STOCKS:166908 | #LOSS:-0.583134888
c63 | #TIME:120603 | #ACTION:SELL | #CONFIDENCE:0.5070215463638306 | #PRICE:0 | #UNIT:3021 | #PV:206653058 | #STOCKS:166908 | #LOSS:-0.586693884
c64 | #TIME:120703 | #ACTION:BUY | #CONFIDENCE:0.5088539719581604 | #PRICE:0 | #UNIT:3032 | #PV:210698756 | #STOCKS:166908 | #LOSS:-0.578602488
c65 | #TIME:120803 | #ACTION:BUY | #CONFIDENCE:0.5089151263237 | #PRICE:0 | #UNIT:3033 | #PV:213122957 | #STOCKS:166908 | #LOSS:-0.573754086
c66 | #TIME:120903 | #ACTION:HOLD | #CONFIDENCE:0.4732894003391266 | #PRICE:HOLD | #UNIT:HOLD | #PV:208818404 | #STOCKS:166908 | #LOSS:-0.582363192
c67 | #TIME:121003 | #ACTION:BUY | #CONFIDENCE:0.5090271830558777 | #PRICE:1676 | #UNIT:3037 | #PV:205302588.4087844 | #STOCKS:169945 | #LOSS:-0.5893948231824312
c68 | #TIME:121103 | #ACTION:BUY | #CONFIDENCE:0.5090541839599609 | #PRICE:1675 | #UNIT:3039 | #PV:200211846.2063275 | #STOCKS:172984 | #LOSS:-0.599576307587345
c69 | #TIME:121203 | #ACTION:BUY | #CONFIDENCE:0.5090817213058472 | #PRICE:1673 | #UNIT:3037 | #PV:200025538.9569787 | #STOCKS:176021 | #LOSS:-0.5999489220860426
c70 | #TIME:121303 | #ACTION:SELL | #CONFIDENCE:0.5069361329078674 | #PRICE:1673 | #UNIT:3030 | #PV:195705103.2 | #STOCKS:172991 | #LOSS:-0.6085897936
c71 | #TIME:121403 | #ACTION:BUY | #CONFIDENCE:0.509185791015625 | #PRICE:0 | #UNIT:3043 | #PV:190838353 | #STOCKS:172991 | #LOSS:-0.6183232940000001
c72 | #TIME:121503 | #ACTION:HOLD | #CONFIDENCE:0.47221991419792175 | #PRICE:HOLD | #UNIT:HOLD | #PV:189359438 | #STOCKS:172991 | #LOSS:-0.621281124
c73 | #TIME:121603 | #ACTION:SELL | #CONFIDENCE:0.5068844556808472 | #PRICE:1672 | #UNIT:3031 | #PV:195528054.76 | #STOCKS:169960 | #LOSS:-0.60894389048
c74 | #TIME:121703 | #ACTION:HOLD | #CONFIDENCE:0.4717255234718323 | #PRICE:HOLD | #UNIT:HOLD | #PV:194415251 | #STOCKS:169960 | #LOSS:-0.611169498
c75 | #TIME:121803 | #ACTION:BUY | #CONFIDENCE:0.5094277262687683 | #PRICE:1672 | #UNIT:3048 | #PV:199951992.3252672 | #STOCKS:173008 | #LOSS:-0.6000960153494657
c76 | #TIME:121903 | #ACTION:BUY | #CONFIDENCE:0.5094812512397766 | #PRICE:1671 | #UNIT:3047 | #PV:192299592.3105519 | #STOCKS:176055 | #LOSS:-0.6154008153788961
c77 | #TIME:122003 | #ACTION:HOLD | #CONFIDENCE:0.4712311029434204 | #PRICE:HOLD | #UNIT:HOLD | #PV:184224731 | #STOCKS:176055 | #LOSS:-0.6315505379999999
c78 | #TIME:122103 | #ACTION:BUY | #CONFIDENCE:0.5095630288124084 | #PRICE:1672 | #UNIT:3049 | #PV:186535903.9178936 | #STOCKS:179104 | #LOSS:-0.6269281921642128
c79 | #TIME:122203 | #ACTION:SELL | #CONFIDENCE:0.5067651271820068 | #PRICE:1671 | #UNIT:3031 | #PV:186458899.18 | #STOCKS:176073 | #LOSS:-0.62708220164
c80 | #TIME:122303 | #ACTION:SELL | #CONFIDENCE:0.5067421197891235 | #PRICE:1671 | #UNIT:3030 | #PV:192524695.4 | #STOCKS:173043 | #LOSS:-0.6149506092
c81 | #TIME:122403 | #ACTION:SELL | #CONFIDENCE:0.506718635559082 | #PRICE:1671 | #UNIT:3032 | #PV:195665584.96 | #STOCKS:170011 | #LOSS:-0.6086688300800001
c82 | #TIME:122503 | #ACTION:SELL | #CONFIDENCE:0.5066942572593689 | #PRICE:1671 | #UNIT:3032 | #PV:202026405.96 | #STOCKS:166979 | #LOSS:-0.59594718808
c83 | #TIME:122603 | #ACTION:HOLD | #CONFIDENCE:0.4699321389198303 | #PRICE:HOLD | #UNIT:HOLD | #PV:199348768 | #STOCKS:166979 | #LOSS:-0.601302464
c84 | #TIME:122703 | #ACTION:BUY | #CONFIDENCE:0.5098784565925598 | #PRICE:1670 | #UNIT:3051 | #PV:199997382.241779 | #STOCKS:170030 | #LOSS:-0.600005235516442
c85 | #TIME:122803 | #ACTION:BUY | #CONFIDENCE:0.509919285774231 | #PRICE:1670 | #UNIT:3053 | #PV:199900926.918437 | #STOCKS:173083 | #LOSS:-0.6001981461631261
c86 | #TIME:122903 | #ACTION:HOLD | #CONFIDENCE:0.46954262256622314 | #PRICE:HOLD | #UNIT:HOLD | #PV:191896928 | #STOCKS:173083 | #LOSS:-0.616206144
c87 | #TIME:123003 | #ACTION:HOLD | #CONFIDENCE:0.46945327520370483 | #PRICE:HOLD | #UNIT:HOLD | #PV:189151085 | #STOCKS:173083 | #LOSS:-0.62169783
c88 | #TIME:123103 | #ACTION:BUY | #CONFIDENCE:0.5100144147872925 | #PRICE:1671 | #UNIT:3052 | #PV:194899250.6379404 | #STOCKS:176135 | #LOSS:-0.6102014987241191
c89 | #TIME:123203 | #ACTION:BUY | #CONFIDENCE:0.5100974440574646 | #PRICE:0 | #UNIT:3052 | #PV:184383475 | #STOCKS:176135 | #LOSS:-0.6312330500000001
c90 | #TIME:123303 | #ACTION:BUY | #CONFIDENCE:0.5101759433746338 | #PRICE:1670 | #UNIT:3055 | #PV:182481472.595095 | #STOCKS:179190 | #LOSS:-0.63503705480981
c91 | #TIME:123403 | #ACTION:BUY | #CONFIDENCE:0.5102372169494629 | #PRICE:1670 | #UNIT:3055 | #PV:178212259.595095 | #STOCKS:182245 | #LOSS:-0.64357548080981
c92 | #TIME:123503 | #ACTION:BUY | #CONFIDENCE:0.5103121399879456 | #PRICE:1670 | #UNIT:3055 | #PV:171430453.595095 | #STOCKS:185300 | #LOSS:-0.65713909280981
c93 | #TIME:123603 | #ACTION:SELL | #CONFIDENCE:0.5064952969551086 | #PRICE:1670 | #UNIT:3031 | #PV:174665365.6 | #STOCKS:182269 | #LOSS:-0.6506692688
c94 | #TIME:123703 | #ACTION:SELL | #CONFIDENCE:0.5064749717712402 | #PRICE:1671 | #UNIT:3031 | #PV:176736952.18 | #STOCKS:179238 | #LOSS:-0.64652609564
c95 | #TIME:123803 | #ACTION:HOLD | #CONFIDENCE:0.46755602955818176 | #PRICE:HOLD | #UNIT:HOLD | #PV:172359873 | #STOCKS:179238 | #LOSS:-0.655280254
c96 | #TIME:123903 | #ACTION:HOLD | #CONFIDENCE:0.4676700532436371 | #PRICE:HOLD | #UNIT:HOLD | #PV:173747341 | #STOCKS:179238 | #LOSS:-0.652505318
c97 | #TIME:124003 | #ACTION:BUY | #CONFIDENCE:0.5104947090148926 | #PRICE:1670 | #UNIT:3057 | #PV:174397229.271753 | #STOCKS:182295 | #LOSS:-0.6512055414564939
c98 | #TIME:124103 | #ACTION:HOLD | #CONFIDENCE:0.4670824408531189 | #PRICE:HOLD | #UNIT:HOLD | #PV:168641421 | #STOCKS:182295 | #LOSS:-0.662717158
c99 | #TIME:124203 | #ACTION:HOLD | #CONFIDENCE:0.46697255969047546 | #PRICE:HOLD | #UNIT:HOLD | #PV:168641421 | #STOCKS:182295 | #LOSS:-0.662717158
c100 | #TIME:124303 | #ACTION:SELL | #CONFIDENCE:0.5063966512680054 | #PRICE:1662 | #UNIT:3041 | #PV:179649633.56 | #STOCKS:179254 | #LOSS:-0.6407007328800001
c101 | #TIME:124403 | #ACTION:HOLD | #CONFIDENCE:0.46675819158554077 | #PRICE:HOLD | #UNIT:HOLD | #PV:173685746 | #STOCKS:179254 | #LOSS:-0.652628508
c102 | #TIME:124503 | #ACTION:BUY | #CONFIDENCE:0.5107001662254333 | #PRICE:1663 | #UNIT:3071 | #PV:178182942.6927551 | #STOCKS:182325 | #LOSS:-0.6436341146144897
c103 | #TIME:124603 | #ACTION:HOLD | #CONFIDENCE:0.4665326178073883 | #PRICE:HOLD | #UNIT:HOLD | #PV:170750655 | #STOCKS:182325 | #LOSS:-0.65849869
c104 | #TIME:124703 | #ACTION:SELL | #CONFIDENCE:0.5063315629959106 | #PRICE:1661 | #UNIT:3046 | #PV:175394042.08 | #STOCKS:179279 | #LOSS:-0.64921191584
c105 | #TIME:124803 | #ACTION:BUY | #CONFIDENCE:0.5108878016471863 | #PRICE:1662 | #UNIT:3075 | #PV:177222460.503655 | #STOCKS:182354 | #LOSS:-0.64555507899269
c106 | #TIME:124903 | #ACTION:BUY | #CONFIDENCE:0.5109379291534424 | #PRICE:1661 | #UNIT:3074 | #PV:174110324.3274118 | #STOCKS:185428 | #LOSS:-0.6517793513451764
c107 | #TIME:125003 | #ACTION:HOLD | #CONFIDENCE:0.4655984044075012 | #PRICE:HOLD | #UNIT:HOLD | #PV:163414220 | #STOCKS:185428 | #LOSS:-0.67317156
c108 | #TIME:125103 | #ACTION:HOLD | #CONFIDENCE:0.46547624468803406 | #PRICE:HOLD | #UNIT:HOLD | #PV:163414220 | #STOCKS:185428 | #LOSS:-0.67317156
c109 | #TIME:125203 | #ACTION:HOLD | #CONFIDENCE:0.46523317694664 | #PRICE:HOLD | #UNIT:HOLD | #PV:163414220 | #STOCKS:185428 | #LOSS:-0.67317156
c110 | #TIME:125303 | #ACTION:HOLD | #CONFIDENCE:0.4650416374206543 | #PRICE:HOLD | #UNIT:HOLD | #PV:163414220 | #STOCKS:185428 | #LOSS:-0.67317156
c111 | #TIME:125403 | #ACTION:SELL | #CONFIDENCE:0.5062032341957092 | #PRICE:1662 | #UNIT:3049 | #PV:169561336.84 | #STOCKS:182379 | #LOSS:-0.6608773263200001
c112 | #TIME:125503 | #ACTION:BUY | #CONFIDENCE:0.5112596750259399 | #PRICE:1668 | #UNIT:3076 | #PV:174257336.4812016 | #STOCKS:185455 | #LOSS:-0.6514853270375969
c113 | #TIME:125603 | #ACTION:BUY | #CONFIDENCE:0.5112951993942261 | #PRICE:0 | #UNIT:3065 | #PV:167025632 | #STOCKS:185455 | #LOSS:-0.665948736
c114 | #TIME:125703 | #ACTION:SELL | #CONFIDENCE:0.506121814250946 | #PRICE:0 | #UNIT:3036 | #PV:165308927 | #STOCKS:185455 | #LOSS:-0.669382146
c115 | #TIME:125803 | #ACTION:SELL | #CONFIDENCE:0.5061211585998535 | #PRICE:0 | #UNIT:3038 | #PV:159147411 | #STOCKS:185455 | #LOSS:-0.6817051780000001
c116 | #TIME:125903 | #ACTION:SELL | #CONFIDENCE:0.5061147809028625 | #PRICE:0 | #UNIT:3041 | #PV:162761144 | #STOCKS:185455 | #LOSS:-0.6744777120000001
c117 | #TIME:130003 | #ACTION:HOLD | #CONFIDENCE:0.4638636112213135 | #PRICE:HOLD | #UNIT:HOLD | #PV:165728552 | #STOCKS:185455 | #LOSS:-0.6685428959999999
c118 | #TIME:130103 | #ACTION:SELL | #CONFIDENCE:0.5060798525810242 | #PRICE:0 | #UNIT:3046 | #PV:169982397 | #STOCKS:185455 | #LOSS:-0.660035206
c119 | #TIME:130203 | #ACTION:HOLD | #CONFIDENCE:0.4634241759777069 | #PRICE:HOLD | #UNIT:HOLD | #PV:170841036 | #STOCKS:185455 | #LOSS:-0.658317928
c120 | #TIME:130303 | #ACTION:SELL | #CONFIDENCE:0.5060448050498962 | #PRICE:0 | #UNIT:3048 | #PV:173997087 | #STOCKS:185455 | #LOSS:-0.652005826
c121 | #TIME:130403 | #ACTION:SELL | #CONFIDENCE:0.5060315132141113 | #PRICE:1659 | #UNIT:3048 | #PV:191268754.76 | #STOCKS:182407 | #LOSS:-0.61746249048
c122 | #TIME:130503 | #ACTION:BUY | #CONFIDENCE:0.5116738677024841 | #PRICE:1660 | #UNIT:3082 | #PV:193129707.007044 | #STOCKS:185489 | #LOSS:-0.613740585985912
c123 | #TIME:130603 | #ACTION:SELL | #CONFIDENCE:0.5060152411460876 | #PRICE:1660 | #UNIT:3048 | #PV:192520187.4 | #STOCKS:182441 | #LOSS:-0.6149596252
c124 | #TIME:130703 | #ACTION:BUY | #CONFIDENCE:0.5116738677024841 | #PRICE:1661 | #UNIT:3082 | #PV:189088501.8793374 | #STOCKS:185523 | #LOSS:-0.6218229962413252
c125 | #TIME:130803 | #ACTION:BUY | #CONFIDENCE:0.5116739869117737 | #PRICE:1660 | #UNIT:3080 | #PV:189079625.87336 | #STOCKS:188603 | #LOSS:-0.62184074825328
c126 | #TIME:130903 | #ACTION:BUY | #CONFIDENCE:0.5116739869117737 | #PRICE:1664 | #UNIT:3082 | #PV:183978986.4962176 | #STOCKS:191685 | #LOSS:-0.6320420270075648
c127 | #TIME:131003 | #ACTION:HOLD | #CONFIDENCE:0.46296340227127075 | #PRICE:HOLD | #UNIT:HOLD | #PV:174242737 | #STOCKS:191685 | #LOSS:-0.6515145259999999
c128 | #TIME:131103 | #ACTION:HOLD | #CONFIDENCE:0.46296319365501404 | #PRICE:HOLD | #UNIT:HOLD | #PV:173070497 | #STOCKS:191685 | #LOSS:-0.653859006
c129 | #TIME:131203 | #ACTION:HOLD | #CONFIDENCE:0.46296316385269165 | #PRICE:HOLD | #UNIT:HOLD | #PV:173070497 | #STOCKS:191685 | #LOSS:-0.653859006
c130 | #TIME:131303 | #ACTION:BUY | #CONFIDENCE:0.5116741061210632 | #PRICE:1666 | #UNIT:3073 | #PV:178774251.7731966 | #STOCKS:194758 | #LOSS:-0.6424514964536068
c131 | #TIME:131403 | #ACTION:BUY | #CONFIDENCE:0.5116741061210632 | #PRICE:0 | #UNIT:3071 | #PV:171070199 | #STOCKS:194758 | #LOSS:-0.657859602
c132 | #TIME:131503 | #ACTION:HOLD | #CONFIDENCE:0.46296268701553345 | #PRICE:HOLD | #UNIT:HOLD | #PV:164638004 | #STOCKS:194758 | #LOSS:-0.670723992
c133 | #TIME:131603 | #ACTION:BUY | #CONFIDENCE:0.511674165725708 | #PRICE:1667 | #UNIT:3069 | #PV:167595060.6736201 | #STOCKS:197827 | #LOSS:-0.6648098786527599
c134 | #TIME:131703 | #ACTION:SELL | #CONFIDENCE:0.5060151219367981 | #PRICE:0 | #UNIT:3035 | #PV:158907832 | #STOCKS:197827 | #LOSS:-0.682184336
c135 | #TIME:131803 | #ACTION:BUY | #CONFIDENCE:0.5116742849349976 | #PRICE:0 | #UNIT:3069 | #PV:159367571 | #STOCKS:197827 | #LOSS:-0.681264858
c136 | #TIME:131903 | #ACTION:HOLD | #CONFIDENCE:0.46296218037605286 | #PRICE:HOLD | #UNIT:HOLD | #PV:160872780 | #STOCKS:197827 | #LOSS:-0.67825444
c137 | #TIME:132003 | #ACTION:BUY | #CONFIDENCE:0.5116743445396423 | #PRICE:1665 | #UNIT:3069 | #PV:163377760.2348995 | #STOCKS:200896 | #LOSS:-0.6732444795302011
c138 | #TIME:132103 | #ACTION:HOLD | #CONFIDENCE:0.46296197175979614 | #PRICE:HOLD | #UNIT:HOLD | #PV:157054030 | #STOCKS:200896 | #LOSS:-0.68589194
c139 | #TIME:132203 | #ACTION:BUY | #CONFIDENCE:0.5116744041442871 | #PRICE:0 | #UNIT:3073 | #PV:154780454 | #STOCKS:200896 | #LOSS:-0.690439092
c140 | #TIME:132303 | #ACTION:HOLD | #CONFIDENCE:0.46296176314353943 | #PRICE:HOLD | #UNIT:HOLD | #PV:151272231 | #STOCKS:200896 | #LOSS:-0.697455538
c141 | #TIME:132403 | #ACTION:HOLD | #CONFIDENCE:0.4629616141319275 | #PRICE:HOLD | #UNIT:HOLD | #PV:147436555 | #STOCKS:200896 | #LOSS:-0.7051268900000001
c142 | #TIME:132503 | #ACTION:HOLD | #CONFIDENCE:0.46296146512031555 | #PRICE:HOLD | #UNIT:HOLD | #PV:147436555 | #STOCKS:200896 | #LOSS:-0.7051268900000001
c143 | #TIME:132603 | #ACTION:HOLD | #CONFIDENCE:0.4629613161087036 | #PRICE:HOLD | #UNIT:HOLD | #PV:147436555 | #STOCKS:200896 | #LOSS:-0.7051268900000001
c144 | #TIME:132703 | #ACTION:HOLD | #CONFIDENCE:0.4629611670970917 | #PRICE:HOLD | #UNIT:HOLD | #PV:147436555 | #STOCKS:200896 | #LOSS:-0.7051268900000001
c145 | #TIME:132803 | #ACTION:HOLD | #CONFIDENCE:0.46296095848083496 | #PRICE:HOLD | #UNIT:HOLD | #PV:147436555 | #STOCKS:200896 | #LOSS:-0.7051268900000001
c146 | #TIME:132903 | #ACTION:SELL | #CONFIDENCE:0.5060150027275085 | #PRICE:1668 | #UNIT:3031 | #PV:155290976.44 | #STOCKS:197865 | #LOSS:-0.68941804712
c147 | #TIME:133003 | #ACTION:SELL | #CONFIDENCE:0.5060150027275085 | #PRICE:0 | #UNIT:3031 | #PV:150543777 | #STOCKS:197865 | #LOSS:-0.698912446
c148 | #TIME:133103 | #ACTION:BUY | #CONFIDENCE:0.511674702167511 | #PRICE:0 | #UNIT:3065 | #PV:157214214 | #STOCKS:197865 | #LOSS:-0.685571572
c149 | #TIME:133203 | #ACTION:HOLD | #CONFIDENCE:0.46296054124832153 | #PRICE:HOLD | #UNIT:HOLD | #PV:152410815 | #STOCKS:197865 | #LOSS:-0.69517837
c150 | #TIME:133303 | #ACTION:BUY | #CONFIDENCE:0.5116747617721558 | #PRICE:1673 | #UNIT:3058 | #PV:153062088.0722558 | #STOCKS:200923 | #LOSS:-0.6938758238554884
c151 | #TIME:133403 | #ACTION:SELL | #CONFIDENCE:0.5060149431228638 | #PRICE:1673 | #UNIT:3019 | #PV:157441834.66 | #STOCKS:197904 | #LOSS:-0.68511633068
c152 | #TIME:133503 | #ACTION:HOLD | #CONFIDENCE:0.4629601240158081 | #PRICE:HOLD | #UNIT:HOLD | #PV:152336825 | #STOCKS:197904 | #LOSS:-0.69532635
c153 | #TIME:133603 | #ACTION:SELL | #CONFIDENCE:0.5060149431228638 | #PRICE:1671 | #UNIT:3024 | #PV:160115770.72 | #STOCKS:194880 | #LOSS:-0.67976845856
c154 | #TIME:133703 | #ACTION:BUY | #CONFIDENCE:0.5116749405860901 | #PRICE:0 | #UNIT:3062 | #PV:156878199 | #STOCKS:194880 | #LOSS:-0.686243602
c155 | #TIME:133803 | #ACTION:HOLD | #CONFIDENCE:0.46295973658561707 | #PRICE:HOLD | #UNIT:HOLD | #PV:157373487 | #STOCKS:194880 | #LOSS:-0.685253026
c156 | #TIME:133903 | #ACTION:SELL | #CONFIDENCE:0.506014883518219 | #PRICE:0 | #UNIT:3028 | #PV:152931339 | #STOCKS:194880 | #LOSS:-0.694137322
c157 | #TIME:134003 | #ACTION:HOLD | #CONFIDENCE:0.4629596173763275 | #PRICE:HOLD | #UNIT:HOLD | #PV:157312799 | #STOCKS:194880 | #LOSS:-0.685374402
c158 | #TIME:134103 | #ACTION:SELL | #CONFIDENCE:0.506014883518219 | #PRICE:0 | #UNIT:3026 | #PV:157312799 | #STOCKS:194880 | #LOSS:-0.685374402
c159 | #TIME:134203 | #ACTION:SELL | #CONFIDENCE:0.506014883518219 | #PRICE:0 | #UNIT:3028 | #PV:160396501 | #STOCKS:194880 | #LOSS:-0.679206998
c160 | #TIME:134303 | #ACTION:HOLD | #CONFIDENCE:0.46295931935310364 | #PRICE:HOLD | #UNIT:HOLD | #PV:167231715 | #STOCKS:194880 | #LOSS:-0.66553657
c161 | #TIME:134403 | #ACTION:SELL | #CONFIDENCE:0.5060148239135742 | #PRICE:1674 | #UNIT:3024 | #PV:173422173.68 | #STOCKS:191856 | #LOSS:-0.65315565264
c162 | #TIME:134503 | #ACTION:HOLD | #CONFIDENCE:0.4629589021205902 | #PRICE:HOLD | #UNIT:HOLD | #PV:168090407 | #STOCKS:191856 | #LOSS:-0.663819186
c163 | #TIME:134603 | #ACTION:SELL | #CONFIDENCE:0.5060147643089294 | #PRICE:1674 | #UNIT:3022 | #PV:183312498.04 | #STOCKS:188834 | #LOSS:-0.63337500392
c164 | #TIME:134703 | #ACTION:SELL | #CONFIDENCE:0.5060147643089294 | #PRICE:1673 | #UNIT:3021 | #PV:183534153.94 | #STOCKS:185813 | #LOSS:-0.63293169212
c165 | #TIME:134803 | #ACTION:HOLD | #CONFIDENCE:0.46295860409736633 | #PRICE:HOLD | #UNIT:HOLD | #PV:182559271 | #STOCKS:185813 | #LOSS:-0.634881458
c166 | #TIME:134903 | #ACTION:SELL | #CONFIDENCE:0.5060147643089294 | #PRICE:1670 | #UNIT:3028 | #PV:193573787.8 | #STOCKS:182785 | #LOSS:-0.6128524244
c167 | #TIME:135003 | #ACTION:BUY | #CONFIDENCE:0.5116753578186035 | #PRICE:1667 | #UNIT:3065 | #PV:189035837.8460885 | #STOCKS:185850 | #LOSS:-0.6219283243078231
c168 | #TIME:135103 | #ACTION:BUY | #CONFIDENCE:0.5116754174232483 | #PRICE:1668 | #UNIT:3067 | #PV:187962025.7249172 | #STOCKS:188917 | #LOSS:-0.6240759485501656
c169 | #TIME:135203 | #ACTION:HOLD | #CONFIDENCE:0.4629579782485962 | #PRICE:HOLD | #UNIT:HOLD | #PV:181808816 | #STOCKS:188917 | #LOSS:-0.636382368
c170 | #TIME:135303 | #ACTION:HOLD | #CONFIDENCE:0.46295788884162903 | #PRICE:HOLD | #UNIT:HOLD | #PV:180530398 | #STOCKS:188917 | #LOSS:-0.6389392039999999
c171 | #TIME:135403 | #ACTION:SELL | #CONFIDENCE:0.5060147047042847 | #PRICE:0 | #UNIT:3030 | #PV:178952567 | #STOCKS:188917 | #LOSS:-0.642094866
c172 | #TIME:135503 | #ACTION:BUY | #CONFIDENCE:0.5116754770278931 | #PRICE:0 | #UNIT:3060 | #PV:178638284 | #STOCKS:188917 | #LOSS:-0.6427234319999999
c173 | #TIME:135603 | #ACTION:SELL | #CONFIDENCE:0.5060146450996399 | #PRICE:0 | #UNIT:3030 | #PV:182271307 | #STOCKS:188917 | #LOSS:-0.635457386
c174 | #TIME:135703 | #ACTION:BUY | #CONFIDENCE:0.5116755366325378 | #PRICE:0 | #UNIT:3062 | #PV:179799242 | #STOCKS:188917 | #LOSS:-0.6404015160000001
c175 | #TIME:135803 | #ACTION:BUY | #CONFIDENCE:0.5116755962371826 | #PRICE:0 | #UNIT:3064 | #PV:177831687 | #STOCKS:188917 | #LOSS:-0.6443366260000001
c176 | #TIME:135903 | #ACTION:SELL | #CONFIDENCE:0.5060146450996399 | #PRICE:0 | #UNIT:3030 | #PV:173922898 | #STOCKS:188917 | #LOSS:-0.652154204
c177 | #TIME:140003 | #ACTION:SELL | #CONFIDENCE:0.5060146450996399 | #PRICE:0 | #UNIT:3031 | #PV:174198873 | #STOCKS:188917 | #LOSS:-0.6516022539999999
c178 | #TIME:140103 | #ACTION:BUY | #CONFIDENCE:0.5116756558418274 | #PRICE:0 | #UNIT:3065 | #PV:181502278 | #STOCKS:188917 | #LOSS:-0.6369954440000001
c179 | #TIME:140203 | #ACTION:BUY | #CONFIDENCE:0.5116757154464722 | #PRICE:1668 | #UNIT:3067 | #PV:182795941.7249172 | #STOCKS:191984 | #LOSS:-0.6344081165501656
c180 | #TIME:140303 | #ACTION:BUY | #CONFIDENCE:0.5116757154464722 | #PRICE:1667 | #UNIT:3067 | #PV:177214218.7598543 | #STOCKS:195051 | #LOSS:-0.6455715624802913
c181 | #TIME:140403 | #ACTION:SELL | #CONFIDENCE:0.5060145854949951 | #PRICE:1665 | #UNIT:3035 | #PV:174360098.5 | #STOCKS:192016 | #LOSS:-0.651279803
c182 | #TIME:140503 | #ACTION:BUY | #CONFIDENCE:0.5116757750511169 | #PRICE:1666 | #UNIT:3071 | #PV:177686503.1137282 | #STOCKS:195087 | #LOSS:-0.6446269937725436
c183 | #TIME:140603 | #ACTION:HOLD | #CONFIDENCE:0.4629564583301544 | #PRICE:HOLD | #UNIT:HOLD | #PV:171748226 | #STOCKS:195087 | #LOSS:-0.656503548
c184 | #TIME:140703 | #ACTION:BUY | #CONFIDENCE:0.5116758346557617 | #PRICE:0 | #UNIT:3071 | #PV:166764551 | #STOCKS:195087 | #LOSS:-0.666470898
c185 | #TIME:140803 | #ACTION:HOLD | #CONFIDENCE:0.4629562497138977 | #PRICE:HOLD | #UNIT:HOLD | #PV:164613061 | #STOCKS:195087 | #LOSS:-0.670773878
c186 | #TIME:140903 | #ACTION:SELL | #CONFIDENCE:0.5060145258903503 | #PRICE:1666 | #UNIT:3039 | #PV:167691422.32 | #STOCKS:192048 | #LOSS:-0.66461715536
c187 | #TIME:141003 | #ACTION:SELL | #CONFIDENCE:0.5060145258903503 | #PRICE:1663 | #UNIT:3037 | #PV:174239643.58 | #STOCKS:189011 | #LOSS:-0.65152071284
c188 | #TIME:141103 | #ACTION:SELL | #CONFIDENCE:0.5060145258903503 | #PRICE:0 | #UNIT:3039 | #PV:170157812 | #STOCKS:189011 | #LOSS:-0.659684376
c189 | #TIME:141203 | #ACTION:BUY | #CONFIDENCE:0.511676013469696 | #PRICE:0 | #UNIT:3073 | #PV:172251454 | #STOCKS:189011 | #LOSS:-0.6554970920000001
c190 | #TIME:141303 | #ACTION:SELL | #CONFIDENCE:0.5060145258903503 | #PRICE:0 | #UNIT:3039 | #PV:176489060 | #STOCKS:189011 | #LOSS:-0.64702188
c191 | #TIME:141403 | #ACTION:HOLD | #CONFIDENCE:0.4629555344581604 | #PRICE:HOLD | #UNIT:HOLD | #PV:176776374 | #STOCKS:189011 | #LOSS:-0.646447252
c192 | #TIME:141503 | #ACTION:SELL | #CONFIDENCE:0.5060144662857056 | #PRICE:1666 | #UNIT:3037 | #PV:182748415.56 | #STOCKS:185974 | #LOSS:-0.63450316888
c193 | #TIME:141603 | #ACTION:HOLD | #CONFIDENCE:0.4629552364349365 | #PRICE:HOLD | #UNIT:HOLD | #PV:181826189 | #STOCKS:185974 | #LOSS:-0.636347622
c194 | #TIME:141703 | #ACTION:SELL | #CONFIDENCE:0.5060144662857056 | #PRICE:1666 | #UNIT:3035 | #PV:187894127.8 | #STOCKS:182939 | #LOSS:-0.6242117443999999
c195 | #TIME:141803 | #ACTION:SELL | #CONFIDENCE:0.5060144662857056 | #PRICE:1666 | #UNIT:3037 | #PV:194537478.56 | #STOCKS:179902 | #LOSS:-0.6109250428799999
c196 | #TIME:141903 | #ACTION:BUY | #CONFIDENCE:0.5116761922836304 | #PRICE:1668 | #UNIT:3069 | #PV:197644420.8929804 | #STOCKS:182971 | #LOSS:-0.6047111582140392
c197 | #TIME:142003 | #ACTION:HOLD | #CONFIDENCE:0.4629548192024231 | #PRICE:HOLD | #UNIT:HOLD | #PV:186804849 | #STOCKS:182971 | #LOSS:-0.626390302
c198 | #TIME:142103 | #ACTION:HOLD | #CONFIDENCE:0.46295472979545593 | #PRICE:HOLD | #UNIT:HOLD | #PV:186804849 | #STOCKS:182971 | #LOSS:-0.626390302
c199 | #TIME:142203 | #ACTION:SELL | #CONFIDENCE:0.5060144066810608 | #PRICE:1668 | #UNIT:3035 | #PV:193898847.4 | #STOCKS:179936 | #LOSS:-0.6122023052
c200 | #TIME:142303 | #ACTION:HOLD | #CONFIDENCE:0.46295446157455444 | #PRICE:HOLD | #UNIT:HOLD | #PV:188108368 | #STOCKS:179936 | #LOSS:-0.6237832640000001
c201 | #TIME:142403 | #ACTION:HOLD | #CONFIDENCE:0.4629543125629425 | #PRICE:HOLD | #UNIT:HOLD | #PV:191857459 | #STOCKS:179936 | #LOSS:-0.616285082
c202 | #TIME:142503 | #ACTION:HOLD | #CONFIDENCE:0.46295425295829773 | #PRICE:HOLD | #UNIT:HOLD | #PV:191857459 | #STOCKS:179936 | #LOSS:-0.616285082
c203 | #TIME:142603 | #ACTION:SELL | #CONFIDENCE:0.506014347076416 | #PRICE:1669 | #UNIT:3030 | #PV:198018036.6 | #STOCKS:176906 | #LOSS:-0.6039639268
c204 | #TIME:142703 | #ACTION:SELL | #CONFIDENCE:0.506014347076416 | #PRICE:1667 | #UNIT:3031 | #PV:205191641.86 | #STOCKS:173875 | #LOSS:-0.5896167162799999
c205 | #TIME:142803 | #ACTION:SELL | #CONFIDENCE:0.506014347076416 | #PRICE:1665 | #UNIT:3035 | #PV:208517487.5 | #STOCKS:170840 | #LOSS:-0.582965025
c206 | #TIME:142903 | #ACTION:SELL | #CONFIDENCE:0.506014347076416 | #PRICE:1666 | #UNIT:3039 | #PV:214409464.32 | #STOCKS:167801 | #LOSS:-0.5711810713600001
c207 | #TIME:143003 | #ACTION:HOLD | #CONFIDENCE:0.46295347809791565 | #PRICE:HOLD | #UNIT:HOLD | #PV:209318279 | #STOCKS:167801 | #LOSS:-0.581363442
c208 | #TIME:143103 | #ACTION:HOLD | #CONFIDENCE:0.4629533886909485 | #PRICE:HOLD | #UNIT:HOLD | #PV:212043070 | #STOCKS:167801 | #LOSS:-0.57591386
c209 | #TIME:143203 | #ACTION:HOLD | #CONFIDENCE:0.46295323967933655 | #PRICE:HOLD | #UNIT:HOLD | #PV:212043070 | #STOCKS:167801 | #LOSS:-0.57591386
c210 | #TIME:143303 | #ACTION:SELL | #CONFIDENCE:0.5060142874717712 | #PRICE:1663 | #UNIT:3041 | #PV:223057956.94 | #STOCKS:164760 | #LOSS:-0.5538840861200001
c211 | #TIME:143403 | #ACTION:SELL | #CONFIDENCE:0.5060142874717712 | #PRICE:1660 | #UNIT:3042 | #PV:228089070.6 | #STOCKS:161718 | #LOSS:-0.5438218588
c212 | #TIME:143503 | #ACTION:SELL | #CONFIDENCE:0.5060142874717712 | #PRICE:1659 | #UNIT:3048 | #PV:228461500.76 | #STOCKS:158670 | #LOSS:-0.54307699848
c213 | #TIME:143603 | #ACTION:SELL | #CONFIDENCE:0.5060142278671265 | #PRICE:1658 | #UNIT:3050 | #PV:233175259.0 | #STOCKS:155620 | #LOSS:-0.533649482
c214 | #TIME:143703 | #ACTION:BUY | #CONFIDENCE:0.5116767883300781 | #PRICE:0 | #UNIT:3084 | #PV:232213799 | #STOCKS:155620 | #LOSS:-0.535572402
c215 | #TIME:143803 | #ACTION:HOLD | #CONFIDENCE:0.4629526138305664 | #PRICE:HOLD | #UNIT:HOLD | #PV:227107895 | #STOCKS:155620 | #LOSS:-0.54578421
c216 | #TIME:143903 | #ACTION:BUY | #CONFIDENCE:0.5116768479347229 | #PRICE:1656 | #UNIT:3091 | #PV:232877270.5420952 | #STOCKS:158711 | #LOSS:-0.5342454589158095
c217 | #TIME:144003 | #ACTION:BUY | #CONFIDENCE:0.5116769075393677 | #PRICE:1654 | #UNIT:3089 | #PV:224544071.9009322 | #STOCKS:161800 | #LOSS:-0.5509118561981357
c218 | #TIME:144103 | #ACTION:HOLD | #CONFIDENCE:0.4629523754119873 | #PRICE:HOLD | #UNIT:HOLD | #PV:216883021 | #STOCKS:161800 | #LOSS:-0.566233958
c219 | #TIME:144203 | #ACTION:HOLD | #CONFIDENCE:0.46295225620269775 | #PRICE:HOLD | #UNIT:HOLD | #PV:216883021 | #STOCKS:161800 | #LOSS:-0.566233958
c220 | #TIME:144303 | #ACTION:BUY | #CONFIDENCE:0.5116769075393677 | #PRICE:1655 | #UNIT:3093 | #PV:217533179.3876605 | #STOCKS:164893 | #LOSS:-0.564933641224679
c221 | #TIME:144403 | #ACTION:HOLD | #CONFIDENCE:0.46295231580734253 | #PRICE:HOLD | #UNIT:HOLD | #PV:211761901 | #STOCKS:164893 | #LOSS:-0.5764761979999999
c222 | #TIME:144503 | #ACTION:SELL | #CONFIDENCE:0.5060141682624817 | #PRICE:1655 | #UNIT:3057 | #PV:220226117.3 | #STOCKS:161836 | #LOSS:-0.5595477654
c223 | #TIME:144603 | #ACTION:BUY | #CONFIDENCE:0.5116769075393677 | #PRICE:1654 | #UNIT:3091 | #PV:222178452.5088318 | #STOCKS:164927 | #LOSS:-0.5556430949823363
c224 | #TIME:144703 | #ACTION:BUY | #CONFIDENCE:0.5116769075393677 | #PRICE:1654 | #UNIT:3093 | #PV:212352145.1167314 | #STOCKS:168020 | #LOSS:-0.5752957097665372
c225 | #TIME:144803 | #ACTION:HOLD | #CONFIDENCE:0.46295225620269775 | #PRICE:HOLD | #UNIT:HOLD | #PV:206584353 | #STOCKS:168020 | #LOSS:-0.586831294
c226 | #TIME:144903 | #ACTION:SELL | #CONFIDENCE:0.5060141682624817 | #PRICE:1655 | #UNIT:3061 | #PV:213366999.9 | #STOCKS:164959 | #LOSS:-0.5732660002000001
c227 | #TIME:145003 | #ACTION:BUY | #CONFIDENCE:0.5116769075393677 | #PRICE:0 | #UNIT:3089 | #PV:209937002 | #STOCKS:164959 | #LOSS:-0.580125996
c228 | #TIME:145103 | #ACTION:HOLD | #CONFIDENCE:0.46295225620269775 | #PRICE:HOLD | #UNIT:HOLD | #PV:206528866 | #STOCKS:164959 | #LOSS:-0.586942268
c229 | #TIME:145203 | #ACTION:BUY | #CONFIDENCE:0.5116769075393677 | #PRICE:1655 | #UNIT:3091 | #PV:208644963.5254635 | #STOCKS:168050 | #LOSS:-0.5827100729490731
c230 | #TIME:145303 | #ACTION:BUY | #CONFIDENCE:0.5116769075393677 | #PRICE:1653 | #UNIT:3091 | #PV:202060648.4922001 | #STOCKS:171141 | #LOSS:-0.5958787030155999
c231 | #TIME:145403 | #ACTION:HOLD | #CONFIDENCE:0.46295225620269775 | #PRICE:HOLD | #UNIT:HOLD | #PV:196300069 | #STOCKS:171141 | #LOSS:-0.6073998620000001
c232 | #TIME:145503 | #ACTION:SELL | #CONFIDENCE:0.5060141682624817 | #PRICE:1653 | #UNIT:3059 | #PV:207313547.86 | #STOCKS:168082 | #LOSS:-0.58537290428
c233 | #TIME:145603 | #ACTION:HOLD | #CONFIDENCE:0.46295222640037537 | #PRICE:HOLD | #UNIT:HOLD | #PV:201346846 | #STOCKS:168082 | #LOSS:-0.5973063080000001
c234 | #TIME:145703 | #ACTION:SELL | #CONFIDENCE:0.5060141682624817 | #PRICE:1654 | #UNIT:3059 | #PV:211662211.48 | #STOCKS:165023 | #LOSS:-0.57667557704
c235 | #TIME:145803 | #ACTION:SELL | #CONFIDENCE:0.5060141682624817 | #PRICE:1654 | #UNIT:3057 | #PV:215474914.04 | #STOCKS:161966 | #LOSS:-0.5690501719200001
c236 | #TIME:145903 | #ACTION:SELL | #CONFIDENCE:0.5060141682624817 | #PRICE:1654 | #UNIT:3061 | #PV:219091857.92 | #STOCKS:158905 | #LOSS:-0.5618162841600001
c237 | #TIME:150003 | #ACTION:BUY | #CONFIDENCE:0.5116769671440125 | #PRICE:1654 | #UNIT:3093 | #PV:217145917.1167314 | #STOCKS:161998 | #LOSS:-0.5657081657665373
c238 | #TIME:150103 | #ACTION:BUY | #CONFIDENCE:0.5116769671440125 | #PRICE:1653 | #UNIT:3093 | #PV:212028881.8458023 | #STOCKS:165091 | #LOSS:-0.5759422363083954
c239 | #TIME:150203 | #ACTION:HOLD | #CONFIDENCE:0.46295222640037537 | #PRICE:HOLD | #UNIT:HOLD | #PV:206264576 | #STOCKS:165091 | #LOSS:-0.5874708479999999
c240 | #TIME:150303 | #ACTION:SELL | #CONFIDENCE:0.5060141682624817 | #PRICE:1653 | #UNIT:3059 | #PV:216092122.86 | #STOCKS:162032 | #LOSS:-0.56781575428
c241 | #TIME:150403 | #ACTION:BUY | #CONFIDENCE:0.5116769075393677 | #PRICE:1652 | #UNIT:3093 | #PV:216209711.5748732 | #STOCKS:165125 | #LOSS:-0.5675805768502535
c242 | #TIME:150503 | #ACTION:SELL | #CONFIDENCE:0.5060141682624817 | #PRICE:1654 | #UNIT:3061 | #PV:212843280.92 | #STOCKS:162064 | #LOSS:-0.57431343816
c243 | #TIME:150603 | #ACTION:SELL | #CONFIDENCE:0.5060141682624817 | #PRICE:1654 | #UNIT:3061 | #PV:222073480.92 | #STOCKS:159003 | #LOSS:-0.55585303816
c244 | #TIME:150703 | #ACTION:SELL | #CONFIDENCE:0.5060141682624817 | #PRICE:1653 | #UNIT:3059 | #PV:223798805.86 | #STOCKS:155944 | #LOSS:-0.55240238828
c245 | #TIME:150803 | #ACTION:HOLD | #CONFIDENCE:0.4629523754119873 | #PRICE:HOLD | #UNIT:HOLD | #PV:221351187 | #STOCKS:155944 | #LOSS:-0.557297626
c246 | #TIME:150903 | #ACTION:SELL | #CONFIDENCE:0.5060141682624817 | #PRICE:1653 | #UNIT:3057 | #PV:232357481.78 | #STOCKS:152887 | #LOSS:-0.5352850364399999
c247 | #TIME:151003 | #ACTION:BUY | #CONFIDENCE:0.5116769075393677 | #PRICE:1653 | #UNIT:3095 | #PV:227045954.1994045 | #STOCKS:155982 | #LOSS:-0.5459080916011909
c248 | #TIME:151103 | #ACTION:HOLD | #CONFIDENCE:0.4629524052143097 | #PRICE:HOLD | #UNIT:HOLD | #PV:221277922 | #STOCKS:155982 | #LOSS:-0.5574441560000001
c249 | #TIME:151203 | #ACTION:HOLD | #CONFIDENCE:0.4629524052143097 | #PRICE:HOLD | #UNIT:HOLD | #PV:221277922 | #STOCKS:155982 | #LOSS:-0.5574441560000001
c250 | #TIME:151303 | #ACTION:SELL | #CONFIDENCE:0.5060142278671265 | #PRICE:1652 | #UNIT:3061 | #PV:232291912.96 | #STOCKS:152921 | #LOSS:-0.53541617408
c251 | #TIME:151403 | #ACTION:HOLD | #CONFIDENCE:0.46295246481895447 | #PRICE:HOLD | #UNIT:HOLD | #PV:226324922 | #STOCKS:152921 | #LOSS:-0.547350156
c252 | #TIME:151503 | #ACTION:BUY | #CONFIDENCE:0.5116768479347229 | #PRICE:1653 | #UNIT:3095 | #PV:226976189.1994045 | #STOCKS:156016 | #LOSS:-0.5460476216011909
c253 | #TIME:151603 | #ACTION:SELL | #CONFIDENCE:0.5060142278671265 | #PRICE:1652 | #UNIT:3059 | #PV:232214924.24 | #STOCKS:152957 | #LOSS:-0.53557015152
c254 | #TIME:151703 | #ACTION:BUY | #CONFIDENCE:0.5116768479347229 | #PRICE:1653 | #UNIT:3095 | #PV:231957040.1994045 | #STOCKS:156052 | #LOSS:-0.536085919601191
c255 | #TIME:151803 | #ACTION:SELL | #CONFIDENCE:0.5060142278671265 | #PRICE:1655 | #UNIT:3061 | #PV:232169235.9 | #STOCKS:152991 | #LOSS:-0.5356615282
c256 | #TIME:151903 | #ACTION:SELL | #CONFIDENCE:0.5060142278671265 | #PRICE:1656 | #UNIT:3055 | #PV:236790041.4 | #STOCKS:149936 | #LOSS:-0.5264199171999999
