{"mode": "train", "ver": "v1", "name": "001470_202404191303_202405241530", "stock_code": ["001470"], "rl_method": "ppo", "net": "lstm", "backend": "pytorch", "start_date": "202404191303", "end_date": "202405241530", "lr": 0.001, "discount_factor": 0.99, "balance": 500000000, "is_start_end": 0, "is_mock": 1}
[001470] RL:ppo NET:lstm LR:0.001 DF:0.99 
[001470][Epoch 001/300] Epsilon:1.0000 #Expl.:8381/8381 #Buy:2813 #Sell:1401 #Hold:4167 #Stocks:0 PV:499,991,549 Loss:-0.070730 ET:52.6598
[001470][Epoch 002/300] Epsilon:0.9967 #Expl.:8355/8381 #Buy:2705 #Sell:1386 #Hold:4290 #Stocks:0 PV:498,998,481 Loss:-0.069674 ET:46.3784
[001470][Epoch 003/300] Epsilon:0.9933 #Expl.:8324/8381 #Buy:2693 #Sell:1984 #Hold:3704 #Stocks:0 PV:493,783,976 Loss:-0.200448 ET:44.6795
[001470][Epoch 004/300] Epsilon:0.9900 #Expl.:8296/8381 #Buy:2801 #Sell:1410 #Hold:4170 #Stocks:2 PV:499,990,134 Loss:0.007838 ET:44.2303
[001470][Epoch 005/300] Epsilon:0.9866 #Expl.:8271/8381 #Buy:2730 #Sell:1694 #Hold:3957 #Stocks:0 PV:496,874,998 Loss:-0.122667 ET:44.5005
[001470][Epoch 006/300] Epsilon:0.9833 #Expl.:8227/8381 #Buy:2837 #Sell:2727 #Hold:2817 #Stocks:57497 PV:502,166,809 Loss:-0.060529 ET:44.6207
[001470][Epoch 007/300] Epsilon:0.9799 #Expl.:8204/8381 #Buy:2708 #Sell:1406 #Hold:4267 #Stocks:1 PV:499,991,129 Loss:-0.093138 ET:45.7825
[001470][Epoch 008/300] Epsilon:0.9766 #Expl.:8186/8381 #Buy:2835 #Sell:2728 #Hold:2818 #Stocks:320321 PV:500,268,696 Loss:-0.091009 ET:45.5849
[001470][Epoch 009/300] Epsilon:0.9732 #Expl.:8381/8381 #Buy:2848 #Sell:2109 #Hold:3424 #Stocks:3174 PV:498,207,684 Loss:-0.066211 ET:54.7897
[001470][Epoch 010/300] Epsilon:0.9699 #Expl.:8381/8381 #Buy:2848 #Sell:2348 #Hold:3185 #Stocks:864 PV:498,163,546 Loss:-0.062110 ET:51.6299
[001470][Epoch 011/300] Epsilon:0.9666 #Expl.:8381/8381 #Buy:2816 #Sell:1560 #Hold:4005 #Stocks:243 PV:499,280,953 Loss:-0.060936 ET:49.2454
[001470][Epoch 012/300] Epsilon:0.9632 #Expl.:8381/8381 #Buy:2806 #Sell:2777 #Hold:2798 #Stocks:285445 PV:492,487,888 Loss:-0.071311 ET:50.7335
[001470][Epoch 013/300] Epsilon:0.9599 #Expl.:8038/8381 #Buy:1582 #Sell:2673 #Hold:4126 #Stocks:308485 PV:480,620,314 Loss:-0.161906 ET:48.8273
[001470][Epoch 014/300] Epsilon:0.9565 #Expl.:8381/8381 #Buy:2714 #Sell:1694 #Hold:3973 #Stocks:138 PV:498,758,868 Loss:-0.069419 ET:49.6334
[001470][Epoch 015/300] Epsilon:0.9532 #Expl.:8381/8381 #Buy:2802 #Sell:1997 #Hold:3582 #Stocks:0 PV:498,672,426 Loss:-0.072269 ET:57.1705
[001470][Epoch 016/300] Epsilon:0.9498 #Expl.:8381/8381 #Buy:2744 #Sell:2318 #Hold:3319 #Stocks:346 PV:497,850,282 Loss:-0.067726 ET:48.8731
[001470][Epoch 017/300] Epsilon:0.9465 #Expl.:8381/8381 #Buy:2768 #Sell:2379 #Hold:3234 #Stocks:759 PV:498,942,865 Loss:-0.068476 ET:48.2897
[001470][Epoch 018/300] Epsilon:0.9431 #Expl.:8381/8381 #Buy:2802 #Sell:2757 #Hold:2822 #Stocks:2991 PV:498,220,568 Loss:-0.069104 ET:49.8440
[001470][Epoch 019/300] Epsilon:0.9398 #Expl.:8381/8381 #Buy:2697 #Sell:2775 #Hold:2909 #Stocks:318731 PV:497,649,890 Loss:-0.073675 ET:49.3099
[001470][Epoch 020/300] Epsilon:0.9365 #Expl.:8381/8381 #Buy:2762 #Sell:2803 #Hold:2816 #Stocks:265868 PV:518,783,276 Loss:-0.083831 ET:51.3411
[001470][Epoch 021/300] Epsilon:0.9331 #Expl.:7947/8381 #Buy:1986 #Sell:2642 #Hold:3753 #Stocks:326423 PV:508,567,443 Loss:-0.086904 ET:50.2736
[001470][Epoch 022/300] Epsilon:0.9298 #Expl.:7776/8381 #Buy:2618 #Sell:1437 #Hold:4326 #Stocks:0 PV:499,992,451 Loss:-0.499857 ET:49.4435
[001470][Epoch 023/300] Epsilon:0.9264 #Expl.:7761/8381 #Buy:2616 #Sell:1460 #Hold:4305 #Stocks:0 PV:499,992,145 Loss:-0.502590 ET:48.9194
[001470][Epoch 024/300] Epsilon:0.9231 #Expl.:7754/8381 #Buy:2586 #Sell:1441 #Hold:4354 #Stocks:0 PV:499,991,483 Loss:0.055238 ET:48.2696
[001470][Epoch 025/300] Epsilon:0.9197 #Expl.:7701/8381 #Buy:2618 #Sell:2573 #Hold:3190 #Stocks:256115 PV:457,208,120 Loss:-0.454236 ET:48.9394
[001470][Epoch 026/300] Epsilon:0.9164 #Expl.:7678/8381 #Buy:2488 #Sell:1399 #Hold:4494 #Stocks:0 PV:499,992,380 Loss:-0.494164 ET:48.7951
[001470][Epoch 027/300] Epsilon:0.9130 #Expl.:7702/8381 #Buy:1492 #Sell:2559 #Hold:4330 #Stocks:295621 PV:460,580,897 Loss:-0.564604 ET:48.7444
[001470][Epoch 028/300] Epsilon:0.9097 #Expl.:7592/8381 #Buy:2511 #Sell:1416 #Hold:4454 #Stocks:0 PV:499,991,943 Loss:-0.530642 ET:48.4915
[001470][Epoch 029/300] Epsilon:0.9064 #Expl.:7640/8381 #Buy:2574 #Sell:2533 #Hold:3274 #Stocks:41 PV:499,998,159 Loss:0.133326 ET:53.7249
[001470][Epoch 030/300] Epsilon:0.9030 #Expl.:7557/8381 #Buy:2474 #Sell:1440 #Hold:4467 #Stocks:2 PV:499,992,246 Loss:-0.168977 ET:49.8269
[001470][Epoch 031/300] Epsilon:0.8997 #Expl.:7544/8381 #Buy:1431 #Sell:2496 #Hold:4454 #Stocks:297758 PV:463,911,871 Loss:-0.394460 ET:48.8057
[001470][Epoch 032/300] Epsilon:0.8963 #Expl.:7527/8381 #Buy:2518 #Sell:2437 #Hold:3426 #Stocks:81 PV:499,980,986 Loss:-0.151201 ET:52.8045
[001470][Epoch 033/300] Epsilon:0.8930 #Expl.:7554/8381 #Buy:2568 #Sell:1452 #Hold:4361 #Stocks:0 PV:499,991,538 Loss:-0.617359 ET:48.7432
[001470][Epoch 034/300] Epsilon:0.8896 #Expl.:7455/8381 #Buy:2483 #Sell:1434 #Hold:4464 #Stocks:0 PV:499,992,148 Loss:-0.444149 ET:48.2436
[001470][Epoch 035/300] Epsilon:0.8863 #Expl.:7462/8381 #Buy:2446 #Sell:1426 #Hold:4509 #Stocks:0 PV:499,992,067 Loss:-0.485797 ET:49.4205
[001470][Epoch 036/300] Epsilon:0.8829 #Expl.:7396/8381 #Buy:2413 #Sell:1429 #Hold:4539 #Stocks:555 PV:498,687,424 Loss:-0.303449 ET:49.5926
[001470][Epoch 037/300] Epsilon:0.8796 #Expl.:7367/8381 #Buy:1458 #Sell:2496 #Hold:4427 #Stocks:297595 PV:463,654,423 Loss:-0.573023 ET:48.5371
[001470][Epoch 038/300] Epsilon:0.8763 #Expl.:7320/8381 #Buy:2406 #Sell:1733 #Hold:4242 #Stocks:0 PV:490,970,518 Loss:-0.485244 ET:48.4103
[001470][Epoch 039/300] Epsilon:0.8729 #Expl.:7324/8381 #Buy:1521 #Sell:2458 #Hold:4402 #Stocks:296245 PV:461,550,166 Loss:-0.366551 ET:48.3756
[001470][Epoch 040/300] Epsilon:0.8696 #Expl.:7304/8381 #Buy:2487 #Sell:2368 #Hold:3526 #Stocks:119 PV:499,993,969 Loss:0.205967 ET:48.4646
[001470][Epoch 041/300] Epsilon:0.8662 #Expl.:7282/8381 #Buy:2421 #Sell:2408 #Hold:3552 #Stocks:13 PV:499,990,596 Loss:0.357933 ET:48.1579
[001470][Epoch 042/300] Epsilon:0.8629 #Expl.:7213/8381 #Buy:1816 #Sell:2477 #Hold:4088 #Stocks:339075 PV:528,280,260 Loss:-0.117458 ET:49.0502
[001470][Epoch 043/300] Epsilon:0.8595 #Expl.:7240/8381 #Buy:2123 #Sell:2404 #Hold:3854 #Stocks:346842 PV:540,382,669 Loss:0.032883 ET:49.3573
[001470][Epoch 044/300] Epsilon:0.8562 #Expl.:7212/8381 #Buy:2403 #Sell:2171 #Hold:3807 #Stocks:1 PV:499,994,010 Loss:0.132179 ET:49.1583
[001470][Epoch 045/300] Epsilon:0.8528 #Expl.:7118/8381 #Buy:2360 #Sell:1446 #Hold:4575 #Stocks:0 PV:499,993,122 Loss:-0.153872 ET:49.6251
[001470][Epoch 046/300] Epsilon:0.8495 #Expl.:7098/8381 #Buy:2280 #Sell:1418 #Hold:4683 #Stocks:1 PV:499,993,144 Loss:-0.156379 ET:45.6820
[001470][Epoch 047/300] Epsilon:0.8462 #Expl.:7031/8381 #Buy:1512 #Sell:2272 #Hold:4597 #Stocks:297143 PV:462,951,863 Loss:-0.432273 ET:47.0440
[001470][Epoch 048/300] Epsilon:0.8428 #Expl.:7084/8381 #Buy:1615 #Sell:2276 #Hold:4490 #Stocks:316171 PV:492,599,795 Loss:-0.156362 ET:45.5962
[001470][Epoch 049/300] Epsilon:0.8395 #Expl.:7036/8381 #Buy:2321 #Sell:2281 #Hold:3779 #Stocks:40 PV:499,993,751 Loss:-0.002600 ET:47.4632
[001470][Epoch 050/300] Epsilon:0.8361 #Expl.:7782/8381 #Buy:2418 #Sell:2621 #Hold:3342 #Stocks:347970 PV:542,137,885 Loss:-0.099454 ET:51.5829
[001470][Epoch 051/300] Epsilon:0.8328 #Expl.:7050/8381 #Buy:2348 #Sell:1453 #Hold:4580 #Stocks:0 PV:499,653,696 Loss:-0.118315 ET:49.0713
[001470][Epoch 052/300] Epsilon:0.8294 #Expl.:6967/8381 #Buy:2701 #Sell:2319 #Hold:3361 #Stocks:329518 PV:513,390,644 Loss:0.066311 ET:50.9477
[001470][Epoch 053/300] Epsilon:0.8261 #Expl.:6967/8381 #Buy:2515 #Sell:1829 #Hold:4037 #Stocks:0 PV:499,454,063 Loss:-0.017052 ET:48.2492
[001470][Epoch 054/300] Epsilon:0.8227 #Expl.:6865/8381 #Buy:2304 #Sell:1429 #Hold:4648 #Stocks:1 PV:499,992,629 Loss:-0.141625 ET:48.7830
[001470][Epoch 055/300] Epsilon:0.8194 #Expl.:6828/8381 #Buy:2255 #Sell:1299 #Hold:4827 #Stocks:0 PV:498,534,141 Loss:-0.320390 ET:50.4223
[001470][Epoch 056/300] Epsilon:0.8161 #Expl.:6853/8381 #Buy:2290 #Sell:1437 #Hold:4654 #Stocks:0 PV:499,993,016 Loss:-0.609978 ET:50.2450
[001470][Epoch 057/300] Epsilon:0.8127 #Expl.:6788/8381 #Buy:2180 #Sell:1367 #Hold:4834 #Stocks:0 PV:499,992,943 Loss:-0.352137 ET:47.8953
[001470][Epoch 058/300] Epsilon:0.8094 #Expl.:6709/8381 #Buy:2219 #Sell:1749 #Hold:4413 #Stocks:0 PV:573,402,170 Loss:-0.374726 ET:51.3336
[001470][Epoch 059/300] Epsilon:0.8060 #Expl.:6808/8381 #Buy:2246 #Sell:1450 #Hold:4685 #Stocks:0 PV:499,993,445 Loss:-0.098462 ET:48.1100
[001470][Epoch 060/300] Epsilon:0.8027 #Expl.:6709/8381 #Buy:2303 #Sell:1460 #Hold:4618 #Stocks:0 PV:499,794,494 Loss:-0.138356 ET:48.5973
[001470][Epoch 061/300] Epsilon:0.7993 #Expl.:7757/8381 #Buy:2776 #Sell:2575 #Hold:3030 #Stocks:359273 PV:560,932,490 Loss:-0.237155 ET:51.1525
[001470][Epoch 062/300] Epsilon:0.7960 #Expl.:7111/8381 #Buy:2339 #Sell:1540 #Hold:4502 #Stocks:206 PV:498,844,400 Loss:-0.112900 ET:49.3099
[001470][Epoch 063/300] Epsilon:0.7926 #Expl.:6627/8381 #Buy:1512 #Sell:2212 #Hold:4657 #Stocks:297618 PV:463,690,381 Loss:-0.310977 ET:47.5078
[001470][Epoch 064/300] Epsilon:0.7893 #Expl.:6899/8381 #Buy:2317 #Sell:2309 #Hold:3755 #Stocks:340538 PV:530,558,826 Loss:-0.114980 ET:47.8476
[001470][Epoch 065/300] Epsilon:0.7860 #Expl.:6485/8381 #Buy:1707 #Sell:2149 #Hold:4525 #Stocks:330415 PV:514,786,704 Loss:-0.142133 ET:50.5071
[001470][Epoch 066/300] Epsilon:0.7826 #Expl.:6563/8381 #Buy:1592 #Sell:2238 #Hold:4551 #Stocks:312112 PV:486,271,790 Loss:0.308975 ET:47.5970
[001470][Epoch 067/300] Epsilon:0.7793 #Expl.:6539/8381 #Buy:2142 #Sell:2092 #Hold:4147 #Stocks:50 PV:499,990,071 Loss:0.920136 ET:46.7781
[001470][Epoch 068/300] Epsilon:0.7759 #Expl.:6499/8381 #Buy:1483 #Sell:2213 #Hold:4685 #Stocks:290926 PV:453,263,777 Loss:-0.510647 ET:46.4920
[001470][Epoch 069/300] Epsilon:0.7726 #Expl.:6539/8381 #Buy:2167 #Sell:1392 #Hold:4822 #Stocks:0 PV:499,993,423 Loss:-0.025341 ET:45.9163
[001470][Epoch 070/300] Epsilon:0.7692 #Expl.:6516/8381 #Buy:2839 #Sell:2315 #Hold:3227 #Stocks:299858 PV:467,179,134 Loss:-0.091913 ET:45.5768
[001470][Epoch 071/300] Epsilon:0.7659 #Expl.:6634/8381 #Buy:2254 #Sell:1492 #Hold:4635 #Stocks:11 PV:499,835,164 Loss:-0.016042 ET:45.1421
[001470][Epoch 072/300] Epsilon:0.7625 #Expl.:6424/8381 #Buy:1300 #Sell:2196 #Hold:4885 #Stocks:343799 PV:535,639,729 Loss:-0.249502 ET:44.8893
[001470][Epoch 073/300] Epsilon:0.7592 #Expl.:6378/8381 #Buy:2237 #Sell:2254 #Hold:3890 #Stocks:7962 PV:495,730,479 Loss:-0.467961 ET:45.0480
[001470][Epoch 074/300] Epsilon:0.7559 #Expl.:6267/8381 #Buy:1419 #Sell:2067 #Hold:4895 #Stocks:295966 PV:461,116,234 Loss:-0.746104 ET:45.0484
[001470][Epoch 075/300] Epsilon:0.7525 #Expl.:6289/8381 #Buy:2107 #Sell:1421 #Hold:4853 #Stocks:0 PV:499,993,722 Loss:-0.685661 ET:45.1658
[001470][Epoch 076/300] Epsilon:0.7492 #Expl.:6321/8381 #Buy:2107 #Sell:1385 #Hold:4889 #Stocks:0 PV:499,993,210 Loss:-0.326399 ET:46.9471
[001470][Epoch 077/300] Epsilon:0.7458 #Expl.:6254/8381 #Buy:2105 #Sell:1419 #Hold:4857 #Stocks:1 PV:499,993,604 Loss:-0.400688 ET:45.0315
[001470][Epoch 078/300] Epsilon:0.7425 #Expl.:7007/8381 #Buy:2158 #Sell:2491 #Hold:3732 #Stocks:338687 PV:585,235,197 Loss:-0.232434 ET:44.9450
[001470][Epoch 079/300] Epsilon:0.7391 #Expl.:6241/8381 #Buy:1471 #Sell:2116 #Hold:4794 #Stocks:297308 PV:463,210,749 Loss:-0.580268 ET:45.2333
[001470][Epoch 080/300] Epsilon:0.7358 #Expl.:6156/8381 #Buy:2013 #Sell:1335 #Hold:5033 #Stocks:2 PV:499,993,746 Loss:-0.309679 ET:45.4696
[001470][Epoch 081/300] Epsilon:0.7324 #Expl.:6633/8381 #Buy:2181 #Sell:1600 #Hold:4600 #Stocks:0 PV:497,632,042 Loss:-0.168641 ET:45.1430
[001470][Epoch 082/300] Epsilon:0.7291 #Expl.:6122/8381 #Buy:2052 #Sell:1408 #Hold:4921 #Stocks:0 PV:499,993,402 Loss:-0.357219 ET:45.3901
[001470][Epoch 083/300] Epsilon:0.7258 #Expl.:6090/8381 #Buy:1946 #Sell:1361 #Hold:5074 #Stocks:0 PV:499,994,029 Loss:-0.270563 ET:45.5692
[001470][Epoch 084/300] Epsilon:0.7224 #Expl.:6007/8381 #Buy:1971 #Sell:972 #Hold:5438 #Stocks:2 PV:499,993,151 Loss:-0.257583 ET:46.0215
[001470][Epoch 085/300] Epsilon:0.7191 #Expl.:6047/8381 #Buy:2676 #Sell:2408 #Hold:3297 #Stocks:239575 PV:439,511,772 Loss:-0.140563 ET:46.4254
[001470][Epoch 086/300] Epsilon:0.7157 #Expl.:6023/8381 #Buy:2037 #Sell:1458 #Hold:4886 #Stocks:0 PV:497,479,905 Loss:-0.402409 ET:44.6327
[001470][Epoch 087/300] Epsilon:0.7124 #Expl.:5979/8381 #Buy:1967 #Sell:1900 #Hold:4514 #Stocks:43 PV:500,001,875 Loss:-0.020028 ET:45.6355
[001470][Epoch 088/300] Epsilon:0.7090 #Expl.:6569/8381 #Buy:2177 #Sell:1525 #Hold:4679 #Stocks:0 PV:498,457,791 Loss:-0.123075 ET:52.0054
[001470][Epoch 089/300] Epsilon:0.7057 #Expl.:5974/8381 #Buy:1590 #Sell:1970 #Hold:4821 #Stocks:318001 PV:495,962,160 Loss:-0.355846 ET:47.9323
[001470][Epoch 090/300] Epsilon:0.7023 #Expl.:5919/8381 #Buy:2009 #Sell:1378 #Hold:4994 #Stocks:3 PV:499,993,709 Loss:-0.930969 ET:46.7695
[001470][Epoch 091/300] Epsilon:0.6990 #Expl.:5819/8381 #Buy:1900 #Sell:1471 #Hold:5010 #Stocks:0 PV:498,245,434 Loss:-0.205039 ET:49.8045
[001470][Epoch 092/300] Epsilon:0.6957 #Expl.:5971/8381 #Buy:1418 #Sell:1954 #Hold:5009 #Stocks:296295 PV:461,628,264 Loss:-0.537257 ET:50.1978
[001470][Epoch 093/300] Epsilon:0.6923 #Expl.:5786/8381 #Buy:1499 #Sell:1954 #Hold:4928 #Stocks:286445 PV:449,881,086 Loss:-1.027000 ET:48.0701
[001470][Epoch 094/300] Epsilon:0.6890 #Expl.:5730/8381 #Buy:1842 #Sell:1829 #Hold:4710 #Stocks:13 PV:499,994,886 Loss:0.046043 ET:51.7906
[001470][Epoch 095/300] Epsilon:0.6856 #Expl.:5774/8381 #Buy:2000 #Sell:1965 #Hold:4416 #Stocks:0 PV:496,032,887 Loss:-0.198566 ET:51.3888
[001470][Epoch 096/300] Epsilon:0.6823 #Expl.:5687/8381 #Buy:1896 #Sell:1301 #Hold:5184 #Stocks:0 PV:499,993,764 Loss:-0.271508 ET:49.4274
[001470][Epoch 097/300] Epsilon:0.6789 #Expl.:5741/8381 #Buy:1033 #Sell:1938 #Hold:5410 #Stocks:310167 PV:483,242,342 Loss:-0.556394 ET:50.3571
[001470][Epoch 098/300] Epsilon:0.6756 #Expl.:5698/8381 #Buy:1399 #Sell:1922 #Hold:5060 #Stocks:299375 PV:466,427,451 Loss:-0.499853 ET:50.8178
[001470][Epoch 099/300] Epsilon:0.6722 #Expl.:5586/8381 #Buy:1869 #Sell:1842 #Hold:4670 #Stocks:1447 PV:496,406,393 Loss:0.010718 ET:46.2546
[001470][Epoch 100/300] Epsilon:0.6689 #Expl.:5571/8381 #Buy:1847 #Sell:1805 #Hold:4729 #Stocks:413 PV:497,965,309 Loss:-0.098738 ET:46.5664
[001470][Epoch 101/300] Epsilon:0.6656 #Expl.:5542/8381 #Buy:1830 #Sell:1362 #Hold:5189 #Stocks:452 PV:497,529,834 Loss:-0.294969 ET:45.9510
[001470][Epoch 102/300] Epsilon:0.6622 #Expl.:5531/8381 #Buy:1517 #Sell:1859 #Hold:5005 #Stocks:298062 PV:464,381,218 Loss:-0.290299 ET:46.7602
[001470][Epoch 103/300] Epsilon:0.6589 #Expl.:5530/8381 #Buy:1336 #Sell:1837 #Hold:5208 #Stocks:299892 PV:467,234,083 Loss:-0.475956 ET:47.2523
[001470][Epoch 104/300] Epsilon:0.6555 #Expl.:5506/8381 #Buy:2793 #Sell:2456 #Hold:3132 #Stocks:229188 PV:451,626,981 Loss:-0.089862 ET:45.8888
[001470][Epoch 105/300] Epsilon:0.6522 #Expl.:5409/8381 #Buy:1812 #Sell:1326 #Hold:5243 #Stocks:0 PV:499,703,874 Loss:-0.199755 ET:45.4265
[001470][Epoch 106/300] Epsilon:0.6488 #Expl.:5430/8381 #Buy:1346 #Sell:1804 #Hold:5231 #Stocks:296346 PV:461,707,282 Loss:-0.556092 ET:46.2480
[001470][Epoch 107/300] Epsilon:0.6455 #Expl.:5393/8381 #Buy:1820 #Sell:1787 #Hold:4774 #Stocks:118780 PV:496,628,214 Loss:-0.303576 ET:45.4862
[001470][Epoch 108/300] Epsilon:0.6421 #Expl.:5366/8381 #Buy:1491 #Sell:1753 #Hold:5137 #Stocks:301059 PV:469,050,191 Loss:-0.203776 ET:45.3540
[001470][Epoch 109/300] Epsilon:0.6388 #Expl.:5455/8381 #Buy:1308 #Sell:1731 #Hold:5342 #Stocks:299333 PV:466,362,049 Loss:-0.569559 ET:45.3602
[001470][Epoch 110/300] Epsilon:0.6355 #Expl.:5311/8381 #Buy:1467 #Sell:1855 #Hold:5059 #Stocks:296888 PV:462,552,588 Loss:-0.228735 ET:45.6027
[001470][Epoch 111/300] Epsilon:0.6321 #Expl.:5267/8381 #Buy:1763 #Sell:1762 #Hold:4856 #Stocks:1 PV:499,995,094 Loss:0.274723 ET:47.9341
[001470][Epoch 112/300] Epsilon:0.6288 #Expl.:5280/8381 #Buy:1778 #Sell:1309 #Hold:5294 #Stocks:1 PV:499,994,256 Loss:-0.402320 ET:45.4286
[001470][Epoch 113/300] Epsilon:0.6254 #Expl.:5154/8381 #Buy:1766 #Sell:1294 #Hold:5321 #Stocks:0 PV:499,994,374 Loss:-0.088489 ET:45.5845
[001470][Epoch 114/300] Epsilon:0.6221 #Expl.:5227/8381 #Buy:1786 #Sell:1293 #Hold:5302 #Stocks:0 PV:499,994,279 Loss:-0.031728 ET:46.0697
[001470][Epoch 115/300] Epsilon:0.6187 #Expl.:5142/8381 #Buy:1738 #Sell:1297 #Hold:5346 #Stocks:0 PV:499,936,045 Loss:-0.075285 ET:45.7389
[001470][Epoch 116/300] Epsilon:0.6154 #Expl.:5154/8381 #Buy:1567 #Sell:1747 #Hold:5067 #Stocks:305836 PV:476,751,950 Loss:-0.179720 ET:45.0938
[001470][Epoch 117/300] Epsilon:0.6120 #Expl.:5272/8381 #Buy:1773 #Sell:1298 #Hold:5310 #Stocks:0 PV:499,994,525 Loss:-0.829508 ET:45.3197
[001470][Epoch 118/300] Epsilon:0.6087 #Expl.:5063/8381 #Buy:1713 #Sell:1265 #Hold:5403 #Stocks:0 PV:499,994,637 Loss:-0.859047 ET:45.8360
[001470][Epoch 119/300] Epsilon:0.6054 #Expl.:4998/8381 #Buy:1701 #Sell:1281 #Hold:5399 #Stocks:0 PV:499,994,437 Loss:-0.808336 ET:45.3044
[001470][Epoch 120/300] Epsilon:0.6020 #Expl.:4971/8381 #Buy:1653 #Sell:1256 #Hold:5472 #Stocks:1 PV:499,995,289 Loss:-0.876968 ET:45.3815
[001470][Epoch 121/300] Epsilon:0.5987 #Expl.:4914/8381 #Buy:1654 #Sell:1258 #Hold:5469 #Stocks:0 PV:499,994,873 Loss:-0.644076 ET:51.9269
[001470][Epoch 122/300] Epsilon:0.5953 #Expl.:4982/8381 #Buy:1661 #Sell:1254 #Hold:5466 #Stocks:2 PV:499,994,452 Loss:-0.677756 ET:48.0981
[001470][Epoch 123/300] Epsilon:0.5920 #Expl.:4961/8381 #Buy:1692 #Sell:1265 #Hold:5424 #Stocks:0 PV:499,994,601 Loss:-0.645779 ET:45.2976
[001470][Epoch 124/300] Epsilon:0.5886 #Expl.:4905/8381 #Buy:1593 #Sell:1218 #Hold:5570 #Stocks:0 PV:499,994,879 Loss:-0.690000 ET:45.0195
[001470][Epoch 125/300] Epsilon:0.5853 #Expl.:4964/8381 #Buy:1642 #Sell:1227 #Hold:5512 #Stocks:0 PV:499,994,828 Loss:-0.732254 ET:47.7045
[001470][Epoch 126/300] Epsilon:0.5819 #Expl.:4827/8381 #Buy:1558 #Sell:1198 #Hold:5625 #Stocks:2 PV:499,995,420 Loss:-0.445693 ET:46.4362
[001470][Epoch 127/300] Epsilon:0.5786 #Expl.:4834/8381 #Buy:1273 #Sell:1606 #Hold:5502 #Stocks:300793 PV:468,635,748 Loss:-0.617997 ET:45.1331
[001470][Epoch 128/300] Epsilon:0.5753 #Expl.:4953/8381 #Buy:1320 #Sell:1664 #Hold:5397 #Stocks:301462 PV:469,679,087 Loss:-0.539258 ET:45.7468
[001470][Epoch 129/300] Epsilon:0.5719 #Expl.:4781/8381 #Buy:1235 #Sell:1561 #Hold:5585 #Stocks:299814 PV:467,110,838 Loss:-0.644514 ET:45.8335
[001470][Epoch 130/300] Epsilon:0.5686 #Expl.:4762/8381 #Buy:1256 #Sell:1621 #Hold:5504 #Stocks:301173 PV:469,228,962 Loss:-0.630388 ET:45.1137
[001470][Epoch 131/300] Epsilon:0.5652 #Expl.:4668/8381 #Buy:1611 #Sell:802 #Hold:5968 #Stocks:0 PV:499,995,140 Loss:-0.764551 ET:45.3319
[001470][Epoch 132/300] Epsilon:0.5619 #Expl.:4666/8381 #Buy:1467 #Sell:1511 #Hold:5403 #Stocks:282079 PV:439,480,480 Loss:-0.847968 ET:46.7994
[001470][Epoch 133/300] Epsilon:0.5585 #Expl.:4602/8381 #Buy:1322 #Sell:1491 #Hold:5568 #Stocks:302899 PV:502,454,165 Loss:-0.890805 ET:45.4371
[001470][Epoch 134/300] Epsilon:0.5552 #Expl.:4665/8381 #Buy:1604 #Sell:1503 #Hold:5274 #Stocks:101 PV:499,997,206 Loss:-0.661966 ET:46.4544
[001470][Epoch 135/300] Epsilon:0.5518 #Expl.:8381/8381 #Buy:2783 #Sell:2735 #Hold:2863 #Stocks:48 PV:500,000,003 Loss:2.623255 ET:45.6559
[001470][Epoch 136/300] Epsilon:0.5485 #Expl.:4592/8381 #Buy:1217 #Sell:1503 #Hold:5661 #Stocks:299927 PV:467,290,140 Loss:-0.754633 ET:47.2774
[001470][Epoch 137/300] Epsilon:0.5452 #Expl.:4552/8381 #Buy:1532 #Sell:1518 #Hold:5331 #Stocks:14 PV:499,991,986 Loss:-0.691181 ET:45.7353
[001470][Epoch 138/300] Epsilon:0.5418 #Expl.:4558/8381 #Buy:1239 #Sell:1532 #Hold:5610 #Stocks:299417 PV:466,493,089 Loss:-1.022124 ET:45.9843
[001470][Epoch 139/300] Epsilon:0.5385 #Expl.:4526/8381 #Buy:1467 #Sell:1439 #Hold:5475 #Stocks:28 PV:499,992,378 Loss:-0.615019 ET:45.4804
[001470][Epoch 140/300] Epsilon:0.5351 #Expl.:4509/8381 #Buy:1466 #Sell:1546 #Hold:5369 #Stocks:5393 PV:499,381,170 Loss:-0.827202 ET:44.7484
[001470][Epoch 141/300] Epsilon:0.5318 #Expl.:4467/8381 #Buy:952 #Sell:1482 #Hold:5947 #Stocks:341575 PV:532,177,919 Loss:-0.887989 ET:46.3576
[001470][Epoch 142/300] Epsilon:0.5284 #Expl.:4563/8381 #Buy:1262 #Sell:1509 #Hold:5610 #Stocks:297143 PV:462,949,437 Loss:-0.524469 ET:45.7175
[001470][Epoch 143/300] Epsilon:0.5251 #Expl.:4427/8381 #Buy:1266 #Sell:1443 #Hold:5672 #Stocks:296758 PV:462,349,262 Loss:-0.372972 ET:45.3693
[001470][Epoch 144/300] Epsilon:0.5217 #Expl.:4447/8381 #Buy:1200 #Sell:1446 #Hold:5735 #Stocks:297415 PV:463,373,544 Loss:-0.931550 ET:46.0743
[001470][Epoch 145/300] Epsilon:0.5184 #Expl.:4288/8381 #Buy:1390 #Sell:1388 #Hold:5603 #Stocks:0 PV:477,999,870 Loss:-0.823997 ET:46.0102
[001470][Epoch 146/300] Epsilon:0.5151 #Expl.:4392/8381 #Buy:1200 #Sell:1500 #Hold:5681 #Stocks:300204 PV:467,718,364 Loss:-0.691223 ET:45.3760
[001470][Epoch 147/300] Epsilon:0.5117 #Expl.:4313/8381 #Buy:733 #Sell:1437 #Hold:6211 #Stocks:297227 PV:463,079,808 Loss:-0.740520 ET:45.5131
[001470][Epoch 148/300] Epsilon:0.5084 #Expl.:4248/8381 #Buy:1467 #Sell:1417 #Hold:5497 #Stocks:280951 PV:437,722,245 Loss:-0.838654 ET:46.3269
[001470][Epoch 149/300] Epsilon:0.5050 #Expl.:4326/8381 #Buy:1459 #Sell:1140 #Hold:5782 #Stocks:0 PV:499,995,719 Loss:-0.837365 ET:45.4217
[001470][Epoch 150/300] Epsilon:0.5017 #Expl.:4153/8381 #Buy:723 #Sell:1400 #Hold:6258 #Stocks:296660 PV:462,204,447 Loss:-0.893882 ET:47.9117
[001470][Epoch 151/300] Epsilon:0.4983 #Expl.:4168/8381 #Buy:758 #Sell:1406 #Hold:6217 #Stocks:323434 PV:503,911,401 Loss:-1.045379 ET:49.7565
[001470][Epoch 152/300] Epsilon:0.4950 #Expl.:4111/8381 #Buy:817 #Sell:1362 #Hold:6202 #Stocks:340712 PV:530,831,863 Loss:-0.920073 ET:51.4962
[001470][Epoch 153/300] Epsilon:0.4916 #Expl.:4113/8381 #Buy:909 #Sell:1311 #Hold:6161 #Stocks:339781 PV:529,380,021 Loss:-0.960872 ET:47.1148
[001470][Epoch 154/300] Epsilon:0.4883 #Expl.:4017/8381 #Buy:1032 #Sell:1395 #Hold:5954 #Stocks:324206 PV:505,113,413 Loss:-0.846674 ET:46.8437
[001470][Epoch 155/300] Epsilon:0.4849 #Expl.:4007/8381 #Buy:1383 #Sell:845 #Hold:6153 #Stocks:0 PV:498,500,449 Loss:-0.556313 ET:48.4110
[001470][Epoch 156/300] Epsilon:0.4816 #Expl.:4075/8381 #Buy:1329 #Sell:804 #Hold:6248 #Stocks:25 PV:497,914,755 Loss:-0.293152 ET:47.2107
[001470][Epoch 157/300] Epsilon:0.4783 #Expl.:3988/8381 #Buy:1314 #Sell:1105 #Hold:5962 #Stocks:0 PV:498,605,654 Loss:-0.205679 ET:52.2774
[001470][Epoch 158/300] Epsilon:0.4749 #Expl.:8381/8381 #Buy:2857 #Sell:2190 #Hold:3334 #Stocks:0 PV:494,594,988 Loss:-0.244270 ET:47.1998
[001470][Epoch 159/300] Epsilon:0.4716 #Expl.:5231/8381 #Buy:1762 #Sell:1382 #Hold:5237 #Stocks:1161 PV:498,030,853 Loss:-0.227209 ET:47.7349
[001470][Epoch 160/300] Epsilon:0.4682 #Expl.:4060/8381 #Buy:1353 #Sell:1019 #Hold:6009 #Stocks:0 PV:498,528,660 Loss:-0.208993 ET:46.8441
[001470][Epoch 161/300] Epsilon:0.4649 #Expl.:4107/8381 #Buy:1905 #Sell:2007 #Hold:4469 #Stocks:0 PV:414,140,263 Loss:-0.156285 ET:46.8765
[001470][Epoch 162/300] Epsilon:0.4615 #Expl.:6834/8381 #Buy:2312 #Sell:2190 #Hold:3879 #Stocks:2048 PV:497,026,264 Loss:-0.331764 ET:47.5316
[001470][Epoch 163/300] Epsilon:0.4582 #Expl.:4857/8381 #Buy:1618 #Sell:1510 #Hold:5253 #Stocks:0 PV:496,908,732 Loss:-0.261285 ET:46.6360
[001470][Epoch 164/300] Epsilon:0.4548 #Expl.:4795/8381 #Buy:1597 #Sell:1471 #Hold:5313 #Stocks:1228 PV:501,311,620 Loss:-0.273266 ET:45.9351
[001470][Epoch 165/300] Epsilon:0.4515 #Expl.:4768/8381 #Buy:1546 #Sell:1500 #Hold:5335 #Stocks:4852 PV:500,259,477 Loss:-0.236848 ET:45.9420
[001470][Epoch 166/300] Epsilon:0.4482 #Expl.:7592/8381 #Buy:2500 #Sell:2542 #Hold:3339 #Stocks:23953 PV:500,201,638 Loss:-0.300700 ET:47.2109
[001470][Epoch 167/300] Epsilon:0.4448 #Expl.:6661/8381 #Buy:2697 #Sell:2238 #Hold:3446 #Stocks:348026 PV:560,799,857 Loss:-0.222989 ET:47.5753
[001470][Epoch 168/300] Epsilon:0.4415 #Expl.:6591/8381 #Buy:2177 #Sell:2131 #Hold:4073 #Stocks:12010 PV:498,587,893 Loss:-0.173305 ET:46.6959
[001470][Epoch 169/300] Epsilon:0.4381 #Expl.:4529/8381 #Buy:1511 #Sell:1418 #Hold:5452 #Stocks:0 PV:496,972,120 Loss:-0.121052 ET:46.4166
[001470][Epoch 170/300] Epsilon:0.4348 #Expl.:8381/8381 #Buy:2813 #Sell:2623 #Hold:2945 #Stocks:170 PV:500,279,954 Loss:-0.220857 ET:47.2813
[001470][Epoch 171/300] Epsilon:0.4314 #Expl.:8381/8381 #Buy:2818 #Sell:2543 #Hold:3020 #Stocks:125549 PV:473,148,938 Loss:-0.170774 ET:46.6766
[001470][Epoch 172/300] Epsilon:0.4281 #Expl.:7702/8381 #Buy:2933 #Sell:2493 #Hold:2955 #Stocks:213298 PV:571,328,183 Loss:-0.249789 ET:48.3677
[001470][Epoch 173/300] Epsilon:0.4247 #Expl.:8019/8381 #Buy:2626 #Sell:2560 #Hold:3195 #Stocks:45900 PV:483,324,732 Loss:-0.191372 ET:46.4226
[001470][Epoch 174/300] Epsilon:0.4214 #Expl.:7469/8381 #Buy:2514 #Sell:2377 #Hold:3490 #Stocks:2123 PV:535,527,615 Loss:-0.250673 ET:46.5519
[001470][Epoch 175/300] Epsilon:0.4181 #Expl.:6978/8381 #Buy:2384 #Sell:2362 #Hold:3635 #Stocks:280234 PV:445,375,893 Loss:-0.150407 ET:46.4558
[001470][Epoch 176/300] Epsilon:0.4147 #Expl.:6602/8381 #Buy:2249 #Sell:2108 #Hold:4024 #Stocks:5378 PV:502,915,586 Loss:-0.217735 ET:46.5574
[001470][Epoch 177/300] Epsilon:0.4114 #Expl.:8030/8381 #Buy:2684 #Sell:3011 #Hold:2686 #Stocks:14715 PV:496,718,755 Loss:0.008224 ET:49.5784
[001470][Epoch 178/300] Epsilon:0.4080 #Expl.:5432/8381 #Buy:1835 #Sell:1803 #Hold:4743 #Stocks:181617 PV:487,762,326 Loss:-0.031437 ET:48.7783
[001470][Epoch 179/300] Epsilon:0.4047 #Expl.:8381/8381 #Buy:2762 #Sell:2794 #Hold:2825 #Stocks:8342 PV:498,932,379 Loss:0.090111 ET:47.2821
[001470][Epoch 180/300] Epsilon:0.4013 #Expl.:8381/8381 #Buy:2800 #Sell:2854 #Hold:2727 #Stocks:176142 PV:491,622,062 Loss:-0.029973 ET:46.2305
[001470][Epoch 181/300] Epsilon:0.3980 #Expl.:8381/8381 #Buy:2790 #Sell:2242 #Hold:3349 #Stocks:0 PV:497,926,339 Loss:0.024479 ET:49.1301
[001470][Epoch 182/300] Epsilon:0.3946 #Expl.:5498/8381 #Buy:3371 #Sell:1816 #Hold:3194 #Stocks:319706 PV:498,102,330 Loss:-0.064870 ET:52.5890
[001470][Epoch 183/300] Epsilon:0.3913 #Expl.:7224/8381 #Buy:3470 #Sell:2443 #Hold:2468 #Stocks:283612 PV:488,452,017 Loss:-0.009446 ET:47.3878
[001470][Epoch 184/300] Epsilon:0.3880 #Expl.:7272/8381 #Buy:2356 #Sell:1783 #Hold:4242 #Stocks:0 PV:496,350,431 Loss:-0.037156 ET:46.4364
[001470][Epoch 185/300] Epsilon:0.3846 #Expl.:3725/8381 #Buy:3331 #Sell:1234 #Hold:3816 #Stocks:321256 PV:500,516,875 Loss:-0.091051 ET:46.5881
[001470][Epoch 186/300] Epsilon:0.3813 #Expl.:6105/8381 #Buy:2548 #Sell:1976 #Hold:3857 #Stocks:272613 PV:566,735,246 Loss:-0.231044 ET:46.3218
[001470][Epoch 187/300] Epsilon:0.3779 #Expl.:3140/8381 #Buy:1072 #Sell:1031 #Hold:6278 #Stocks:41 PV:499,997,504 Loss:-0.041768 ET:46.4439
[001470][Epoch 188/300] Epsilon:0.3746 #Expl.:3195/8381 #Buy:1035 #Sell:1018 #Hold:6328 #Stocks:291 PV:499,956,424 Loss:-0.293858 ET:46.3785
[001470][Epoch 189/300] Epsilon:0.3712 #Expl.:3154/8381 #Buy:1049 #Sell:1003 #Hold:6329 #Stocks:46 PV:499,989,809 Loss:-0.108938 ET:49.0663
[001470][Epoch 190/300] Epsilon:0.3679 #Expl.:3052/8381 #Buy:1037 #Sell:927 #Hold:6417 #Stocks:42 PV:499,993,047 Loss:-0.269725 ET:47.4265
[001470][Epoch 191/300] Epsilon:0.3645 #Expl.:2967/8381 #Buy:995 #Sell:990 #Hold:6396 #Stocks:5 PV:499,988,675 Loss:-0.152937 ET:46.7941
[001470][Epoch 192/300] Epsilon:0.3612 #Expl.:3941/8381 #Buy:1295 #Sell:883 #Hold:6203 #Stocks:3 PV:499,333,736 Loss:-0.146469 ET:48.2888
[001470][Epoch 193/300] Epsilon:0.3579 #Expl.:8378/8381 #Buy:2779 #Sell:2032 #Hold:3570 #Stocks:500 PV:495,373,715 Loss:-0.118741 ET:47.1292
[001470][Epoch 194/300] Epsilon:0.3545 #Expl.:4851/8381 #Buy:2880 #Sell:2161 #Hold:3340 #Stocks:0 PV:546,614,871 Loss:-0.166272 ET:46.4135
[001470][Epoch 195/300] Epsilon:0.3512 #Expl.:4321/8381 #Buy:1487 #Sell:1329 #Hold:5565 #Stocks:0 PV:493,062,515 Loss:-0.135247 ET:47.3115
[001470][Epoch 196/300] Epsilon:0.3478 #Expl.:4951/8381 #Buy:1675 #Sell:1531 #Hold:5175 #Stocks:102 PV:499,988,142 Loss:0.081732 ET:53.1509
[001470][Epoch 197/300] Epsilon:0.3445 #Expl.:7136/8381 #Buy:2346 #Sell:2066 #Hold:3969 #Stocks:927 PV:496,351,817 Loss:-0.096551 ET:54.5215
[001470][Epoch 198/300] Epsilon:0.3411 #Expl.:6572/8381 #Buy:2552 #Sell:2209 #Hold:3620 #Stocks:269080 PV:459,425,439 Loss:-0.082464 ET:52.3923
[001470][Epoch 199/300] Epsilon:0.3378 #Expl.:7239/8381 #Buy:2441 #Sell:2356 #Hold:3584 #Stocks:1248 PV:496,852,252 Loss:-0.123111 ET:50.7889
[001470][Epoch 200/300] Epsilon:0.3344 #Expl.:4346/8381 #Buy:3276 #Sell:1432 #Hold:3673 #Stocks:337412 PV:525,689,306 Loss:-0.134739 ET:52.3279
[001470][Epoch 201/300] Epsilon:0.3311 #Expl.:7159/8381 #Buy:3392 #Sell:2104 #Hold:2885 #Stocks:4053 PV:498,400,101 Loss:-0.126922 ET:49.7310
[001470][Epoch 202/300] Epsilon:0.3278 #Expl.:4715/8381 #Buy:1523 #Sell:1093 #Hold:5765 #Stocks:2 PV:498,858,316 Loss:-0.064145 ET:51.2163
[001470][Epoch 203/300] Epsilon:0.3244 #Expl.:7209/8381 #Buy:2336 #Sell:2191 #Hold:3854 #Stocks:12 PV:499,996,256 Loss:0.165191 ET:52.0052
[001470][Epoch 204/300] Epsilon:0.3211 #Expl.:2714/8381 #Buy:6594 #Sell:912 #Hold:875 #Stocks:86261 PV:491,937,057 Loss:-0.041400 ET:47.4065
[001470][Epoch 205/300] Epsilon:0.3177 #Expl.:2702/8381 #Buy:2076 #Sell:999 #Hold:5306 #Stocks:358289 PV:558,451,183 Loss:-0.282681 ET:47.4737
[001470][Epoch 206/300] Epsilon:0.3144 #Expl.:2582/8381 #Buy:874 #Sell:770 #Hold:6737 #Stocks:1 PV:499,986,080 Loss:-0.192533 ET:47.3889
[001470][Epoch 207/300] Epsilon:0.3110 #Expl.:2650/8381 #Buy:1886 #Sell:866 #Hold:5629 #Stocks:335778 PV:523,143,553 Loss:-0.238969 ET:49.9292
[001470][Epoch 208/300] Epsilon:0.3077 #Expl.:2565/8381 #Buy:840 #Sell:754 #Hold:6787 #Stocks:0 PV:499,987,645 Loss:-0.186144 ET:48.8025
[001470][Epoch 209/300] Epsilon:0.3043 #Expl.:3127/8381 #Buy:1016 #Sell:953 #Hold:6412 #Stocks:0 PV:498,724,948 Loss:-0.145092 ET:48.7502
[001470][Epoch 210/300] Epsilon:0.3010 #Expl.:2483/8381 #Buy:1245 #Sell:847 #Hold:6289 #Stocks:314695 PV:490,296,000 Loss:-0.277932 ET:46.3158
[001470][Epoch 211/300] Epsilon:0.2977 #Expl.:2469/8381 #Buy:846 #Sell:756 #Hold:6779 #Stocks:0 PV:499,997,351 Loss:-0.270460 ET:46.8271
[001470][Epoch 212/300] Epsilon:0.2943 #Expl.:2457/8381 #Buy:3400 #Sell:805 #Hold:4176 #Stocks:315139 PV:490,987,995 Loss:-0.087584 ET:46.5800
[001470][Epoch 213/300] Epsilon:0.2910 #Expl.:5290/8381 #Buy:2307 #Sell:1706 #Hold:4368 #Stocks:259899 PV:567,260,973 Loss:-0.184379 ET:47.7077
[001470][Epoch 214/300] Epsilon:0.2876 #Expl.:4731/8381 #Buy:1932 #Sell:1572 #Hold:4877 #Stocks:263502 PV:459,778,211 Loss:-0.018123 ET:52.7337
[001470][Epoch 215/300] Epsilon:0.2843 #Expl.:8376/8381 #Buy:2754 #Sell:2573 #Hold:3054 #Stocks:2588 PV:495,332,836 Loss:-0.138537 ET:47.8480
[001470][Epoch 216/300] Epsilon:0.2809 #Expl.:3787/8381 #Buy:1409 #Sell:1277 #Hold:5695 #Stocks:288924 PV:450,144,408 Loss:-0.174944 ET:47.6132
[001470][Epoch 217/300] Epsilon:0.2776 #Expl.:2275/8381 #Buy:870 #Sell:774 #Hold:6737 #Stocks:293295 PV:459,335,873 Loss:-0.270179 ET:46.5540
[001470][Epoch 218/300] Epsilon:0.2742 #Expl.:2352/8381 #Buy:6795 #Sell:782 #Hold:804 #Stocks:150575 PV:485,938,004 Loss:-0.073093 ET:51.2074
[001470][Epoch 219/300] Epsilon:0.2709 #Expl.:3422/8381 #Buy:1176 #Sell:1033 #Hold:6172 #Stocks:0 PV:500,551,719 Loss:-0.344719 ET:45.8063
[001470][Epoch 220/300] Epsilon:0.2676 #Expl.:2131/8381 #Buy:720 #Sell:657 #Hold:7004 #Stocks:0 PV:499,954,393 Loss:-0.289478 ET:45.3090
[001470][Epoch 221/300] Epsilon:0.2642 #Expl.:2198/8381 #Buy:704 #Sell:704 #Hold:6973 #Stocks:0 PV:499,997,705 Loss:-0.160878 ET:45.7773
[001470][Epoch 222/300] Epsilon:0.2609 #Expl.:2135/8381 #Buy:691 #Sell:636 #Hold:7054 #Stocks:0 PV:499,997,762 Loss:-0.500842 ET:45.0712
[001470][Epoch 223/300] Epsilon:0.2575 #Expl.:2078/8381 #Buy:699 #Sell:699 #Hold:6983 #Stocks:0 PV:499,997,969 Loss:0.098108 ET:45.6143
[001470][Epoch 224/300] Epsilon:0.2542 #Expl.:2123/8381 #Buy:701 #Sell:655 #Hold:7025 #Stocks:0 PV:499,997,852 Loss:-0.209658 ET:45.2928
[001470][Epoch 225/300] Epsilon:0.2508 #Expl.:2141/8381 #Buy:706 #Sell:648 #Hold:7027 #Stocks:0 PV:499,997,759 Loss:-0.291948 ET:45.6799
[001470][Epoch 226/300] Epsilon:0.2475 #Expl.:3393/8381 #Buy:1108 #Sell:1099 #Hold:6174 #Stocks:296349 PV:461,950,510 Loss:-0.134841 ET:45.7359
[001470][Epoch 227/300] Epsilon:0.2441 #Expl.:3848/8381 #Buy:5795 #Sell:1253 #Hold:1333 #Stocks:119660 PV:493,685,141 Loss:-0.026229 ET:45.7687
[001470][Epoch 228/300] Epsilon:0.2408 #Expl.:2016/8381 #Buy:640 #Sell:592 #Hold:7149 #Stocks:0 PV:499,181,221 Loss:-0.355057 ET:45.4955
[001470][Epoch 229/300] Epsilon:0.2375 #Expl.:3152/8381 #Buy:900 #Sell:1040 #Hold:6441 #Stocks:329201 PV:512,896,307 Loss:-0.293290 ET:45.5712
[001470][Epoch 230/300] Epsilon:0.2341 #Expl.:1938/8381 #Buy:653 #Sell:653 #Hold:7075 #Stocks:0 PV:490,328,370 Loss:-0.923331 ET:44.9070
[001470][Epoch 231/300] Epsilon:0.2308 #Expl.:1926/8381 #Buy:639 #Sell:624 #Hold:7118 #Stocks:15 PV:499,999,230 Loss:-1.034521 ET:44.9345
[001470][Epoch 232/300] Epsilon:0.2274 #Expl.:1906/8381 #Buy:625 #Sell:649 #Hold:7107 #Stocks:600 PV:499,916,536 Loss:-0.687411 ET:44.9983
[001470][Epoch 233/300] Epsilon:0.2241 #Expl.:1935/8381 #Buy:669 #Sell:613 #Hold:7099 #Stocks:30498 PV:496,953,253 Loss:-0.395327 ET:44.9610
[001470][Epoch 234/300] Epsilon:0.2207 #Expl.:1875/8381 #Buy:1007 #Sell:606 #Hold:6768 #Stocks:305948 PV:476,667,314 Loss:-0.147093 ET:49.4519
[001470][Epoch 235/300] Epsilon:0.2174 #Expl.:1826/8381 #Buy:906 #Sell:611 #Hold:6864 #Stocks:299227 PV:466,196,539 Loss:-0.369957 ET:45.1935
[001470][Epoch 236/300] Epsilon:0.2140 #Expl.:1828/8381 #Buy:720 #Sell:617 #Hold:7044 #Stocks:297191 PV:463,024,009 Loss:-0.962142 ET:44.8603
[001470][Epoch 237/300] Epsilon:0.2107 #Expl.:1787/8381 #Buy:1099 #Sell:615 #Hold:6667 #Stocks:310669 PV:484,023,783 Loss:-0.506240 ET:46.5506
[001470][Epoch 238/300] Epsilon:0.2074 #Expl.:1751/8381 #Buy:7254 #Sell:525 #Hold:602 #Stocks:6729 PV:500,017,991 Loss:-0.202322 ET:48.8194
[001470][Epoch 239/300] Epsilon:0.2040 #Expl.:1728/8381 #Buy:1059 #Sell:545 #Hold:6777 #Stocks:313965 PV:489,157,507 Loss:-0.433732 ET:45.6090
[001470][Epoch 240/300] Epsilon:0.2007 #Expl.:1696/8381 #Buy:2956 #Sell:588 #Hold:4837 #Stocks:307357 PV:478,863,380 Loss:-0.102236 ET:45.3330
[001470][Epoch 241/300] Epsilon:0.1973 #Expl.:1621/8381 #Buy:523 #Sell:296 #Hold:7562 #Stocks:2700 PV:497,989,331 Loss:-0.341262 ET:48.1628
[001470][Epoch 242/300] Epsilon:0.1940 #Expl.:1593/8381 #Buy:535 #Sell:503 #Hold:7343 #Stocks:0 PV:499,624,287 Loss:-0.392549 ET:47.4281
[001470][Epoch 243/300] Epsilon:0.1906 #Expl.:1543/8381 #Buy:295 #Sell:532 #Hold:7554 #Stocks:321369 PV:500,693,416 Loss:-0.698184 ET:49.7565
[001470][Epoch 244/300] Epsilon:0.1873 #Expl.:1563/8381 #Buy:561 #Sell:509 #Hold:7311 #Stocks:296847 PV:462,488,717 Loss:-0.716209 ET:54.4293
[001470][Epoch 245/300] Epsilon:0.1839 #Expl.:1548/8381 #Buy:510 #Sell:510 #Hold:7361 #Stocks:0 PV:493,134,672 Loss:-1.109185 ET:49.0930
[001470][Epoch 246/300] Epsilon:0.1806 #Expl.:1502/8381 #Buy:509 #Sell:496 #Hold:7376 #Stocks:302195 PV:470,820,535 Loss:-2.130775 ET:46.7546
[001470][Epoch 247/300] Epsilon:0.1773 #Expl.:1435/8381 #Buy:511 #Sell:501 #Hold:7369 #Stocks:303542 PV:472,919,760 Loss:-2.171336 ET:47.7495
[001470][Epoch 248/300] Epsilon:0.1739 #Expl.:1423/8381 #Buy:493 #Sell:475 #Hold:7413 #Stocks:302571 PV:471,407,072 Loss:-2.111921 ET:50.2061
[001470][Epoch 249/300] Epsilon:0.1706 #Expl.:1474/8381 #Buy:484 #Sell:460 #Hold:7437 #Stocks:302869 PV:471,871,251 Loss:-2.015596 ET:47.5286
[001470][Epoch 250/300] Epsilon:0.1672 #Expl.:1433/8381 #Buy:515 #Sell:499 #Hold:7367 #Stocks:302896 PV:471,915,068 Loss:-2.070089 ET:46.5333
[001470][Epoch 251/300] Epsilon:0.1639 #Expl.:1297/8381 #Buy:560 #Sell:433 #Hold:7388 #Stocks:297085 PV:462,859,591 Loss:-0.526015 ET:45.6248
[001470][Epoch 252/300] Epsilon:0.1605 #Expl.:1328/8381 #Buy:476 #Sell:447 #Hold:7458 #Stocks:302415 PV:471,163,643 Loss:-2.218333 ET:51.1268
[001470][Epoch 253/300] Epsilon:0.1572 #Expl.:1250/8381 #Buy:450 #Sell:419 #Hold:7512 #Stocks:303024 PV:472,111,655 Loss:-2.205005 ET:49.2047
[001470][Epoch 254/300] Epsilon:0.1538 #Expl.:1307/8381 #Buy:445 #Sell:411 #Hold:7525 #Stocks:303187 PV:472,365,684 Loss:-2.063254 ET:50.8945
[001470][Epoch 255/300] Epsilon:0.1505 #Expl.:1253/8381 #Buy:459 #Sell:411 #Hold:7511 #Stocks:300885 PV:468,779,085 Loss:-1.678071 ET:45.4210
[001470][Epoch 256/300] Epsilon:0.1472 #Expl.:1232/8381 #Buy:450 #Sell:404 #Hold:7527 #Stocks:300736 PV:468,547,999 Loss:-1.416397 ET:48.8464
[001470][Epoch 257/300] Epsilon:0.1438 #Expl.:1219/8381 #Buy:443 #Sell:383 #Hold:7555 #Stocks:299866 PV:467,192,129 Loss:-1.196862 ET:53.9112
[001470][Epoch 258/300] Epsilon:0.1405 #Expl.:1183/8381 #Buy:460 #Sell:422 #Hold:7499 #Stocks:300377 PV:467,987,735 Loss:-1.238503 ET:56.3160
[001470][Epoch 259/300] Epsilon:0.1371 #Expl.:1165/8381 #Buy:388 #Sell:369 #Hold:7624 #Stocks:0 PV:499,998,809 Loss:-1.347732 ET:50.1931
[001470][Epoch 260/300] Epsilon:0.1338 #Expl.:1133/8381 #Buy:385 #Sell:358 #Hold:7638 #Stocks:0 PV:499,998,718 Loss:-0.998157 ET:50.9465
[001470][Epoch 261/300] Epsilon:0.1304 #Expl.:1101/8381 #Buy:355 #Sell:345 #Hold:7681 #Stocks:0 PV:499,998,916 Loss:-0.472406 ET:53.2510
[001470][Epoch 262/300] Epsilon:0.1271 #Expl.:1002/8381 #Buy:353 #Sell:342 #Hold:7686 #Stocks:0 PV:499,998,883 Loss:-0.388774 ET:58.0785
[001470][Epoch 263/300] Epsilon:0.1237 #Expl.:1027/8381 #Buy:366 #Sell:351 #Hold:7664 #Stocks:0 PV:499,998,860 Loss:-0.173283 ET:52.5270
[001470][Epoch 264/300] Epsilon:0.1204 #Expl.:999/8381 #Buy:329 #Sell:329 #Hold:7723 #Stocks:0 PV:499,998,924 Loss:-0.100858 ET:50.5356
[001470][Epoch 265/300] Epsilon:0.1171 #Expl.:2634/8381 #Buy:6193 #Sell:898 #Hold:1290 #Stocks:306756 PV:477,925,848 Loss:-0.002501 ET:48.3046
[001470][Epoch 266/300] Epsilon:0.1137 #Expl.:921/8381 #Buy:374 #Sell:293 #Hold:7714 #Stocks:298487 PV:465,043,669 Loss:-1.578374 ET:48.4177
[001470][Epoch 267/300] Epsilon:0.1104 #Expl.:926/8381 #Buy:432 #Sell:315 #Hold:7634 #Stocks:297177 PV:463,003,199 Loss:-1.464352 ET:47.4788
[001470][Epoch 268/300] Epsilon:0.1070 #Expl.:856/8381 #Buy:716 #Sell:268 #Hold:7397 #Stocks:300089 PV:467,540,139 Loss:-0.687410 ET:46.9194
[001470][Epoch 269/300] Epsilon:0.1037 #Expl.:873/8381 #Buy:7810 #Sell:276 #Hold:295 #Stocks:7534 PV:500,029,362 Loss:-0.257703 ET:48.7599
[001470][Epoch 270/300] Epsilon:0.1003 #Expl.:885/8381 #Buy:7794 #Sell:294 #Hold:293 #Stocks:7500 PV:500,025,674 Loss:-0.299272 ET:51.1321
[001470][Epoch 271/300] Epsilon:0.0970 #Expl.:772/8381 #Buy:551 #Sell:254 #Hold:7576 #Stocks:297129 PV:462,927,274 Loss:-0.788947 ET:50.2459
[001470][Epoch 272/300] Epsilon:0.0936 #Expl.:814/8381 #Buy:862 #Sell:279 #Hold:7240 #Stocks:312332 PV:486,614,125 Loss:-0.899972 ET:49.9331
[001470][Epoch 273/300] Epsilon:0.0903 #Expl.:737/8381 #Buy:7888 #Sell:246 #Hold:247 #Stocks:7642 PV:500,028,715 Loss:-0.287979 ET:48.6609
[001470][Epoch 274/300] Epsilon:0.0870 #Expl.:708/8381 #Buy:7904 #Sell:243 #Hold:234 #Stocks:7661 PV:500,024,019 Loss:-0.035451 ET:47.5978
[001470][Epoch 275/300] Epsilon:0.0836 #Expl.:689/8381 #Buy:7905 #Sell:239 #Hold:237 #Stocks:7666 PV:500,022,691 Loss:-0.240994 ET:47.3216
[001470][Epoch 276/300] Epsilon:0.0803 #Expl.:696/8381 #Buy:7935 #Sell:229 #Hold:217 #Stocks:7706 PV:500,018,302 Loss:-0.351929 ET:48.7818
[001470][Epoch 277/300] Epsilon:0.0769 #Expl.:633/8381 #Buy:7975 #Sell:184 #Hold:222 #Stocks:7791 PV:500,023,810 Loss:-0.378323 ET:51.6914
[001470][Epoch 278/300] Epsilon:0.0736 #Expl.:606/8381 #Buy:7982 #Sell:197 #Hold:202 #Stocks:7785 PV:500,028,740 Loss:-0.518832 ET:52.7208
[001470][Epoch 279/300] Epsilon:0.0702 #Expl.:576/8381 #Buy:8005 #Sell:168 #Hold:208 #Stocks:7837 PV:500,024,012 Loss:-0.248024 ET:54.9895
[001470][Epoch 280/300] Epsilon:0.0669 #Expl.:548/8381 #Buy:400 #Sell:186 #Hold:7795 #Stocks:297267 PV:463,142,863 Loss:-0.866033 ET:50.5347
[001470][Epoch 281/300] Epsilon:0.0635 #Expl.:535/8381 #Buy:729 #Sell:172 #Hold:7480 #Stocks:305985 PV:476,725,787 Loss:-1.014191 ET:50.9759
[001470][Epoch 282/300] Epsilon:0.0602 #Expl.:483/8381 #Buy:8057 #Sell:173 #Hold:151 #Stocks:299183 PV:471,421,396 Loss:-0.132303 ET:48.1766
[001470][Epoch 283/300] Epsilon:0.0569 #Expl.:471/8381 #Buy:348 #Sell:134 #Hold:7899 #Stocks:297075 PV:462,843,068 Loss:-1.671854 ET:48.9503
[001470][Epoch 284/300] Epsilon:0.0535 #Expl.:448/8381 #Buy:196 #Sell:131 #Hold:8054 #Stocks:300977 PV:468,923,189 Loss:-0.595878 ET:47.3705
[001470][Epoch 285/300] Epsilon:0.0502 #Expl.:425/8381 #Buy:199 #Sell:151 #Hold:8031 #Stocks:303501 PV:472,856,364 Loss:-2.740178 ET:46.2511
[001470][Epoch 286/300] Epsilon:0.0468 #Expl.:407/8381 #Buy:8111 #Sell:135 #Hold:135 #Stocks:7976 PV:500,024,786 Loss:0.434493 ET:52.1676
[001470][Epoch 287/300] Epsilon:0.0435 #Expl.:372/8381 #Buy:8130 #Sell:120 #Hold:131 #Stocks:8010 PV:500,025,908 Loss:-0.720715 ET:46.7476
[001470][Epoch 288/300] Epsilon:0.0401 #Expl.:318/8381 #Buy:314 #Sell:116 #Hold:7951 #Stocks:297189 PV:463,021,423 Loss:-1.536233 ET:51.6821
[001470][Epoch 289/300] Epsilon:0.0368 #Expl.:8381/8381 #Buy:2772 #Sell:2711 #Hold:2898 #Stocks:61 PV:499,987,380 Loss:2.352720 ET:48.2330
[001470][Epoch 290/300] Epsilon:0.0334 #Expl.:289/8381 #Buy:92 #Sell:73 #Hold:8216 #Stocks:19 PV:499,998,939 Loss:-0.279436 ET:48.4498
[001470][Epoch 291/300] Epsilon:0.0301 #Expl.:233/8381 #Buy:68 #Sell:66 #Hold:8247 #Stocks:2 PV:499,999,609 Loss:-0.471268 ET:49.9538
[001470][Epoch 292/300] Epsilon:0.0268 #Expl.:221/8381 #Buy:69 #Sell:58 #Hold:8254 #Stocks:11 PV:499,999,060 Loss:-0.917990 ET:53.0852
[001470][Epoch 293/300] Epsilon:0.0234 #Expl.:186/8381 #Buy:70 #Sell:62 #Hold:8249 #Stocks:8 PV:499,999,881 Loss:-0.426145 ET:50.5561
[001470][Epoch 294/300] Epsilon:0.0201 #Expl.:157/8381 #Buy:42 #Sell:27 #Hold:8312 #Stocks:1 PV:500,000,676 Loss:-0.138856 ET:52.0714
[001470][Epoch 295/300] Epsilon:0.0167 #Expl.:156/8381 #Buy:62 #Sell:61 #Hold:8258 #Stocks:0 PV:499,992,893 Loss:-0.261716 ET:45.5701
[001470][Epoch 296/300] Epsilon:0.0134 #Expl.:251/8381 #Buy:807 #Sell:77 #Hold:7497 #Stocks:354421 PV:552,188,956 Loss:-0.595684 ET:48.4047
[001470][Epoch 297/300] Epsilon:0.0100 #Expl.:105/8381 #Buy:38 #Sell:14 #Hold:8329 #Stocks:2 PV:499,998,704 Loss:-1.292927 ET:49.3821
[001470][Epoch 298/300] Epsilon:0.0067 #Expl.:50/8381 #Buy:22 #Sell:11 #Hold:8348 #Stocks:3 PV:499,999,966 Loss:-0.374939 ET:45.1797
[001470][Epoch 299/300] Epsilon:0.0033 #Expl.:30/8381 #Buy:331 #Sell:306 #Hold:7744 #Stocks:255154 PV:397,531,305 Loss:-0.262949 ET:45.2087
[001470][Epoch 300/300] Epsilon:0.0000 #Expl.:0/8381 #Buy:0 #Sell:0 #Hold:8381 #Stocks:0 PV:500,000,000 Loss:-0.086669 ET:49.1118
[001470] Elapsed Time:14672.9373 Max PV:585,235,197 #Win:54
